Creating directory at save_resnet20
Files already downloaded and verified
Starting training from epoch 0 to 500

Epoch 0
Learning rate 1.50000e-01
[Training] Time: 22.753 seconds
[Training] Loss: 1.7622	Accuracy: 34.890
[Test] Accuracy: 45.820

Epoch 1
Learning rate 1.50000e-01
[Training] Time: 22.293 seconds
[Training] Loss: 1.2795	Accuracy: 53.312
[Test] Accuracy: 56.470

Epoch 2
Learning rate 1.50000e-01
[Training] Time: 22.252 seconds
[Training] Loss: 1.0609	Accuracy: 62.042
[Test] Accuracy: 59.240

Epoch 3
Learning rate 1.50000e-01
[Training] Time: 22.309 seconds
[Training] Loss: 0.9192	Accuracy: 67.534
[Test] Accuracy: 58.290

Epoch 4
Learning rate 1.50000e-01
[Training] Time: 22.270 seconds
[Training] Loss: 0.8172	Accuracy: 71.242
[Test] Accuracy: 72.770

Epoch 5
Learning rate 1.50000e-01
[Training] Time: 22.311 seconds
[Training] Loss: 0.7194	Accuracy: 74.678
[Test] Accuracy: 70.640

Epoch 6
Learning rate 1.50000e-01
[Training] Time: 22.264 seconds
[Training] Loss: 0.6537	Accuracy: 77.334
[Test] Accuracy: 74.220

Epoch 7
Learning rate 1.50000e-01
[Training] Time: 22.293 seconds
[Training] Loss: 0.6066	Accuracy: 79.014
[Test] Accuracy: 76.980

Epoch 8
Learning rate 1.50000e-01
[Training] Time: 22.271 seconds
[Training] Loss: 0.5699	Accuracy: 80.206
[Test] Accuracy: 76.370

Epoch 9
Learning rate 1.50000e-01
[Training] Time: 22.357 seconds
[Training] Loss: 0.5432	Accuracy: 81.194
[Test] Accuracy: 77.080

Epoch 10
Learning rate 1.50000e-01
[Training] Time: 22.273 seconds
[Training] Loss: 0.5116	Accuracy: 82.304
[Test] Accuracy: 73.460

Epoch 11
Learning rate 1.50000e-01
[Training] Time: 22.350 seconds
[Training] Loss: 0.4945	Accuracy: 82.956
[Test] Accuracy: 79.410

Epoch 12
Learning rate 1.50000e-01
[Training] Time: 22.290 seconds
[Training] Loss: 0.4770	Accuracy: 83.598
[Test] Accuracy: 79.180

Epoch 13
Learning rate 1.50000e-01
[Training] Time: 22.321 seconds
[Training] Loss: 0.4617	Accuracy: 84.036
[Test] Accuracy: 78.750

Epoch 14
Learning rate 1.50000e-01
[Training] Time: 22.282 seconds
[Training] Loss: 0.4557	Accuracy: 84.102
[Test] Accuracy: 76.160

Epoch 15
Learning rate 1.50000e-01
[Training] Time: 22.335 seconds
[Training] Loss: 0.4390	Accuracy: 84.776
[Test] Accuracy: 81.640

Epoch 16
Learning rate 1.50000e-01
[Training] Time: 22.281 seconds
[Training] Loss: 0.4226	Accuracy: 85.420
[Test] Accuracy: 81.270

Epoch 17
Learning rate 1.50000e-01
[Training] Time: 22.349 seconds
[Training] Loss: 0.4176	Accuracy: 85.594
[Test] Accuracy: 81.000

Epoch 18
Learning rate 1.50000e-01
[Training] Time: 22.243 seconds
[Training] Loss: 0.4152	Accuracy: 85.590
[Test] Accuracy: 81.810

Epoch 19
Learning rate 1.50000e-01
[Training] Time: 22.354 seconds
[Training] Loss: 0.4013	Accuracy: 86.222
[Test] Accuracy: 84.200

Epoch 20
Learning rate 1.50000e-01
[Training] Time: 22.290 seconds
[Training] Loss: 0.3934	Accuracy: 86.490
[Test] Accuracy: 81.310

Epoch 21
Learning rate 1.50000e-01
[Training] Time: 22.376 seconds
[Training] Loss: 0.3858	Accuracy: 86.450
[Test] Accuracy: 81.300

Epoch 22
Learning rate 1.50000e-01
[Training] Time: 22.275 seconds
[Training] Loss: 0.3826	Accuracy: 86.868
[Test] Accuracy: 82.460

Epoch 23
Learning rate 1.50000e-01
[Training] Time: 22.343 seconds
[Training] Loss: 0.3819	Accuracy: 86.800
[Test] Accuracy: 80.840

Epoch 24
Learning rate 1.50000e-01
[Training] Time: 22.333 seconds
[Training] Loss: 0.3725	Accuracy: 87.100
[Test] Accuracy: 82.020

Epoch 25
Learning rate 1.50000e-01
[Training] Time: 22.358 seconds
[Training] Loss: 0.3662	Accuracy: 87.396
[Test] Accuracy: 83.480

Epoch 26
Learning rate 1.50000e-01
[Training] Time: 22.296 seconds
[Training] Loss: 0.3655	Accuracy: 87.290
[Test] Accuracy: 85.000

Epoch 27
Learning rate 1.50000e-01
[Training] Time: 22.333 seconds
[Training] Loss: 0.3662	Accuracy: 87.318
[Test] Accuracy: 84.570

Epoch 28
Learning rate 1.50000e-01
[Training] Time: 22.266 seconds
[Training] Loss: 0.3516	Accuracy: 87.740
[Test] Accuracy: 75.730

Epoch 29
Learning rate 1.50000e-01
[Training] Time: 22.360 seconds
[Training] Loss: 0.3471	Accuracy: 88.080
[Test] Accuracy: 82.940

Epoch 30
Learning rate 1.50000e-01
[Training] Time: 22.257 seconds
[Training] Loss: 0.3430	Accuracy: 88.168
[Test] Accuracy: 80.570

Epoch 31
Learning rate 1.50000e-01
[Training] Time: 22.385 seconds
[Training] Loss: 0.3466	Accuracy: 87.942
[Test] Accuracy: 83.570

Epoch 32
Learning rate 1.50000e-01
[Training] Time: 22.252 seconds
[Training] Loss: 0.3406	Accuracy: 88.184
[Test] Accuracy: 85.230

Epoch 33
Learning rate 1.50000e-01
[Training] Time: 22.322 seconds
[Training] Loss: 0.3386	Accuracy: 88.272
[Test] Accuracy: 77.900

Epoch 34
Learning rate 1.50000e-01
[Training] Time: 22.231 seconds
[Training] Loss: 0.3391	Accuracy: 88.216
[Test] Accuracy: 84.120

Epoch 35
Learning rate 1.50000e-01
[Training] Time: 22.321 seconds
[Training] Loss: 0.3314	Accuracy: 88.686
[Test] Accuracy: 85.310

Epoch 36
Learning rate 1.50000e-01
[Training] Time: 22.274 seconds
[Training] Loss: 0.3254	Accuracy: 88.692
[Test] Accuracy: 82.690

Epoch 37
Learning rate 1.50000e-01
[Training] Time: 22.262 seconds
[Training] Loss: 0.3269	Accuracy: 88.696
[Test] Accuracy: 83.050

Epoch 38
Learning rate 1.50000e-01
[Training] Time: 22.232 seconds
[Training] Loss: 0.3287	Accuracy: 88.596
[Test] Accuracy: 80.190

Epoch 39
Learning rate 1.50000e-01
[Training] Time: 22.287 seconds
[Training] Loss: 0.3292	Accuracy: 88.606
[Test] Accuracy: 82.470

Epoch 40
Learning rate 1.50000e-01
[Training] Time: 22.205 seconds
[Training] Loss: 0.3201	Accuracy: 88.814
[Test] Accuracy: 84.610

Epoch 41
Learning rate 1.50000e-01
[Training] Time: 22.320 seconds
[Training] Loss: 0.3179	Accuracy: 89.050
[Test] Accuracy: 82.940

Epoch 42
Learning rate 1.50000e-01
[Training] Time: 22.254 seconds
[Training] Loss: 0.3163	Accuracy: 89.110
[Test] Accuracy: 81.020

Epoch 43
Learning rate 1.50000e-01
[Training] Time: 22.320 seconds
[Training] Loss: 0.3158	Accuracy: 88.980
[Test] Accuracy: 84.830

Epoch 44
Learning rate 1.50000e-01
[Training] Time: 22.300 seconds
[Training] Loss: 0.3132	Accuracy: 89.224
[Test] Accuracy: 82.500

Epoch 45
Learning rate 1.50000e-01
[Training] Time: 22.396 seconds
[Training] Loss: 0.3078	Accuracy: 89.342
[Test] Accuracy: 79.520

Epoch 46
Learning rate 1.50000e-01
[Training] Time: 22.284 seconds
[Training] Loss: 0.3085	Accuracy: 89.422
[Test] Accuracy: 83.930

Epoch 47
Learning rate 1.50000e-01
[Training] Time: 22.304 seconds
[Training] Loss: 0.3068	Accuracy: 89.288
[Test] Accuracy: 82.880

Epoch 48
Learning rate 1.50000e-01
[Training] Time: 22.249 seconds
[Training] Loss: 0.3053	Accuracy: 89.308
[Test] Accuracy: 80.300

Epoch 49
Learning rate 1.50000e-01
[Training] Time: 22.335 seconds
[Training] Loss: 0.3010	Accuracy: 89.514
[Test] Accuracy: 85.340

Epoch 50
Learning rate 1.50000e-01
[Training] Time: 22.317 seconds
[Training] Loss: 0.3038	Accuracy: 89.456
[Test] Accuracy: 85.550

Epoch 51
Learning rate 1.50000e-01
[Training] Time: 22.365 seconds
[Training] Loss: 0.3020	Accuracy: 89.552
[Test] Accuracy: 85.120

Epoch 52
Learning rate 1.50000e-01
[Training] Time: 22.259 seconds
[Training] Loss: 0.3015	Accuracy: 89.528
[Test] Accuracy: 85.450

Epoch 53
Learning rate 1.50000e-01
[Training] Time: 22.327 seconds
[Training] Loss: 0.3017	Accuracy: 89.606
[Test] Accuracy: 84.330

Epoch 54
Learning rate 1.50000e-01
[Training] Time: 22.283 seconds
[Training] Loss: 0.3026	Accuracy: 89.416
[Test] Accuracy: 85.830

Epoch 55
Learning rate 1.50000e-01
[Training] Time: 22.364 seconds
[Training] Loss: 0.2950	Accuracy: 89.680
[Test] Accuracy: 81.500

Epoch 56
Learning rate 1.50000e-01
[Training] Time: 22.237 seconds
[Training] Loss: 0.2997	Accuracy: 89.646
[Test] Accuracy: 85.050

Epoch 57
Learning rate 1.50000e-01
[Training] Time: 22.280 seconds
[Training] Loss: 0.2913	Accuracy: 89.774
[Test] Accuracy: 81.840

Epoch 58
Learning rate 1.50000e-01
[Training] Time: 22.243 seconds
[Training] Loss: 0.2985	Accuracy: 89.536
[Test] Accuracy: 83.570

Epoch 59
Learning rate 1.50000e-01
[Training] Time: 22.385 seconds
[Training] Loss: 0.2893	Accuracy: 89.740
[Test] Accuracy: 83.230

Epoch 60
Learning rate 1.50000e-01
[Training] Time: 22.280 seconds
[Training] Loss: 0.2893	Accuracy: 89.820
[Test] Accuracy: 84.470

Epoch 61
Learning rate 1.50000e-01
[Training] Time: 22.379 seconds
[Training] Loss: 0.2925	Accuracy: 89.784
[Test] Accuracy: 82.100

Epoch 62
Learning rate 1.50000e-01
[Training] Time: 22.201 seconds
[Training] Loss: 0.2900	Accuracy: 89.798
[Test] Accuracy: 82.150

Epoch 63
Learning rate 1.50000e-01
[Training] Time: 22.280 seconds
[Training] Loss: 0.2891	Accuracy: 89.968
[Test] Accuracy: 84.840

Epoch 64
Learning rate 1.50000e-01
[Training] Time: 22.219 seconds
[Training] Loss: 0.2899	Accuracy: 89.914
[Test] Accuracy: 82.940

Epoch 65
Learning rate 1.50000e-01
[Training] Time: 22.240 seconds
[Training] Loss: 0.2902	Accuracy: 90.008
[Test] Accuracy: 85.750

Epoch 66
Learning rate 1.50000e-01
[Training] Time: 22.262 seconds
[Training] Loss: 0.2834	Accuracy: 90.220
[Test] Accuracy: 84.330

Epoch 67
Learning rate 1.50000e-01
[Training] Time: 22.359 seconds
[Training] Loss: 0.2864	Accuracy: 90.066
[Test] Accuracy: 84.030

Epoch 68
Learning rate 1.50000e-01
[Training] Time: 22.217 seconds
[Training] Loss: 0.2863	Accuracy: 90.056
[Test] Accuracy: 85.260

Epoch 69
Learning rate 1.50000e-01
[Training] Time: 22.331 seconds
[Training] Loss: 0.2770	Accuracy: 90.420
[Test] Accuracy: 83.590

Epoch 70
Learning rate 1.50000e-01
[Training] Time: 22.257 seconds
[Training] Loss: 0.2781	Accuracy: 90.404
[Test] Accuracy: 84.940

Epoch 71
Learning rate 1.50000e-01
[Training] Time: 22.298 seconds
[Training] Loss: 0.2823	Accuracy: 90.252
[Test] Accuracy: 85.820

Epoch 72
Learning rate 1.50000e-01
[Training] Time: 22.223 seconds
[Training] Loss: 0.2837	Accuracy: 90.212
[Test] Accuracy: 82.620

Epoch 73
Learning rate 1.50000e-01
[Training] Time: 22.318 seconds
[Training] Loss: 0.2814	Accuracy: 90.242
[Test] Accuracy: 84.230

Epoch 74
Learning rate 1.50000e-01
[Training] Time: 22.234 seconds
[Training] Loss: 0.2817	Accuracy: 90.364
[Test] Accuracy: 84.260

Epoch 75
Learning rate 1.50000e-01
[Training] Time: 22.310 seconds
[Training] Loss: 0.2753	Accuracy: 90.428
[Test] Accuracy: 81.970

Epoch 76
Learning rate 1.50000e-01
[Training] Time: 22.247 seconds
[Training] Loss: 0.2769	Accuracy: 90.228
[Test] Accuracy: 82.380

Epoch 77
Learning rate 1.50000e-01
[Training] Time: 22.279 seconds
[Training] Loss: 0.2831	Accuracy: 90.188
[Test] Accuracy: 85.340

Epoch 78
Learning rate 1.50000e-01
[Training] Time: 22.224 seconds
[Training] Loss: 0.2790	Accuracy: 90.250
[Test] Accuracy: 87.080

Epoch 79
Learning rate 1.50000e-01
[Training] Time: 22.276 seconds
[Training] Loss: 0.2748	Accuracy: 90.546
[Test] Accuracy: 85.230

Epoch 80
Learning rate 1.50000e-01
[Training] Time: 22.236 seconds
[Training] Loss: 0.2744	Accuracy: 90.636
[Test] Accuracy: 80.930

Epoch 81
Learning rate 1.50000e-01
[Training] Time: 22.280 seconds
[Training] Loss: 0.2720	Accuracy: 90.576
[Test] Accuracy: 85.880

Epoch 82
Learning rate 1.50000e-01
[Training] Time: 22.190 seconds
[Training] Loss: 0.2726	Accuracy: 90.656
[Test] Accuracy: 85.920

Epoch 83
Learning rate 1.50000e-01
[Training] Time: 22.265 seconds
[Training] Loss: 0.2709	Accuracy: 90.654
[Test] Accuracy: 86.920

Epoch 84
Learning rate 1.50000e-01
[Training] Time: 22.247 seconds
[Training] Loss: 0.2766	Accuracy: 90.302
[Test] Accuracy: 87.860

Epoch 85
Learning rate 1.50000e-01
[Training] Time: 22.272 seconds
[Training] Loss: 0.2732	Accuracy: 90.378
[Test] Accuracy: 84.580

Epoch 86
Learning rate 1.50000e-01
[Training] Time: 22.215 seconds
[Training] Loss: 0.2703	Accuracy: 90.636
[Test] Accuracy: 83.530

Epoch 87
Learning rate 1.50000e-01
[Training] Time: 22.312 seconds
[Training] Loss: 0.2711	Accuracy: 90.514
[Test] Accuracy: 86.940

Epoch 88
Learning rate 1.50000e-01
[Training] Time: 22.221 seconds
[Training] Loss: 0.2665	Accuracy: 90.770
[Test] Accuracy: 80.820

Epoch 89
Learning rate 1.50000e-01
[Training] Time: 22.349 seconds
[Training] Loss: 0.2753	Accuracy: 90.290
[Test] Accuracy: 85.380

Epoch 90
Learning rate 1.50000e-01
[Training] Time: 22.246 seconds
[Training] Loss: 0.2655	Accuracy: 90.660
[Test] Accuracy: 87.530

Epoch 91
Learning rate 1.50000e-01
[Training] Time: 22.279 seconds
[Training] Loss: 0.2648	Accuracy: 90.868
[Test] Accuracy: 84.930

Epoch 92
Learning rate 1.50000e-01
[Training] Time: 22.256 seconds
[Training] Loss: 0.2745	Accuracy: 90.468
[Test] Accuracy: 84.650

Epoch 93
Learning rate 1.50000e-01
[Training] Time: 22.340 seconds
[Training] Loss: 0.2674	Accuracy: 90.728
[Test] Accuracy: 86.030

Epoch 94
Learning rate 1.50000e-01
[Training] Time: 22.292 seconds
[Training] Loss: 0.2698	Accuracy: 90.478
[Test] Accuracy: 83.600

Epoch 95
Learning rate 1.50000e-01
[Training] Time: 22.353 seconds
[Training] Loss: 0.2658	Accuracy: 90.750
[Test] Accuracy: 86.770

Epoch 96
Learning rate 1.50000e-01
[Training] Time: 22.258 seconds
[Training] Loss: 0.2666	Accuracy: 90.772
[Test] Accuracy: 81.450

Epoch 97
Learning rate 1.50000e-01
[Training] Time: 22.323 seconds
[Training] Loss: 0.2666	Accuracy: 90.798
[Test] Accuracy: 85.810

Epoch 98
Learning rate 1.50000e-01
[Training] Time: 22.271 seconds
[Training] Loss: 0.2679	Accuracy: 90.600
[Test] Accuracy: 84.400

Epoch 99
Learning rate 1.50000e-01
[Training] Time: 22.373 seconds
[Training] Loss: 0.2625	Accuracy: 90.996
[Test] Accuracy: 86.630

Epoch 100
Learning rate 1.50000e-01
[Training] Time: 22.269 seconds
[Training] Loss: 0.2629	Accuracy: 90.962
[Test] Accuracy: 83.990

Epoch 101
Learning rate 1.50000e-01
[Training] Time: 22.345 seconds
[Training] Loss: 0.2634	Accuracy: 90.830
[Test] Accuracy: 85.110

Epoch 102
Learning rate 1.50000e-01
[Training] Time: 22.262 seconds
[Training] Loss: 0.2657	Accuracy: 90.700
[Test] Accuracy: 84.450

Epoch 103
Learning rate 1.50000e-01
[Training] Time: 22.293 seconds
[Training] Loss: 0.2687	Accuracy: 90.688
[Test] Accuracy: 85.450

Epoch 104
Learning rate 1.50000e-01
[Training] Time: 22.242 seconds
[Training] Loss: 0.2609	Accuracy: 90.834
[Test] Accuracy: 85.520

Epoch 105
Learning rate 1.50000e-01
[Training] Time: 22.311 seconds
[Training] Loss: 0.2623	Accuracy: 90.980
[Test] Accuracy: 82.870

Epoch 106
Learning rate 1.50000e-01
[Training] Time: 22.228 seconds
[Training] Loss: 0.2665	Accuracy: 90.742
[Test] Accuracy: 86.370

Epoch 107
Learning rate 1.50000e-01
[Training] Time: 22.331 seconds
[Training] Loss: 0.2614	Accuracy: 90.928
[Test] Accuracy: 84.530

Epoch 108
Learning rate 1.50000e-01
[Training] Time: 22.197 seconds
[Training] Loss: 0.2579	Accuracy: 90.934
[Test] Accuracy: 83.520

Epoch 109
Learning rate 1.50000e-01
[Training] Time: 22.294 seconds
[Training] Loss: 0.2588	Accuracy: 90.994
[Test] Accuracy: 84.630

Epoch 110
Learning rate 1.50000e-01
[Training] Time: 22.253 seconds
[Training] Loss: 0.2656	Accuracy: 90.684
[Test] Accuracy: 85.410

Epoch 111
Learning rate 1.50000e-01
[Training] Time: 22.295 seconds
[Training] Loss: 0.2603	Accuracy: 91.064
[Test] Accuracy: 84.210

Epoch 112
Learning rate 1.50000e-01
[Training] Time: 22.226 seconds
[Training] Loss: 0.2597	Accuracy: 90.960
[Test] Accuracy: 81.090

Epoch 113
Learning rate 1.50000e-01
[Training] Time: 22.299 seconds
[Training] Loss: 0.2612	Accuracy: 90.944
[Test] Accuracy: 85.390

Epoch 114
Learning rate 1.50000e-01
[Training] Time: 22.227 seconds
[Training] Loss: 0.2595	Accuracy: 90.988
[Test] Accuracy: 85.710

Epoch 115
Learning rate 1.50000e-01
[Training] Time: 22.328 seconds
[Training] Loss: 0.2548	Accuracy: 91.118
[Test] Accuracy: 82.500

Epoch 116
Learning rate 1.50000e-01
[Training] Time: 22.242 seconds
[Training] Loss: 0.2606	Accuracy: 90.940
[Test] Accuracy: 85.280

Epoch 117
Learning rate 1.50000e-01
[Training] Time: 22.319 seconds
[Training] Loss: 0.2555	Accuracy: 91.194
[Test] Accuracy: 85.980

Epoch 118
Learning rate 1.50000e-01
[Training] Time: 22.226 seconds
[Training] Loss: 0.2610	Accuracy: 90.912
[Test] Accuracy: 84.520

Epoch 119
Learning rate 1.50000e-01
[Training] Time: 22.322 seconds
[Training] Loss: 0.2610	Accuracy: 90.872
[Test] Accuracy: 85.180

Epoch 120
Learning rate 1.50000e-01
[Training] Time: 22.242 seconds
[Training] Loss: 0.2577	Accuracy: 91.022
[Test] Accuracy: 86.960

Epoch 121
Learning rate 1.50000e-01
[Training] Time: 22.331 seconds
[Training] Loss: 0.2535	Accuracy: 91.164
[Test] Accuracy: 84.590

Epoch 122
Learning rate 1.50000e-01
[Training] Time: 22.223 seconds
[Training] Loss: 0.2588	Accuracy: 91.044
[Test] Accuracy: 86.200

Epoch 123
Learning rate 1.50000e-01
[Training] Time: 22.266 seconds
[Training] Loss: 0.2514	Accuracy: 91.220
[Test] Accuracy: 83.740

Epoch 124
Learning rate 1.50000e-01
[Training] Time: 22.223 seconds
[Training] Loss: 0.2534	Accuracy: 90.958
[Test] Accuracy: 86.610

Epoch 125
Learning rate 1.50000e-01
[Training] Time: 22.280 seconds
[Training] Loss: 0.2587	Accuracy: 90.974
[Test] Accuracy: 84.270

Epoch 126
Learning rate 1.50000e-01
[Training] Time: 22.171 seconds
[Training] Loss: 0.2668	Accuracy: 90.678
[Test] Accuracy: 86.130

Epoch 127
Learning rate 1.50000e-01
[Training] Time: 22.248 seconds
[Training] Loss: 0.2587	Accuracy: 90.982
[Test] Accuracy: 87.020

Epoch 128
Learning rate 1.50000e-01
[Training] Time: 22.188 seconds
[Training] Loss: 0.2534	Accuracy: 91.124
[Test] Accuracy: 85.510

Epoch 129
Learning rate 1.50000e-01
[Training] Time: 22.303 seconds
[Training] Loss: 0.2582	Accuracy: 91.018
[Test] Accuracy: 86.590

Epoch 130
Learning rate 1.50000e-01
[Training] Time: 22.245 seconds
[Training] Loss: 0.2534	Accuracy: 91.192
[Test] Accuracy: 87.520

Epoch 131
Learning rate 1.50000e-01
[Training] Time: 22.301 seconds
[Training] Loss: 0.2527	Accuracy: 91.204
[Test] Accuracy: 85.970

Epoch 132
Learning rate 1.50000e-01
[Training] Time: 22.260 seconds
[Training] Loss: 0.2603	Accuracy: 91.018
[Test] Accuracy: 83.250

Epoch 133
Learning rate 1.50000e-01
[Training] Time: 22.281 seconds
[Training] Loss: 0.2576	Accuracy: 91.066
[Test] Accuracy: 87.580

Epoch 134
Learning rate 1.50000e-01
[Training] Time: 22.268 seconds
[Training] Loss: 0.2545	Accuracy: 91.146
[Test] Accuracy: 84.560

Epoch 135
Learning rate 1.50000e-01
[Training] Time: 22.319 seconds
[Training] Loss: 0.2568	Accuracy: 91.034
[Test] Accuracy: 79.790

Epoch 136
Learning rate 1.50000e-02
[Training] Time: 22.322 seconds
[Training] Loss: 0.1585	Accuracy: 94.616
[Test] Accuracy: 91.310

Epoch 137
Learning rate 1.50000e-02
[Training] Time: 22.395 seconds
[Training] Loss: 0.1229	Accuracy: 95.874
[Test] Accuracy: 91.550

Epoch 138
Learning rate 1.50000e-02
[Training] Time: 22.314 seconds
[Training] Loss: 0.1108	Accuracy: 96.180
[Test] Accuracy: 91.960

Epoch 139
Learning rate 1.50000e-02
[Training] Time: 22.312 seconds
[Training] Loss: 0.1055	Accuracy: 96.454
[Test] Accuracy: 92.140

Epoch 140
Learning rate 1.50000e-02
[Training] Time: 22.237 seconds
[Training] Loss: 0.0986	Accuracy: 96.624
[Test] Accuracy: 91.880

Epoch 141
Learning rate 1.50000e-02
[Training] Time: 22.330 seconds
[Training] Loss: 0.0917	Accuracy: 96.844
[Test] Accuracy: 92.060

Epoch 142
Learning rate 1.50000e-02
[Training] Time: 22.300 seconds
[Training] Loss: 0.0856	Accuracy: 97.078
[Test] Accuracy: 92.300

Epoch 143
Learning rate 1.50000e-02
[Training] Time: 22.401 seconds
[Training] Loss: 0.0846	Accuracy: 97.044
[Test] Accuracy: 92.070

Epoch 144
Learning rate 1.50000e-02
[Training] Time: 22.257 seconds
[Training] Loss: 0.0823	Accuracy: 97.170
[Test] Accuracy: 92.360

Epoch 145
Learning rate 1.50000e-02
[Training] Time: 22.334 seconds
[Training] Loss: 0.0784	Accuracy: 97.358
[Test] Accuracy: 92.190

Epoch 146
Learning rate 1.50000e-02
[Training] Time: 22.209 seconds
[Training] Loss: 0.0770	Accuracy: 97.350
[Test] Accuracy: 92.370

Epoch 147
Learning rate 1.50000e-02
[Training] Time: 22.284 seconds
[Training] Loss: 0.0722	Accuracy: 97.520
[Test] Accuracy: 92.230

Epoch 148
Learning rate 1.50000e-02
[Training] Time: 22.244 seconds
[Training] Loss: 0.0707	Accuracy: 97.546
[Test] Accuracy: 92.160

Epoch 149
Learning rate 1.50000e-02
[Training] Time: 22.320 seconds
[Training] Loss: 0.0689	Accuracy: 97.604
[Test] Accuracy: 92.240

Epoch 150
Learning rate 1.50000e-02
[Training] Time: 22.221 seconds
[Training] Loss: 0.0660	Accuracy: 97.720
[Test] Accuracy: 91.970

Epoch 151
Learning rate 1.50000e-02
[Training] Time: 22.310 seconds
[Training] Loss: 0.0636	Accuracy: 97.906
[Test] Accuracy: 91.930

Epoch 152
Learning rate 1.50000e-02
[Training] Time: 22.223 seconds
[Training] Loss: 0.0606	Accuracy: 97.982
[Test] Accuracy: 92.230

Epoch 153
Learning rate 1.50000e-02
[Training] Time: 22.309 seconds
[Training] Loss: 0.0603	Accuracy: 97.924
[Test] Accuracy: 92.170

Epoch 154
Learning rate 1.50000e-02
[Training] Time: 22.213 seconds
[Training] Loss: 0.0589	Accuracy: 98.000
[Test] Accuracy: 92.320

Epoch 155
Learning rate 1.50000e-02
[Training] Time: 22.289 seconds
[Training] Loss: 0.0591	Accuracy: 97.986
[Test] Accuracy: 92.060

Epoch 156
Learning rate 1.50000e-02
[Training] Time: 22.251 seconds
[Training] Loss: 0.0543	Accuracy: 98.214
[Test] Accuracy: 92.170

Epoch 157
Learning rate 1.50000e-02
[Training] Time: 22.327 seconds
[Training] Loss: 0.0563	Accuracy: 98.090
[Test] Accuracy: 92.240

Epoch 158
Learning rate 1.50000e-02
[Training] Time: 22.219 seconds
[Training] Loss: 0.0550	Accuracy: 98.080
[Test] Accuracy: 92.190

Epoch 159
Learning rate 1.50000e-02
[Training] Time: 22.229 seconds
[Training] Loss: 0.0499	Accuracy: 98.350
[Test] Accuracy: 92.030

Epoch 160
Learning rate 1.50000e-02
[Training] Time: 22.214 seconds
[Training] Loss: 0.0508	Accuracy: 98.230
[Test] Accuracy: 92.070

Epoch 161
Learning rate 1.50000e-02
[Training] Time: 22.291 seconds
[Training] Loss: 0.0509	Accuracy: 98.274
[Test] Accuracy: 91.960

Epoch 162
Learning rate 1.50000e-02
[Training] Time: 22.210 seconds
[Training] Loss: 0.0477	Accuracy: 98.362
[Test] Accuracy: 92.090

Epoch 163
Learning rate 1.50000e-02
[Training] Time: 22.306 seconds
[Training] Loss: 0.0492	Accuracy: 98.340
[Test] Accuracy: 91.830

Epoch 164
Learning rate 1.50000e-02
[Training] Time: 22.191 seconds
[Training] Loss: 0.0469	Accuracy: 98.380
[Test] Accuracy: 92.010

Epoch 165
Learning rate 1.50000e-02
[Training] Time: 22.304 seconds
[Training] Loss: 0.0448	Accuracy: 98.470
[Test] Accuracy: 92.120

Epoch 166
Learning rate 1.50000e-02
[Training] Time: 22.169 seconds
[Training] Loss: 0.0457	Accuracy: 98.436
[Test] Accuracy: 92.000

Epoch 167
Learning rate 1.50000e-02
[Training] Time: 22.274 seconds
[Training] Loss: 0.0438	Accuracy: 98.568
[Test] Accuracy: 91.940

Epoch 168
Learning rate 1.50000e-02
[Training] Time: 22.167 seconds
[Training] Loss: 0.0447	Accuracy: 98.524
[Test] Accuracy: 91.910

Epoch 169
Learning rate 1.50000e-02
[Training] Time: 22.262 seconds
[Training] Loss: 0.0445	Accuracy: 98.480
[Test] Accuracy: 91.910

Epoch 170
Learning rate 1.50000e-02
[Training] Time: 22.173 seconds
[Training] Loss: 0.0431	Accuracy: 98.614
[Test] Accuracy: 92.150

Epoch 171
Learning rate 1.50000e-02
[Training] Time: 22.240 seconds
[Training] Loss: 0.0423	Accuracy: 98.556
[Test] Accuracy: 92.100

Epoch 172
Learning rate 1.50000e-02
[Training] Time: 22.206 seconds
[Training] Loss: 0.0411	Accuracy: 98.652
[Test] Accuracy: 92.030

Epoch 173
Learning rate 1.50000e-02
[Training] Time: 22.288 seconds
[Training] Loss: 0.0406	Accuracy: 98.656
[Test] Accuracy: 91.910

Epoch 174
Learning rate 1.50000e-02
[Training] Time: 22.203 seconds
[Training] Loss: 0.0418	Accuracy: 98.592
[Test] Accuracy: 91.820

Epoch 175
Learning rate 1.50000e-02
[Training] Time: 22.311 seconds
[Training] Loss: 0.0423	Accuracy: 98.606
[Test] Accuracy: 91.740

Epoch 176
Learning rate 1.50000e-02
[Training] Time: 22.230 seconds
[Training] Loss: 0.0403	Accuracy: 98.658
[Test] Accuracy: 91.990

Epoch 177
Learning rate 1.50000e-02
[Training] Time: 22.254 seconds
[Training] Loss: 0.0409	Accuracy: 98.648
[Test] Accuracy: 91.860

Epoch 178
Learning rate 1.50000e-02
[Training] Time: 22.226 seconds
[Training] Loss: 0.0397	Accuracy: 98.668
[Test] Accuracy: 92.000

Epoch 179
Learning rate 1.50000e-02
[Training] Time: 22.310 seconds
[Training] Loss: 0.0375	Accuracy: 98.698
[Test] Accuracy: 91.790

Epoch 180
Learning rate 1.50000e-02
[Training] Time: 22.224 seconds
[Training] Loss: 0.0382	Accuracy: 98.754
[Test] Accuracy: 91.830

Epoch 181
Learning rate 1.50000e-02
[Training] Time: 22.291 seconds
[Training] Loss: 0.0372	Accuracy: 98.708
[Test] Accuracy: 91.480

Epoch 182
Learning rate 1.50000e-02
[Training] Time: 22.248 seconds
[Training] Loss: 0.0390	Accuracy: 98.718
[Test] Accuracy: 91.870

Epoch 183
Learning rate 1.50000e-02
[Training] Time: 22.304 seconds
[Training] Loss: 0.0373	Accuracy: 98.766
[Test] Accuracy: 91.720

Epoch 184
Learning rate 1.50000e-02
[Training] Time: 22.266 seconds
[Training] Loss: 0.0383	Accuracy: 98.684
[Test] Accuracy: 91.860

Epoch 185
Learning rate 1.50000e-02
[Training] Time: 22.299 seconds
[Training] Loss: 0.0408	Accuracy: 98.576
[Test] Accuracy: 91.560

Epoch 186
Learning rate 1.50000e-02
[Training] Time: 22.185 seconds
[Training] Loss: 0.0396	Accuracy: 98.710
[Test] Accuracy: 91.660

Epoch 187
Learning rate 1.50000e-02
[Training] Time: 22.323 seconds
[Training] Loss: 0.0387	Accuracy: 98.692
[Test] Accuracy: 91.570

Epoch 188
Learning rate 1.50000e-02
[Training] Time: 22.264 seconds
[Training] Loss: 0.0384	Accuracy: 98.680
[Test] Accuracy: 91.750

Epoch 189
Learning rate 1.50000e-02
[Training] Time: 22.345 seconds
[Training] Loss: 0.0371	Accuracy: 98.750
[Test] Accuracy: 91.550

Epoch 190
Learning rate 1.50000e-02
[Training] Time: 22.277 seconds
[Training] Loss: 0.0364	Accuracy: 98.808
[Test] Accuracy: 91.370

Epoch 191
Learning rate 1.50000e-02
[Training] Time: 22.338 seconds
[Training] Loss: 0.0370	Accuracy: 98.754
[Test] Accuracy: 91.220

Epoch 192
Learning rate 1.50000e-02
[Training] Time: 22.225 seconds
[Training] Loss: 0.0398	Accuracy: 98.650
[Test] Accuracy: 91.740

Epoch 193
Learning rate 1.50000e-02
[Training] Time: 22.290 seconds
[Training] Loss: 0.0373	Accuracy: 98.738
[Test] Accuracy: 91.610

Epoch 194
Learning rate 1.50000e-02
[Training] Time: 22.226 seconds
[Training] Loss: 0.0352	Accuracy: 98.816
[Test] Accuracy: 91.400

Epoch 195
Learning rate 1.50000e-02
[Training] Time: 22.354 seconds
[Training] Loss: 0.0375	Accuracy: 98.726
[Test] Accuracy: 91.680

Epoch 196
Learning rate 1.50000e-02
[Training] Time: 22.260 seconds
[Training] Loss: 0.0364	Accuracy: 98.750
[Test] Accuracy: 91.470

Epoch 197
Learning rate 1.50000e-02
[Training] Time: 22.247 seconds
[Training] Loss: 0.0376	Accuracy: 98.728
[Test] Accuracy: 91.820

Epoch 198
Learning rate 1.50000e-03
[Training] Time: 22.256 seconds
[Training] Loss: 0.0271	Accuracy: 99.150
[Test] Accuracy: 92.320

Epoch 199
Learning rate 1.50000e-03
[Training] Time: 22.340 seconds
[Training] Loss: 0.0235	Accuracy: 99.304
[Test] Accuracy: 92.240

Epoch 200
Learning rate 1.50000e-03
[Training] Time: 22.240 seconds
[Training] Loss: 0.0228	Accuracy: 99.316
[Test] Accuracy: 92.260

Epoch 201
Learning rate 1.50000e-03
[Training] Time: 22.355 seconds
[Training] Loss: 0.0208	Accuracy: 99.398
[Test] Accuracy: 92.430

Epoch 202
Learning rate 1.50000e-03
[Training] Time: 22.260 seconds
[Training] Loss: 0.0198	Accuracy: 99.510
[Test] Accuracy: 92.370

Epoch 203
Learning rate 1.50000e-03
[Training] Time: 22.316 seconds
[Training] Loss: 0.0204	Accuracy: 99.422
[Test] Accuracy: 92.170

Epoch 204
Learning rate 1.50000e-03
[Training] Time: 22.236 seconds
[Training] Loss: 0.0185	Accuracy: 99.526
[Test] Accuracy: 92.260

Epoch 205
Learning rate 1.50000e-03
[Training] Time: 22.295 seconds
[Training] Loss: 0.0195	Accuracy: 99.468
[Test] Accuracy: 92.170

Epoch 206
Learning rate 1.50000e-03
[Training] Time: 22.192 seconds
[Training] Loss: 0.0178	Accuracy: 99.528
[Test] Accuracy: 92.140

Epoch 207
Learning rate 1.50000e-03
[Training] Time: 22.276 seconds
[Training] Loss: 0.0176	Accuracy: 99.524
[Test] Accuracy: 92.400

Epoch 208
Learning rate 1.50000e-03
[Training] Time: 22.160 seconds
[Training] Loss: 0.0163	Accuracy: 99.624
[Test] Accuracy: 92.320

Epoch 209
Learning rate 1.50000e-03
[Training] Time: 22.261 seconds
[Training] Loss: 0.0170	Accuracy: 99.568
[Test] Accuracy: 92.330

Epoch 210
Learning rate 1.50000e-03
[Training] Time: 22.165 seconds
[Training] Loss: 0.0173	Accuracy: 99.536
[Test] Accuracy: 92.400

Epoch 211
Learning rate 1.50000e-03
[Training] Time: 22.230 seconds
[Training] Loss: 0.0162	Accuracy: 99.582
[Test] Accuracy: 92.290

Epoch 212
Learning rate 1.50000e-03
[Training] Time: 22.173 seconds
[Training] Loss: 0.0164	Accuracy: 99.538
[Test] Accuracy: 92.250

Epoch 213
Learning rate 1.50000e-03
[Training] Time: 22.228 seconds
[Training] Loss: 0.0165	Accuracy: 99.586
[Test] Accuracy: 92.430

Epoch 214
Learning rate 1.50000e-03
[Training] Time: 22.137 seconds
[Training] Loss: 0.0167	Accuracy: 99.582
[Test] Accuracy: 92.410

Epoch 215
Learning rate 1.50000e-03
[Training] Time: 22.301 seconds
[Training] Loss: 0.0161	Accuracy: 99.558
[Test] Accuracy: 92.190

Epoch 216
Learning rate 1.50000e-03
[Training] Time: 22.208 seconds
[Training] Loss: 0.0146	Accuracy: 99.664
[Test] Accuracy: 92.160

Epoch 217
Learning rate 1.50000e-03
[Training] Time: 22.247 seconds
[Training] Loss: 0.0163	Accuracy: 99.550
[Test] Accuracy: 92.370

Epoch 218
Learning rate 1.50000e-03
[Training] Time: 22.166 seconds
[Training] Loss: 0.0151	Accuracy: 99.598
[Test] Accuracy: 92.230

Epoch 219
Learning rate 1.50000e-03
[Training] Time: 22.255 seconds
[Training] Loss: 0.0146	Accuracy: 99.648
[Test] Accuracy: 92.190

Epoch 220
Learning rate 1.50000e-03
[Training] Time: 22.187 seconds
[Training] Loss: 0.0148	Accuracy: 99.642
[Test] Accuracy: 92.280

Epoch 221
Learning rate 1.50000e-03
[Training] Time: 22.316 seconds
[Training] Loss: 0.0156	Accuracy: 99.598
[Test] Accuracy: 92.350

Epoch 222
Learning rate 1.50000e-03
[Training] Time: 22.183 seconds
[Training] Loss: 0.0150	Accuracy: 99.614
[Test] Accuracy: 92.490

Epoch 223
Learning rate 1.50000e-03
[Training] Time: 22.303 seconds
[Training] Loss: 0.0146	Accuracy: 99.658
[Test] Accuracy: 92.350

Epoch 224
Learning rate 1.50000e-03
[Training] Time: 22.225 seconds
[Training] Loss: 0.0144	Accuracy: 99.638
[Test] Accuracy: 92.380

Epoch 225
Learning rate 1.50000e-03
[Training] Time: 22.295 seconds
[Training] Loss: 0.0154	Accuracy: 99.622
[Test] Accuracy: 92.240

Epoch 226
Learning rate 1.50000e-03
[Training] Time: 22.238 seconds
[Training] Loss: 0.0146	Accuracy: 99.622
[Test] Accuracy: 92.060

Epoch 227
Learning rate 1.50000e-03
[Training] Time: 22.279 seconds
[Training] Loss: 0.0144	Accuracy: 99.664
[Test] Accuracy: 92.270

Epoch 228
Learning rate 1.50000e-03
[Training] Time: 22.218 seconds
[Training] Loss: 0.0135	Accuracy: 99.702
[Test] Accuracy: 92.110

Epoch 229
Learning rate 1.50000e-03
[Training] Time: 22.304 seconds
[Training] Loss: 0.0132	Accuracy: 99.694
[Test] Accuracy: 92.370

Epoch 230
Learning rate 1.50000e-03
[Training] Time: 22.207 seconds
[Training] Loss: 0.0142	Accuracy: 99.668
[Test] Accuracy: 92.240

Epoch 231
Learning rate 1.50000e-03
[Training] Time: 22.311 seconds
[Training] Loss: 0.0139	Accuracy: 99.666
[Test] Accuracy: 92.270

Epoch 232
Learning rate 1.50000e-03
[Training] Time: 22.205 seconds
[Training] Loss: 0.0130	Accuracy: 99.712
[Test] Accuracy: 92.450

Epoch 233
Learning rate 1.50000e-03
[Training] Time: 22.244 seconds
[Training] Loss: 0.0132	Accuracy: 99.692
[Test] Accuracy: 92.330

Epoch 234
Learning rate 1.50000e-03
[Training] Time: 22.201 seconds
[Training] Loss: 0.0136	Accuracy: 99.670
[Test] Accuracy: 92.300

Epoch 235
Learning rate 1.50000e-03
[Training] Time: 22.236 seconds
[Training] Loss: 0.0132	Accuracy: 99.660
[Test] Accuracy: 92.350

Epoch 236
Learning rate 1.50000e-03
[Training] Time: 22.202 seconds
[Training] Loss: 0.0138	Accuracy: 99.652
[Test] Accuracy: 92.350

Epoch 237
Learning rate 1.50000e-03
[Training] Time: 22.291 seconds
[Training] Loss: 0.0136	Accuracy: 99.666
[Test] Accuracy: 92.360

Epoch 238
Learning rate 1.50000e-03
[Training] Time: 22.185 seconds
[Training] Loss: 0.0131	Accuracy: 99.706
[Test] Accuracy: 92.370

Epoch 239
Learning rate 1.50000e-03
[Training] Time: 22.311 seconds
[Training] Loss: 0.0129	Accuracy: 99.698
[Test] Accuracy: 92.360

Epoch 240
Learning rate 1.50000e-03
[Training] Time: 22.205 seconds
[Training] Loss: 0.0136	Accuracy: 99.674
[Test] Accuracy: 92.430

Epoch 241
Learning rate 1.50000e-03
[Training] Time: 22.219 seconds
[Training] Loss: 0.0130	Accuracy: 99.704
[Test] Accuracy: 92.360

Epoch 242
Learning rate 1.50000e-03
[Training] Time: 22.158 seconds
[Training] Loss: 0.0125	Accuracy: 99.706
[Test] Accuracy: 92.300

Epoch 243
Learning rate 1.50000e-03
[Training] Time: 22.301 seconds
[Training] Loss: 0.0126	Accuracy: 99.718
[Test] Accuracy: 92.400

Epoch 244
Learning rate 1.50000e-03
[Training] Time: 22.211 seconds
[Training] Loss: 0.0127	Accuracy: 99.710
[Test] Accuracy: 92.310

Epoch 245
Learning rate 1.50000e-03
[Training] Time: 22.242 seconds
[Training] Loss: 0.0128	Accuracy: 99.700
[Test] Accuracy: 92.420

Epoch 246
Learning rate 1.50000e-03
[Training] Time: 22.118 seconds
[Training] Loss: 0.0127	Accuracy: 99.712
[Test] Accuracy: 92.280

Epoch 247
Learning rate 1.50000e-03
[Training] Time: 22.235 seconds
[Training] Loss: 0.0129	Accuracy: 99.698
[Test] Accuracy: 92.420

Epoch 248
Learning rate 1.50000e-03
[Training] Time: 22.194 seconds
[Training] Loss: 0.0132	Accuracy: 99.688
[Test] Accuracy: 92.250

Epoch 249
Learning rate 1.50000e-03
[Training] Time: 22.223 seconds
[Training] Loss: 0.0127	Accuracy: 99.722
[Test] Accuracy: 92.250

Epoch 250
Learning rate 1.50000e-03
[Training] Time: 22.172 seconds
[Training] Loss: 0.0125	Accuracy: 99.716
[Test] Accuracy: 92.300

Epoch 251
Learning rate 1.50000e-03
[Training] Time: 22.284 seconds
[Training] Loss: 0.0127	Accuracy: 99.696
[Test] Accuracy: 92.310

Epoch 252
Learning rate 1.50000e-03
[Training] Time: 22.169 seconds
[Training] Loss: 0.0126	Accuracy: 99.704
[Test] Accuracy: 92.320

Epoch 253
Learning rate 1.50000e-03
[Training] Time: 22.279 seconds
[Training] Loss: 0.0122	Accuracy: 99.736
[Test] Accuracy: 92.310

Epoch 254
Learning rate 1.50000e-03
[Training] Time: 22.155 seconds
[Training] Loss: 0.0135	Accuracy: 99.670
[Test] Accuracy: 92.240

Epoch 255
Learning rate 1.50000e-03
[Training] Time: 22.244 seconds
[Training] Loss: 0.0120	Accuracy: 99.700
[Test] Accuracy: 92.280

Epoch 256
Learning rate 1.50000e-03
[Training] Time: 22.122 seconds
[Training] Loss: 0.0124	Accuracy: 99.714
[Test] Accuracy: 92.260

Epoch 257
Learning rate 1.50000e-03
[Training] Time: 22.236 seconds
[Training] Loss: 0.0120	Accuracy: 99.726
[Test] Accuracy: 92.370

Epoch 258
Learning rate 1.50000e-03
[Training] Time: 22.132 seconds
[Training] Loss: 0.0117	Accuracy: 99.754
[Test] Accuracy: 92.320

Epoch 259
Learning rate 1.50000e-03
[Training] Time: 22.276 seconds
[Training] Loss: 0.0125	Accuracy: 99.710
[Test] Accuracy: 92.390

Epoch 260
Learning rate 1.50000e-03
[Training] Time: 22.155 seconds
[Training] Loss: 0.0123	Accuracy: 99.706
[Test] Accuracy: 92.310

Epoch 261
Learning rate 1.50000e-03
[Training] Time: 22.210 seconds
[Training] Loss: 0.0121	Accuracy: 99.716
[Test] Accuracy: 92.320

Epoch 262
Learning rate 1.50000e-03
[Training] Time: 22.156 seconds
[Training] Loss: 0.0126	Accuracy: 99.710
[Test] Accuracy: 92.200

Epoch 263
Learning rate 1.50000e-03
[Training] Time: 22.208 seconds
[Training] Loss: 0.0122	Accuracy: 99.720
[Test] Accuracy: 92.350

Epoch 264
Learning rate 1.50000e-03
[Training] Time: 22.162 seconds
[Training] Loss: 0.0112	Accuracy: 99.760
[Test] Accuracy: 92.140

Epoch 265
Learning rate 1.50000e-03
[Training] Time: 22.234 seconds
[Training] Loss: 0.0114	Accuracy: 99.772
[Test] Accuracy: 92.240

Epoch 266
Learning rate 1.50000e-03
[Training] Time: 22.172 seconds
[Training] Loss: 0.0111	Accuracy: 99.740
[Test] Accuracy: 92.180

Epoch 267
Learning rate 1.50000e-03
[Training] Time: 22.252 seconds
[Training] Loss: 0.0117	Accuracy: 99.728
[Test] Accuracy: 92.170

Epoch 268
Learning rate 1.50000e-03
[Training] Time: 22.203 seconds
[Training] Loss: 0.0110	Accuracy: 99.760
[Test] Accuracy: 92.220

Epoch 269
Learning rate 1.50000e-03
[Training] Time: 22.302 seconds
[Training] Loss: 0.0113	Accuracy: 99.746
[Test] Accuracy: 92.120

Epoch 270
Learning rate 1.50000e-03
[Training] Time: 22.180 seconds
[Training] Loss: 0.0108	Accuracy: 99.778
[Test] Accuracy: 92.220

Epoch 271
Learning rate 1.50000e-03
[Training] Time: 22.271 seconds
[Training] Loss: 0.0119	Accuracy: 99.720
[Test] Accuracy: 92.160

Epoch 272
Learning rate 1.50000e-03
[Training] Time: 22.180 seconds
[Training] Loss: 0.0115	Accuracy: 99.746
[Test] Accuracy: 92.210

Epoch 273
Learning rate 1.50000e-03
[Training] Time: 22.252 seconds
[Training] Loss: 0.0115	Accuracy: 99.730
[Test] Accuracy: 92.150

Epoch 274
Learning rate 1.50000e-04
[Training] Time: 22.169 seconds
[Training] Loss: 0.0113	Accuracy: 99.720
[Test] Accuracy: 92.250

Epoch 275
Learning rate 1.50000e-04
[Training] Time: 22.300 seconds
[Training] Loss: 0.0108	Accuracy: 99.742
[Test] Accuracy: 92.200

Epoch 276
Learning rate 1.50000e-04
[Training] Time: 22.200 seconds
[Training] Loss: 0.0109	Accuracy: 99.780
[Test] Accuracy: 92.220

Epoch 277
Learning rate 1.50000e-04
[Training] Time: 22.286 seconds
[Training] Loss: 0.0108	Accuracy: 99.774
[Test] Accuracy: 92.200

Epoch 278
Learning rate 1.50000e-04
[Training] Time: 22.199 seconds
[Training] Loss: 0.0114	Accuracy: 99.732
[Test] Accuracy: 92.150

Epoch 279
Learning rate 1.50000e-04
[Training] Time: 22.258 seconds
[Training] Loss: 0.0111	Accuracy: 99.740
[Test] Accuracy: 92.290

Epoch 280
Learning rate 1.50000e-04
[Training] Time: 22.164 seconds
[Training] Loss: 0.0109	Accuracy: 99.760
[Test] Accuracy: 92.300

Epoch 281
Learning rate 1.50000e-04
[Training] Time: 22.261 seconds
[Training] Loss: 0.0103	Accuracy: 99.774
[Test] Accuracy: 92.270

Epoch 282
Learning rate 1.50000e-04
[Training] Time: 22.172 seconds
[Training] Loss: 0.0116	Accuracy: 99.734
[Test] Accuracy: 92.270

Epoch 283
Learning rate 1.50000e-04
[Training] Time: 22.220 seconds
[Training] Loss: 0.0111	Accuracy: 99.748
[Test] Accuracy: 92.140

Epoch 284
Learning rate 1.50000e-04
[Training] Time: 22.179 seconds
[Training] Loss: 0.0112	Accuracy: 99.714
[Test] Accuracy: 92.330

Epoch 285
Learning rate 1.50000e-04
[Training] Time: 22.264 seconds
[Training] Loss: 0.0116	Accuracy: 99.734
[Test] Accuracy: 92.260

Epoch 286
Learning rate 1.50000e-04
[Training] Time: 22.150 seconds
[Training] Loss: 0.0106	Accuracy: 99.764
[Test] Accuracy: 92.360

Epoch 287
Learning rate 1.50000e-04
[Training] Time: 22.182 seconds
[Training] Loss: 0.0112	Accuracy: 99.740
[Test] Accuracy: 92.340

Epoch 288
Learning rate 1.50000e-04
[Training] Time: 22.168 seconds
[Training] Loss: 0.0105	Accuracy: 99.786
[Test] Accuracy: 92.310

Epoch 289
Learning rate 1.50000e-04
[Training] Time: 22.322 seconds
[Training] Loss: 0.0111	Accuracy: 99.748
[Test] Accuracy: 92.160

Epoch 290
Learning rate 1.50000e-04
[Training] Time: 22.177 seconds
[Training] Loss: 0.0111	Accuracy: 99.752
[Test] Accuracy: 92.290

Epoch 291
Learning rate 1.50000e-04
[Training] Time: 22.259 seconds
[Training] Loss: 0.0110	Accuracy: 99.744
[Test] Accuracy: 92.190

Epoch 292
Learning rate 1.50000e-04
[Training] Time: 22.172 seconds
[Training] Loss: 0.0107	Accuracy: 99.742
[Test] Accuracy: 92.330

Epoch 293
Learning rate 1.50000e-04
[Training] Time: 22.274 seconds
[Training] Loss: 0.0111	Accuracy: 99.754
[Test] Accuracy: 92.210

Epoch 294
Learning rate 1.50000e-04
[Training] Time: 22.192 seconds
[Training] Loss: 0.0110	Accuracy: 99.758
[Test] Accuracy: 92.320

Epoch 295
Learning rate 1.50000e-04
[Training] Time: 22.201 seconds
[Training] Loss: 0.0113	Accuracy: 99.744
[Test] Accuracy: 92.350

Epoch 296
Learning rate 1.50000e-04
[Training] Time: 22.149 seconds
[Training] Loss: 0.0103	Accuracy: 99.794
[Test] Accuracy: 92.270

Epoch 297
Learning rate 1.50000e-04
[Training] Time: 22.263 seconds
[Training] Loss: 0.0106	Accuracy: 99.788
[Test] Accuracy: 92.250

Epoch 298
Learning rate 1.50000e-04
[Training] Time: 22.124 seconds
[Training] Loss: 0.0108	Accuracy: 99.772
[Test] Accuracy: 92.310

Epoch 299
Learning rate 1.50000e-04
[Training] Time: 22.307 seconds
[Training] Loss: 0.0102	Accuracy: 99.832
[Test] Accuracy: 92.250

Epoch 300
Learning rate 1.50000e-04
[Training] Time: 22.188 seconds
[Training] Loss: 0.0105	Accuracy: 99.780
[Test] Accuracy: 92.250

Epoch 301
Learning rate 1.50000e-04
[Training] Time: 22.339 seconds
[Training] Loss: 0.0115	Accuracy: 99.724
[Test] Accuracy: 92.270

Epoch 302
Learning rate 1.50000e-04
[Training] Time: 22.251 seconds
[Training] Loss: 0.0103	Accuracy: 99.794
[Test] Accuracy: 92.270

Epoch 303
Learning rate 1.50000e-04
[Training] Time: 22.328 seconds
[Training] Loss: 0.0103	Accuracy: 99.786
[Test] Accuracy: 92.150

Epoch 304
Learning rate 1.50000e-04
[Training] Time: 22.249 seconds
[Training] Loss: 0.0106	Accuracy: 99.780
[Test] Accuracy: 92.320

Epoch 305
Learning rate 1.50000e-04
[Training] Time: 22.332 seconds
[Training] Loss: 0.0106	Accuracy: 99.784
[Test] Accuracy: 92.320

Epoch 306
Learning rate 1.50000e-04
[Training] Time: 22.234 seconds
[Training] Loss: 0.0105	Accuracy: 99.788
[Test] Accuracy: 92.270

Epoch 307
Learning rate 1.50000e-04
[Training] Time: 22.311 seconds
[Training] Loss: 0.0107	Accuracy: 99.776
[Test] Accuracy: 92.240

Epoch 308
Learning rate 1.50000e-04
[Training] Time: 22.211 seconds
[Training] Loss: 0.0105	Accuracy: 99.776
[Test] Accuracy: 92.200

Epoch 309
Learning rate 1.50000e-04
[Training] Time: 22.337 seconds
[Training] Loss: 0.0115	Accuracy: 99.716
[Test] Accuracy: 92.220

Epoch 310
Learning rate 1.50000e-04
[Training] Time: 22.285 seconds
[Training] Loss: 0.0104	Accuracy: 99.770
[Test] Accuracy: 92.270

Epoch 311
Learning rate 1.50000e-04
[Training] Time: 22.341 seconds
[Training] Loss: 0.0103	Accuracy: 99.786
[Test] Accuracy: 92.220

Epoch 312
Learning rate 1.50000e-04
[Training] Time: 22.297 seconds
[Training] Loss: 0.0108	Accuracy: 99.770
[Test] Accuracy: 92.170

Epoch 313
Learning rate 1.50000e-04
[Training] Time: 22.372 seconds
[Training] Loss: 0.0103	Accuracy: 99.782
[Test] Accuracy: 92.390

Epoch 314
Learning rate 1.50000e-04
[Training] Time: 22.296 seconds
[Training] Loss: 0.0103	Accuracy: 99.770
[Test] Accuracy: 92.360

Epoch 315
Learning rate 1.50000e-04
[Training] Time: 22.366 seconds
[Training] Loss: 0.0104	Accuracy: 99.782
[Test] Accuracy: 92.310

Epoch 316
Learning rate 1.50000e-04
[Training] Time: 22.305 seconds
[Training] Loss: 0.0101	Accuracy: 99.790
[Test] Accuracy: 92.310

Epoch 317
Learning rate 1.50000e-04
[Training] Time: 22.390 seconds
[Training] Loss: 0.0105	Accuracy: 99.790
[Test] Accuracy: 92.340

Epoch 318
Learning rate 1.50000e-04
[Training] Time: 22.288 seconds
[Training] Loss: 0.0106	Accuracy: 99.764
[Test] Accuracy: 92.190

Epoch 319
Learning rate 1.50000e-04
[Training] Time: 22.358 seconds
[Training] Loss: 0.0113	Accuracy: 99.752
[Test] Accuracy: 92.210

Epoch 320
Learning rate 1.50000e-04
[Training] Time: 22.298 seconds
[Training] Loss: 0.0094	Accuracy: 99.824
[Test] Accuracy: 92.270

Epoch 321
Learning rate 1.50000e-04
[Training] Time: 22.393 seconds
[Training] Loss: 0.0102	Accuracy: 99.778
[Test] Accuracy: 92.160

Epoch 322
Learning rate 1.50000e-04
[Training] Time: 22.315 seconds
[Training] Loss: 0.0104	Accuracy: 99.796
[Test] Accuracy: 92.250

Epoch 323
Learning rate 1.50000e-04
[Training] Time: 22.359 seconds
[Training] Loss: 0.0104	Accuracy: 99.778
[Test] Accuracy: 92.290

Epoch 324
Learning rate 1.50000e-04
[Training] Time: 22.328 seconds
[Training] Loss: 0.0098	Accuracy: 99.814
[Test] Accuracy: 92.270

Epoch 325
Learning rate 1.50000e-05
[Training] Time: 22.429 seconds
[Training] Loss: 0.0106	Accuracy: 99.770
[Test] Accuracy: 92.330

Epoch 326
Learning rate 1.50000e-05
[Training] Time: 22.347 seconds
[Training] Loss: 0.0108	Accuracy: 99.772
[Test] Accuracy: 92.340

Epoch 327
Learning rate 1.50000e-05
[Training] Time: 22.356 seconds
[Training] Loss: 0.0101	Accuracy: 99.800
[Test] Accuracy: 92.160

Epoch 328
Learning rate 1.50000e-05
[Training] Time: 22.257 seconds
[Training] Loss: 0.0104	Accuracy: 99.776
[Test] Accuracy: 92.210

Epoch 329
Learning rate 1.50000e-05
[Training] Time: 22.318 seconds
[Training] Loss: 0.0107	Accuracy: 99.756
[Test] Accuracy: 92.250

Epoch 330
Learning rate 1.50000e-05
[Training] Time: 22.288 seconds
[Training] Loss: 0.0110	Accuracy: 99.770
[Test] Accuracy: 92.210

Epoch 331
Learning rate 1.50000e-05
[Training] Time: 22.350 seconds
[Training] Loss: 0.0103	Accuracy: 99.780
[Test] Accuracy: 92.180

Epoch 332
Learning rate 1.50000e-05
[Training] Time: 22.313 seconds
[Training] Loss: 0.0107	Accuracy: 99.750
[Test] Accuracy: 92.230

Epoch 333
Learning rate 1.50000e-05
[Training] Time: 22.384 seconds
[Training] Loss: 0.0110	Accuracy: 99.728
[Test] Accuracy: 92.170

Epoch 334
Learning rate 1.50000e-05
[Training] Time: 22.276 seconds
[Training] Loss: 0.0100	Accuracy: 99.788
[Test] Accuracy: 92.260

Epoch 335
Learning rate 1.50000e-05
[Training] Time: 22.349 seconds
[Training] Loss: 0.0106	Accuracy: 99.772
[Test] Accuracy: 92.280

Epoch 336
Learning rate 1.50000e-05
[Training] Time: 22.292 seconds
[Training] Loss: 0.0100	Accuracy: 99.794
[Test] Accuracy: 92.180

Epoch 337
Learning rate 1.50000e-05
[Training] Time: 22.396 seconds
[Training] Loss: 0.0109	Accuracy: 99.770
[Test] Accuracy: 92.190

Epoch 338
Learning rate 1.50000e-05
[Training] Time: 22.333 seconds
[Training] Loss: 0.0105	Accuracy: 99.766
[Test] Accuracy: 92.230

Epoch 339
Learning rate 1.50000e-05
[Training] Time: 22.388 seconds
[Training] Loss: 0.0103	Accuracy: 99.774
[Test] Accuracy: 92.280

Epoch 340
Learning rate 1.50000e-05
[Training] Time: 22.284 seconds
[Training] Loss: 0.0109	Accuracy: 99.770
[Test] Accuracy: 92.400

Epoch 341
Learning rate 1.50000e-05
[Training] Time: 22.330 seconds
[Training] Loss: 0.0106	Accuracy: 99.756
[Test] Accuracy: 92.250

Epoch 342
Learning rate 1.50000e-05
[Training] Time: 22.265 seconds
[Training] Loss: 0.0097	Accuracy: 99.810
[Test] Accuracy: 92.220

Epoch 343
Learning rate 1.50000e-05
[Training] Time: 22.309 seconds
[Training] Loss: 0.0106	Accuracy: 99.764
[Test] Accuracy: 92.250

Epoch 344
Learning rate 1.50000e-05
[Training] Time: 22.242 seconds
[Training] Loss: 0.0106	Accuracy: 99.754
[Test] Accuracy: 92.360

Epoch 345
Learning rate 1.50000e-05
[Training] Time: 22.284 seconds
[Training] Loss: 0.0111	Accuracy: 99.748
[Test] Accuracy: 92.160

Epoch 346
Learning rate 1.50000e-05
[Training] Time: 22.224 seconds
[Training] Loss: 0.0103	Accuracy: 99.770
[Test] Accuracy: 92.400

Epoch 347
Learning rate 1.50000e-05
[Training] Time: 22.352 seconds
[Training] Loss: 0.0101	Accuracy: 99.806
[Test] Accuracy: 92.340

Epoch 348
Learning rate 1.50000e-05
[Training] Time: 22.239 seconds
[Training] Loss: 0.0103	Accuracy: 99.780
[Test] Accuracy: 92.170

Epoch 349
Learning rate 1.50000e-05
[Training] Time: 22.344 seconds
[Training] Loss: 0.0112	Accuracy: 99.728
[Test] Accuracy: 92.310

Epoch 350
Learning rate 1.50000e-05
[Training] Time: 22.245 seconds
[Training] Loss: 0.0111	Accuracy: 99.748
[Test] Accuracy: 92.300

Epoch 351
Learning rate 1.50000e-05
[Training] Time: 22.333 seconds
[Training] Loss: 0.0107	Accuracy: 99.736
[Test] Accuracy: 92.290

Epoch 352
Learning rate 1.50000e-05
[Training] Time: 22.271 seconds
[Training] Loss: 0.0101	Accuracy: 99.794
[Test] Accuracy: 92.280

Epoch 353
Learning rate 1.50000e-05
[Training] Time: 22.368 seconds
[Training] Loss: 0.0107	Accuracy: 99.752
[Test] Accuracy: 92.270

Epoch 354
Learning rate 1.50000e-05
[Training] Time: 22.205 seconds
[Training] Loss: 0.0099	Accuracy: 99.794
[Test] Accuracy: 92.290

Epoch 355
Learning rate 1.50000e-05
[Training] Time: 22.248 seconds
[Training] Loss: 0.0102	Accuracy: 99.776
[Test] Accuracy: 92.320

Epoch 356
Learning rate 1.50000e-05
[Training] Time: 22.283 seconds
[Training] Loss: 0.0104	Accuracy: 99.770
[Test] Accuracy: 92.240

Epoch 357
Learning rate 1.50000e-05
[Training] Time: 22.360 seconds
[Training] Loss: 0.0098	Accuracy: 99.824
[Test] Accuracy: 92.290

Epoch 358
Learning rate 1.50000e-05
[Training] Time: 22.302 seconds
[Training] Loss: 0.0110	Accuracy: 99.780
[Test] Accuracy: 92.340

Epoch 359
Learning rate 1.50000e-05
[Training] Time: 22.352 seconds
[Training] Loss: 0.0108	Accuracy: 99.756
[Test] Accuracy: 92.350

Epoch 360
Learning rate 1.50000e-05
[Training] Time: 22.299 seconds
[Training] Loss: 0.0108	Accuracy: 99.778
[Test] Accuracy: 92.290

Epoch 361
Learning rate 1.50000e-05
[Training] Time: 22.358 seconds
[Training] Loss: 0.0108	Accuracy: 99.762
[Test] Accuracy: 92.230

Epoch 362
Learning rate 1.50000e-05
[Training] Time: 22.237 seconds
[Training] Loss: 0.0104	Accuracy: 99.784
[Test] Accuracy: 92.270

Epoch 363
Learning rate 1.50000e-05
[Training] Time: 22.377 seconds
[Training] Loss: 0.0108	Accuracy: 99.768
[Test] Accuracy: 92.330

Epoch 364
Learning rate 1.50000e-05
[Training] Time: 22.226 seconds
[Training] Loss: 0.0109	Accuracy: 99.734
[Test] Accuracy: 92.350

Epoch 365
Learning rate 1.50000e-05
[Training] Time: 22.302 seconds
[Training] Loss: 0.0100	Accuracy: 99.792
[Test] Accuracy: 92.360

Epoch 366
Learning rate 1.50000e-05
[Training] Time: 22.226 seconds
[Training] Loss: 0.0103	Accuracy: 99.802
[Test] Accuracy: 92.240

Epoch 367
Learning rate 1.50000e-05
[Training] Time: 22.352 seconds
[Training] Loss: 0.0103	Accuracy: 99.770
[Test] Accuracy: 92.270

Epoch 368
Learning rate 1.50000e-05
[Training] Time: 22.244 seconds
[Training] Loss: 0.0108	Accuracy: 99.770
[Test] Accuracy: 92.370

Epoch 369
Learning rate 1.50000e-05
[Training] Time: 22.354 seconds
[Training] Loss: 0.0111	Accuracy: 99.770
[Test] Accuracy: 92.240

Epoch 370
Learning rate 1.50000e-05
[Training] Time: 22.288 seconds
[Training] Loss: 0.0101	Accuracy: 99.788
[Test] Accuracy: 92.360

Epoch 371
Learning rate 1.50000e-05
[Training] Time: 22.399 seconds
[Training] Loss: 0.0101	Accuracy: 99.770
[Test] Accuracy: 92.290

Epoch 372
Learning rate 1.50000e-05
[Training] Time: 22.346 seconds
[Training] Loss: 0.0104	Accuracy: 99.784
[Test] Accuracy: 92.290

Epoch 373
Learning rate 1.50000e-05
[Training] Time: 22.415 seconds
[Training] Loss: 0.0103	Accuracy: 99.770
[Test] Accuracy: 92.340

Epoch 374
Learning rate 1.50000e-05
[Training] Time: 22.323 seconds
[Training] Loss: 0.0104	Accuracy: 99.780
[Test] Accuracy: 92.350

Epoch 375
Learning rate 1.50000e-05
[Training] Time: 22.436 seconds
[Training] Loss: 0.0103	Accuracy: 99.776
[Test] Accuracy: 92.270

Epoch 376
Learning rate 1.50000e-06
[Training] Time: 22.322 seconds
[Training] Loss: 0.0101	Accuracy: 99.800
[Test] Accuracy: 92.270

Epoch 377
Learning rate 1.50000e-06
[Training] Time: 22.390 seconds
[Training] Loss: 0.0105	Accuracy: 99.788
[Test] Accuracy: 92.250

Epoch 378
Learning rate 1.50000e-06
[Training] Time: 22.336 seconds
[Training] Loss: 0.0104	Accuracy: 99.758
[Test] Accuracy: 92.310

Epoch 379
Learning rate 1.50000e-06
[Training] Time: 22.347 seconds
[Training] Loss: 0.0107	Accuracy: 99.780
[Test] Accuracy: 92.280

Epoch 380
Learning rate 1.50000e-06
[Training] Time: 22.317 seconds
[Training] Loss: 0.0103	Accuracy: 99.786
[Test] Accuracy: 92.190

Epoch 381
Learning rate 1.50000e-06
[Training] Time: 22.356 seconds
[Training] Loss: 0.0107	Accuracy: 99.772
[Test] Accuracy: 92.190

Epoch 382
Learning rate 1.50000e-06
[Training] Time: 22.305 seconds
[Training] Loss: 0.0106	Accuracy: 99.758
[Test] Accuracy: 92.270

Epoch 383
Learning rate 1.50000e-06
[Training] Time: 22.374 seconds
[Training] Loss: 0.0103	Accuracy: 99.786
[Test] Accuracy: 92.290

Epoch 384
Learning rate 1.50000e-06
[Training] Time: 22.278 seconds
[Training] Loss: 0.0107	Accuracy: 99.792
[Test] Accuracy: 92.310

Epoch 385
Learning rate 1.50000e-06
[Training] Time: 22.320 seconds
[Training] Loss: 0.0110	Accuracy: 99.752
[Test] Accuracy: 92.260

Epoch 386
Learning rate 1.50000e-06
[Training] Time: 22.332 seconds
[Training] Loss: 0.0103	Accuracy: 99.792
[Test] Accuracy: 92.280

Epoch 387
Learning rate 1.50000e-06
[Training] Time: 22.322 seconds
[Training] Loss: 0.0107	Accuracy: 99.780
[Test] Accuracy: 92.310

Epoch 388
Learning rate 1.50000e-06
[Training] Time: 22.339 seconds
[Training] Loss: 0.0105	Accuracy: 99.792
[Test] Accuracy: 92.290

Epoch 389
Learning rate 1.50000e-06
[Training] Time: 22.343 seconds
[Training] Loss: 0.0104	Accuracy: 99.778
[Test] Accuracy: 92.210

Epoch 390
Learning rate 1.50000e-06
[Training] Time: 22.229 seconds
[Training] Loss: 0.0105	Accuracy: 99.782
[Test] Accuracy: 92.260

Epoch 391
Learning rate 1.50000e-06
[Training] Time: 22.324 seconds
[Training] Loss: 0.0109	Accuracy: 99.742
[Test] Accuracy: 92.160

Epoch 392
Learning rate 1.50000e-06
[Training] Time: 22.225 seconds
[Training] Loss: 0.0106	Accuracy: 99.772
[Test] Accuracy: 92.260

Epoch 393
Learning rate 1.50000e-06
[Training] Time: 22.365 seconds
[Training] Loss: 0.0100	Accuracy: 99.810
[Test] Accuracy: 92.320

Epoch 394
Learning rate 1.50000e-06
[Training] Time: 22.297 seconds
[Training] Loss: 0.0104	Accuracy: 99.782
[Test] Accuracy: 92.320

Epoch 395
Learning rate 1.50000e-06
[Training] Time: 22.382 seconds
[Training] Loss: 0.0109	Accuracy: 99.754
[Test] Accuracy: 92.240

Epoch 396
Learning rate 1.50000e-06
[Training] Time: 22.298 seconds
[Training] Loss: 0.0104	Accuracy: 99.760
[Test] Accuracy: 92.280

Epoch 397
Learning rate 1.50000e-06
[Training] Time: 22.392 seconds
[Training] Loss: 0.0110	Accuracy: 99.752
[Test] Accuracy: 92.190

Epoch 398
Learning rate 1.50000e-06
[Training] Time: 22.323 seconds
[Training] Loss: 0.0098	Accuracy: 99.816
[Test] Accuracy: 92.210

Epoch 399
Learning rate 1.50000e-06
[Training] Time: 22.348 seconds
[Training] Loss: 0.0103	Accuracy: 99.760
[Test] Accuracy: 92.440

Epoch 400
Learning rate 1.50000e-06
[Training] Time: 22.257 seconds
[Training] Loss: 0.0104	Accuracy: 99.794
[Test] Accuracy: 92.270

Epoch 401
Learning rate 1.50000e-06
[Training] Time: 22.274 seconds
[Training] Loss: 0.0104	Accuracy: 99.782
[Test] Accuracy: 92.190

Epoch 402
Learning rate 1.50000e-06
[Training] Time: 22.218 seconds
[Training] Loss: 0.0100	Accuracy: 99.828
[Test] Accuracy: 92.160

Epoch 403
Learning rate 1.50000e-06
[Training] Time: 22.329 seconds
[Training] Loss: 0.0104	Accuracy: 99.778
[Test] Accuracy: 92.270

Epoch 404
Learning rate 1.50000e-06
[Training] Time: 22.252 seconds
[Training] Loss: 0.0108	Accuracy: 99.748
[Test] Accuracy: 92.340

Epoch 405
Learning rate 1.50000e-06
[Training] Time: 22.323 seconds
[Training] Loss: 0.0112	Accuracy: 99.738
[Test] Accuracy: 92.260

Epoch 406
Learning rate 1.50000e-06
[Training] Time: 22.239 seconds
[Training] Loss: 0.0109	Accuracy: 99.764
[Test] Accuracy: 92.340

Epoch 407
Learning rate 1.50000e-06
[Training] Time: 22.365 seconds
[Training] Loss: 0.0106	Accuracy: 99.776
[Test] Accuracy: 92.220

Epoch 408
Learning rate 1.50000e-06
[Training] Time: 22.255 seconds
[Training] Loss: 0.0108	Accuracy: 99.752
[Test] Accuracy: 92.340

Epoch 409
Learning rate 1.50000e-06
[Training] Time: 22.350 seconds
[Training] Loss: 0.0112	Accuracy: 99.750
[Test] Accuracy: 92.270

Epoch 410
Learning rate 1.50000e-06
[Training] Time: 22.311 seconds
[Training] Loss: 0.0107	Accuracy: 99.784
[Test] Accuracy: 92.300

Epoch 411
Learning rate 1.50000e-06
[Training] Time: 22.370 seconds
[Training] Loss: 0.0100	Accuracy: 99.788
[Test] Accuracy: 92.240

Epoch 412
Learning rate 1.50000e-06
[Training] Time: 22.317 seconds
[Training] Loss: 0.0107	Accuracy: 99.766
[Test] Accuracy: 92.320

Epoch 413
Learning rate 1.50000e-06
[Training] Time: 22.386 seconds
[Training] Loss: 0.0106	Accuracy: 99.752
[Test] Accuracy: 92.210

Epoch 414
Learning rate 1.50000e-06
[Training] Time: 22.320 seconds
[Training] Loss: 0.0101	Accuracy: 99.784
[Test] Accuracy: 92.330

Epoch 415
Learning rate 1.50000e-06
[Training] Time: 22.290 seconds
[Training] Loss: 0.0108	Accuracy: 99.736
[Test] Accuracy: 92.270

Epoch 416
Learning rate 1.50000e-06
[Training] Time: 22.205 seconds
[Training] Loss: 0.0104	Accuracy: 99.768
[Test] Accuracy: 92.340

Epoch 417
Learning rate 1.50000e-06
[Training] Time: 22.349 seconds
[Training] Loss: 0.0105	Accuracy: 99.754
[Test] Accuracy: 92.280

Epoch 418
Learning rate 1.50000e-06
[Training] Time: 22.232 seconds
[Training] Loss: 0.0101	Accuracy: 99.804
[Test] Accuracy: 92.310

Epoch 419
Learning rate 1.50000e-06
[Training] Time: 22.302 seconds
[Training] Loss: 0.0107	Accuracy: 99.768
[Test] Accuracy: 92.280

Epoch 420
Learning rate 1.50000e-06
[Training] Time: 22.282 seconds
[Training] Loss: 0.0103	Accuracy: 99.792
[Test] Accuracy: 92.340

Epoch 421
Learning rate 1.50000e-06
[Training] Time: 22.368 seconds
[Training] Loss: 0.0104	Accuracy: 99.788
[Test] Accuracy: 92.260

Epoch 422
Learning rate 1.50000e-06
[Training] Time: 22.306 seconds
[Training] Loss: 0.0104	Accuracy: 99.788
[Test] Accuracy: 92.260

Epoch 423
Learning rate 1.50000e-06
[Training] Time: 22.348 seconds
[Training] Loss: 0.0107	Accuracy: 99.778
[Test] Accuracy: 92.320

Epoch 424
Learning rate 1.50000e-06
[Training] Time: 22.302 seconds
[Training] Loss: 0.0108	Accuracy: 99.738
[Test] Accuracy: 92.320

Epoch 425
Learning rate 1.50000e-06
[Training] Time: 22.356 seconds
[Training] Loss: 0.0098	Accuracy: 99.814
[Test] Accuracy: 92.220

Epoch 426
Learning rate 1.50000e-06
[Training] Time: 22.287 seconds
[Training] Loss: 0.0104	Accuracy: 99.792
[Test] Accuracy: 92.260

Epoch 427
Learning rate 1.50000e-07
[Training] Time: 22.400 seconds
[Training] Loss: 0.0102	Accuracy: 99.802
[Test] Accuracy: 92.160

Epoch 428
Learning rate 1.50000e-07
[Training] Time: 22.305 seconds
[Training] Loss: 0.0104	Accuracy: 99.774
[Test] Accuracy: 92.220

Epoch 429
Learning rate 1.50000e-07
[Training] Time: 22.411 seconds
[Training] Loss: 0.0098	Accuracy: 99.820
[Test] Accuracy: 92.190

Epoch 430
Learning rate 1.50000e-07
[Training] Time: 22.286 seconds
[Training] Loss: 0.0103	Accuracy: 99.790
[Test] Accuracy: 92.300

Epoch 431
Learning rate 1.50000e-07
[Training] Time: 22.423 seconds
[Training] Loss: 0.0105	Accuracy: 99.784
[Test] Accuracy: 92.410

Epoch 432
Learning rate 1.50000e-07
[Training] Time: 22.304 seconds
[Training] Loss: 0.0105	Accuracy: 99.762
[Test] Accuracy: 92.330

Epoch 433
Learning rate 1.50000e-07
[Training] Time: 22.357 seconds
[Training] Loss: 0.0112	Accuracy: 99.756
[Test] Accuracy: 92.280

Epoch 434
Learning rate 1.50000e-07
[Training] Time: 22.252 seconds
[Training] Loss: 0.0097	Accuracy: 99.812
[Test] Accuracy: 92.310

Epoch 435
Learning rate 1.50000e-07
[Training] Time: 22.262 seconds
[Training] Loss: 0.0105	Accuracy: 99.784
[Test] Accuracy: 92.390

Epoch 436
Learning rate 1.50000e-07
[Training] Time: 22.307 seconds
[Training] Loss: 0.0108	Accuracy: 99.772
[Test] Accuracy: 92.290

Epoch 437
Learning rate 1.50000e-07
[Training] Time: 22.285 seconds
[Training] Loss: 0.0110	Accuracy: 99.748
[Test] Accuracy: 92.360

Epoch 438
Learning rate 1.50000e-07
[Training] Time: 22.246 seconds
[Training] Loss: 0.0105	Accuracy: 99.762
[Test] Accuracy: 92.260

Epoch 439
Learning rate 1.50000e-07
[Training] Time: 22.343 seconds
[Training] Loss: 0.0103	Accuracy: 99.794
[Test] Accuracy: 92.080

Epoch 440
Learning rate 1.50000e-07
[Training] Time: 22.224 seconds
[Training] Loss: 0.0107	Accuracy: 99.776
[Test] Accuracy: 92.300

Epoch 441
Learning rate 1.50000e-07
[Training] Time: 22.259 seconds
[Training] Loss: 0.0112	Accuracy: 99.744
[Test] Accuracy: 92.300

Epoch 442
Learning rate 1.50000e-07
[Training] Time: 22.156 seconds
[Training] Loss: 0.0110	Accuracy: 99.744
[Test] Accuracy: 92.170

Epoch 443
Learning rate 1.50000e-07
[Training] Time: 22.280 seconds
[Training] Loss: 0.0110	Accuracy: 99.758
[Test] Accuracy: 92.270

Epoch 444
Learning rate 1.50000e-07
[Training] Time: 22.189 seconds
[Training] Loss: 0.0103	Accuracy: 99.792
[Test] Accuracy: 92.250

Epoch 445
Learning rate 1.50000e-07
[Training] Time: 22.284 seconds
[Training] Loss: 0.0105	Accuracy: 99.778
[Test] Accuracy: 92.130

Epoch 446
Learning rate 1.50000e-07
[Training] Time: 22.229 seconds
[Training] Loss: 0.0110	Accuracy: 99.750
[Test] Accuracy: 92.300

Epoch 447
Learning rate 1.50000e-07
[Training] Time: 22.328 seconds
[Training] Loss: 0.0108	Accuracy: 99.744
[Test] Accuracy: 92.260

Epoch 448
Learning rate 1.50000e-07
[Training] Time: 22.275 seconds
[Training] Loss: 0.0097	Accuracy: 99.818
[Test] Accuracy: 92.380

Epoch 449
Learning rate 1.50000e-07
[Training] Time: 22.225 seconds
[Training] Loss: 0.0104	Accuracy: 99.754
[Test] Accuracy: 92.270

Epoch 450
Learning rate 1.50000e-07
[Training] Time: 22.051 seconds
[Training] Loss: 0.0100	Accuracy: 99.780
[Test] Accuracy: 92.340

Epoch 451
Learning rate 1.50000e-07
[Training] Time: 22.208 seconds
[Training] Loss: 0.0102	Accuracy: 99.800
[Test] Accuracy: 92.250

Epoch 452
Learning rate 1.50000e-07
[Training] Time: 22.216 seconds
[Training] Loss: 0.0104	Accuracy: 99.786
[Test] Accuracy: 92.200

Epoch 453
Learning rate 1.50000e-07
[Training] Time: 22.361 seconds
[Training] Loss: 0.0108	Accuracy: 99.748
[Test] Accuracy: 92.330

Epoch 454
Learning rate 1.50000e-07
[Training] Time: 22.270 seconds
[Training] Loss: 0.0099	Accuracy: 99.800
[Test] Accuracy: 92.320

Epoch 455
Learning rate 1.50000e-07
[Training] Time: 22.340 seconds
[Training] Loss: 0.0107	Accuracy: 99.756
[Test] Accuracy: 92.270

Epoch 456
Learning rate 1.50000e-07
[Training] Time: 22.242 seconds
[Training] Loss: 0.0102	Accuracy: 99.770
[Test] Accuracy: 92.290

Epoch 457
Learning rate 1.50000e-07
[Training] Time: 22.274 seconds
[Training] Loss: 0.0107	Accuracy: 99.778
[Test] Accuracy: 92.340

Epoch 458
Learning rate 1.50000e-07
[Training] Time: 22.187 seconds
[Training] Loss: 0.0100	Accuracy: 99.798
[Test] Accuracy: 92.290

Epoch 459
Learning rate 1.50000e-07
[Training] Time: 22.313 seconds
[Training] Loss: 0.0111	Accuracy: 99.772
[Test] Accuracy: 92.250

Epoch 460
Learning rate 1.50000e-07
[Training] Time: 22.189 seconds
[Training] Loss: 0.0105	Accuracy: 99.774
[Test] Accuracy: 92.280

Epoch 461
Learning rate 1.50000e-07
[Training] Time: 22.319 seconds
[Training] Loss: 0.0105	Accuracy: 99.766
[Test] Accuracy: 92.220

Epoch 462
Learning rate 1.50000e-07
[Training] Time: 22.221 seconds
[Training] Loss: 0.0114	Accuracy: 99.732
[Test] Accuracy: 92.250

Epoch 463
Learning rate 1.50000e-07
[Training] Time: 22.322 seconds
[Training] Loss: 0.0106	Accuracy: 99.770
[Test] Accuracy: 92.210

Epoch 464
Learning rate 1.50000e-07
[Training] Time: 22.151 seconds
[Training] Loss: 0.0105	Accuracy: 99.788
[Test] Accuracy: 92.290

Epoch 465
Learning rate 1.50000e-07
[Training] Time: 22.247 seconds
[Training] Loss: 0.0104	Accuracy: 99.780
[Test] Accuracy: 92.240

Epoch 466
Learning rate 1.50000e-07
[Training] Time: 22.205 seconds
[Training] Loss: 0.0110	Accuracy: 99.778
[Test] Accuracy: 92.150

Epoch 467
Learning rate 1.50000e-07
[Training] Time: 22.336 seconds
[Training] Loss: 0.0106	Accuracy: 99.766
[Test] Accuracy: 92.300

Epoch 468
Learning rate 1.50000e-07
[Training] Time: 22.284 seconds
[Training] Loss: 0.0107	Accuracy: 99.782
[Test] Accuracy: 92.220

Epoch 469
Learning rate 1.50000e-07
[Training] Time: 22.349 seconds
[Training] Loss: 0.0101	Accuracy: 99.796
[Test] Accuracy: 92.280

Epoch 470
Learning rate 1.50000e-07
[Training] Time: 22.237 seconds
[Training] Loss: 0.0104	Accuracy: 99.806
[Test] Accuracy: 92.220

Epoch 471
Learning rate 1.50000e-07
[Training] Time: 22.370 seconds
[Training] Loss: 0.0103	Accuracy: 99.806
[Test] Accuracy: 92.330

Epoch 472
Learning rate 1.50000e-07
[Training] Time: 22.286 seconds
[Training] Loss: 0.0102	Accuracy: 99.818
[Test] Accuracy: 92.250

Epoch 473
Learning rate 1.50000e-07
[Training] Time: 22.360 seconds
[Training] Loss: 0.0102	Accuracy: 99.834
[Test] Accuracy: 92.260

Epoch 474
Learning rate 1.50000e-07
[Training] Time: 22.311 seconds
[Training] Loss: 0.0103	Accuracy: 99.790
[Test] Accuracy: 92.220

Epoch 475
Learning rate 1.50000e-07
[Training] Time: 22.401 seconds
[Training] Loss: 0.0099	Accuracy: 99.802
[Test] Accuracy: 92.330

Epoch 476
Learning rate 1.50000e-07
[Training] Time: 22.277 seconds
[Training] Loss: 0.0103	Accuracy: 99.764
[Test] Accuracy: 92.280

Epoch 477
Learning rate 1.50000e-07
[Training] Time: 22.331 seconds
[Training] Loss: 0.0106	Accuracy: 99.782
[Test] Accuracy: 92.280

Epoch 478
Learning rate 1.50000e-08
[Training] Time: 22.266 seconds
[Training] Loss: 0.0096	Accuracy: 99.834
[Test] Accuracy: 92.330

Epoch 479
Learning rate 1.50000e-08
[Training] Time: 22.340 seconds
[Training] Loss: 0.0106	Accuracy: 99.770
[Test] Accuracy: 92.290

Epoch 480
Learning rate 1.50000e-08
[Training] Time: 22.294 seconds
[Training] Loss: 0.0107	Accuracy: 99.782
[Test] Accuracy: 92.300

Epoch 481
Learning rate 1.50000e-08
[Training] Time: 22.441 seconds
[Training] Loss: 0.0101	Accuracy: 99.790
[Test] Accuracy: 92.290

Epoch 482
Learning rate 1.50000e-08
[Training] Time: 22.287 seconds
[Training] Loss: 0.0104	Accuracy: 99.786
[Test] Accuracy: 92.280

Epoch 483
Learning rate 1.50000e-08
[Training] Time: 22.305 seconds
[Training] Loss: 0.0111	Accuracy: 99.756
[Test] Accuracy: 92.220

Epoch 484
Learning rate 1.50000e-08
[Training] Time: 22.286 seconds
[Training] Loss: 0.0107	Accuracy: 99.766
[Test] Accuracy: 92.250

Epoch 485
Learning rate 1.50000e-08
[Training] Time: 22.331 seconds
[Training] Loss: 0.0107	Accuracy: 99.782
[Test] Accuracy: 92.220

Epoch 486
Learning rate 1.50000e-08
[Training] Time: 22.310 seconds
[Training] Loss: 0.0103	Accuracy: 99.782
[Test] Accuracy: 92.340

Epoch 487
Learning rate 1.50000e-08
[Training] Time: 22.403 seconds
[Training] Loss: 0.0096	Accuracy: 99.832
[Test] Accuracy: 92.350

Epoch 488
Learning rate 1.50000e-08
[Training] Time: 22.288 seconds
[Training] Loss: 0.0100	Accuracy: 99.794
[Test] Accuracy: 92.350

Epoch 489
Learning rate 1.50000e-08
[Training] Time: 22.386 seconds
[Training] Loss: 0.0109	Accuracy: 99.754
[Test] Accuracy: 92.330

Epoch 490
Learning rate 1.50000e-08
[Training] Time: 22.309 seconds
[Training] Loss: 0.0103	Accuracy: 99.816
[Test] Accuracy: 92.250

Epoch 491
Learning rate 1.50000e-08
[Training] Time: 22.368 seconds
[Training] Loss: 0.0102	Accuracy: 99.772
[Test] Accuracy: 92.250

Epoch 492
Learning rate 1.50000e-08
[Training] Time: 22.287 seconds
[Training] Loss: 0.0101	Accuracy: 99.774
[Test] Accuracy: 92.240

Epoch 493
Learning rate 1.50000e-08
[Training] Time: 22.356 seconds
[Training] Loss: 0.0106	Accuracy: 99.798
[Test] Accuracy: 92.440

Epoch 494
Learning rate 1.50000e-08
[Training] Time: 22.255 seconds
[Training] Loss: 0.0103	Accuracy: 99.786
[Test] Accuracy: 92.200

Epoch 495
Learning rate 1.50000e-08
[Training] Time: 22.335 seconds
[Training] Loss: 0.0106	Accuracy: 99.764
[Test] Accuracy: 92.210

Epoch 496
Learning rate 1.50000e-08
[Training] Time: 22.316 seconds
[Training] Loss: 0.0110	Accuracy: 99.744
[Test] Accuracy: 92.270

Epoch 497
Learning rate 1.50000e-08
[Training] Time: 22.370 seconds
[Training] Loss: 0.0103	Accuracy: 99.774
[Test] Accuracy: 92.250

Epoch 498
Learning rate 1.50000e-08
[Training] Time: 22.305 seconds
[Training] Loss: 0.0100	Accuracy: 99.808
[Test] Accuracy: 92.310

Epoch 499
Learning rate 1.50000e-08
[Training] Time: 22.313 seconds
[Training] Loss: 0.0112	Accuracy: 99.746
[Test] Accuracy: 92.350

Model training finished.
Writing experimental setup to save_resnet20
Dumping training statistics to save_resnet20
Time: 11878.547 seconds. ( 3 hours 17 minutes 58.547 seconds)
Best Accuracy: 92.490 occured at epoch 222
Program Exiting
