Instance-3
The program will run trainer for resnet110
IMPORTANT: Machine will SHUTDOWN after program execution
Running trainer for resnet110:
 python -u trainer.py --arch=resnet110 --save-dir=save_resnet110 --epochs=1000 >> resnet110.log 2>&1

Instance-2
The program will run trainer for resnet32, resnet44
IMPORTANT: Machine will SHUTDOWN after program execution
Running trainer for resnet32:
 python -u trainer.py --arch=resnet32 --save-dir=save_resnet32 --epochs=1000 >> resnet32.log 2>&1
Running trainer for resnet44:
 python -u trainer.py --arch=resnet44 --save-dir=save_resnet44 --epochs=1000 >> resnet44.log 2>&1

Instance-1
The program will run trainer for resnet20, resnet56
IMPORTANT: Machine will SHUTDOWN after program execution
Running trainer for resnet20:
 python -u trainer.py --arch=resnet20 --save-dir=save_resnet20 --epochs=1000 >> resnet20.log 2>&1
Running trainer for resnet56:
 python -u trainer.py --arch=resnet56 --save-dir=save_resnet56 --epochs=1000 >> resnet56.log 2>&1

Shutting down in 5s
