Creating directory at save_resnet20
Files already downloaded and verified
Starting training from epoch 0 to 500

Epoch 0
Learning rate 1.00000e-01
[Training] Time: 22.498 seconds
[Training] Loss: 1.5684	Accuracy: 42.166
[Test] Accuracy: 44.730

Epoch 1
Learning rate 1.00000e-01
[Training] Time: 21.944 seconds
[Training] Loss: 1.0704	Accuracy: 61.386
[Test] Accuracy: 63.180

Epoch 2
Learning rate 1.00000e-01
[Training] Time: 22.008 seconds
[Training] Loss: 0.8671	Accuracy: 69.274
[Test] Accuracy: 65.720

Epoch 3
Learning rate 1.00000e-01
[Training] Time: 21.792 seconds
[Training] Loss: 0.7429	Accuracy: 73.976
[Test] Accuracy: 69.250

Epoch 4
Learning rate 1.00000e-01
[Training] Time: 21.905 seconds
[Training] Loss: 0.6689	Accuracy: 76.776
[Test] Accuracy: 71.940

Epoch 5
Learning rate 1.00000e-01
[Training] Time: 21.947 seconds
[Training] Loss: 0.6131	Accuracy: 78.836
[Test] Accuracy: 75.600

Epoch 6
Learning rate 1.00000e-01
[Training] Time: 22.003 seconds
[Training] Loss: 0.5707	Accuracy: 80.322
[Test] Accuracy: 80.120

Epoch 7
Learning rate 1.00000e-01
[Training] Time: 21.767 seconds
[Training] Loss: 0.5364	Accuracy: 81.618
[Test] Accuracy: 75.990

Epoch 8
Learning rate 1.00000e-01
[Training] Time: 21.867 seconds
[Training] Loss: 0.5132	Accuracy: 82.302
[Test] Accuracy: 77.980

Epoch 9
Learning rate 1.00000e-01
[Training] Time: 21.906 seconds
[Training] Loss: 0.4906	Accuracy: 82.934
[Test] Accuracy: 79.530

Epoch 10
Learning rate 1.00000e-01
[Training] Time: 22.018 seconds
[Training] Loss: 0.4703	Accuracy: 83.808
[Test] Accuracy: 77.730

Epoch 11
Learning rate 1.00000e-01
[Training] Time: 21.759 seconds
[Training] Loss: 0.4503	Accuracy: 84.390
[Test] Accuracy: 81.230

Epoch 12
Learning rate 1.00000e-01
[Training] Time: 21.929 seconds
[Training] Loss: 0.4392	Accuracy: 84.908
[Test] Accuracy: 81.270

Epoch 13
Learning rate 1.00000e-01
[Training] Time: 21.920 seconds
[Training] Loss: 0.4265	Accuracy: 85.342
[Test] Accuracy: 77.050

Epoch 14
Learning rate 1.00000e-01
[Training] Time: 21.983 seconds
[Training] Loss: 0.4121	Accuracy: 85.746
[Test] Accuracy: 80.570

Epoch 15
Learning rate 1.00000e-01
[Training] Time: 21.766 seconds
[Training] Loss: 0.4037	Accuracy: 86.008
[Test] Accuracy: 82.790

Epoch 16
Learning rate 1.00000e-01
[Training] Time: 21.922 seconds
[Training] Loss: 0.3893	Accuracy: 86.556
[Test] Accuracy: 82.250

Epoch 17
Learning rate 1.00000e-01
[Training] Time: 21.892 seconds
[Training] Loss: 0.3814	Accuracy: 86.770
[Test] Accuracy: 83.010

Epoch 18
Learning rate 1.00000e-01
[Training] Time: 21.954 seconds
[Training] Loss: 0.3756	Accuracy: 87.042
[Test] Accuracy: 81.950

Epoch 19
Learning rate 1.00000e-01
[Training] Time: 21.755 seconds
[Training] Loss: 0.3682	Accuracy: 87.200
[Test] Accuracy: 78.950

Epoch 20
Learning rate 1.00000e-01
[Training] Time: 21.951 seconds
[Training] Loss: 0.3623	Accuracy: 87.342
[Test] Accuracy: 83.560

Epoch 21
Learning rate 1.00000e-01
[Training] Time: 21.932 seconds
[Training] Loss: 0.3562	Accuracy: 87.606
[Test] Accuracy: 82.640

Epoch 22
Learning rate 1.00000e-01
[Training] Time: 22.023 seconds
[Training] Loss: 0.3424	Accuracy: 88.180
[Test] Accuracy: 83.490

Epoch 23
Learning rate 1.00000e-01
[Training] Time: 21.774 seconds
[Training] Loss: 0.3430	Accuracy: 88.158
[Test] Accuracy: 83.170

Epoch 24
Learning rate 1.00000e-01
[Training] Time: 21.919 seconds
[Training] Loss: 0.3364	Accuracy: 88.302
[Test] Accuracy: 84.300

Epoch 25
Learning rate 1.00000e-01
[Training] Time: 21.936 seconds
[Training] Loss: 0.3316	Accuracy: 88.360
[Test] Accuracy: 83.830

Epoch 26
Learning rate 1.00000e-01
[Training] Time: 22.008 seconds
[Training] Loss: 0.3274	Accuracy: 88.658
[Test] Accuracy: 84.270

Epoch 27
Learning rate 1.00000e-01
[Training] Time: 21.746 seconds
[Training] Loss: 0.3227	Accuracy: 88.744
[Test] Accuracy: 84.120

Epoch 28
Learning rate 1.00000e-01
[Training] Time: 21.931 seconds
[Training] Loss: 0.3175	Accuracy: 89.024
[Test] Accuracy: 84.200

Epoch 29
Learning rate 1.00000e-01
[Training] Time: 21.943 seconds
[Training] Loss: 0.3171	Accuracy: 88.948
[Test] Accuracy: 82.650

Epoch 30
Learning rate 1.00000e-01
[Training] Time: 22.036 seconds
[Training] Loss: 0.3173	Accuracy: 88.896
[Test] Accuracy: 86.350

Epoch 31
Learning rate 1.00000e-01
[Training] Time: 21.740 seconds
[Training] Loss: 0.3017	Accuracy: 89.526
[Test] Accuracy: 83.930

Epoch 32
Learning rate 1.00000e-01
[Training] Time: 21.935 seconds
[Training] Loss: 0.3057	Accuracy: 89.382
[Test] Accuracy: 84.320

Epoch 33
Learning rate 1.00000e-01
[Training] Time: 21.934 seconds
[Training] Loss: 0.2953	Accuracy: 89.790
[Test] Accuracy: 83.920

Epoch 34
Learning rate 1.00000e-01
[Training] Time: 22.019 seconds
[Training] Loss: 0.2965	Accuracy: 89.794
[Test] Accuracy: 85.190

Epoch 35
Learning rate 1.00000e-01
[Training] Time: 21.761 seconds
[Training] Loss: 0.2905	Accuracy: 89.838
[Test] Accuracy: 84.640

Epoch 36
Learning rate 1.00000e-01
[Training] Time: 21.928 seconds
[Training] Loss: 0.2955	Accuracy: 89.700
[Test] Accuracy: 83.400

Epoch 37
Learning rate 1.00000e-01
[Training] Time: 22.004 seconds
[Training] Loss: 0.2895	Accuracy: 89.918
[Test] Accuracy: 81.610

Epoch 38
Learning rate 1.00000e-01
[Training] Time: 22.144 seconds
[Training] Loss: 0.2907	Accuracy: 89.844
[Test] Accuracy: 85.960

Epoch 39
Learning rate 1.00000e-01
[Training] Time: 21.958 seconds
[Training] Loss: 0.2899	Accuracy: 89.918
[Test] Accuracy: 82.480

Epoch 40
Learning rate 1.00000e-01
[Training] Time: 22.010 seconds
[Training] Loss: 0.2796	Accuracy: 90.354
[Test] Accuracy: 85.620

Epoch 41
Learning rate 1.00000e-01
[Training] Time: 22.013 seconds
[Training] Loss: 0.2774	Accuracy: 90.280
[Test] Accuracy: 84.390

Epoch 42
Learning rate 1.00000e-01
[Training] Time: 22.021 seconds
[Training] Loss: 0.2748	Accuracy: 90.366
[Test] Accuracy: 85.760

Epoch 43
Learning rate 1.00000e-01
[Training] Time: 21.914 seconds
[Training] Loss: 0.2779	Accuracy: 90.234
[Test] Accuracy: 83.650

Epoch 44
Learning rate 1.00000e-01
[Training] Time: 22.048 seconds
[Training] Loss: 0.2759	Accuracy: 90.402
[Test] Accuracy: 83.300

Epoch 45
Learning rate 1.00000e-01
[Training] Time: 22.066 seconds
[Training] Loss: 0.2727	Accuracy: 90.630
[Test] Accuracy: 83.610

Epoch 46
Learning rate 1.00000e-01
[Training] Time: 22.080 seconds
[Training] Loss: 0.2722	Accuracy: 90.480
[Test] Accuracy: 85.870

Epoch 47
Learning rate 1.00000e-01
[Training] Time: 21.858 seconds
[Training] Loss: 0.2635	Accuracy: 90.800
[Test] Accuracy: 85.070

Epoch 48
Learning rate 1.00000e-01
[Training] Time: 22.055 seconds
[Training] Loss: 0.2706	Accuracy: 90.496
[Test] Accuracy: 83.980

Epoch 49
Learning rate 1.00000e-01
[Training] Time: 22.043 seconds
[Training] Loss: 0.2648	Accuracy: 90.730
[Test] Accuracy: 84.960

Epoch 50
Learning rate 1.00000e-01
[Training] Time: 22.036 seconds
[Training] Loss: 0.2658	Accuracy: 90.728
[Test] Accuracy: 83.560

Epoch 51
Learning rate 1.00000e-01
[Training] Time: 21.884 seconds
[Training] Loss: 0.2614	Accuracy: 90.916
[Test] Accuracy: 84.360

Epoch 52
Learning rate 1.00000e-01
[Training] Time: 22.070 seconds
[Training] Loss: 0.2608	Accuracy: 90.796
[Test] Accuracy: 81.500

Epoch 53
Learning rate 1.00000e-01
[Training] Time: 22.100 seconds
[Training] Loss: 0.2579	Accuracy: 90.982
[Test] Accuracy: 86.570

Epoch 54
Learning rate 1.00000e-01
[Training] Time: 22.109 seconds
[Training] Loss: 0.2628	Accuracy: 90.644
[Test] Accuracy: 85.460

Epoch 55
Learning rate 1.00000e-01
[Training] Time: 21.877 seconds
[Training] Loss: 0.2549	Accuracy: 91.028
[Test] Accuracy: 86.380

Epoch 56
Learning rate 1.00000e-01
[Training] Time: 22.112 seconds
[Training] Loss: 0.2562	Accuracy: 90.906
[Test] Accuracy: 85.050

Epoch 57
Learning rate 1.00000e-01
[Training] Time: 22.057 seconds
[Training] Loss: 0.2542	Accuracy: 91.076
[Test] Accuracy: 85.180

Epoch 58
Learning rate 1.00000e-01
[Training] Time: 22.222 seconds
[Training] Loss: 0.2525	Accuracy: 91.136
[Test] Accuracy: 86.640

Epoch 59
Learning rate 1.00000e-01
[Training] Time: 21.886 seconds
[Training] Loss: 0.2520	Accuracy: 91.186
[Test] Accuracy: 87.240

Epoch 60
Learning rate 1.00000e-01
[Training] Time: 22.055 seconds
[Training] Loss: 0.2566	Accuracy: 91.010
[Test] Accuracy: 82.740

Epoch 61
Learning rate 1.00000e-01
[Training] Time: 22.031 seconds
[Training] Loss: 0.2493	Accuracy: 91.386
[Test] Accuracy: 86.710

Epoch 62
Learning rate 1.00000e-01
[Training] Time: 22.099 seconds
[Training] Loss: 0.2466	Accuracy: 91.458
[Test] Accuracy: 85.220

Epoch 63
Learning rate 1.00000e-01
[Training] Time: 21.899 seconds
[Training] Loss: 0.2477	Accuracy: 91.356
[Test] Accuracy: 86.780

Epoch 64
Learning rate 1.00000e-01
[Training] Time: 22.010 seconds
[Training] Loss: 0.2504	Accuracy: 91.240
[Test] Accuracy: 82.360

Epoch 65
Learning rate 1.00000e-01
[Training] Time: 22.095 seconds
[Training] Loss: 0.2420	Accuracy: 91.582
[Test] Accuracy: 85.000

Epoch 66
Learning rate 1.00000e-01
[Training] Time: 22.171 seconds
[Training] Loss: 0.2501	Accuracy: 91.306
[Test] Accuracy: 85.010

Epoch 67
Learning rate 1.00000e-01
[Training] Time: 21.918 seconds
[Training] Loss: 0.2387	Accuracy: 91.608
[Test] Accuracy: 84.300

Epoch 68
Learning rate 1.00000e-01
[Training] Time: 22.021 seconds
[Training] Loss: 0.2398	Accuracy: 91.524
[Test] Accuracy: 81.080

Epoch 69
Learning rate 1.00000e-01
[Training] Time: 22.022 seconds
[Training] Loss: 0.2438	Accuracy: 91.434
[Test] Accuracy: 80.940

Epoch 70
Learning rate 1.00000e-01
[Training] Time: 22.171 seconds
[Training] Loss: 0.2430	Accuracy: 91.508
[Test] Accuracy: 85.640

Epoch 71
Learning rate 1.00000e-01
[Training] Time: 21.892 seconds
[Training] Loss: 0.2425	Accuracy: 91.366
[Test] Accuracy: 85.370

Epoch 72
Learning rate 1.00000e-01
[Training] Time: 22.067 seconds
[Training] Loss: 0.2412	Accuracy: 91.642
[Test] Accuracy: 84.100

Epoch 73
Learning rate 1.00000e-01
[Training] Time: 22.063 seconds
[Training] Loss: 0.2387	Accuracy: 91.654
[Test] Accuracy: 86.310

Epoch 74
Learning rate 1.00000e-01
[Training] Time: 22.118 seconds
[Training] Loss: 0.2385	Accuracy: 91.596
[Test] Accuracy: 85.150

Epoch 75
Learning rate 1.00000e-01
[Training] Time: 21.888 seconds
[Training] Loss: 0.2368	Accuracy: 91.670
[Test] Accuracy: 84.220

Epoch 76
Learning rate 1.00000e-01
[Training] Time: 21.989 seconds
[Training] Loss: 0.2358	Accuracy: 91.660
[Test] Accuracy: 87.040

Epoch 77
Learning rate 1.00000e-01
[Training] Time: 22.106 seconds
[Training] Loss: 0.2378	Accuracy: 91.680
[Test] Accuracy: 83.770

Epoch 78
Learning rate 1.00000e-01
[Training] Time: 22.091 seconds
[Training] Loss: 0.2352	Accuracy: 91.828
[Test] Accuracy: 85.780

Epoch 79
Learning rate 1.00000e-01
[Training] Time: 21.840 seconds
[Training] Loss: 0.2358	Accuracy: 91.774
[Test] Accuracy: 81.690

Epoch 80
Learning rate 1.00000e-01
[Training] Time: 22.007 seconds
[Training] Loss: 0.2386	Accuracy: 91.630
[Test] Accuracy: 84.430

Epoch 81
Learning rate 1.00000e-01
[Training] Time: 22.051 seconds
[Training] Loss: 0.2253	Accuracy: 92.080
[Test] Accuracy: 84.840

Epoch 82
Learning rate 1.00000e-01
[Training] Time: 22.135 seconds
[Training] Loss: 0.2360	Accuracy: 91.646
[Test] Accuracy: 87.160

Epoch 83
Learning rate 1.00000e-01
[Training] Time: 21.901 seconds
[Training] Loss: 0.2347	Accuracy: 91.730
[Test] Accuracy: 84.920

Epoch 84
Learning rate 1.00000e-01
[Training] Time: 22.054 seconds
[Training] Loss: 0.2353	Accuracy: 91.550
[Test] Accuracy: 81.830

Epoch 85
Learning rate 1.00000e-01
[Training] Time: 22.034 seconds
[Training] Loss: 0.2300	Accuracy: 91.946
[Test] Accuracy: 85.630

Epoch 86
Learning rate 1.00000e-01
[Training] Time: 22.114 seconds
[Training] Loss: 0.2287	Accuracy: 92.046
[Test] Accuracy: 83.850

Epoch 87
Learning rate 1.00000e-01
[Training] Time: 21.995 seconds
[Training] Loss: 0.2307	Accuracy: 91.956
[Test] Accuracy: 85.400

Epoch 88
Learning rate 1.00000e-01
[Training] Time: 22.125 seconds
[Training] Loss: 0.2302	Accuracy: 91.918
[Test] Accuracy: 83.500

Epoch 89
Learning rate 1.00000e-01
[Training] Time: 22.190 seconds
[Training] Loss: 0.2262	Accuracy: 92.032
[Test] Accuracy: 81.670

Epoch 90
Learning rate 1.00000e-01
[Training] Time: 22.216 seconds
[Training] Loss: 0.2291	Accuracy: 91.990
[Test] Accuracy: 86.440

Epoch 91
Learning rate 1.00000e-01
[Training] Time: 21.980 seconds
[Training] Loss: 0.2243	Accuracy: 92.192
[Test] Accuracy: 85.510

Epoch 92
Learning rate 1.00000e-01
[Training] Time: 22.156 seconds
[Training] Loss: 0.2268	Accuracy: 92.066
[Test] Accuracy: 84.620

Epoch 93
Learning rate 1.00000e-01
[Training] Time: 22.228 seconds
[Training] Loss: 0.2320	Accuracy: 91.774
[Test] Accuracy: 85.870

Epoch 94
Learning rate 1.00000e-01
[Training] Time: 22.264 seconds
[Training] Loss: 0.2299	Accuracy: 91.878
[Test] Accuracy: 82.540

Epoch 95
Learning rate 1.00000e-01
[Training] Time: 21.969 seconds
[Training] Loss: 0.2281	Accuracy: 91.936
[Test] Accuracy: 86.080

Epoch 96
Learning rate 1.00000e-01
[Training] Time: 22.163 seconds
[Training] Loss: 0.2284	Accuracy: 91.958
[Test] Accuracy: 83.230

Epoch 97
Learning rate 1.00000e-01
[Training] Time: 22.220 seconds
[Training] Loss: 0.2246	Accuracy: 92.110
[Test] Accuracy: 85.990

Epoch 98
Learning rate 1.00000e-01
[Training] Time: 22.312 seconds
[Training] Loss: 0.2264	Accuracy: 92.068
[Test] Accuracy: 85.620

Epoch 99
Learning rate 1.00000e-01
[Training] Time: 22.008 seconds
[Training] Loss: 0.2237	Accuracy: 92.116
[Test] Accuracy: 83.610

Epoch 100
Learning rate 1.00000e-01
[Training] Time: 22.170 seconds
[Training] Loss: 0.2221	Accuracy: 92.098
[Test] Accuracy: 86.560

Epoch 101
Learning rate 1.00000e-01
[Training] Time: 22.200 seconds
[Training] Loss: 0.2192	Accuracy: 92.354
[Test] Accuracy: 87.060

Epoch 102
Learning rate 1.00000e-01
[Training] Time: 22.193 seconds
[Training] Loss: 0.2268	Accuracy: 91.924
[Test] Accuracy: 86.470

Epoch 103
Learning rate 1.00000e-01
[Training] Time: 22.000 seconds
[Training] Loss: 0.2189	Accuracy: 92.302
[Test] Accuracy: 86.630

Epoch 104
Learning rate 1.00000e-01
[Training] Time: 22.172 seconds
[Training] Loss: 0.2220	Accuracy: 92.220
[Test] Accuracy: 87.880

Epoch 105
Learning rate 1.00000e-01
[Training] Time: 22.183 seconds
[Training] Loss: 0.2188	Accuracy: 92.316
[Test] Accuracy: 86.490

Epoch 106
Learning rate 1.00000e-01
[Training] Time: 22.247 seconds
[Training] Loss: 0.2246	Accuracy: 92.118
[Test] Accuracy: 85.330

Epoch 107
Learning rate 1.00000e-01
[Training] Time: 22.024 seconds
[Training] Loss: 0.2226	Accuracy: 92.158
[Test] Accuracy: 85.510

Epoch 108
Learning rate 1.00000e-01
[Training] Time: 22.183 seconds
[Training] Loss: 0.2216	Accuracy: 92.242
[Test] Accuracy: 86.170

Epoch 109
Learning rate 1.00000e-01
[Training] Time: 22.205 seconds
[Training] Loss: 0.2207	Accuracy: 92.102
[Test] Accuracy: 86.990

Epoch 110
Learning rate 1.00000e-01
[Training] Time: 22.197 seconds
[Training] Loss: 0.2178	Accuracy: 92.434
[Test] Accuracy: 84.350

Epoch 111
Learning rate 1.00000e-01
[Training] Time: 21.994 seconds
[Training] Loss: 0.2148	Accuracy: 92.376
[Test] Accuracy: 86.960

Epoch 112
Learning rate 1.00000e-01
[Training] Time: 22.157 seconds
[Training] Loss: 0.2204	Accuracy: 92.276
[Test] Accuracy: 86.290

Epoch 113
Learning rate 1.00000e-01
[Training] Time: 22.401 seconds
[Training] Loss: 0.2157	Accuracy: 92.402
[Test] Accuracy: 86.400

Epoch 114
Learning rate 1.00000e-01
[Training] Time: 22.205 seconds
[Training] Loss: 0.2112	Accuracy: 92.676
[Test] Accuracy: 86.800

Epoch 115
Learning rate 1.00000e-01
[Training] Time: 22.017 seconds
[Training] Loss: 0.2147	Accuracy: 92.344
[Test] Accuracy: 86.400

Epoch 116
Learning rate 1.00000e-01
[Training] Time: 22.196 seconds
[Training] Loss: 0.2202	Accuracy: 92.252
[Test] Accuracy: 87.400

Epoch 117
Learning rate 1.00000e-01
[Training] Time: 22.186 seconds
[Training] Loss: 0.2105	Accuracy: 92.560
[Test] Accuracy: 87.000

Epoch 118
Learning rate 1.00000e-01
[Training] Time: 22.213 seconds
[Training] Loss: 0.2207	Accuracy: 92.170
[Test] Accuracy: 87.230

Epoch 119
Learning rate 1.00000e-01
[Training] Time: 21.974 seconds
[Training] Loss: 0.2190	Accuracy: 92.292
[Test] Accuracy: 83.250

Epoch 120
Learning rate 1.00000e-01
[Training] Time: 22.144 seconds
[Training] Loss: 0.2129	Accuracy: 92.480
[Test] Accuracy: 85.420

Epoch 121
Learning rate 1.00000e-01
[Training] Time: 22.171 seconds
[Training] Loss: 0.2141	Accuracy: 92.550
[Test] Accuracy: 86.950

Epoch 122
Learning rate 1.00000e-01
[Training] Time: 22.248 seconds
[Training] Loss: 0.2213	Accuracy: 92.338
[Test] Accuracy: 86.310

Epoch 123
Learning rate 1.00000e-01
[Training] Time: 22.002 seconds
[Training] Loss: 0.2169	Accuracy: 92.414
[Test] Accuracy: 87.490

Epoch 124
Learning rate 1.00000e-01
[Training] Time: 22.187 seconds
[Training] Loss: 0.2131	Accuracy: 92.624
[Test] Accuracy: 84.940

Epoch 125
Learning rate 1.00000e-01
[Training] Time: 22.166 seconds
[Training] Loss: 0.2186	Accuracy: 92.252
[Test] Accuracy: 87.570

Epoch 126
Learning rate 1.00000e-01
[Training] Time: 22.952 seconds
[Training] Loss: 0.2157	Accuracy: 92.496
[Test] Accuracy: 85.330

Epoch 127
Learning rate 1.00000e-01
[Training] Time: 23.985 seconds
[Training] Loss: 0.2143	Accuracy: 92.384
[Test] Accuracy: 85.350

Epoch 128
Learning rate 1.00000e-01
[Training] Time: 24.331 seconds
[Training] Loss: 0.2120	Accuracy: 92.510
[Test] Accuracy: 87.480

Epoch 129
Learning rate 1.00000e-01
[Training] Time: 23.679 seconds
[Training] Loss: 0.2164	Accuracy: 92.456
[Test] Accuracy: 83.530

Epoch 130
Learning rate 1.00000e-01
[Training] Time: 22.227 seconds
[Training] Loss: 0.2070	Accuracy: 92.722
[Test] Accuracy: 83.360

Epoch 131
Learning rate 1.00000e-01
[Training] Time: 22.037 seconds
[Training] Loss: 0.2133	Accuracy: 92.602
[Test] Accuracy: 85.120

Epoch 132
Learning rate 1.00000e-01
[Training] Time: 22.147 seconds
[Training] Loss: 0.2105	Accuracy: 92.656
[Test] Accuracy: 84.730

Epoch 133
Learning rate 1.00000e-01
[Training] Time: 22.182 seconds
[Training] Loss: 0.2109	Accuracy: 92.544
[Test] Accuracy: 84.400

Epoch 134
Learning rate 1.00000e-01
[Training] Time: 22.280 seconds
[Training] Loss: 0.2117	Accuracy: 92.616
[Test] Accuracy: 87.330

Epoch 135
Learning rate 1.00000e-01
[Training] Time: 22.019 seconds
[Training] Loss: 0.2116	Accuracy: 92.672
[Test] Accuracy: 86.810

Epoch 136
Learning rate 1.00000e-01
[Training] Time: 22.162 seconds
[Training] Loss: 0.2147	Accuracy: 92.440
[Test] Accuracy: 85.980

Epoch 137
Learning rate 1.00000e-01
[Training] Time: 22.234 seconds
[Training] Loss: 0.2095	Accuracy: 92.634
[Test] Accuracy: 85.690

Epoch 138
Learning rate 1.00000e-01
[Training] Time: 22.255 seconds
[Training] Loss: 0.2169	Accuracy: 92.402
[Test] Accuracy: 87.800

Epoch 139
Learning rate 1.00000e-01
[Training] Time: 21.999 seconds
[Training] Loss: 0.2110	Accuracy: 92.648
[Test] Accuracy: 83.390

Epoch 140
Learning rate 1.00000e-01
[Training] Time: 22.192 seconds
[Training] Loss: 0.2099	Accuracy: 92.718
[Test] Accuracy: 88.030

Epoch 141
Learning rate 1.00000e-01
[Training] Time: 22.212 seconds
[Training] Loss: 0.2067	Accuracy: 92.746
[Test] Accuracy: 88.090

Epoch 142
Learning rate 1.00000e-01
[Training] Time: 22.217 seconds
[Training] Loss: 0.2066	Accuracy: 92.720
[Test] Accuracy: 86.370

Epoch 143
Learning rate 1.00000e-01
[Training] Time: 22.002 seconds
[Training] Loss: 0.2085	Accuracy: 92.742
[Test] Accuracy: 85.360

Epoch 144
Learning rate 1.00000e-01
[Training] Time: 22.133 seconds
[Training] Loss: 0.2116	Accuracy: 92.492
[Test] Accuracy: 87.820

Epoch 145
Learning rate 1.00000e-01
[Training] Time: 22.207 seconds
[Training] Loss: 0.2124	Accuracy: 92.542
[Test] Accuracy: 85.710

Epoch 146
Learning rate 1.00000e-01
[Training] Time: 22.229 seconds
[Training] Loss: 0.2069	Accuracy: 92.614
[Test] Accuracy: 84.770

Epoch 147
Learning rate 1.00000e-01
[Training] Time: 22.013 seconds
[Training] Loss: 0.2090	Accuracy: 92.648
[Test] Accuracy: 87.340

Epoch 148
Learning rate 1.00000e-01
[Training] Time: 22.190 seconds
[Training] Loss: 0.2105	Accuracy: 92.706
[Test] Accuracy: 86.400

Epoch 149
Learning rate 1.00000e-01
[Training] Time: 22.198 seconds
[Training] Loss: 0.2117	Accuracy: 92.522
[Test] Accuracy: 85.960

Epoch 150
Learning rate 1.00000e-01
[Training] Time: 22.200 seconds
[Training] Loss: 0.2077	Accuracy: 92.698
[Test] Accuracy: 85.750

Epoch 151
Learning rate 1.00000e-01
[Training] Time: 21.951 seconds
[Training] Loss: 0.2079	Accuracy: 92.600
[Test] Accuracy: 87.470

Epoch 152
Learning rate 1.00000e-01
[Training] Time: 22.180 seconds
[Training] Loss: 0.2065	Accuracy: 92.776
[Test] Accuracy: 85.610

Epoch 153
Learning rate 1.00000e-01
[Training] Time: 22.157 seconds
[Training] Loss: 0.2065	Accuracy: 92.660
[Test] Accuracy: 85.240

Epoch 154
Learning rate 1.00000e-01
[Training] Time: 22.229 seconds
[Training] Loss: 0.2072	Accuracy: 92.656
[Test] Accuracy: 86.950

Epoch 155
Learning rate 1.00000e-01
[Training] Time: 21.947 seconds
[Training] Loss: 0.2168	Accuracy: 92.386
[Test] Accuracy: 84.760

Epoch 156
Learning rate 1.00000e-01
[Training] Time: 22.187 seconds
[Training] Loss: 0.2074	Accuracy: 92.716
[Test] Accuracy: 87.760

Epoch 157
Learning rate 1.00000e-01
[Training] Time: 22.217 seconds
[Training] Loss: 0.2038	Accuracy: 92.790
[Test] Accuracy: 85.360

Epoch 158
Learning rate 1.00000e-01
[Training] Time: 22.276 seconds
[Training] Loss: 0.2097	Accuracy: 92.658
[Test] Accuracy: 87.860

Epoch 159
Learning rate 1.00000e-01
[Training] Time: 21.976 seconds
[Training] Loss: 0.2048	Accuracy: 92.718
[Test] Accuracy: 86.400

Epoch 160
Learning rate 1.00000e-01
[Training] Time: 22.169 seconds
[Training] Loss: 0.2076	Accuracy: 92.660
[Test] Accuracy: 85.770

Epoch 161
Learning rate 1.00000e-01
[Training] Time: 22.218 seconds
[Training] Loss: 0.2147	Accuracy: 92.434
[Test] Accuracy: 85.130

Epoch 162
Learning rate 1.00000e-01
[Training] Time: 22.261 seconds
[Training] Loss: 0.2074	Accuracy: 92.690
[Test] Accuracy: 85.610

Epoch 163
Learning rate 1.00000e-01
[Training] Time: 22.005 seconds
[Training] Loss: 0.2034	Accuracy: 92.814
[Test] Accuracy: 85.980

Epoch 164
Learning rate 1.00000e-01
[Training] Time: 22.137 seconds
[Training] Loss: 0.2026	Accuracy: 92.754
[Test] Accuracy: 87.200

Epoch 165
Learning rate 1.00000e-01
[Training] Time: 22.189 seconds
[Training] Loss: 0.2021	Accuracy: 92.766
[Test] Accuracy: 86.020

Epoch 166
Learning rate 1.00000e-01
[Training] Time: 22.194 seconds
[Training] Loss: 0.2060	Accuracy: 92.868
[Test] Accuracy: 85.340

Epoch 167
Learning rate 1.00000e-01
[Training] Time: 22.021 seconds
[Training] Loss: 0.2046	Accuracy: 92.792
[Test] Accuracy: 86.910

Epoch 168
Learning rate 1.00000e-01
[Training] Time: 22.156 seconds
[Training] Loss: 0.2051	Accuracy: 92.874
[Test] Accuracy: 87.510

Epoch 169
Learning rate 1.00000e-01
[Training] Time: 22.250 seconds
[Training] Loss: 0.2036	Accuracy: 92.896
[Test] Accuracy: 85.800

Epoch 170
Learning rate 1.00000e-01
[Training] Time: 22.222 seconds
[Training] Loss: 0.2025	Accuracy: 92.830
[Test] Accuracy: 84.990

Epoch 171
Learning rate 1.00000e-01
[Training] Time: 21.998 seconds
[Training] Loss: 0.2060	Accuracy: 92.776
[Test] Accuracy: 86.290

Epoch 172
Learning rate 1.00000e-01
[Training] Time: 22.122 seconds
[Training] Loss: 0.1995	Accuracy: 93.064
[Test] Accuracy: 86.950

Epoch 173
Learning rate 1.00000e-01
[Training] Time: 22.176 seconds
[Training] Loss: 0.2077	Accuracy: 92.662
[Test] Accuracy: 86.050

Epoch 174
Learning rate 1.00000e-01
[Training] Time: 22.237 seconds
[Training] Loss: 0.2070	Accuracy: 92.700
[Test] Accuracy: 87.140

Epoch 175
Learning rate 1.00000e-01
[Training] Time: 22.005 seconds
[Training] Loss: 0.2049	Accuracy: 92.758
[Test] Accuracy: 87.620

Epoch 176
Learning rate 1.00000e-01
[Training] Time: 22.127 seconds
[Training] Loss: 0.1966	Accuracy: 93.218
[Test] Accuracy: 87.640

Epoch 177
Learning rate 1.00000e-01
[Training] Time: 22.197 seconds
[Training] Loss: 0.2024	Accuracy: 92.758
[Test] Accuracy: 84.460

Epoch 178
Learning rate 1.00000e-01
[Training] Time: 22.259 seconds
[Training] Loss: 0.2013	Accuracy: 92.972
[Test] Accuracy: 88.310

Epoch 179
Learning rate 1.00000e-01
[Training] Time: 21.970 seconds
[Training] Loss: 0.2010	Accuracy: 92.986
[Test] Accuracy: 85.890

Epoch 180
Learning rate 1.00000e-01
[Training] Time: 22.168 seconds
[Training] Loss: 0.2022	Accuracy: 92.924
[Test] Accuracy: 88.620

Epoch 181
Learning rate 1.00000e-01
[Training] Time: 22.236 seconds
[Training] Loss: 0.2056	Accuracy: 92.624
[Test] Accuracy: 87.970

Epoch 182
Learning rate 1.00000e-01
[Training] Time: 22.142 seconds
[Training] Loss: 0.2018	Accuracy: 92.908
[Test] Accuracy: 84.390

Epoch 183
Learning rate 1.00000e-01
[Training] Time: 21.984 seconds
[Training] Loss: 0.2031	Accuracy: 92.816
[Test] Accuracy: 85.920

Epoch 184
Learning rate 1.00000e-01
[Training] Time: 22.146 seconds
[Training] Loss: 0.2025	Accuracy: 92.844
[Test] Accuracy: 85.790

Epoch 185
Learning rate 1.00000e-01
[Training] Time: 22.165 seconds
[Training] Loss: 0.1969	Accuracy: 93.034
[Test] Accuracy: 86.440

Epoch 186
Learning rate 1.00000e-01
[Training] Time: 22.163 seconds
[Training] Loss: 0.2036	Accuracy: 92.720
[Test] Accuracy: 82.590

Epoch 187
Learning rate 1.00000e-01
[Training] Time: 21.991 seconds
[Training] Loss: 0.2013	Accuracy: 92.838
[Test] Accuracy: 87.230

Epoch 188
Learning rate 1.00000e-01
[Training] Time: 22.099 seconds
[Training] Loss: 0.1957	Accuracy: 93.100
[Test] Accuracy: 87.700

Epoch 189
Learning rate 1.00000e-01
[Training] Time: 22.230 seconds
[Training] Loss: 0.2000	Accuracy: 93.000
[Test] Accuracy: 86.490

Epoch 190
Learning rate 1.00000e-01
[Training] Time: 22.163 seconds
[Training] Loss: 0.2095	Accuracy: 92.542
[Test] Accuracy: 85.960

Epoch 191
Learning rate 1.00000e-01
[Training] Time: 21.952 seconds
[Training] Loss: 0.1997	Accuracy: 93.026
[Test] Accuracy: 88.050

Epoch 192
Learning rate 1.00000e-01
[Training] Time: 22.138 seconds
[Training] Loss: 0.1996	Accuracy: 92.988
[Test] Accuracy: 84.790

Epoch 193
Learning rate 1.00000e-01
[Training] Time: 22.195 seconds
[Training] Loss: 0.1996	Accuracy: 92.878
[Test] Accuracy: 85.190

Epoch 194
Learning rate 1.00000e-01
[Training] Time: 22.183 seconds
[Training] Loss: 0.2026	Accuracy: 92.922
[Test] Accuracy: 80.430

Epoch 195
Learning rate 1.00000e-01
[Training] Time: 22.007 seconds
[Training] Loss: 0.1951	Accuracy: 93.172
[Test] Accuracy: 84.720

Epoch 196
Learning rate 1.00000e-01
[Training] Time: 22.198 seconds
[Training] Loss: 0.1993	Accuracy: 93.010
[Test] Accuracy: 83.400

Epoch 197
Learning rate 1.00000e-01
[Training] Time: 22.199 seconds
[Training] Loss: 0.1996	Accuracy: 92.990
[Test] Accuracy: 85.540

Epoch 198
Learning rate 1.00000e-01
[Training] Time: 22.141 seconds
[Training] Loss: 0.1967	Accuracy: 93.102
[Test] Accuracy: 85.700

Epoch 199
Learning rate 1.00000e-01
[Training] Time: 22.013 seconds
[Training] Loss: 0.2018	Accuracy: 92.756
[Test] Accuracy: 85.150

Epoch 200
Learning rate 1.00000e-01
[Training] Time: 22.167 seconds
[Training] Loss: 0.2023	Accuracy: 92.890
[Test] Accuracy: 85.490

Epoch 201
Learning rate 1.00000e-01
[Training] Time: 22.192 seconds
[Training] Loss: 0.1983	Accuracy: 92.982
[Test] Accuracy: 86.370

Epoch 202
Learning rate 1.00000e-01
[Training] Time: 22.192 seconds
[Training] Loss: 0.1984	Accuracy: 92.972
[Test] Accuracy: 88.460

Epoch 203
Learning rate 1.00000e-01
[Training] Time: 22.022 seconds
[Training] Loss: 0.1988	Accuracy: 93.054
[Test] Accuracy: 85.940

Epoch 204
Learning rate 1.00000e-01
[Training] Time: 22.111 seconds
[Training] Loss: 0.1992	Accuracy: 92.994
[Test] Accuracy: 85.450

Epoch 205
Learning rate 1.00000e-01
[Training] Time: 22.188 seconds
[Training] Loss: 0.1960	Accuracy: 93.094
[Test] Accuracy: 86.650

Epoch 206
Learning rate 1.00000e-01
[Training] Time: 22.209 seconds
[Training] Loss: 0.1964	Accuracy: 93.256
[Test] Accuracy: 86.120

Epoch 207
Learning rate 1.00000e-01
[Training] Time: 22.006 seconds
[Training] Loss: 0.2022	Accuracy: 92.876
[Test] Accuracy: 87.900

Epoch 208
Learning rate 1.00000e-01
[Training] Time: 22.162 seconds
[Training] Loss: 0.1974	Accuracy: 93.014
[Test] Accuracy: 87.060

Epoch 209
Learning rate 1.00000e-01
[Training] Time: 22.168 seconds
[Training] Loss: 0.1975	Accuracy: 93.004
[Test] Accuracy: 86.690

Epoch 210
Learning rate 1.00000e-01
[Training] Time: 22.249 seconds
[Training] Loss: 0.2024	Accuracy: 92.866
[Test] Accuracy: 87.900

Epoch 211
Learning rate 1.00000e-01
[Training] Time: 22.002 seconds
[Training] Loss: 0.1950	Accuracy: 93.148
[Test] Accuracy: 87.200

Epoch 212
Learning rate 1.00000e-01
[Training] Time: 22.155 seconds
[Training] Loss: 0.1996	Accuracy: 92.930
[Test] Accuracy: 86.670

Epoch 213
Learning rate 1.00000e-01
[Training] Time: 22.147 seconds
[Training] Loss: 0.1996	Accuracy: 93.080
[Test] Accuracy: 85.960

Epoch 214
Learning rate 1.00000e-01
[Training] Time: 22.266 seconds
[Training] Loss: 0.1965	Accuracy: 93.068
[Test] Accuracy: 86.170

Epoch 215
Learning rate 1.00000e-01
[Training] Time: 22.044 seconds
[Training] Loss: 0.1972	Accuracy: 93.088
[Test] Accuracy: 87.750

Epoch 216
Learning rate 1.00000e-01
[Training] Time: 22.118 seconds
[Training] Loss: 0.1954	Accuracy: 93.180
[Test] Accuracy: 88.210

Epoch 217
Learning rate 1.00000e-01
[Training] Time: 22.239 seconds
[Training] Loss: 0.1967	Accuracy: 93.054
[Test] Accuracy: 85.760

Epoch 218
Learning rate 1.00000e-01
[Training] Time: 22.204 seconds
[Training] Loss: 0.1964	Accuracy: 93.094
[Test] Accuracy: 86.010

Epoch 219
Learning rate 1.00000e-01
[Training] Time: 21.970 seconds
[Training] Loss: 0.1951	Accuracy: 93.102
[Test] Accuracy: 86.040

Epoch 220
Learning rate 1.00000e-01
[Training] Time: 22.154 seconds
[Training] Loss: 0.1981	Accuracy: 92.950
[Test] Accuracy: 86.600

Epoch 221
Learning rate 1.00000e-01
[Training] Time: 22.127 seconds
[Training] Loss: 0.1972	Accuracy: 93.080
[Test] Accuracy: 88.440

Epoch 222
Learning rate 1.00000e-01
[Training] Time: 22.233 seconds
[Training] Loss: 0.1989	Accuracy: 93.092
[Test] Accuracy: 85.830

Epoch 223
Learning rate 1.00000e-01
[Training] Time: 21.994 seconds
[Training] Loss: 0.1928	Accuracy: 93.142
[Test] Accuracy: 86.910

Epoch 224
Learning rate 1.00000e-01
[Training] Time: 22.131 seconds
[Training] Loss: 0.1959	Accuracy: 93.136
[Test] Accuracy: 85.510

Epoch 225
Learning rate 1.00000e-01
[Training] Time: 22.230 seconds
[Training] Loss: 0.1997	Accuracy: 92.900
[Test] Accuracy: 87.250

Epoch 226
Learning rate 1.00000e-01
[Training] Time: 22.278 seconds
[Training] Loss: 0.1987	Accuracy: 92.988
[Test] Accuracy: 86.600

Epoch 227
Learning rate 1.00000e-01
[Training] Time: 22.009 seconds
[Training] Loss: 0.2019	Accuracy: 92.936
[Test] Accuracy: 85.700

Epoch 228
Learning rate 1.00000e-01
[Training] Time: 22.166 seconds
[Training] Loss: 0.2003	Accuracy: 93.080
[Test] Accuracy: 87.690

Epoch 229
Learning rate 1.00000e-01
[Training] Time: 22.209 seconds
[Training] Loss: 0.1950	Accuracy: 93.156
[Test] Accuracy: 85.190

Epoch 230
Learning rate 1.00000e-01
[Training] Time: 22.256 seconds
[Training] Loss: 0.1937	Accuracy: 93.258
[Test] Accuracy: 86.640

Epoch 231
Learning rate 1.00000e-01
[Training] Time: 21.986 seconds
[Training] Loss: 0.1995	Accuracy: 93.034
[Test] Accuracy: 87.030

Epoch 232
Learning rate 1.00000e-02
[Training] Time: 22.109 seconds
[Training] Loss: 0.1166	Accuracy: 96.002
[Test] Accuracy: 91.640

Epoch 233
Learning rate 1.00000e-02
[Training] Time: 22.179 seconds
[Training] Loss: 0.0889	Accuracy: 97.044
[Test] Accuracy: 91.820

Epoch 234
Learning rate 1.00000e-02
[Training] Time: 22.250 seconds
[Training] Loss: 0.0788	Accuracy: 97.418
[Test] Accuracy: 92.060

Epoch 235
Learning rate 1.00000e-02
[Training] Time: 21.988 seconds
[Training] Loss: 0.0714	Accuracy: 97.802
[Test] Accuracy: 91.950

Epoch 236
Learning rate 1.00000e-02
[Training] Time: 22.098 seconds
[Training] Loss: 0.0689	Accuracy: 97.704
[Test] Accuracy: 92.080

Epoch 237
Learning rate 1.00000e-02
[Training] Time: 22.191 seconds
[Training] Loss: 0.0624	Accuracy: 97.976
[Test] Accuracy: 91.970

Epoch 238
Learning rate 1.00000e-02
[Training] Time: 22.257 seconds
[Training] Loss: 0.0599	Accuracy: 98.046
[Test] Accuracy: 91.930

Epoch 239
Learning rate 1.00000e-02
[Training] Time: 22.006 seconds
[Training] Loss: 0.0573	Accuracy: 98.082
[Test] Accuracy: 92.050

Epoch 240
Learning rate 1.00000e-02
[Training] Time: 22.132 seconds
[Training] Loss: 0.0545	Accuracy: 98.170
[Test] Accuracy: 92.080

Epoch 241
Learning rate 1.00000e-02
[Training] Time: 22.196 seconds
[Training] Loss: 0.0513	Accuracy: 98.420
[Test] Accuracy: 92.070

Epoch 242
Learning rate 1.00000e-02
[Training] Time: 22.292 seconds
[Training] Loss: 0.0522	Accuracy: 98.296
[Test] Accuracy: 91.960

Epoch 243
Learning rate 1.00000e-02
[Training] Time: 22.053 seconds
[Training] Loss: 0.0475	Accuracy: 98.452
[Test] Accuracy: 91.950

Epoch 244
Learning rate 1.00000e-02
[Training] Time: 22.218 seconds
[Training] Loss: 0.0448	Accuracy: 98.580
[Test] Accuracy: 92.130

Epoch 245
Learning rate 1.00000e-02
[Training] Time: 22.206 seconds
[Training] Loss: 0.0453	Accuracy: 98.544
[Test] Accuracy: 91.920

Epoch 246
Learning rate 1.00000e-02
[Training] Time: 22.220 seconds
[Training] Loss: 0.0435	Accuracy: 98.610
[Test] Accuracy: 91.950

Epoch 247
Learning rate 1.00000e-02
[Training] Time: 21.989 seconds
[Training] Loss: 0.0417	Accuracy: 98.678
[Test] Accuracy: 91.920

Epoch 248
Learning rate 1.00000e-02
[Training] Time: 22.197 seconds
[Training] Loss: 0.0417	Accuracy: 98.620
[Test] Accuracy: 91.920

Epoch 249
Learning rate 1.00000e-02
[Training] Time: 22.229 seconds
[Training] Loss: 0.0389	Accuracy: 98.790
[Test] Accuracy: 91.980

Epoch 250
Learning rate 1.00000e-02
[Training] Time: 22.226 seconds
[Training] Loss: 0.0393	Accuracy: 98.740
[Test] Accuracy: 92.240

Epoch 251
Learning rate 1.00000e-02
[Training] Time: 22.028 seconds
[Training] Loss: 0.0367	Accuracy: 98.872
[Test] Accuracy: 92.130

Epoch 252
Learning rate 1.00000e-02
[Training] Time: 22.141 seconds
[Training] Loss: 0.0366	Accuracy: 98.872
[Test] Accuracy: 92.110

Epoch 253
Learning rate 1.00000e-02
[Training] Time: 22.187 seconds
[Training] Loss: 0.0363	Accuracy: 98.870
[Test] Accuracy: 91.930

Epoch 254
Learning rate 1.00000e-02
[Training] Time: 22.212 seconds
[Training] Loss: 0.0340	Accuracy: 98.964
[Test] Accuracy: 92.210

Epoch 255
Learning rate 1.00000e-02
[Training] Time: 22.036 seconds
[Training] Loss: 0.0335	Accuracy: 98.896
[Test] Accuracy: 92.120

Epoch 256
Learning rate 1.00000e-02
[Training] Time: 22.156 seconds
[Training] Loss: 0.0330	Accuracy: 98.966
[Test] Accuracy: 92.320

Epoch 257
Learning rate 1.00000e-02
[Training] Time: 22.206 seconds
[Training] Loss: 0.0317	Accuracy: 99.066
[Test] Accuracy: 92.200

Epoch 258
Learning rate 1.00000e-02
[Training] Time: 22.229 seconds
[Training] Loss: 0.0312	Accuracy: 99.052
[Test] Accuracy: 91.830

Epoch 259
Learning rate 1.00000e-02
[Training] Time: 21.985 seconds
[Training] Loss: 0.0311	Accuracy: 99.066
[Test] Accuracy: 92.080

Epoch 260
Learning rate 1.00000e-02
[Training] Time: 22.204 seconds
[Training] Loss: 0.0307	Accuracy: 99.022
[Test] Accuracy: 92.230

Epoch 261
Learning rate 1.00000e-02
[Training] Time: 22.198 seconds
[Training] Loss: 0.0283	Accuracy: 99.140
[Test] Accuracy: 92.030

Epoch 262
Learning rate 1.00000e-02
[Training] Time: 22.219 seconds
[Training] Loss: 0.0291	Accuracy: 99.082
[Test] Accuracy: 91.930

Epoch 263
Learning rate 1.00000e-02
[Training] Time: 21.934 seconds
[Training] Loss: 0.0282	Accuracy: 99.148
[Test] Accuracy: 92.130

Epoch 264
Learning rate 1.00000e-02
[Training] Time: 22.088 seconds
[Training] Loss: 0.0276	Accuracy: 99.162
[Test] Accuracy: 91.940

Epoch 265
Learning rate 1.00000e-02
[Training] Time: 22.160 seconds
[Training] Loss: 0.0278	Accuracy: 99.138
[Test] Accuracy: 92.010

Epoch 266
Learning rate 1.00000e-02
[Training] Time: 22.151 seconds
[Training] Loss: 0.0276	Accuracy: 99.164
[Test] Accuracy: 91.980

Epoch 267
Learning rate 1.00000e-02
[Training] Time: 22.026 seconds
[Training] Loss: 0.0260	Accuracy: 99.218
[Test] Accuracy: 92.170

Epoch 268
Learning rate 1.00000e-02
[Training] Time: 22.165 seconds
[Training] Loss: 0.0264	Accuracy: 99.178
[Test] Accuracy: 92.370

Epoch 269
Learning rate 1.00000e-02
[Training] Time: 22.170 seconds
[Training] Loss: 0.0238	Accuracy: 99.268
[Test] Accuracy: 92.280

Epoch 270
Learning rate 1.00000e-02
[Training] Time: 22.217 seconds
[Training] Loss: 0.0253	Accuracy: 99.240
[Test] Accuracy: 91.990

Epoch 271
Learning rate 1.00000e-02
[Training] Time: 22.041 seconds
[Training] Loss: 0.0253	Accuracy: 99.202
[Test] Accuracy: 92.180

Epoch 272
Learning rate 1.00000e-02
[Training] Time: 22.174 seconds
[Training] Loss: 0.0257	Accuracy: 99.204
[Test] Accuracy: 92.050

Epoch 273
Learning rate 1.00000e-02
[Training] Time: 22.282 seconds
[Training] Loss: 0.0243	Accuracy: 99.242
[Test] Accuracy: 92.030

Epoch 274
Learning rate 1.00000e-02
[Training] Time: 22.216 seconds
[Training] Loss: 0.0249	Accuracy: 99.254
[Test] Accuracy: 92.120

Epoch 275
Learning rate 1.00000e-02
[Training] Time: 22.018 seconds
[Training] Loss: 0.0234	Accuracy: 99.298
[Test] Accuracy: 91.800

Epoch 276
Learning rate 1.00000e-02
[Training] Time: 22.218 seconds
[Training] Loss: 0.0236	Accuracy: 99.280
[Test] Accuracy: 92.080

Epoch 277
Learning rate 1.00000e-02
[Training] Time: 22.155 seconds
[Training] Loss: 0.0220	Accuracy: 99.386
[Test] Accuracy: 92.090

Epoch 278
Learning rate 1.00000e-02
[Training] Time: 22.206 seconds
[Training] Loss: 0.0236	Accuracy: 99.294
[Test] Accuracy: 91.840

Epoch 279
Learning rate 1.00000e-02
[Training] Time: 21.997 seconds
[Training] Loss: 0.0220	Accuracy: 99.350
[Test] Accuracy: 92.140

Epoch 280
Learning rate 1.00000e-02
[Training] Time: 22.195 seconds
[Training] Loss: 0.0239	Accuracy: 99.264
[Test] Accuracy: 92.230

Epoch 281
Learning rate 1.00000e-02
[Training] Time: 22.221 seconds
[Training] Loss: 0.0223	Accuracy: 99.322
[Test] Accuracy: 92.250

Epoch 282
Learning rate 1.00000e-02
[Training] Time: 22.187 seconds
[Training] Loss: 0.0222	Accuracy: 99.324
[Test] Accuracy: 91.840

Epoch 283
Learning rate 1.00000e-02
[Training] Time: 21.925 seconds
[Training] Loss: 0.0223	Accuracy: 99.310
[Test] Accuracy: 92.200

Epoch 284
Learning rate 1.00000e-02
[Training] Time: 22.172 seconds
[Training] Loss: 0.0210	Accuracy: 99.372
[Test] Accuracy: 92.030

Epoch 285
Learning rate 1.00000e-02
[Training] Time: 22.167 seconds
[Training] Loss: 0.0210	Accuracy: 99.346
[Test] Accuracy: 92.350

Epoch 286
Learning rate 1.00000e-02
[Training] Time: 22.196 seconds
[Training] Loss: 0.0215	Accuracy: 99.340
[Test] Accuracy: 92.210

Epoch 287
Learning rate 1.00000e-02
[Training] Time: 22.012 seconds
[Training] Loss: 0.0209	Accuracy: 99.352
[Test] Accuracy: 92.140

Epoch 288
Learning rate 1.00000e-02
[Training] Time: 22.179 seconds
[Training] Loss: 0.0209	Accuracy: 99.374
[Test] Accuracy: 92.210

Epoch 289
Learning rate 1.00000e-02
[Training] Time: 22.203 seconds
[Training] Loss: 0.0189	Accuracy: 99.442
[Test] Accuracy: 92.170

Epoch 290
Learning rate 1.00000e-02
[Training] Time: 22.249 seconds
[Training] Loss: 0.0202	Accuracy: 99.406
[Test] Accuracy: 91.940

Epoch 291
Learning rate 1.00000e-02
[Training] Time: 22.000 seconds
[Training] Loss: 0.0194	Accuracy: 99.446
[Test] Accuracy: 91.890

Epoch 292
Learning rate 1.00000e-02
[Training] Time: 22.181 seconds
[Training] Loss: 0.0203	Accuracy: 99.344
[Test] Accuracy: 91.860

Epoch 293
Learning rate 1.00000e-02
[Training] Time: 22.146 seconds
[Training] Loss: 0.0212	Accuracy: 99.346
[Test] Accuracy: 92.050

Epoch 294
Learning rate 1.00000e-02
[Training] Time: 22.211 seconds
[Training] Loss: 0.0198	Accuracy: 99.434
[Test] Accuracy: 92.070

Epoch 295
Learning rate 1.00000e-02
[Training] Time: 21.944 seconds
[Training] Loss: 0.0212	Accuracy: 99.368
[Test] Accuracy: 91.950

Epoch 296
Learning rate 1.00000e-02
[Training] Time: 22.215 seconds
[Training] Loss: 0.0190	Accuracy: 99.458
[Test] Accuracy: 91.930

Epoch 297
Learning rate 1.00000e-02
[Training] Time: 22.149 seconds
[Training] Loss: 0.0201	Accuracy: 99.412
[Test] Accuracy: 92.090

Epoch 298
Learning rate 1.00000e-02
[Training] Time: 22.108 seconds
[Training] Loss: 0.0192	Accuracy: 99.436
[Test] Accuracy: 92.100

Epoch 299
Learning rate 1.00000e-02
[Training] Time: 22.064 seconds
[Training] Loss: 0.0190	Accuracy: 99.456
[Test] Accuracy: 91.950

Epoch 300
Learning rate 1.00000e-02
[Training] Time: 22.215 seconds
[Training] Loss: 0.0187	Accuracy: 99.496
[Test] Accuracy: 92.050

Epoch 301
Learning rate 1.00000e-02
[Training] Time: 22.251 seconds
[Training] Loss: 0.0196	Accuracy: 99.426
[Test] Accuracy: 92.050

Epoch 302
Learning rate 1.00000e-02
[Training] Time: 22.244 seconds
[Training] Loss: 0.0204	Accuracy: 99.388
[Test] Accuracy: 92.110

Epoch 303
Learning rate 1.00000e-02
[Training] Time: 22.011 seconds
[Training] Loss: 0.0189	Accuracy: 99.460
[Test] Accuracy: 92.030

Epoch 304
Learning rate 1.00000e-02
[Training] Time: 22.176 seconds
[Training] Loss: 0.0189	Accuracy: 99.422
[Test] Accuracy: 92.290

Epoch 305
Learning rate 1.00000e-02
[Training] Time: 22.222 seconds
[Training] Loss: 0.0196	Accuracy: 99.380
[Test] Accuracy: 91.990

Epoch 306
Learning rate 1.00000e-02
[Training] Time: 22.246 seconds
[Training] Loss: 0.0178	Accuracy: 99.532
[Test] Accuracy: 92.160

Epoch 307
Learning rate 1.00000e-02
[Training] Time: 22.046 seconds
[Training] Loss: 0.0172	Accuracy: 99.492
[Test] Accuracy: 91.910

Epoch 308
Learning rate 1.00000e-02
[Training] Time: 22.168 seconds
[Training] Loss: 0.0192	Accuracy: 99.392
[Test] Accuracy: 91.940

Epoch 309
Learning rate 1.00000e-02
[Training] Time: 22.204 seconds
[Training] Loss: 0.0179	Accuracy: 99.470
[Test] Accuracy: 92.250

Epoch 310
Learning rate 1.00000e-02
[Training] Time: 22.265 seconds
[Training] Loss: 0.0177	Accuracy: 99.488
[Test] Accuracy: 91.880

Epoch 311
Learning rate 1.00000e-02
[Training] Time: 22.006 seconds
[Training] Loss: 0.0183	Accuracy: 99.450
[Test] Accuracy: 91.930

Epoch 312
Learning rate 1.00000e-02
[Training] Time: 22.140 seconds
[Training] Loss: 0.0172	Accuracy: 99.534
[Test] Accuracy: 92.190

Epoch 313
Learning rate 1.00000e-02
[Training] Time: 22.220 seconds
[Training] Loss: 0.0183	Accuracy: 99.446
[Test] Accuracy: 91.990

Epoch 314
Learning rate 1.00000e-02
[Training] Time: 22.247 seconds
[Training] Loss: 0.0176	Accuracy: 99.472
[Test] Accuracy: 92.040

Epoch 315
Learning rate 1.00000e-02
[Training] Time: 22.018 seconds
[Training] Loss: 0.0180	Accuracy: 99.440
[Test] Accuracy: 92.050

Epoch 316
Learning rate 1.00000e-02
[Training] Time: 22.115 seconds
[Training] Loss: 0.0178	Accuracy: 99.494
[Test] Accuracy: 92.080

Epoch 317
Learning rate 1.00000e-02
[Training] Time: 22.195 seconds
[Training] Loss: 0.0176	Accuracy: 99.468
[Test] Accuracy: 91.870

Epoch 318
Learning rate 1.00000e-02
[Training] Time: 22.188 seconds
[Training] Loss: 0.0173	Accuracy: 99.532
[Test] Accuracy: 91.990

Epoch 319
Learning rate 1.00000e-02
[Training] Time: 22.039 seconds
[Training] Loss: 0.0177	Accuracy: 99.482
[Test] Accuracy: 92.070

Epoch 320
Learning rate 1.00000e-03
[Training] Time: 22.122 seconds
[Training] Loss: 0.0146	Accuracy: 99.586
[Test] Accuracy: 92.190

Epoch 321
Learning rate 1.00000e-03
[Training] Time: 22.225 seconds
[Training] Loss: 0.0129	Accuracy: 99.674
[Test] Accuracy: 92.260

Epoch 322
Learning rate 1.00000e-03
[Training] Time: 22.239 seconds
[Training] Loss: 0.0122	Accuracy: 99.674
[Test] Accuracy: 92.200

Epoch 323
Learning rate 1.00000e-03
[Training] Time: 22.018 seconds
[Training] Loss: 0.0120	Accuracy: 99.686
[Test] Accuracy: 92.160

Epoch 324
Learning rate 1.00000e-03
[Training] Time: 22.213 seconds
[Training] Loss: 0.0113	Accuracy: 99.718
[Test] Accuracy: 92.060

Epoch 325
Learning rate 1.00000e-03
[Training] Time: 22.228 seconds
[Training] Loss: 0.0109	Accuracy: 99.736
[Test] Accuracy: 92.160

Epoch 326
Learning rate 1.00000e-03
[Training] Time: 22.189 seconds
[Training] Loss: 0.0105	Accuracy: 99.774
[Test] Accuracy: 92.230

Epoch 327
Learning rate 1.00000e-03
[Training] Time: 22.026 seconds
[Training] Loss: 0.0103	Accuracy: 99.798
[Test] Accuracy: 92.160

Epoch 328
Learning rate 1.00000e-03
[Training] Time: 22.203 seconds
[Training] Loss: 0.0109	Accuracy: 99.738
[Test] Accuracy: 92.220

Epoch 329
Learning rate 1.00000e-03
[Training] Time: 22.208 seconds
[Training] Loss: 0.0104	Accuracy: 99.740
[Test] Accuracy: 92.210

Epoch 330
Learning rate 1.00000e-03
[Training] Time: 22.128 seconds
[Training] Loss: 0.0103	Accuracy: 99.778
[Test] Accuracy: 92.200

Epoch 331
Learning rate 1.00000e-03
[Training] Time: 22.016 seconds
[Training] Loss: 0.0105	Accuracy: 99.758
[Test] Accuracy: 92.230

Epoch 332
Learning rate 1.00000e-03
[Training] Time: 22.207 seconds
[Training] Loss: 0.0101	Accuracy: 99.792
[Test] Accuracy: 92.190

Epoch 333
Learning rate 1.00000e-03
[Training] Time: 22.244 seconds
[Training] Loss: 0.0102	Accuracy: 99.768
[Test] Accuracy: 92.240

Epoch 334
Learning rate 1.00000e-03
[Training] Time: 22.195 seconds
[Training] Loss: 0.0102	Accuracy: 99.784
[Test] Accuracy: 92.330

Epoch 335
Learning rate 1.00000e-03
[Training] Time: 22.018 seconds
[Training] Loss: 0.0098	Accuracy: 99.770
[Test] Accuracy: 92.300

Epoch 336
Learning rate 1.00000e-03
[Training] Time: 22.211 seconds
[Training] Loss: 0.0091	Accuracy: 99.832
[Test] Accuracy: 92.400

Epoch 337
Learning rate 1.00000e-03
[Training] Time: 22.221 seconds
[Training] Loss: 0.0096	Accuracy: 99.814
[Test] Accuracy: 92.330

Epoch 338
Learning rate 1.00000e-03
[Training] Time: 22.205 seconds
[Training] Loss: 0.0097	Accuracy: 99.784
[Test] Accuracy: 92.270

Epoch 339
Learning rate 1.00000e-03
[Training] Time: 21.976 seconds
[Training] Loss: 0.0091	Accuracy: 99.818
[Test] Accuracy: 92.360

Epoch 340
Learning rate 1.00000e-03
[Training] Time: 22.159 seconds
[Training] Loss: 0.0088	Accuracy: 99.824
[Test] Accuracy: 92.150

Epoch 341
Learning rate 1.00000e-03
[Training] Time: 22.202 seconds
[Training] Loss: 0.0102	Accuracy: 99.742
[Test] Accuracy: 92.120

Epoch 342
Learning rate 1.00000e-03
[Training] Time: 22.294 seconds
[Training] Loss: 0.0093	Accuracy: 99.808
[Test] Accuracy: 92.250

Epoch 343
Learning rate 1.00000e-03
[Training] Time: 22.013 seconds
[Training] Loss: 0.0093	Accuracy: 99.806
[Test] Accuracy: 92.280

Epoch 344
Learning rate 1.00000e-03
[Training] Time: 22.159 seconds
[Training] Loss: 0.0090	Accuracy: 99.822
[Test] Accuracy: 92.300

Epoch 345
Learning rate 1.00000e-03
[Training] Time: 22.214 seconds
[Training] Loss: 0.0093	Accuracy: 99.780
[Test] Accuracy: 92.220

Epoch 346
Learning rate 1.00000e-03
[Training] Time: 22.192 seconds
[Training] Loss: 0.0083	Accuracy: 99.836
[Test] Accuracy: 92.360

Epoch 347
Learning rate 1.00000e-03
[Training] Time: 21.983 seconds
[Training] Loss: 0.0091	Accuracy: 99.814
[Test] Accuracy: 92.320

Epoch 348
Learning rate 1.00000e-03
[Training] Time: 22.200 seconds
[Training] Loss: 0.0089	Accuracy: 99.830
[Test] Accuracy: 92.280

Epoch 349
Learning rate 1.00000e-03
[Training] Time: 22.225 seconds
[Training] Loss: 0.0087	Accuracy: 99.834
[Test] Accuracy: 92.220

Epoch 350
Learning rate 1.00000e-03
[Training] Time: 22.246 seconds
[Training] Loss: 0.0086	Accuracy: 99.818
[Test] Accuracy: 92.280

Epoch 351
Learning rate 1.00000e-03
[Training] Time: 22.044 seconds
[Training] Loss: 0.0089	Accuracy: 99.824
[Test] Accuracy: 92.170

Epoch 352
Learning rate 1.00000e-03
[Training] Time: 22.164 seconds
[Training] Loss: 0.0083	Accuracy: 99.832
[Test] Accuracy: 92.250

Epoch 353
Learning rate 1.00000e-03
[Training] Time: 22.193 seconds
[Training] Loss: 0.0084	Accuracy: 99.832
[Test] Accuracy: 92.180

Epoch 354
Learning rate 1.00000e-03
[Training] Time: 22.117 seconds
[Training] Loss: 0.0086	Accuracy: 99.826
[Test] Accuracy: 92.200

Epoch 355
Learning rate 1.00000e-03
[Training] Time: 22.032 seconds
[Training] Loss: 0.0083	Accuracy: 99.850
[Test] Accuracy: 92.260

Epoch 356
Learning rate 1.00000e-03
[Training] Time: 22.234 seconds
[Training] Loss: 0.0081	Accuracy: 99.858
[Test] Accuracy: 92.210

Epoch 357
Learning rate 1.00000e-03
[Training] Time: 22.279 seconds
[Training] Loss: 0.0083	Accuracy: 99.832
[Test] Accuracy: 92.240

Epoch 358
Learning rate 1.00000e-03
[Training] Time: 22.166 seconds
[Training] Loss: 0.0084	Accuracy: 99.824
[Test] Accuracy: 92.190

Epoch 359
Learning rate 1.00000e-03
[Training] Time: 22.018 seconds
[Training] Loss: 0.0084	Accuracy: 99.830
[Test] Accuracy: 92.270

Epoch 360
Learning rate 1.00000e-03
[Training] Time: 22.182 seconds
[Training] Loss: 0.0084	Accuracy: 99.830
[Test] Accuracy: 92.210

Epoch 361
Learning rate 1.00000e-03
[Training] Time: 22.208 seconds
[Training] Loss: 0.0082	Accuracy: 99.846
[Test] Accuracy: 92.260

Epoch 362
Learning rate 1.00000e-03
[Training] Time: 22.289 seconds
[Training] Loss: 0.0080	Accuracy: 99.814
[Test] Accuracy: 92.190

Epoch 363
Learning rate 1.00000e-03
[Training] Time: 21.989 seconds
[Training] Loss: 0.0085	Accuracy: 99.798
[Test] Accuracy: 92.340

Epoch 364
Learning rate 1.00000e-03
[Training] Time: 22.239 seconds
[Training] Loss: 0.0075	Accuracy: 99.862
[Test] Accuracy: 92.360

Epoch 365
Learning rate 1.00000e-03
[Training] Time: 22.276 seconds
[Training] Loss: 0.0080	Accuracy: 99.852
[Test] Accuracy: 92.220

Epoch 366
Learning rate 1.00000e-03
[Training] Time: 22.279 seconds
[Training] Loss: 0.0079	Accuracy: 99.838
[Test] Accuracy: 92.310

Epoch 367
Learning rate 1.00000e-03
[Training] Time: 22.016 seconds
[Training] Loss: 0.0081	Accuracy: 99.854
[Test] Accuracy: 92.310

Epoch 368
Learning rate 1.00000e-03
[Training] Time: 22.199 seconds
[Training] Loss: 0.0081	Accuracy: 99.856
[Test] Accuracy: 92.240

Epoch 369
Learning rate 1.00000e-03
[Training] Time: 22.257 seconds
[Training] Loss: 0.0082	Accuracy: 99.836
[Test] Accuracy: 92.320

Epoch 370
Learning rate 1.00000e-03
[Training] Time: 22.269 seconds
[Training] Loss: 0.0077	Accuracy: 99.852
[Test] Accuracy: 92.280

Epoch 371
Learning rate 1.00000e-03
[Training] Time: 22.008 seconds
[Training] Loss: 0.0081	Accuracy: 99.846
[Test] Accuracy: 92.240

Epoch 372
Learning rate 1.00000e-03
[Training] Time: 22.220 seconds
[Training] Loss: 0.0079	Accuracy: 99.854
[Test] Accuracy: 92.140

Epoch 373
Learning rate 1.00000e-03
[Training] Time: 22.211 seconds
[Training] Loss: 0.0080	Accuracy: 99.846
[Test] Accuracy: 92.320

Epoch 374
Learning rate 1.00000e-03
[Training] Time: 22.257 seconds
[Training] Loss: 0.0076	Accuracy: 99.872
[Test] Accuracy: 92.220

Epoch 375
Learning rate 1.00000e-03
[Training] Time: 22.000 seconds
[Training] Loss: 0.0081	Accuracy: 99.838
[Test] Accuracy: 92.320

Epoch 376
Learning rate 1.00000e-03
[Training] Time: 22.175 seconds
[Training] Loss: 0.0080	Accuracy: 99.826
[Test] Accuracy: 92.260

Epoch 377
Learning rate 1.00000e-03
[Training] Time: 22.258 seconds
[Training] Loss: 0.0081	Accuracy: 99.820
[Test] Accuracy: 92.280

Epoch 378
Learning rate 1.00000e-03
[Training] Time: 22.258 seconds
[Training] Loss: 0.0083	Accuracy: 99.820
[Test] Accuracy: 92.270

Epoch 379
Learning rate 1.00000e-03
[Training] Time: 22.033 seconds
[Training] Loss: 0.0075	Accuracy: 99.856
[Test] Accuracy: 92.220

Epoch 380
Learning rate 1.00000e-03
[Training] Time: 22.129 seconds
[Training] Loss: 0.0077	Accuracy: 99.858
[Test] Accuracy: 92.320

Epoch 381
Learning rate 1.00000e-03
[Training] Time: 22.206 seconds
[Training] Loss: 0.0079	Accuracy: 99.836
[Test] Accuracy: 92.230

Epoch 382
Learning rate 1.00000e-03
[Training] Time: 22.214 seconds
[Training] Loss: 0.0084	Accuracy: 99.842
[Test] Accuracy: 92.320

Epoch 383
Learning rate 1.00000e-03
[Training] Time: 22.033 seconds
[Training] Loss: 0.0079	Accuracy: 99.842
[Test] Accuracy: 92.270

Epoch 384
Learning rate 1.00000e-03
[Training] Time: 22.188 seconds
[Training] Loss: 0.0078	Accuracy: 99.854
[Test] Accuracy: 92.300

Epoch 385
Learning rate 1.00000e-03
[Training] Time: 22.235 seconds
[Training] Loss: 0.0074	Accuracy: 99.872
[Test] Accuracy: 92.320

Epoch 386
Learning rate 1.00000e-03
[Training] Time: 22.157 seconds
[Training] Loss: 0.0070	Accuracy: 99.914
[Test] Accuracy: 92.210

Epoch 387
Learning rate 1.00000e-03
[Training] Time: 22.037 seconds
[Training] Loss: 0.0078	Accuracy: 99.838
[Test] Accuracy: 92.210

Epoch 388
Learning rate 1.00000e-04
[Training] Time: 22.223 seconds
[Training] Loss: 0.0073	Accuracy: 99.890
[Test] Accuracy: 92.260

Epoch 389
Learning rate 1.00000e-04
[Training] Time: 22.184 seconds
[Training] Loss: 0.0074	Accuracy: 99.880
[Test] Accuracy: 92.190

Epoch 390
Learning rate 1.00000e-04
[Training] Time: 22.270 seconds
[Training] Loss: 0.0081	Accuracy: 99.856
[Test] Accuracy: 92.210

Epoch 391
Learning rate 1.00000e-04
[Training] Time: 22.047 seconds
[Training] Loss: 0.0075	Accuracy: 99.874
[Test] Accuracy: 92.230

Epoch 392
Learning rate 1.00000e-04
[Training] Time: 22.189 seconds
[Training] Loss: 0.0081	Accuracy: 99.838
[Test] Accuracy: 92.260

Epoch 393
Learning rate 1.00000e-04
[Training] Time: 22.287 seconds
[Training] Loss: 0.0082	Accuracy: 99.822
[Test] Accuracy: 92.250

Epoch 394
Learning rate 1.00000e-04
[Training] Time: 22.314 seconds
[Training] Loss: 0.0073	Accuracy: 99.884
[Test] Accuracy: 92.310

Epoch 395
Learning rate 1.00000e-04
[Training] Time: 21.997 seconds
[Training] Loss: 0.0079	Accuracy: 99.828
[Test] Accuracy: 92.320

Epoch 396
Learning rate 1.00000e-04
[Training] Time: 22.167 seconds
[Training] Loss: 0.0070	Accuracy: 99.884
[Test] Accuracy: 92.290

Epoch 397
Learning rate 1.00000e-04
[Training] Time: 22.257 seconds
[Training] Loss: 0.0083	Accuracy: 99.822
[Test] Accuracy: 92.250

Epoch 398
Learning rate 1.00000e-04
[Training] Time: 22.158 seconds
[Training] Loss: 0.0074	Accuracy: 99.866
[Test] Accuracy: 92.230

Epoch 399
Learning rate 1.00000e-04
[Training] Time: 21.998 seconds
[Training] Loss: 0.0075	Accuracy: 99.864
[Test] Accuracy: 92.220

Epoch 400
Learning rate 1.00000e-04
[Training] Time: 22.061 seconds
[Training] Loss: 0.0078	Accuracy: 99.850
[Test] Accuracy: 92.270

Epoch 401
Learning rate 1.00000e-04
[Training] Time: 22.214 seconds
[Training] Loss: 0.0070	Accuracy: 99.910
[Test] Accuracy: 92.290

Epoch 402
Learning rate 1.00000e-04
[Training] Time: 22.304 seconds
[Training] Loss: 0.0079	Accuracy: 99.858
[Test] Accuracy: 92.350

Epoch 403
Learning rate 1.00000e-04
[Training] Time: 22.068 seconds
[Training] Loss: 0.0070	Accuracy: 99.894
[Test] Accuracy: 92.320

Epoch 404
Learning rate 1.00000e-04
[Training] Time: 22.142 seconds
[Training] Loss: 0.0072	Accuracy: 99.892
[Test] Accuracy: 92.270

Epoch 405
Learning rate 1.00000e-04
[Training] Time: 22.195 seconds
[Training] Loss: 0.0075	Accuracy: 99.844
[Test] Accuracy: 92.300

Epoch 406
Learning rate 1.00000e-04
[Training] Time: 22.232 seconds
[Training] Loss: 0.0073	Accuracy: 99.870
[Test] Accuracy: 92.190

Epoch 407
Learning rate 1.00000e-04
[Training] Time: 22.066 seconds
[Training] Loss: 0.0076	Accuracy: 99.844
[Test] Accuracy: 92.220

Epoch 408
Learning rate 1.00000e-04
[Training] Time: 22.197 seconds
[Training] Loss: 0.0079	Accuracy: 99.846
[Test] Accuracy: 92.210

Epoch 409
Learning rate 1.00000e-04
[Training] Time: 22.226 seconds
[Training] Loss: 0.0075	Accuracy: 99.850
[Test] Accuracy: 92.250

Epoch 410
Learning rate 1.00000e-04
[Training] Time: 22.277 seconds
[Training] Loss: 0.0076	Accuracy: 99.862
[Test] Accuracy: 92.270

Epoch 411
Learning rate 1.00000e-04
[Training] Time: 21.997 seconds
[Training] Loss: 0.0074	Accuracy: 99.876
[Test] Accuracy: 92.280

Epoch 412
Learning rate 1.00000e-04
[Training] Time: 22.196 seconds
[Training] Loss: 0.0075	Accuracy: 99.860
[Test] Accuracy: 92.190

Epoch 413
Learning rate 1.00000e-04
[Training] Time: 22.229 seconds
[Training] Loss: 0.0076	Accuracy: 99.868
[Test] Accuracy: 92.210

Epoch 414
Learning rate 1.00000e-04
[Training] Time: 22.182 seconds
[Training] Loss: 0.0079	Accuracy: 99.836
[Test] Accuracy: 92.270

Epoch 415
Learning rate 1.00000e-04
[Training] Time: 22.030 seconds
[Training] Loss: 0.0074	Accuracy: 99.882
[Test] Accuracy: 92.220

Epoch 416
Learning rate 1.00000e-04
[Training] Time: 22.170 seconds
[Training] Loss: 0.0071	Accuracy: 99.898
[Test] Accuracy: 92.260

Epoch 417
Learning rate 1.00000e-04
[Training] Time: 22.205 seconds
[Training] Loss: 0.0073	Accuracy: 99.894
[Test] Accuracy: 92.200

Epoch 418
Learning rate 1.00000e-04
[Training] Time: 22.234 seconds
[Training] Loss: 0.0076	Accuracy: 99.846
[Test] Accuracy: 92.290

Epoch 419
Learning rate 1.00000e-04
[Training] Time: 22.032 seconds
[Training] Loss: 0.0073	Accuracy: 99.876
[Test] Accuracy: 92.270

Epoch 420
Learning rate 1.00000e-04
[Training] Time: 22.179 seconds
[Training] Loss: 0.0078	Accuracy: 99.842
[Test] Accuracy: 92.230

Epoch 421
Learning rate 1.00000e-04
[Training] Time: 22.201 seconds
[Training] Loss: 0.0071	Accuracy: 99.872
[Test] Accuracy: 92.270

Epoch 422
Learning rate 1.00000e-04
[Training] Time: 22.127 seconds
[Training] Loss: 0.0071	Accuracy: 99.862
[Test] Accuracy: 92.290

Epoch 423
Learning rate 1.00000e-04
[Training] Time: 22.057 seconds
[Training] Loss: 0.0073	Accuracy: 99.856
[Test] Accuracy: 92.170

Epoch 424
Learning rate 1.00000e-04
[Training] Time: 22.161 seconds
[Training] Loss: 0.0070	Accuracy: 99.886
[Test] Accuracy: 92.240

Epoch 425
Learning rate 1.00000e-04
[Training] Time: 22.204 seconds
[Training] Loss: 0.0076	Accuracy: 99.852
[Test] Accuracy: 92.350

Epoch 426
Learning rate 1.00000e-04
[Training] Time: 22.227 seconds
[Training] Loss: 0.0069	Accuracy: 99.898
[Test] Accuracy: 92.270

Epoch 427
Learning rate 1.00000e-04
[Training] Time: 22.052 seconds
[Training] Loss: 0.0082	Accuracy: 99.838
[Test] Accuracy: 92.260

Epoch 428
Learning rate 1.00000e-04
[Training] Time: 22.112 seconds
[Training] Loss: 0.0080	Accuracy: 99.852
[Test] Accuracy: 92.300

Epoch 429
Learning rate 1.00000e-04
[Training] Time: 22.199 seconds
[Training] Loss: 0.0078	Accuracy: 99.840
[Test] Accuracy: 92.250

Epoch 430
Learning rate 1.00000e-04
[Training] Time: 22.261 seconds
[Training] Loss: 0.0071	Accuracy: 99.894
[Test] Accuracy: 92.290

Epoch 431
Learning rate 1.00000e-04
[Training] Time: 22.036 seconds
[Training] Loss: 0.0073	Accuracy: 99.860
[Test] Accuracy: 92.230

Epoch 432
Learning rate 1.00000e-04
[Training] Time: 22.154 seconds
[Training] Loss: 0.0070	Accuracy: 99.868
[Test] Accuracy: 92.240

Epoch 433
Learning rate 1.00000e-04
[Training] Time: 22.197 seconds
[Training] Loss: 0.0077	Accuracy: 99.834
[Test] Accuracy: 92.310

Epoch 434
Learning rate 1.00000e-04
[Training] Time: 22.229 seconds
[Training] Loss: 0.0076	Accuracy: 99.866
[Test] Accuracy: 92.210

Epoch 435
Learning rate 1.00000e-04
[Training] Time: 21.975 seconds
[Training] Loss: 0.0073	Accuracy: 99.862
[Test] Accuracy: 92.210

Epoch 436
Learning rate 1.00000e-04
[Training] Time: 22.115 seconds
[Training] Loss: 0.0069	Accuracy: 99.884
[Test] Accuracy: 92.280

Epoch 437
Learning rate 1.00000e-04
[Training] Time: 22.070 seconds
[Training] Loss: 0.0075	Accuracy: 99.870
[Test] Accuracy: 92.250

Epoch 438
Learning rate 1.00000e-04
[Training] Time: 22.142 seconds
[Training] Loss: 0.0071	Accuracy: 99.882
[Test] Accuracy: 92.340

Epoch 439
Learning rate 1.00000e-05
[Training] Time: 21.937 seconds
[Training] Loss: 0.0069	Accuracy: 99.894
[Test] Accuracy: 92.250

Epoch 440
Learning rate 1.00000e-05
[Training] Time: 22.083 seconds
[Training] Loss: 0.0078	Accuracy: 99.832
[Test] Accuracy: 92.280

Epoch 441
Learning rate 1.00000e-05
[Training] Time: 22.099 seconds
[Training] Loss: 0.0072	Accuracy: 99.868
[Test] Accuracy: 92.210

Epoch 442
Learning rate 1.00000e-05
[Training] Time: 22.130 seconds
[Training] Loss: 0.0073	Accuracy: 99.860
[Test] Accuracy: 92.260

Epoch 443
Learning rate 1.00000e-05
[Training] Time: 21.944 seconds
[Training] Loss: 0.0072	Accuracy: 99.864
[Test] Accuracy: 92.210

Epoch 444
Learning rate 1.00000e-05
[Training] Time: 22.068 seconds
[Training] Loss: 0.0076	Accuracy: 99.878
[Test] Accuracy: 92.290

Epoch 445
Learning rate 1.00000e-05
[Training] Time: 22.053 seconds
[Training] Loss: 0.0073	Accuracy: 99.854
[Test] Accuracy: 92.310

Epoch 446
Learning rate 1.00000e-05
[Training] Time: 22.083 seconds
[Training] Loss: 0.0072	Accuracy: 99.876
[Test] Accuracy: 92.320

Epoch 447
Learning rate 1.00000e-05
[Training] Time: 21.922 seconds
[Training] Loss: 0.0072	Accuracy: 99.886
[Test] Accuracy: 92.140

Epoch 448
Learning rate 1.00000e-05
[Training] Time: 22.080 seconds
[Training] Loss: 0.0076	Accuracy: 99.862
[Test] Accuracy: 92.200

Epoch 449
Learning rate 1.00000e-05
[Training] Time: 22.130 seconds
[Training] Loss: 0.0074	Accuracy: 99.868
[Test] Accuracy: 92.220

Epoch 450
Learning rate 1.00000e-05
[Training] Time: 22.055 seconds
[Training] Loss: 0.0068	Accuracy: 99.864
[Test] Accuracy: 92.240

Epoch 451
Learning rate 1.00000e-05
[Training] Time: 21.969 seconds
[Training] Loss: 0.0075	Accuracy: 99.858
[Test] Accuracy: 92.160

Epoch 452
Learning rate 1.00000e-05
[Training] Time: 22.067 seconds
[Training] Loss: 0.0074	Accuracy: 99.848
[Test] Accuracy: 92.220

Epoch 453
Learning rate 1.00000e-05
[Training] Time: 22.041 seconds
[Training] Loss: 0.0075	Accuracy: 99.842
[Test] Accuracy: 92.300

Epoch 454
Learning rate 1.00000e-05
[Training] Time: 22.182 seconds
[Training] Loss: 0.0072	Accuracy: 99.862
[Test] Accuracy: 92.130

Epoch 455
Learning rate 1.00000e-05
[Training] Time: 21.936 seconds
[Training] Loss: 0.0067	Accuracy: 99.888
[Test] Accuracy: 92.280

Epoch 456
Learning rate 1.00000e-05
[Training] Time: 22.023 seconds
[Training] Loss: 0.0071	Accuracy: 99.872
[Test] Accuracy: 92.260

Epoch 457
Learning rate 1.00000e-05
[Training] Time: 22.092 seconds
[Training] Loss: 0.0075	Accuracy: 99.842
[Test] Accuracy: 92.260

Epoch 458
Learning rate 1.00000e-05
[Training] Time: 22.127 seconds
[Training] Loss: 0.0068	Accuracy: 99.896
[Test] Accuracy: 92.300

Epoch 459
Learning rate 1.00000e-05
[Training] Time: 21.947 seconds
[Training] Loss: 0.0071	Accuracy: 99.896
[Test] Accuracy: 92.290

Epoch 460
Learning rate 1.00000e-05
[Training] Time: 22.109 seconds
[Training] Loss: 0.0079	Accuracy: 99.846
[Test] Accuracy: 92.310

Epoch 461
Learning rate 1.00000e-05
[Training] Time: 22.106 seconds
[Training] Loss: 0.0078	Accuracy: 99.854
[Test] Accuracy: 92.230

Epoch 462
Learning rate 1.00000e-05
[Training] Time: 22.162 seconds
[Training] Loss: 0.0070	Accuracy: 99.894
[Test] Accuracy: 92.330

Epoch 463
Learning rate 1.00000e-05
[Training] Time: 22.003 seconds
[Training] Loss: 0.0072	Accuracy: 99.882
[Test] Accuracy: 92.180

Epoch 464
Learning rate 1.00000e-05
[Training] Time: 22.067 seconds
[Training] Loss: 0.0069	Accuracy: 99.890
[Test] Accuracy: 92.170

Epoch 465
Learning rate 1.00000e-05
[Training] Time: 22.064 seconds
[Training] Loss: 0.0074	Accuracy: 99.876
[Test] Accuracy: 92.280

Epoch 466
Learning rate 1.00000e-05
[Training] Time: 22.082 seconds
[Training] Loss: 0.0070	Accuracy: 99.878
[Test] Accuracy: 92.350

Epoch 467
Learning rate 1.00000e-05
[Training] Time: 21.961 seconds
[Training] Loss: 0.0069	Accuracy: 99.878
[Test] Accuracy: 92.240

Epoch 468
Learning rate 1.00000e-05
[Training] Time: 22.087 seconds
[Training] Loss: 0.0072	Accuracy: 99.876
[Test] Accuracy: 92.270

Epoch 469
Learning rate 1.00000e-05
[Training] Time: 22.121 seconds
[Training] Loss: 0.0070	Accuracy: 99.888
[Test] Accuracy: 92.400

Epoch 470
Learning rate 1.00000e-05
[Training] Time: 22.061 seconds
[Training] Loss: 0.0077	Accuracy: 99.844
[Test] Accuracy: 92.120

Epoch 471
Learning rate 1.00000e-05
[Training] Time: 21.939 seconds
[Training] Loss: 0.0072	Accuracy: 99.852
[Test] Accuracy: 92.300

Epoch 472
Learning rate 1.00000e-05
[Training] Time: 22.129 seconds
[Training] Loss: 0.0076	Accuracy: 99.856
[Test] Accuracy: 92.330

Epoch 473
Learning rate 1.00000e-05
[Training] Time: 22.113 seconds
[Training] Loss: 0.0075	Accuracy: 99.860
[Test] Accuracy: 92.400

Epoch 474
Learning rate 1.00000e-05
[Training] Time: 22.044 seconds
[Training] Loss: 0.0074	Accuracy: 99.860
[Test] Accuracy: 92.360

Epoch 475
Learning rate 1.00000e-05
[Training] Time: 21.937 seconds
[Training] Loss: 0.0079	Accuracy: 99.846
[Test] Accuracy: 92.230

Epoch 476
Learning rate 1.00000e-05
[Training] Time: 22.013 seconds
[Training] Loss: 0.0071	Accuracy: 99.886
[Test] Accuracy: 92.290

Epoch 477
Learning rate 1.00000e-05
[Training] Time: 22.077 seconds
[Training] Loss: 0.0073	Accuracy: 99.864
[Test] Accuracy: 92.270

Epoch 478
Learning rate 1.00000e-05
[Training] Time: 22.098 seconds
[Training] Loss: 0.0069	Accuracy: 99.888
[Test] Accuracy: 92.240

Epoch 479
Learning rate 1.00000e-05
[Training] Time: 21.898 seconds
[Training] Loss: 0.0072	Accuracy: 99.882
[Test] Accuracy: 92.290

Epoch 480
Learning rate 1.00000e-05
[Training] Time: 21.987 seconds
[Training] Loss: 0.0071	Accuracy: 99.868
[Test] Accuracy: 92.240

Epoch 481
Learning rate 1.00000e-05
[Training] Time: 22.129 seconds
[Training] Loss: 0.0073	Accuracy: 99.866
[Test] Accuracy: 92.150

Epoch 482
Learning rate 1.00000e-05
[Training] Time: 22.172 seconds
[Training] Loss: 0.0066	Accuracy: 99.894
[Test] Accuracy: 92.320

Epoch 483
Learning rate 1.00000e-05
[Training] Time: 21.991 seconds
[Training] Loss: 0.0070	Accuracy: 99.896
[Test] Accuracy: 92.340

Epoch 484
Learning rate 1.00000e-05
[Training] Time: 22.035 seconds
[Training] Loss: 0.0074	Accuracy: 99.878
[Test] Accuracy: 92.270

Epoch 485
Learning rate 1.00000e-05
[Training] Time: 22.114 seconds
[Training] Loss: 0.0069	Accuracy: 99.864
[Test] Accuracy: 92.240

Epoch 486
Learning rate 1.00000e-05
[Training] Time: 22.117 seconds
[Training] Loss: 0.0075	Accuracy: 99.872
[Test] Accuracy: 92.240

Epoch 487
Learning rate 1.00000e-05
[Training] Time: 21.970 seconds
[Training] Loss: 0.0071	Accuracy: 99.872
[Test] Accuracy: 92.280

Epoch 488
Learning rate 1.00000e-05
[Training] Time: 22.085 seconds
[Training] Loss: 0.0074	Accuracy: 99.860
[Test] Accuracy: 92.310

Epoch 489
Learning rate 1.00000e-05
[Training] Time: 22.114 seconds
[Training] Loss: 0.0072	Accuracy: 99.876
[Test] Accuracy: 92.250

Epoch 490
Learning rate 1.00000e-06
[Training] Time: 22.178 seconds
[Training] Loss: 0.0074	Accuracy: 99.848
[Test] Accuracy: 92.310

Epoch 491
Learning rate 1.00000e-06
[Training] Time: 21.843 seconds
[Training] Loss: 0.0072	Accuracy: 99.884
[Test] Accuracy: 92.360

Epoch 492
Learning rate 1.00000e-06
[Training] Time: 22.083 seconds
[Training] Loss: 0.0068	Accuracy: 99.884
[Test] Accuracy: 92.280

Epoch 493
Learning rate 1.00000e-06
[Training] Time: 22.098 seconds
[Training] Loss: 0.0070	Accuracy: 99.894
[Test] Accuracy: 92.230

Epoch 494
Learning rate 1.00000e-06
[Training] Time: 22.176 seconds
[Training] Loss: 0.0076	Accuracy: 99.854
[Test] Accuracy: 92.200

Epoch 495
Learning rate 1.00000e-06
[Training] Time: 21.913 seconds
[Training] Loss: 0.0075	Accuracy: 99.868
[Test] Accuracy: 92.250

Epoch 496
Learning rate 1.00000e-06
[Training] Time: 22.113 seconds
[Training] Loss: 0.0073	Accuracy: 99.854
[Test] Accuracy: 92.240

Epoch 497
Learning rate 1.00000e-06
[Training] Time: 22.136 seconds
[Training] Loss: 0.0068	Accuracy: 99.900
[Test] Accuracy: 92.240

Epoch 498
Learning rate 1.00000e-06
[Training] Time: 22.084 seconds
[Training] Loss: 0.0067	Accuracy: 99.892
[Test] Accuracy: 92.280

Epoch 499
Learning rate 1.00000e-06
[Training] Time: 21.958 seconds
[Training] Loss: 0.0076	Accuracy: 99.860
[Test] Accuracy: 92.280

Model training finished.
Writing experimental setup to save_resnet20
Dumping training statistics to save_resnet20
Time: 11821.840 seconds. ( 3 hours 17 minutes 1.840 seconds)
Best Accuracy: 92.400 occured at epoch 336
Program Exiting
