Creating directory at save_resnet110
Files already downloaded and verified
Starting training from epoch 0 to 500

Epoch 0
Learning rate 2.00000e-01
[Training] Time: 120.347 seconds
[Training] Loss: 2.9235	Accuracy: 10.238
[Test] Accuracy: 10.000

Epoch 1
Learning rate 2.00000e-01
[Training] Time: 120.274 seconds
[Training] Loss: 2.3067	Accuracy: 9.868
[Test] Accuracy: 9.830

Epoch 2
Learning rate 2.00000e-01
[Training] Time: 120.057 seconds
[Training] Loss: 2.3062	Accuracy: 10.138
[Test] Accuracy: 9.880

Epoch 3
Learning rate 2.00000e-01
[Training] Time: 120.900 seconds
[Training] Loss: 2.2719	Accuracy: 12.928
[Test] Accuracy: 19.150

Epoch 4
Learning rate 2.00000e-01
[Training] Time: 121.916 seconds
[Training] Loss: 2.0219	Accuracy: 19.512
[Test] Accuracy: 20.290

Epoch 5
Learning rate 2.00000e-01
[Training] Time: 122.037 seconds
[Training] Loss: 1.8845	Accuracy: 24.320
[Test] Accuracy: 25.310

Epoch 6
Learning rate 2.00000e-01
[Training] Time: 121.837 seconds
[Training] Loss: 1.6832	Accuracy: 35.336
[Test] Accuracy: 29.170

Epoch 7
Learning rate 2.00000e-01
[Training] Time: 122.247 seconds
[Training] Loss: 1.4794	Accuracy: 44.884
[Test] Accuracy: 47.360

Epoch 8
Learning rate 2.00000e-01
[Training] Time: 122.265 seconds
[Training] Loss: 1.3032	Accuracy: 52.750
[Test] Accuracy: 49.240

Epoch 9
Learning rate 2.00000e-01
[Training] Time: 122.410 seconds
[Training] Loss: 1.1756	Accuracy: 57.482
[Test] Accuracy: 57.620

Epoch 10
Learning rate 2.00000e-01
[Training] Time: 121.802 seconds
[Training] Loss: 1.0739	Accuracy: 61.822
[Test] Accuracy: 54.760

Epoch 11
Learning rate 2.00000e-01
[Training] Time: 122.425 seconds
[Training] Loss: 0.9945	Accuracy: 65.074
[Test] Accuracy: 66.240

Epoch 12
Learning rate 2.00000e-01
[Training] Time: 122.210 seconds
[Training] Loss: 0.9214	Accuracy: 67.834
[Test] Accuracy: 67.170

Epoch 13
Learning rate 2.00000e-01
[Training] Time: 122.550 seconds
[Training] Loss: 0.8544	Accuracy: 70.360
[Test] Accuracy: 70.370

Epoch 14
Learning rate 2.00000e-01
[Training] Time: 122.144 seconds
[Training] Loss: 0.8003	Accuracy: 72.408
[Test] Accuracy: 71.190

Epoch 15
Learning rate 2.00000e-01
[Training] Time: 122.265 seconds
[Training] Loss: 0.7490	Accuracy: 74.214
[Test] Accuracy: 68.680

Epoch 16
Learning rate 2.00000e-01
[Training] Time: 122.233 seconds
[Training] Loss: 0.7117	Accuracy: 75.580
[Test] Accuracy: 73.200

Epoch 17
Learning rate 2.00000e-01
[Training] Time: 122.341 seconds
[Training] Loss: 0.6730	Accuracy: 76.914
[Test] Accuracy: 73.160

Epoch 18
Learning rate 2.00000e-01
[Training] Time: 121.979 seconds
[Training] Loss: 0.6544	Accuracy: 77.478
[Test] Accuracy: 75.610

Epoch 19
Learning rate 2.00000e-01
[Training] Time: 122.122 seconds
[Training] Loss: 0.6237	Accuracy: 78.658
[Test] Accuracy: 75.430

Epoch 20
Learning rate 2.00000e-01
[Training] Time: 121.929 seconds
[Training] Loss: 0.5988	Accuracy: 79.486
[Test] Accuracy: 74.890

Epoch 21
Learning rate 2.00000e-01
[Training] Time: 122.173 seconds
[Training] Loss: 0.5811	Accuracy: 80.086
[Test] Accuracy: 72.470

Epoch 22
Learning rate 2.00000e-01
[Training] Time: 122.255 seconds
[Training] Loss: 0.5616	Accuracy: 80.860
[Test] Accuracy: 73.360

Epoch 23
Learning rate 2.00000e-01
[Training] Time: 122.294 seconds
[Training] Loss: 0.5502	Accuracy: 81.072
[Test] Accuracy: 74.070

Epoch 24
Learning rate 2.00000e-01
[Training] Time: 122.023 seconds
[Training] Loss: 0.5340	Accuracy: 81.510
[Test] Accuracy: 75.200

Epoch 25
Learning rate 2.00000e-01
[Training] Time: 122.132 seconds
[Training] Loss: 0.5196	Accuracy: 82.196
[Test] Accuracy: 77.530

Epoch 26
Learning rate 2.00000e-01
[Training] Time: 122.256 seconds
[Training] Loss: 0.5094	Accuracy: 82.528
[Test] Accuracy: 74.770

Epoch 27
Learning rate 2.00000e-01
[Training] Time: 122.136 seconds
[Training] Loss: 0.4938	Accuracy: 82.964
[Test] Accuracy: 82.260

Epoch 28
Learning rate 2.00000e-01
[Training] Time: 121.984 seconds
[Training] Loss: 0.4788	Accuracy: 83.568
[Test] Accuracy: 78.810

Epoch 29
Learning rate 2.00000e-01
[Training] Time: 122.567 seconds
[Training] Loss: 0.4764	Accuracy: 83.616
[Test] Accuracy: 78.630

Epoch 30
Learning rate 2.00000e-01
[Training] Time: 121.868 seconds
[Training] Loss: 0.4613	Accuracy: 84.100
[Test] Accuracy: 80.520

Epoch 31
Learning rate 2.00000e-01
[Training] Time: 122.397 seconds
[Training] Loss: 0.4526	Accuracy: 84.384
[Test] Accuracy: 80.740

Epoch 32
Learning rate 2.00000e-01
[Training] Time: 122.415 seconds
[Training] Loss: 0.4424	Accuracy: 84.790
[Test] Accuracy: 79.900

Epoch 33
Learning rate 2.00000e-01
[Training] Time: 121.541 seconds
[Training] Loss: 0.4423	Accuracy: 84.652
[Test] Accuracy: 76.640

Epoch 34
Learning rate 2.00000e-01
[Training] Time: 122.306 seconds
[Training] Loss: 0.4309	Accuracy: 85.166
[Test] Accuracy: 78.670

Epoch 35
Learning rate 2.00000e-01
[Training] Time: 122.270 seconds
[Training] Loss: 0.4187	Accuracy: 85.556
[Test] Accuracy: 82.490

Epoch 36
Learning rate 2.00000e-01
[Training] Time: 122.071 seconds
[Training] Loss: 0.4145	Accuracy: 85.862
[Test] Accuracy: 78.680

Epoch 37
Learning rate 2.00000e-01
[Training] Time: 122.260 seconds
[Training] Loss: 0.4117	Accuracy: 85.916
[Test] Accuracy: 81.530

Epoch 38
Learning rate 2.00000e-01
[Training] Time: 121.885 seconds
[Training] Loss: 0.4032	Accuracy: 86.090
[Test] Accuracy: 78.260

Epoch 39
Learning rate 2.00000e-01
[Training] Time: 122.104 seconds
[Training] Loss: 0.3905	Accuracy: 86.370
[Test] Accuracy: 73.560

Epoch 40
Learning rate 2.00000e-01
[Training] Time: 122.302 seconds
[Training] Loss: 0.3910	Accuracy: 86.556
[Test] Accuracy: 78.420

Epoch 41
Learning rate 2.00000e-01
[Training] Time: 122.011 seconds
[Training] Loss: 0.3880	Accuracy: 86.590
[Test] Accuracy: 79.900

Epoch 42
Learning rate 2.00000e-01
[Training] Time: 122.008 seconds
[Training] Loss: 0.3841	Accuracy: 86.814
[Test] Accuracy: 78.580

Epoch 43
Learning rate 2.00000e-01
[Training] Time: 120.944 seconds
[Training] Loss: 0.3702	Accuracy: 87.232
[Test] Accuracy: 80.580

Epoch 44
Learning rate 2.00000e-01
[Training] Time: 121.628 seconds
[Training] Loss: 0.3735	Accuracy: 87.210
[Test] Accuracy: 81.080

Epoch 45
Learning rate 2.00000e-01
[Training] Time: 121.547 seconds
[Training] Loss: 0.3691	Accuracy: 87.256
[Test] Accuracy: 81.320

Epoch 46
Learning rate 2.00000e-01
[Training] Time: 121.012 seconds
[Training] Loss: 0.3596	Accuracy: 87.434
[Test] Accuracy: 80.980

Epoch 47
Learning rate 2.00000e-01
[Training] Time: 121.863 seconds
[Training] Loss: 0.3599	Accuracy: 87.404
[Test] Accuracy: 82.480

Epoch 48
Learning rate 2.00000e-01
[Training] Time: 122.016 seconds
[Training] Loss: 0.3562	Accuracy: 87.678
[Test] Accuracy: 81.120

Epoch 49
Learning rate 2.00000e-01
[Training] Time: 122.072 seconds
[Training] Loss: 0.3470	Accuracy: 87.862
[Test] Accuracy: 82.760

Epoch 50
Learning rate 2.00000e-01
[Training] Time: 121.146 seconds
[Training] Loss: 0.3522	Accuracy: 87.812
[Test] Accuracy: 84.220

Epoch 51
Learning rate 2.00000e-01
[Training] Time: 121.937 seconds
[Training] Loss: 0.3440	Accuracy: 88.136
[Test] Accuracy: 82.170

Epoch 52
Learning rate 2.00000e-01
[Training] Time: 122.301 seconds
[Training] Loss: 0.3382	Accuracy: 88.128
[Test] Accuracy: 80.330

Epoch 53
Learning rate 2.00000e-01
[Training] Time: 121.641 seconds
[Training] Loss: 0.3436	Accuracy: 88.058
[Test] Accuracy: 81.380

Epoch 54
Learning rate 2.00000e-01
[Training] Time: 121.504 seconds
[Training] Loss: 0.3367	Accuracy: 88.162
[Test] Accuracy: 80.490

Epoch 55
Learning rate 2.00000e-01
[Training] Time: 121.816 seconds
[Training] Loss: 0.3294	Accuracy: 88.664
[Test] Accuracy: 83.830

Epoch 56
Learning rate 2.00000e-01
[Training] Time: 121.352 seconds
[Training] Loss: 0.3322	Accuracy: 88.644
[Test] Accuracy: 82.030

Epoch 57
Learning rate 2.00000e-01
[Training] Time: 121.878 seconds
[Training] Loss: 0.3267	Accuracy: 88.722
[Test] Accuracy: 76.480

Epoch 58
Learning rate 2.00000e-01
[Training] Time: 121.394 seconds
[Training] Loss: 0.3303	Accuracy: 88.446
[Test] Accuracy: 83.550

Epoch 59
Learning rate 2.00000e-01
[Training] Time: 121.413 seconds
[Training] Loss: 0.3246	Accuracy: 88.618
[Test] Accuracy: 83.240

Epoch 60
Learning rate 2.00000e-01
[Training] Time: 121.246 seconds
[Training] Loss: 0.3192	Accuracy: 88.920
[Test] Accuracy: 81.430

Epoch 61
Learning rate 2.00000e-01
[Training] Time: 121.606 seconds
[Training] Loss: 0.3272	Accuracy: 88.720
[Test] Accuracy: 84.940

Epoch 62
Learning rate 2.00000e-01
[Training] Time: 121.319 seconds
[Training] Loss: 0.3184	Accuracy: 88.970
[Test] Accuracy: 86.080

Epoch 63
Learning rate 2.00000e-01
[Training] Time: 120.838 seconds
[Training] Loss: 0.3119	Accuracy: 89.158
[Test] Accuracy: 83.040

Epoch 64
Learning rate 2.00000e-01
[Training] Time: 121.006 seconds
[Training] Loss: 0.3152	Accuracy: 89.066
[Test] Accuracy: 83.810

Epoch 65
Learning rate 2.00000e-01
[Training] Time: 121.136 seconds
[Training] Loss: 0.3107	Accuracy: 89.230
[Test] Accuracy: 81.790

Epoch 66
Learning rate 2.00000e-01
[Training] Time: 120.889 seconds
[Training] Loss: 0.3101	Accuracy: 89.228
[Test] Accuracy: 79.880

Epoch 67
Learning rate 2.00000e-01
[Training] Time: 120.801 seconds
[Training] Loss: 0.3076	Accuracy: 89.258
[Test] Accuracy: 81.690

Epoch 68
Learning rate 2.00000e-01
[Training] Time: 121.039 seconds
[Training] Loss: 0.3059	Accuracy: 89.450
[Test] Accuracy: 82.870

Epoch 69
Learning rate 2.00000e-01
[Training] Time: 120.506 seconds
[Training] Loss: 0.3062	Accuracy: 89.400
[Test] Accuracy: 83.390

Epoch 70
Learning rate 2.00000e-01
[Training] Time: 120.919 seconds
[Training] Loss: 0.3058	Accuracy: 89.466
[Test] Accuracy: 83.540

Epoch 71
Learning rate 2.00000e-01
[Training] Time: 120.095 seconds
[Training] Loss: 0.2990	Accuracy: 89.586
[Test] Accuracy: 84.690

Epoch 72
Learning rate 2.00000e-01
[Training] Time: 120.661 seconds
[Training] Loss: 0.2988	Accuracy: 89.656
[Test] Accuracy: 82.790

Epoch 73
Learning rate 2.00000e-01
[Training] Time: 120.588 seconds
[Training] Loss: 0.3001	Accuracy: 89.776
[Test] Accuracy: 81.790

Epoch 74
Learning rate 2.00000e-01
[Training] Time: 120.567 seconds
[Training] Loss: 0.2969	Accuracy: 89.830
[Test] Accuracy: 83.320

Epoch 75
Learning rate 2.00000e-01
[Training] Time: 120.683 seconds
[Training] Loss: 0.2930	Accuracy: 89.772
[Test] Accuracy: 86.250

Epoch 76
Learning rate 2.00000e-01
[Training] Time: 120.604 seconds
[Training] Loss: 0.2897	Accuracy: 90.018
[Test] Accuracy: 83.220

Epoch 77
Learning rate 2.00000e-01
[Training] Time: 120.268 seconds
[Training] Loss: 0.2938	Accuracy: 89.838
[Test] Accuracy: 85.100

Epoch 78
Learning rate 2.00000e-01
[Training] Time: 120.057 seconds
[Training] Loss: 0.2912	Accuracy: 89.840
[Test] Accuracy: 82.540

Epoch 79
Learning rate 2.00000e-01
[Training] Time: 120.394 seconds
[Training] Loss: 0.2946	Accuracy: 89.884
[Test] Accuracy: 84.960

Epoch 80
Learning rate 2.00000e-01
[Training] Time: 120.294 seconds
[Training] Loss: 0.2882	Accuracy: 90.028
[Test] Accuracy: 83.690

Epoch 81
Learning rate 2.00000e-01
[Training] Time: 120.188 seconds
[Training] Loss: 0.2853	Accuracy: 90.068
[Test] Accuracy: 80.120

Epoch 82
Learning rate 2.00000e-01
[Training] Time: 120.153 seconds
[Training] Loss: 0.2869	Accuracy: 89.968
[Test] Accuracy: 83.480

Epoch 83
Learning rate 2.00000e-01
[Training] Time: 120.571 seconds
[Training] Loss: 0.2842	Accuracy: 89.898
[Test] Accuracy: 85.510

Epoch 84
Learning rate 2.00000e-01
[Training] Time: 120.353 seconds
[Training] Loss: 0.2853	Accuracy: 89.982
[Test] Accuracy: 83.690

Epoch 85
Learning rate 2.00000e-01
[Training] Time: 120.481 seconds
[Training] Loss: 0.2843	Accuracy: 90.048
[Test] Accuracy: 84.670

Epoch 86
Learning rate 2.00000e-01
[Training] Time: 120.262 seconds
[Training] Loss: 0.2862	Accuracy: 90.080
[Test] Accuracy: 81.440

Epoch 87
Learning rate 2.00000e-01
[Training] Time: 120.551 seconds
[Training] Loss: 0.2798	Accuracy: 90.318
[Test] Accuracy: 85.050

Epoch 88
Learning rate 2.00000e-01
[Training] Time: 120.313 seconds
[Training] Loss: 0.2749	Accuracy: 90.366
[Test] Accuracy: 83.960

Epoch 89
Learning rate 2.00000e-01
[Training] Time: 120.589 seconds
[Training] Loss: 0.2831	Accuracy: 90.068
[Test] Accuracy: 84.480

Epoch 90
Learning rate 2.00000e-01
[Training] Time: 120.106 seconds
[Training] Loss: 0.2725	Accuracy: 90.564
[Test] Accuracy: 81.200

Epoch 91
Learning rate 2.00000e-01
[Training] Time: 120.028 seconds
[Training] Loss: 0.2763	Accuracy: 90.368
[Test] Accuracy: 79.470

Epoch 92
Learning rate 2.00000e-01
[Training] Time: 119.699 seconds
[Training] Loss: 0.2741	Accuracy: 90.444
[Test] Accuracy: 80.000

Epoch 93
Learning rate 2.00000e-01
[Training] Time: 120.287 seconds
[Training] Loss: 0.2693	Accuracy: 90.622
[Test] Accuracy: 83.680

Epoch 94
Learning rate 2.00000e-01
[Training] Time: 120.211 seconds
[Training] Loss: 0.2698	Accuracy: 90.554
[Test] Accuracy: 83.970

Epoch 95
Learning rate 2.00000e-01
[Training] Time: 120.337 seconds
[Training] Loss: 0.2738	Accuracy: 90.564
[Test] Accuracy: 85.970

Epoch 96
Learning rate 2.00000e-01
[Training] Time: 119.928 seconds
[Training] Loss: 0.2731	Accuracy: 90.452
[Test] Accuracy: 83.720

Epoch 97
Learning rate 2.00000e-01
[Training] Time: 120.194 seconds
[Training] Loss: 0.2704	Accuracy: 90.620
[Test] Accuracy: 82.080

Epoch 98
Learning rate 2.00000e-01
[Training] Time: 119.752 seconds
[Training] Loss: 0.2644	Accuracy: 90.742
[Test] Accuracy: 85.880

Epoch 99
Learning rate 2.00000e-01
[Training] Time: 120.350 seconds
[Training] Loss: 0.2677	Accuracy: 90.698
[Test] Accuracy: 82.980

Epoch 100
Learning rate 2.00000e-01
[Training] Time: 119.846 seconds
[Training] Loss: 0.2677	Accuracy: 90.704
[Test] Accuracy: 81.550

Epoch 101
Learning rate 2.00000e-01
[Training] Time: 120.096 seconds
[Training] Loss: 0.2673	Accuracy: 90.646
[Test] Accuracy: 83.070

Epoch 102
Learning rate 2.00000e-01
[Training] Time: 120.073 seconds
[Training] Loss: 0.2679	Accuracy: 90.740
[Test] Accuracy: 84.580

Epoch 103
Learning rate 2.00000e-01
[Training] Time: 119.774 seconds
[Training] Loss: 0.2614	Accuracy: 90.852
[Test] Accuracy: 83.820

Epoch 104
Learning rate 2.00000e-01
[Training] Time: 120.319 seconds
[Training] Loss: 0.2640	Accuracy: 90.958
[Test] Accuracy: 84.920

Epoch 105
Learning rate 2.00000e-01
[Training] Time: 120.003 seconds
[Training] Loss: 0.2616	Accuracy: 90.992
[Test] Accuracy: 82.840

Epoch 106
Learning rate 2.00000e-01
[Training] Time: 120.128 seconds
[Training] Loss: 0.2582	Accuracy: 91.076
[Test] Accuracy: 81.930

Epoch 107
Learning rate 2.00000e-01
[Training] Time: 119.814 seconds
[Training] Loss: 0.2627	Accuracy: 90.852
[Test] Accuracy: 85.310

Epoch 108
Learning rate 2.00000e-01
[Training] Time: 120.077 seconds
[Training] Loss: 0.2676	Accuracy: 90.672
[Test] Accuracy: 86.250

Epoch 109
Learning rate 2.00000e-01
[Training] Time: 120.148 seconds
[Training] Loss: 0.2619	Accuracy: 90.848
[Test] Accuracy: 84.390

Epoch 110
Learning rate 2.00000e-01
[Training] Time: 119.611 seconds
[Training] Loss: 0.2613	Accuracy: 90.948
[Test] Accuracy: 85.260

Epoch 111
Learning rate 2.00000e-01
[Training] Time: 119.710 seconds
[Training] Loss: 0.2596	Accuracy: 90.852
[Test] Accuracy: 83.920

Epoch 112
Learning rate 2.00000e-01
[Training] Time: 120.058 seconds
[Training] Loss: 0.2586	Accuracy: 91.104
[Test] Accuracy: 84.720

Epoch 113
Learning rate 2.00000e-01
[Training] Time: 119.743 seconds
[Training] Loss: 0.2597	Accuracy: 90.984
[Test] Accuracy: 84.280

Epoch 114
Learning rate 2.00000e-01
[Training] Time: 119.889 seconds
[Training] Loss: 0.2647	Accuracy: 90.724
[Test] Accuracy: 83.800

Epoch 115
Learning rate 2.00000e-01
[Training] Time: 119.812 seconds
[Training] Loss: 0.2573	Accuracy: 91.160
[Test] Accuracy: 84.330

Epoch 116
Learning rate 2.00000e-01
[Training] Time: 119.700 seconds
[Training] Loss: 0.2566	Accuracy: 91.018
[Test] Accuracy: 83.600

Epoch 117
Learning rate 2.00000e-01
[Training] Time: 119.714 seconds
[Training] Loss: 0.2628	Accuracy: 90.898
[Test] Accuracy: 86.080

Epoch 118
Learning rate 2.00000e-01
[Training] Time: 119.356 seconds
[Training] Loss: 0.2568	Accuracy: 91.072
[Test] Accuracy: 84.530

Epoch 119
Learning rate 2.00000e-01
[Training] Time: 119.726 seconds
[Training] Loss: 0.2545	Accuracy: 91.196
[Test] Accuracy: 86.890

Epoch 120
Learning rate 2.00000e-01
[Training] Time: 119.561 seconds
[Training] Loss: 0.2568	Accuracy: 90.956
[Test] Accuracy: 83.450

Epoch 121
Learning rate 2.00000e-01
[Training] Time: 119.616 seconds
[Training] Loss: 0.2578	Accuracy: 90.924
[Test] Accuracy: 85.850

Epoch 122
Learning rate 2.00000e-01
[Training] Time: 118.836 seconds
[Training] Loss: 0.2556	Accuracy: 91.072
[Test] Accuracy: 86.620

Epoch 123
Learning rate 2.00000e-01
[Training] Time: 119.781 seconds
[Training] Loss: 0.2543	Accuracy: 91.040
[Test] Accuracy: 85.040

Epoch 124
Learning rate 2.00000e-01
[Training] Time: 119.450 seconds
[Training] Loss: 0.2529	Accuracy: 91.250
[Test] Accuracy: 81.800

Epoch 125
Learning rate 2.00000e-01
[Training] Time: 119.791 seconds
[Training] Loss: 0.2594	Accuracy: 90.942
[Test] Accuracy: 84.700

Epoch 126
Learning rate 2.00000e-01
[Training] Time: 120.496 seconds
[Training] Loss: 0.2502	Accuracy: 91.280
[Test] Accuracy: 85.880

Epoch 127
Learning rate 2.00000e-01
[Training] Time: 119.400 seconds
[Training] Loss: 0.2496	Accuracy: 91.342
[Test] Accuracy: 82.960

Epoch 128
Learning rate 2.00000e-01
[Training] Time: 119.186 seconds
[Training] Loss: 0.2532	Accuracy: 91.246
[Test] Accuracy: 86.670

Epoch 129
Learning rate 2.00000e-01
[Training] Time: 119.586 seconds
[Training] Loss: 0.2509	Accuracy: 91.188
[Test] Accuracy: 82.300

Epoch 130
Learning rate 2.00000e-01
[Training] Time: 119.358 seconds
[Training] Loss: 0.2498	Accuracy: 91.230
[Test] Accuracy: 85.990

Epoch 131
Learning rate 2.00000e-01
[Training] Time: 119.720 seconds
[Training] Loss: 0.2529	Accuracy: 91.190
[Test] Accuracy: 84.610

Epoch 132
Learning rate 2.00000e-01
[Training] Time: 119.090 seconds
[Training] Loss: 0.2483	Accuracy: 91.294
[Test] Accuracy: 84.230

Epoch 133
Learning rate 2.00000e-01
[Training] Time: 119.384 seconds
[Training] Loss: 0.2520	Accuracy: 91.366
[Test] Accuracy: 85.560

Epoch 134
Learning rate 2.00000e-01
[Training] Time: 119.508 seconds
[Training] Loss: 0.2500	Accuracy: 91.340
[Test] Accuracy: 86.200

Epoch 135
Learning rate 2.00000e-01
[Training] Time: 119.521 seconds
[Training] Loss: 0.2500	Accuracy: 91.322
[Test] Accuracy: 87.250

Epoch 136
Learning rate 2.00000e-01
[Training] Time: 119.317 seconds
[Training] Loss: 0.2486	Accuracy: 91.270
[Test] Accuracy: 83.780

Epoch 137
Learning rate 2.00000e-01
[Training] Time: 119.277 seconds
[Training] Loss: 0.2514	Accuracy: 91.314
[Test] Accuracy: 83.520

Epoch 138
Learning rate 2.00000e-01
[Training] Time: 119.191 seconds
[Training] Loss: 0.2471	Accuracy: 91.364
[Test] Accuracy: 86.290

Epoch 139
Learning rate 2.00000e-01
[Training] Time: 119.067 seconds
[Training] Loss: 0.2441	Accuracy: 91.642
[Test] Accuracy: 86.960

Epoch 140
Learning rate 2.00000e-01
[Training] Time: 119.117 seconds
[Training] Loss: 0.2470	Accuracy: 91.144
[Test] Accuracy: 78.920

Epoch 141
Learning rate 2.00000e-01
[Training] Time: 118.936 seconds
[Training] Loss: 0.2426	Accuracy: 91.504
[Test] Accuracy: 84.640

Epoch 142
Learning rate 2.00000e-01
[Training] Time: 118.739 seconds
[Training] Loss: 0.2415	Accuracy: 91.526
[Test] Accuracy: 85.140

Epoch 143
Learning rate 2.00000e-01
[Training] Time: 119.574 seconds
[Training] Loss: 0.2463	Accuracy: 91.436
[Test] Accuracy: 85.060

Epoch 144
Learning rate 2.00000e-01
[Training] Time: 119.393 seconds
[Training] Loss: 0.2488	Accuracy: 91.318
[Test] Accuracy: 85.600

Epoch 145
Learning rate 2.00000e-01
[Training] Time: 118.898 seconds
[Training] Loss: 0.2478	Accuracy: 91.284
[Test] Accuracy: 86.810

Epoch 146
Learning rate 2.00000e-01
[Training] Time: 119.990 seconds
[Training] Loss: 0.2409	Accuracy: 91.578
[Test] Accuracy: 84.090

Epoch 147
Learning rate 2.00000e-01
[Training] Time: 119.750 seconds
[Training] Loss: 0.2499	Accuracy: 91.252
[Test] Accuracy: 82.030

Epoch 148
Learning rate 2.00000e-01
[Training] Time: 118.826 seconds
[Training] Loss: 0.2463	Accuracy: 91.544
[Test] Accuracy: 84.680

Epoch 149
Learning rate 2.00000e-01
[Training] Time: 119.091 seconds
[Training] Loss: 0.2417	Accuracy: 91.688
[Test] Accuracy: 84.970

Epoch 150
Learning rate 2.00000e-01
[Training] Time: 119.069 seconds
[Training] Loss: 0.2374	Accuracy: 91.742
[Test] Accuracy: 84.590

Epoch 151
Learning rate 2.00000e-01
[Training] Time: 119.237 seconds
[Training] Loss: 0.2445	Accuracy: 91.536
[Test] Accuracy: 83.130

Epoch 152
Learning rate 2.00000e-01
[Training] Time: 118.588 seconds
[Training] Loss: 0.2435	Accuracy: 91.400
[Test] Accuracy: 86.230

Epoch 153
Learning rate 2.00000e-01
[Training] Time: 119.667 seconds
[Training] Loss: 0.2425	Accuracy: 91.560
[Test] Accuracy: 80.630

Epoch 154
Learning rate 2.00000e-01
[Training] Time: 118.812 seconds
[Training] Loss: 0.2417	Accuracy: 91.526
[Test] Accuracy: 87.340

Epoch 155
Learning rate 2.00000e-01
[Training] Time: 119.352 seconds
[Training] Loss: 0.2401	Accuracy: 91.658
[Test] Accuracy: 84.440

Epoch 156
Learning rate 2.00000e-01
[Training] Time: 119.232 seconds
[Training] Loss: 0.2415	Accuracy: 91.536
[Test] Accuracy: 84.940

Epoch 157
Learning rate 2.00000e-01
[Training] Time: 119.469 seconds
[Training] Loss: 0.2460	Accuracy: 91.590
[Test] Accuracy: 85.210

Epoch 158
Learning rate 2.00000e-01
[Training] Time: 119.015 seconds
[Training] Loss: 0.2382	Accuracy: 91.782
[Test] Accuracy: 85.810

Epoch 159
Learning rate 2.00000e-01
[Training] Time: 119.888 seconds
[Training] Loss: 0.2421	Accuracy: 91.516
[Test] Accuracy: 86.090

Epoch 160
Learning rate 2.00000e-01
[Training] Time: 119.296 seconds
[Training] Loss: 0.2375	Accuracy: 91.690
[Test] Accuracy: 84.940

Epoch 161
Learning rate 2.00000e-01
[Training] Time: 119.387 seconds
[Training] Loss: 0.2443	Accuracy: 91.534
[Test] Accuracy: 84.830

Epoch 162
Learning rate 2.00000e-01
[Training] Time: 119.427 seconds
[Training] Loss: 0.2435	Accuracy: 91.592
[Test] Accuracy: 87.020

Epoch 163
Learning rate 2.00000e-01
[Training] Time: 119.515 seconds
[Training] Loss: 0.2372	Accuracy: 91.734
[Test] Accuracy: 86.960

Epoch 164
Learning rate 2.00000e-01
[Training] Time: 118.777 seconds
[Training] Loss: 0.2418	Accuracy: 91.540
[Test] Accuracy: 86.600

Epoch 165
Learning rate 2.00000e-01
[Training] Time: 119.274 seconds
[Training] Loss: 0.2422	Accuracy: 91.568
[Test] Accuracy: 85.570

Epoch 166
Learning rate 2.00000e-01
[Training] Time: 119.230 seconds
[Training] Loss: 0.2434	Accuracy: 91.448
[Test] Accuracy: 85.600

Epoch 167
Learning rate 2.00000e-01
[Training] Time: 119.187 seconds
[Training] Loss: 0.2389	Accuracy: 91.706
[Test] Accuracy: 85.600

Epoch 168
Learning rate 2.00000e-01
[Training] Time: 119.252 seconds
[Training] Loss: 0.2381	Accuracy: 91.720
[Test] Accuracy: 87.210

Epoch 169
Learning rate 2.00000e-01
[Training] Time: 119.904 seconds
[Training] Loss: 0.2369	Accuracy: 91.740
[Test] Accuracy: 83.570

Epoch 170
Learning rate 2.00000e-01
[Training] Time: 119.566 seconds
[Training] Loss: 0.2388	Accuracy: 91.628
[Test] Accuracy: 85.090

Epoch 171
Learning rate 2.00000e-01
[Training] Time: 119.596 seconds
[Training] Loss: 0.2411	Accuracy: 91.624
[Test] Accuracy: 84.540

Epoch 172
Learning rate 2.00000e-01
[Training] Time: 119.456 seconds
[Training] Loss: 0.2386	Accuracy: 91.710
[Test] Accuracy: 85.620

Epoch 173
Learning rate 2.00000e-01
[Training] Time: 119.440 seconds
[Training] Loss: 0.2373	Accuracy: 91.868
[Test] Accuracy: 84.960

Epoch 174
Learning rate 2.00000e-01
[Training] Time: 119.643 seconds
[Training] Loss: 0.2316	Accuracy: 91.972
[Test] Accuracy: 85.580

Epoch 175
Learning rate 2.00000e-01
[Training] Time: 119.581 seconds
[Training] Loss: 0.2355	Accuracy: 91.848
[Test] Accuracy: 85.020

Epoch 176
Learning rate 2.00000e-01
[Training] Time: 119.564 seconds
[Training] Loss: 0.2359	Accuracy: 91.808
[Test] Accuracy: 86.770

Epoch 177
Learning rate 2.00000e-01
[Training] Time: 119.695 seconds
[Training] Loss: 0.2374	Accuracy: 91.740
[Test] Accuracy: 83.270

Epoch 178
Learning rate 2.00000e-01
[Training] Time: 119.168 seconds
[Training] Loss: 0.2376	Accuracy: 91.922
[Test] Accuracy: 84.010

Epoch 179
Learning rate 2.00000e-01
[Training] Time: 119.729 seconds
[Training] Loss: 0.2349	Accuracy: 91.930
[Test] Accuracy: 84.780

Epoch 180
Learning rate 2.00000e-01
[Training] Time: 119.591 seconds
[Training] Loss: 0.2384	Accuracy: 91.760
[Test] Accuracy: 87.400

Epoch 181
Learning rate 2.00000e-01
[Training] Time: 119.476 seconds
[Training] Loss: 0.2356	Accuracy: 91.746
[Test] Accuracy: 85.470

Epoch 182
Learning rate 2.00000e-01
[Training] Time: 119.585 seconds
[Training] Loss: 0.2347	Accuracy: 91.864
[Test] Accuracy: 86.610

Epoch 183
Learning rate 2.00000e-01
[Training] Time: 120.206 seconds
[Training] Loss: 0.2369	Accuracy: 91.900
[Test] Accuracy: 86.090

Epoch 184
Learning rate 2.00000e-01
[Training] Time: 119.355 seconds
[Training] Loss: 0.2339	Accuracy: 91.720
[Test] Accuracy: 85.260

Epoch 185
Learning rate 2.00000e-01
[Training] Time: 119.572 seconds
[Training] Loss: 0.2326	Accuracy: 92.086
[Test] Accuracy: 85.030

Epoch 186
Learning rate 2.00000e-01
[Training] Time: 119.662 seconds
[Training] Loss: 0.2354	Accuracy: 91.864
[Test] Accuracy: 86.590

Epoch 187
Learning rate 2.00000e-01
[Training] Time: 119.146 seconds
[Training] Loss: 0.2345	Accuracy: 91.784
[Test] Accuracy: 86.510

Epoch 188
Learning rate 2.00000e-01
[Training] Time: 119.305 seconds
[Training] Loss: 0.2377	Accuracy: 91.748
[Test] Accuracy: 86.010

Epoch 189
Learning rate 2.00000e-01
[Training] Time: 119.552 seconds
[Training] Loss: 0.2288	Accuracy: 92.056
[Test] Accuracy: 85.610

Epoch 190
Learning rate 2.00000e-01
[Training] Time: 119.814 seconds
[Training] Loss: 0.2324	Accuracy: 91.860
[Test] Accuracy: 85.580

Epoch 191
Learning rate 2.00000e-01
[Training] Time: 119.495 seconds
[Training] Loss: 0.2342	Accuracy: 91.774
[Test] Accuracy: 84.910

Epoch 192
Learning rate 2.00000e-01
[Training] Time: 119.446 seconds
[Training] Loss: 0.2293	Accuracy: 92.142
[Test] Accuracy: 87.520

Epoch 193
Learning rate 2.00000e-01
[Training] Time: 119.428 seconds
[Training] Loss: 0.2321	Accuracy: 91.938
[Test] Accuracy: 84.310

Epoch 194
Learning rate 2.00000e-01
[Training] Time: 119.697 seconds
[Training] Loss: 0.2365	Accuracy: 91.782
[Test] Accuracy: 86.030

Epoch 195
Learning rate 2.00000e-01
[Training] Time: 119.556 seconds
[Training] Loss: 0.2359	Accuracy: 91.880
[Test] Accuracy: 85.010

Epoch 196
Learning rate 2.00000e-01
[Training] Time: 119.553 seconds
[Training] Loss: 0.2326	Accuracy: 91.862
[Test] Accuracy: 87.420

Epoch 197
Learning rate 2.00000e-01
[Training] Time: 119.376 seconds
[Training] Loss: 0.2320	Accuracy: 91.864
[Test] Accuracy: 86.230

Epoch 198
Learning rate 2.00000e-01
[Training] Time: 119.692 seconds
[Training] Loss: 0.2298	Accuracy: 92.030
[Test] Accuracy: 86.430

Epoch 199
Learning rate 2.00000e-01
[Training] Time: 119.672 seconds
[Training] Loss: 0.2354	Accuracy: 91.784
[Test] Accuracy: 84.200

Epoch 200
Learning rate 2.00000e-01
[Training] Time: 119.331 seconds
[Training] Loss: 0.2299	Accuracy: 92.068
[Test] Accuracy: 86.210

Epoch 201
Learning rate 2.00000e-01
[Training] Time: 119.340 seconds
[Training] Loss: 0.2321	Accuracy: 92.004
[Test] Accuracy: 85.220

Epoch 202
Learning rate 2.00000e-01
[Training] Time: 119.400 seconds
[Training] Loss: 0.2340	Accuracy: 91.698
[Test] Accuracy: 85.550

Epoch 203
Learning rate 2.00000e-01
[Training] Time: 119.433 seconds
[Training] Loss: 0.2264	Accuracy: 92.100
[Test] Accuracy: 85.960

Epoch 204
Learning rate 2.00000e-01
[Training] Time: 119.779 seconds
[Training] Loss: 0.2327	Accuracy: 91.862
[Test] Accuracy: 80.630

Epoch 205
Learning rate 2.00000e-01
[Training] Time: 119.438 seconds
[Training] Loss: 0.2318	Accuracy: 91.864
[Test] Accuracy: 82.930

Epoch 206
Learning rate 2.00000e-01
[Training] Time: 119.525 seconds
[Training] Loss: 0.2352	Accuracy: 91.888
[Test] Accuracy: 83.440

Epoch 207
Learning rate 2.00000e-01
[Training] Time: 119.711 seconds
[Training] Loss: 0.2335	Accuracy: 91.898
[Test] Accuracy: 88.170

Epoch 208
Learning rate 2.00000e-01
[Training] Time: 119.815 seconds
[Training] Loss: 0.2408	Accuracy: 91.664
[Test] Accuracy: 87.150

Epoch 209
Learning rate 2.00000e-01
[Training] Time: 119.618 seconds
[Training] Loss: 0.2282	Accuracy: 92.090
[Test] Accuracy: 87.310

Epoch 210
Learning rate 2.00000e-01
[Training] Time: 119.581 seconds
[Training] Loss: 0.2317	Accuracy: 91.920
[Test] Accuracy: 85.460

Epoch 211
Learning rate 2.00000e-01
[Training] Time: 119.554 seconds
[Training] Loss: 0.2314	Accuracy: 91.964
[Test] Accuracy: 86.190

Epoch 212
Learning rate 2.00000e-01
[Training] Time: 120.064 seconds
[Training] Loss: 0.2324	Accuracy: 92.058
[Test] Accuracy: 87.430

Epoch 213
Learning rate 2.00000e-01
[Training] Time: 119.288 seconds
[Training] Loss: 0.2277	Accuracy: 91.956
[Test] Accuracy: 87.300

Epoch 214
Learning rate 2.00000e-01
[Training] Time: 119.533 seconds
[Training] Loss: 0.2277	Accuracy: 92.200
[Test] Accuracy: 86.400

Epoch 215
Learning rate 2.00000e-01
[Training] Time: 119.662 seconds
[Training] Loss: 0.2297	Accuracy: 92.006
[Test] Accuracy: 88.000

Epoch 216
Learning rate 2.00000e-01
[Training] Time: 119.628 seconds
[Training] Loss: 0.2282	Accuracy: 92.136
[Test] Accuracy: 84.660

Epoch 217
Learning rate 2.00000e-01
[Training] Time: 119.302 seconds
[Training] Loss: 0.2292	Accuracy: 91.958
[Test] Accuracy: 87.420

Epoch 218
Learning rate 2.00000e-01
[Training] Time: 119.450 seconds
[Training] Loss: 0.2364	Accuracy: 91.678
[Test] Accuracy: 86.110

Epoch 219
Learning rate 2.00000e-01
[Training] Time: 119.296 seconds
[Training] Loss: 0.2295	Accuracy: 92.004
[Test] Accuracy: 84.920

Epoch 220
Learning rate 2.00000e-01
[Training] Time: 119.153 seconds
[Training] Loss: 0.2279	Accuracy: 92.160
[Test] Accuracy: 86.070

Epoch 221
Learning rate 2.00000e-01
[Training] Time: 120.095 seconds
[Training] Loss: 0.2280	Accuracy: 92.012
[Test] Accuracy: 86.330

Epoch 222
Learning rate 2.00000e-01
[Training] Time: 119.525 seconds
[Training] Loss: 0.2323	Accuracy: 91.904
[Test] Accuracy: 84.030

Epoch 223
Learning rate 2.00000e-01
[Training] Time: 119.240 seconds
[Training] Loss: 0.2368	Accuracy: 91.828
[Test] Accuracy: 87.950

Epoch 224
Learning rate 2.00000e-01
[Training] Time: 119.485 seconds
[Training] Loss: 0.2256	Accuracy: 92.146
[Test] Accuracy: 86.540

Epoch 225
Learning rate 2.00000e-01
[Training] Time: 119.680 seconds
[Training] Loss: 0.2307	Accuracy: 91.970
[Test] Accuracy: 84.200

Epoch 226
Learning rate 2.00000e-01
[Training] Time: 119.609 seconds
[Training] Loss: 0.2253	Accuracy: 92.114
[Test] Accuracy: 83.720

Epoch 227
Learning rate 2.00000e-01
[Training] Time: 119.552 seconds
[Training] Loss: 0.2266	Accuracy: 92.016
[Test] Accuracy: 84.180

Epoch 228
Learning rate 2.00000e-01
[Training] Time: 119.469 seconds
[Training] Loss: 0.2289	Accuracy: 92.012
[Test] Accuracy: 86.830

Epoch 229
Learning rate 2.00000e-01
[Training] Time: 119.558 seconds
[Training] Loss: 0.2293	Accuracy: 92.046
[Test] Accuracy: 87.780

Epoch 230
Learning rate 2.00000e-01
[Training] Time: 119.593 seconds
[Training] Loss: 0.2247	Accuracy: 92.182
[Test] Accuracy: 85.130

Epoch 231
Learning rate 2.00000e-01
[Training] Time: 119.448 seconds
[Training] Loss: 0.2266	Accuracy: 92.080
[Test] Accuracy: 83.650

Epoch 232
Learning rate 2.00000e-01
[Training] Time: 119.334 seconds
[Training] Loss: 0.2261	Accuracy: 92.136
[Test] Accuracy: 87.250

Epoch 233
Learning rate 2.00000e-01
[Training] Time: 120.767 seconds
[Training] Loss: 0.2275	Accuracy: 92.080
[Test] Accuracy: 86.470

Epoch 234
Learning rate 2.00000e-01
[Training] Time: 120.741 seconds
[Training] Loss: 0.2247	Accuracy: 92.266
[Test] Accuracy: 82.600

Epoch 235
Learning rate 2.00000e-01
[Training] Time: 120.788 seconds
[Training] Loss: 0.2283	Accuracy: 92.230
[Test] Accuracy: 82.030

Epoch 236
Learning rate 2.00000e-01
[Training] Time: 120.811 seconds
[Training] Loss: 0.2257	Accuracy: 92.102
[Test] Accuracy: 86.650

Epoch 237
Learning rate 2.00000e-01
[Training] Time: 121.011 seconds
[Training] Loss: 0.2212	Accuracy: 92.228
[Test] Accuracy: 83.620

Epoch 238
Learning rate 2.00000e-01
[Training] Time: 121.019 seconds
[Training] Loss: 0.2287	Accuracy: 92.012
[Test] Accuracy: 85.860

Epoch 239
Learning rate 2.00000e-01
[Training] Time: 120.807 seconds
[Training] Loss: 0.2289	Accuracy: 92.072
[Test] Accuracy: 83.840

Epoch 240
Learning rate 2.00000e-01
[Training] Time: 120.930 seconds
[Training] Loss: 0.2243	Accuracy: 92.218
[Test] Accuracy: 85.870

Epoch 241
Learning rate 2.00000e-01
[Training] Time: 120.902 seconds
[Training] Loss: 0.2278	Accuracy: 91.968
[Test] Accuracy: 87.240

Epoch 242
Learning rate 2.00000e-01
[Training] Time: 120.897 seconds
[Training] Loss: 0.2253	Accuracy: 92.240
[Test] Accuracy: 83.810

Epoch 243
Learning rate 2.00000e-01
[Training] Time: 120.939 seconds
[Training] Loss: 0.2240	Accuracy: 92.182
[Test] Accuracy: 85.970

Epoch 244
Learning rate 2.00000e-01
[Training] Time: 120.620 seconds
[Training] Loss: 0.2244	Accuracy: 92.320
[Test] Accuracy: 87.410

Epoch 245
Learning rate 2.00000e-01
[Training] Time: 120.840 seconds
[Training] Loss: 0.2245	Accuracy: 92.130
[Test] Accuracy: 87.030

Epoch 246
Learning rate 2.00000e-01
[Training] Time: 120.628 seconds
[Training] Loss: 0.2244	Accuracy: 92.224
[Test] Accuracy: 85.350

Epoch 247
Learning rate 2.00000e-01
[Training] Time: 120.904 seconds
[Training] Loss: 0.2235	Accuracy: 92.272
[Test] Accuracy: 82.370

Epoch 248
Learning rate 2.00000e-01
[Training] Time: 120.306 seconds
[Training] Loss: 0.2308	Accuracy: 91.954
[Test] Accuracy: 84.770

Epoch 249
Learning rate 2.00000e-01
[Training] Time: 120.897 seconds
[Training] Loss: 0.2278	Accuracy: 92.000
[Test] Accuracy: 86.810

Epoch 250
Learning rate 2.00000e-01
[Training] Time: 120.660 seconds
[Training] Loss: 0.2264	Accuracy: 92.066
[Test] Accuracy: 85.340

Epoch 251
Learning rate 2.00000e-01
[Training] Time: 120.620 seconds
[Training] Loss: 0.2253	Accuracy: 92.190
[Test] Accuracy: 77.840

Epoch 252
Learning rate 2.00000e-01
[Training] Time: 120.736 seconds
[Training] Loss: 0.2214	Accuracy: 92.292
[Test] Accuracy: 87.180

Epoch 253
Learning rate 2.00000e-01
[Training] Time: 120.646 seconds
[Training] Loss: 0.2311	Accuracy: 91.952
[Test] Accuracy: 83.120

Epoch 254
Learning rate 2.00000e-01
[Training] Time: 120.904 seconds
[Training] Loss: 0.2219	Accuracy: 92.164
[Test] Accuracy: 86.850

Epoch 255
Learning rate 2.00000e-01
[Training] Time: 120.773 seconds
[Training] Loss: 0.2210	Accuracy: 92.206
[Test] Accuracy: 85.070

Epoch 256
Learning rate 2.00000e-01
[Training] Time: 120.764 seconds
[Training] Loss: 0.2221	Accuracy: 92.278
[Test] Accuracy: 85.640

Epoch 257
Learning rate 2.00000e-01
[Training] Time: 120.570 seconds
[Training] Loss: 0.2245	Accuracy: 92.290
[Test] Accuracy: 87.060

Epoch 258
Learning rate 2.00000e-01
[Training] Time: 120.600 seconds
[Training] Loss: 0.2282	Accuracy: 92.018
[Test] Accuracy: 86.340

Epoch 259
Learning rate 2.00000e-02
[Training] Time: 120.783 seconds
[Training] Loss: 0.1191	Accuracy: 95.926
[Test] Accuracy: 92.020

Epoch 260
Learning rate 2.00000e-02
[Training] Time: 120.771 seconds
[Training] Loss: 0.0807	Accuracy: 97.234
[Test] Accuracy: 92.590

Epoch 261
Learning rate 2.00000e-02
[Training] Time: 120.506 seconds
[Training] Loss: 0.0669	Accuracy: 97.770
[Test] Accuracy: 92.730

Epoch 262
Learning rate 2.00000e-02
[Training] Time: 120.734 seconds
[Training] Loss: 0.0589	Accuracy: 98.032
[Test] Accuracy: 92.750

Epoch 263
Learning rate 2.00000e-02
[Training] Time: 120.595 seconds
[Training] Loss: 0.0518	Accuracy: 98.258
[Test] Accuracy: 92.760

Epoch 264
Learning rate 2.00000e-02
[Training] Time: 120.521 seconds
[Training] Loss: 0.0449	Accuracy: 98.486
[Test] Accuracy: 93.120

Epoch 265
Learning rate 2.00000e-02
[Training] Time: 120.365 seconds
[Training] Loss: 0.0407	Accuracy: 98.612
[Test] Accuracy: 93.100

Epoch 266
Learning rate 2.00000e-02
[Training] Time: 120.557 seconds
[Training] Loss: 0.0386	Accuracy: 98.726
[Test] Accuracy: 92.740

Epoch 267
Learning rate 2.00000e-02
[Training] Time: 120.657 seconds
[Training] Loss: 0.0355	Accuracy: 98.770
[Test] Accuracy: 93.040

Epoch 268
Learning rate 2.00000e-02
[Training] Time: 120.673 seconds
[Training] Loss: 0.0341	Accuracy: 98.828
[Test] Accuracy: 93.010

Epoch 269
Learning rate 2.00000e-02
[Training] Time: 120.450 seconds
[Training] Loss: 0.0299	Accuracy: 99.060
[Test] Accuracy: 93.220

Epoch 270
Learning rate 2.00000e-02
[Training] Time: 120.467 seconds
[Training] Loss: 0.0290	Accuracy: 99.026
[Test] Accuracy: 92.950

Epoch 271
Learning rate 2.00000e-02
[Training] Time: 120.763 seconds
[Training] Loss: 0.0253	Accuracy: 99.222
[Test] Accuracy: 93.250

Epoch 272
Learning rate 2.00000e-02
[Training] Time: 120.851 seconds
[Training] Loss: 0.0260	Accuracy: 99.118
[Test] Accuracy: 93.300

Epoch 273
Learning rate 2.00000e-02
[Training] Time: 120.746 seconds
[Training] Loss: 0.0236	Accuracy: 99.216
[Test] Accuracy: 93.130

Epoch 274
Learning rate 2.00000e-02
[Training] Time: 120.719 seconds
[Training] Loss: 0.0215	Accuracy: 99.292
[Test] Accuracy: 93.090

Epoch 275
Learning rate 2.00000e-02
[Training] Time: 120.743 seconds
[Training] Loss: 0.0215	Accuracy: 99.282
[Test] Accuracy: 92.900

Epoch 276
Learning rate 2.00000e-02
[Training] Time: 120.479 seconds
[Training] Loss: 0.0191	Accuracy: 99.382
[Test] Accuracy: 92.860

Epoch 277
Learning rate 2.00000e-02
[Training] Time: 120.540 seconds
[Training] Loss: 0.0204	Accuracy: 99.326
[Test] Accuracy: 93.260

Epoch 278
Learning rate 2.00000e-02
[Training] Time: 120.668 seconds
[Training] Loss: 0.0194	Accuracy: 99.390
[Test] Accuracy: 92.780

Epoch 279
Learning rate 2.00000e-02
[Training] Time: 120.640 seconds
[Training] Loss: 0.0168	Accuracy: 99.440
[Test] Accuracy: 93.050

Epoch 280
Learning rate 2.00000e-02
[Training] Time: 120.608 seconds
[Training] Loss: 0.0176	Accuracy: 99.440
[Test] Accuracy: 93.390

Epoch 281
Learning rate 2.00000e-02
[Training] Time: 120.706 seconds
[Training] Loss: 0.0167	Accuracy: 99.480
[Test] Accuracy: 93.130

Epoch 282
Learning rate 2.00000e-02
[Training] Time: 120.653 seconds
[Training] Loss: 0.0169	Accuracy: 99.472
[Test] Accuracy: 93.250

Epoch 283
Learning rate 2.00000e-02
[Training] Time: 120.563 seconds
[Training] Loss: 0.0154	Accuracy: 99.484
[Test] Accuracy: 93.210

Epoch 284
Learning rate 2.00000e-02
[Training] Time: 120.513 seconds
[Training] Loss: 0.0163	Accuracy: 99.456
[Test] Accuracy: 93.000

Epoch 285
Learning rate 2.00000e-02
[Training] Time: 120.697 seconds
[Training] Loss: 0.0156	Accuracy: 99.490
[Test] Accuracy: 93.360

Epoch 286
Learning rate 2.00000e-02
[Training] Time: 120.693 seconds
[Training] Loss: 0.0127	Accuracy: 99.584
[Test] Accuracy: 93.080

Epoch 287
Learning rate 2.00000e-02
[Training] Time: 120.752 seconds
[Training] Loss: 0.0154	Accuracy: 99.472
[Test] Accuracy: 93.080

Epoch 288
Learning rate 2.00000e-02
[Training] Time: 120.672 seconds
[Training] Loss: 0.0136	Accuracy: 99.596
[Test] Accuracy: 93.020

Epoch 289
Learning rate 2.00000e-02
[Training] Time: 120.605 seconds
[Training] Loss: 0.0145	Accuracy: 99.508
[Test] Accuracy: 92.870

Epoch 290
Learning rate 2.00000e-02
[Training] Time: 120.557 seconds
[Training] Loss: 0.0135	Accuracy: 99.574
[Test] Accuracy: 93.090

Epoch 291
Learning rate 2.00000e-02
[Training] Time: 120.621 seconds
[Training] Loss: 0.0143	Accuracy: 99.518
[Test] Accuracy: 93.210

Epoch 292
Learning rate 2.00000e-02
[Training] Time: 120.746 seconds
[Training] Loss: 0.0138	Accuracy: 99.528
[Test] Accuracy: 92.820

Epoch 293
Learning rate 2.00000e-02
[Training] Time: 120.692 seconds
[Training] Loss: 0.0149	Accuracy: 99.470
[Test] Accuracy: 92.800

Epoch 294
Learning rate 2.00000e-02
[Training] Time: 120.799 seconds
[Training] Loss: 0.0142	Accuracy: 99.510
[Test] Accuracy: 92.930

Epoch 295
Learning rate 2.00000e-02
[Training] Time: 120.543 seconds
[Training] Loss: 0.0138	Accuracy: 99.542
[Test] Accuracy: 92.570

Epoch 296
Learning rate 2.00000e-02
[Training] Time: 120.634 seconds
[Training] Loss: 0.0143	Accuracy: 99.538
[Test] Accuracy: 92.890

Epoch 297
Learning rate 2.00000e-02
[Training] Time: 120.720 seconds
[Training] Loss: 0.0134	Accuracy: 99.552
[Test] Accuracy: 92.970

Epoch 298
Learning rate 2.00000e-02
[Training] Time: 120.589 seconds
[Training] Loss: 0.0146	Accuracy: 99.512
[Test] Accuracy: 93.000

Epoch 299
Learning rate 2.00000e-02
[Training] Time: 120.770 seconds
[Training] Loss: 0.0145	Accuracy: 99.530
[Test] Accuracy: 92.870

Epoch 300
Learning rate 2.00000e-02
[Training] Time: 120.583 seconds
[Training] Loss: 0.0145	Accuracy: 99.540
[Test] Accuracy: 93.030

Epoch 301
Learning rate 2.00000e-02
[Training] Time: 120.751 seconds
[Training] Loss: 0.0128	Accuracy: 99.612
[Test] Accuracy: 93.430

Epoch 302
Learning rate 2.00000e-02
[Training] Time: 120.475 seconds
[Training] Loss: 0.0151	Accuracy: 99.500
[Test] Accuracy: 92.680

Epoch 303
Learning rate 2.00000e-02
[Training] Time: 120.595 seconds
[Training] Loss: 0.0143	Accuracy: 99.534
[Test] Accuracy: 92.810

Epoch 304
Learning rate 2.00000e-02
[Training] Time: 120.844 seconds
[Training] Loss: 0.0157	Accuracy: 99.474
[Test] Accuracy: 92.720

Epoch 305
Learning rate 2.00000e-02
[Training] Time: 120.730 seconds
[Training] Loss: 0.0146	Accuracy: 99.486
[Test] Accuracy: 92.550

Epoch 306
Learning rate 2.00000e-02
[Training] Time: 120.842 seconds
[Training] Loss: 0.0146	Accuracy: 99.546
[Test] Accuracy: 92.980

Epoch 307
Learning rate 2.00000e-02
[Training] Time: 120.825 seconds
[Training] Loss: 0.0147	Accuracy: 99.494
[Test] Accuracy: 92.400

Epoch 308
Learning rate 2.00000e-02
[Training] Time: 120.807 seconds
[Training] Loss: 0.0168	Accuracy: 99.420
[Test] Accuracy: 92.590

Epoch 309
Learning rate 2.00000e-02
[Training] Time: 120.744 seconds
[Training] Loss: 0.0139	Accuracy: 99.544
[Test] Accuracy: 92.540

Epoch 310
Learning rate 2.00000e-02
[Training] Time: 120.696 seconds
[Training] Loss: 0.0165	Accuracy: 99.454
[Test] Accuracy: 92.820

Epoch 311
Learning rate 2.00000e-02
[Training] Time: 119.811 seconds
[Training] Loss: 0.0142	Accuracy: 99.582
[Test] Accuracy: 92.850

Epoch 312
Learning rate 2.00000e-02
[Training] Time: 120.516 seconds
[Training] Loss: 0.0140	Accuracy: 99.528
[Test] Accuracy: 92.950

Epoch 313
Learning rate 2.00000e-02
[Training] Time: 120.161 seconds
[Training] Loss: 0.0136	Accuracy: 99.542
[Test] Accuracy: 92.500

Epoch 314
Learning rate 2.00000e-02
[Training] Time: 119.271 seconds
[Training] Loss: 0.0164	Accuracy: 99.404
[Test] Accuracy: 92.400

Epoch 315
Learning rate 2.00000e-02
[Training] Time: 119.921 seconds
[Training] Loss: 0.0165	Accuracy: 99.470
[Test] Accuracy: 92.520

Epoch 316
Learning rate 2.00000e-02
[Training] Time: 120.308 seconds
[Training] Loss: 0.0160	Accuracy: 99.478
[Test] Accuracy: 92.380

Epoch 317
Learning rate 2.00000e-02
[Training] Time: 119.995 seconds
[Training] Loss: 0.0172	Accuracy: 99.418
[Test] Accuracy: 92.710

Epoch 318
Learning rate 2.00000e-02
[Training] Time: 120.249 seconds
[Training] Loss: 0.0168	Accuracy: 99.446
[Test] Accuracy: 92.710

Epoch 319
Learning rate 2.00000e-02
[Training] Time: 120.494 seconds
[Training] Loss: 0.0190	Accuracy: 99.350
[Test] Accuracy: 92.500

Epoch 320
Learning rate 2.00000e-02
[Training] Time: 120.442 seconds
[Training] Loss: 0.0172	Accuracy: 99.394
[Test] Accuracy: 92.350

Epoch 321
Learning rate 2.00000e-02
[Training] Time: 120.545 seconds
[Training] Loss: 0.0179	Accuracy: 99.378
[Test] Accuracy: 92.620

Epoch 322
Learning rate 2.00000e-02
[Training] Time: 120.419 seconds
[Training] Loss: 0.0186	Accuracy: 99.402
[Test] Accuracy: 92.370

Epoch 323
Learning rate 2.00000e-02
[Training] Time: 120.517 seconds
[Training] Loss: 0.0205	Accuracy: 99.316
[Test] Accuracy: 92.360

Epoch 324
Learning rate 2.00000e-02
[Training] Time: 120.621 seconds
[Training] Loss: 0.0184	Accuracy: 99.414
[Test] Accuracy: 92.580

Epoch 325
Learning rate 2.00000e-02
[Training] Time: 120.175 seconds
[Training] Loss: 0.0200	Accuracy: 99.298
[Test] Accuracy: 92.200

Epoch 326
Learning rate 2.00000e-02
[Training] Time: 120.557 seconds
[Training] Loss: 0.0192	Accuracy: 99.372
[Test] Accuracy: 92.520

Epoch 327
Learning rate 2.00000e-02
[Training] Time: 120.622 seconds
[Training] Loss: 0.0195	Accuracy: 99.364
[Test] Accuracy: 92.450

Epoch 328
Learning rate 2.00000e-02
[Training] Time: 120.980 seconds
[Training] Loss: 0.0188	Accuracy: 99.376
[Test] Accuracy: 92.500

Epoch 329
Learning rate 2.00000e-02
[Training] Time: 121.025 seconds
[Training] Loss: 0.0205	Accuracy: 99.324
[Test] Accuracy: 92.730

Epoch 330
Learning rate 2.00000e-02
[Training] Time: 120.387 seconds
[Training] Loss: 0.0195	Accuracy: 99.338
[Test] Accuracy: 92.670

Epoch 331
Learning rate 2.00000e-02
[Training] Time: 120.625 seconds
[Training] Loss: 0.0204	Accuracy: 99.312
[Test] Accuracy: 92.510

Epoch 332
Learning rate 2.00000e-02
[Training] Time: 120.656 seconds
[Training] Loss: 0.0216	Accuracy: 99.304
[Test] Accuracy: 92.350

Epoch 333
Learning rate 2.00000e-02
[Training] Time: 120.314 seconds
[Training] Loss: 0.0190	Accuracy: 99.360
[Test] Accuracy: 92.290

Epoch 334
Learning rate 2.00000e-02
[Training] Time: 120.209 seconds
[Training] Loss: 0.0217	Accuracy: 99.230
[Test] Accuracy: 92.170

Epoch 335
Learning rate 2.00000e-02
[Training] Time: 119.297 seconds
[Training] Loss: 0.0215	Accuracy: 99.258
[Test] Accuracy: 92.470

Epoch 336
Learning rate 2.00000e-02
[Training] Time: 120.405 seconds
[Training] Loss: 0.0248	Accuracy: 99.150
[Test] Accuracy: 91.870

Epoch 337
Learning rate 2.00000e-02
[Training] Time: 120.252 seconds
[Training] Loss: 0.0230	Accuracy: 99.244
[Test] Accuracy: 92.390

Epoch 338
Learning rate 2.00000e-02
[Training] Time: 120.365 seconds
[Training] Loss: 0.0225	Accuracy: 99.242
[Test] Accuracy: 92.790

Epoch 339
Learning rate 2.00000e-02
[Training] Time: 120.231 seconds
[Training] Loss: 0.0232	Accuracy: 99.198
[Test] Accuracy: 91.480

Epoch 340
Learning rate 2.00000e-02
[Training] Time: 120.522 seconds
[Training] Loss: 0.0247	Accuracy: 99.160
[Test] Accuracy: 91.860

Epoch 341
Learning rate 2.00000e-02
[Training] Time: 120.782 seconds
[Training] Loss: 0.0254	Accuracy: 99.120
[Test] Accuracy: 91.990

Epoch 342
Learning rate 2.00000e-02
[Training] Time: 120.892 seconds
[Training] Loss: 0.0231	Accuracy: 99.198
[Test] Accuracy: 92.470

Epoch 343
Learning rate 2.00000e-02
[Training] Time: 120.516 seconds
[Training] Loss: 0.0251	Accuracy: 99.184
[Test] Accuracy: 92.270

Epoch 344
Learning rate 2.00000e-02
[Training] Time: 120.972 seconds
[Training] Loss: 0.0250	Accuracy: 99.236
[Test] Accuracy: 92.500

Epoch 345
Learning rate 2.00000e-02
[Training] Time: 120.777 seconds
[Training] Loss: 0.0230	Accuracy: 99.198
[Test] Accuracy: 92.370

Epoch 346
Learning rate 2.00000e-02
[Training] Time: 120.507 seconds
[Training] Loss: 0.0250	Accuracy: 99.196
[Test] Accuracy: 92.200

Epoch 347
Learning rate 2.00000e-02
[Training] Time: 120.697 seconds
[Training] Loss: 0.0261	Accuracy: 99.108
[Test] Accuracy: 92.570

Epoch 348
Learning rate 2.00000e-02
[Training] Time: 120.888 seconds
[Training] Loss: 0.0241	Accuracy: 99.174
[Test] Accuracy: 92.530

Epoch 349
Learning rate 2.00000e-02
[Training] Time: 120.610 seconds
[Training] Loss: 0.0247	Accuracy: 99.132
[Test] Accuracy: 92.350

Epoch 350
Learning rate 2.00000e-02
[Training] Time: 120.552 seconds
[Training] Loss: 0.0248	Accuracy: 99.182
[Test] Accuracy: 92.270

Epoch 351
Learning rate 2.00000e-02
[Training] Time: 120.988 seconds
[Training] Loss: 0.0259	Accuracy: 99.102
[Test] Accuracy: 92.050

Epoch 352
Learning rate 2.00000e-02
[Training] Time: 120.656 seconds
[Training] Loss: 0.0294	Accuracy: 99.004
[Test] Accuracy: 92.070

Epoch 353
Learning rate 2.00000e-03
[Training] Time: 120.571 seconds
[Training] Loss: 0.0150	Accuracy: 99.516
[Test] Accuracy: 93.370

Epoch 354
Learning rate 2.00000e-03
[Training] Time: 120.723 seconds
[Training] Loss: 0.0089	Accuracy: 99.758
[Test] Accuracy: 93.410

Epoch 355
Learning rate 2.00000e-03
[Training] Time: 120.710 seconds
[Training] Loss: 0.0074	Accuracy: 99.798
[Test] Accuracy: 93.610

Epoch 356
Learning rate 2.00000e-03
[Training] Time: 120.678 seconds
[Training] Loss: 0.0063	Accuracy: 99.854
[Test] Accuracy: 93.580

Epoch 357
Learning rate 2.00000e-03
[Training] Time: 120.844 seconds
[Training] Loss: 0.0058	Accuracy: 99.860
[Test] Accuracy: 93.450

Epoch 358
Learning rate 2.00000e-03
[Training] Time: 120.653 seconds
[Training] Loss: 0.0052	Accuracy: 99.868
[Test] Accuracy: 93.710

Epoch 359
Learning rate 2.00000e-03
[Training] Time: 120.687 seconds
[Training] Loss: 0.0046	Accuracy: 99.892
[Test] Accuracy: 93.630

Epoch 360
Learning rate 2.00000e-03
[Training] Time: 120.834 seconds
[Training] Loss: 0.0038	Accuracy: 99.920
[Test] Accuracy: 93.730

Epoch 361
Learning rate 2.00000e-03
[Training] Time: 119.883 seconds
[Training] Loss: 0.0037	Accuracy: 99.914
[Test] Accuracy: 93.780

Epoch 362
Learning rate 2.00000e-03
[Training] Time: 119.398 seconds
[Training] Loss: 0.0042	Accuracy: 99.898
[Test] Accuracy: 93.730

Epoch 363
Learning rate 2.00000e-03
[Training] Time: 119.489 seconds
[Training] Loss: 0.0040	Accuracy: 99.898
[Test] Accuracy: 93.760

Epoch 364
Learning rate 2.00000e-03
[Training] Time: 119.438 seconds
[Training] Loss: 0.0033	Accuracy: 99.924
[Test] Accuracy: 93.870

Epoch 365
Learning rate 2.00000e-03
[Training] Time: 119.350 seconds
[Training] Loss: 0.0031	Accuracy: 99.930
[Test] Accuracy: 93.870

Epoch 366
Learning rate 2.00000e-03
[Training] Time: 119.397 seconds
[Training] Loss: 0.0032	Accuracy: 99.928
[Test] Accuracy: 93.860

Epoch 367
Learning rate 2.00000e-03
[Training] Time: 119.388 seconds
[Training] Loss: 0.0034	Accuracy: 99.920
[Test] Accuracy: 93.890

Epoch 368
Learning rate 2.00000e-03
[Training] Time: 119.343 seconds
[Training] Loss: 0.0030	Accuracy: 99.938
[Test] Accuracy: 93.950

Epoch 369
Learning rate 2.00000e-03
[Training] Time: 119.248 seconds
[Training] Loss: 0.0026	Accuracy: 99.934
[Test] Accuracy: 93.820

Epoch 370
Learning rate 2.00000e-03
[Training] Time: 119.357 seconds
[Training] Loss: 0.0028	Accuracy: 99.926
[Test] Accuracy: 93.890

Epoch 371
Learning rate 2.00000e-03
[Training] Time: 119.448 seconds
[Training] Loss: 0.0027	Accuracy: 99.940
[Test] Accuracy: 93.890

Epoch 372
Learning rate 2.00000e-03
[Training] Time: 119.505 seconds
[Training] Loss: 0.0023	Accuracy: 99.958
[Test] Accuracy: 93.770

Epoch 373
Learning rate 2.00000e-03
[Training] Time: 119.171 seconds
[Training] Loss: 0.0026	Accuracy: 99.942
[Test] Accuracy: 93.920

Epoch 374
Learning rate 2.00000e-03
[Training] Time: 119.380 seconds
[Training] Loss: 0.0023	Accuracy: 99.940
[Test] Accuracy: 93.860

Epoch 375
Learning rate 2.00000e-03
[Training] Time: 119.424 seconds
[Training] Loss: 0.0019	Accuracy: 99.964
[Test] Accuracy: 93.890

Epoch 376
Learning rate 2.00000e-03
[Training] Time: 119.435 seconds
[Training] Loss: 0.0021	Accuracy: 99.956
[Test] Accuracy: 93.950

Epoch 377
Learning rate 2.00000e-03
[Training] Time: 119.579 seconds
[Training] Loss: 0.0022	Accuracy: 99.952
[Test] Accuracy: 93.860

Epoch 378
Learning rate 2.00000e-03
[Training] Time: 119.362 seconds
[Training] Loss: 0.0017	Accuracy: 99.974
[Test] Accuracy: 93.950

Epoch 379
Learning rate 2.00000e-03
[Training] Time: 119.357 seconds
[Training] Loss: 0.0022	Accuracy: 99.950
[Test] Accuracy: 93.890

Epoch 380
Learning rate 2.00000e-03
[Training] Time: 119.485 seconds
[Training] Loss: 0.0022	Accuracy: 99.942
[Test] Accuracy: 93.840

Epoch 381
Learning rate 2.00000e-03
[Training] Time: 119.444 seconds
[Training] Loss: 0.0022	Accuracy: 99.950
[Test] Accuracy: 93.950

Epoch 382
Learning rate 2.00000e-03
[Training] Time: 119.110 seconds
[Training] Loss: 0.0020	Accuracy: 99.962
[Test] Accuracy: 93.900

Epoch 383
Learning rate 2.00000e-03
[Training] Time: 119.227 seconds
[Training] Loss: 0.0018	Accuracy: 99.960
[Test] Accuracy: 93.970

Epoch 384
Learning rate 2.00000e-03
[Training] Time: 119.175 seconds
[Training] Loss: 0.0019	Accuracy: 99.968
[Test] Accuracy: 93.760

Epoch 385
Learning rate 2.00000e-03
[Training] Time: 119.267 seconds
[Training] Loss: 0.0023	Accuracy: 99.944
[Test] Accuracy: 93.800

Epoch 386
Learning rate 2.00000e-03
[Training] Time: 119.325 seconds
[Training] Loss: 0.0019	Accuracy: 99.968
[Test] Accuracy: 93.870

Epoch 387
Learning rate 2.00000e-03
[Training] Time: 119.404 seconds
[Training] Loss: 0.0019	Accuracy: 99.954
[Test] Accuracy: 93.900

Epoch 388
Learning rate 2.00000e-03
[Training] Time: 119.494 seconds
[Training] Loss: 0.0016	Accuracy: 99.976
[Test] Accuracy: 93.880

Epoch 389
Learning rate 2.00000e-03
[Training] Time: 119.409 seconds
[Training] Loss: 0.0018	Accuracy: 99.958
[Test] Accuracy: 93.810

Epoch 390
Learning rate 2.00000e-03
[Training] Time: 119.441 seconds
[Training] Loss: 0.0016	Accuracy: 99.968
[Test] Accuracy: 93.760

Epoch 391
Learning rate 2.00000e-03
[Training] Time: 119.413 seconds
[Training] Loss: 0.0018	Accuracy: 99.962
[Test] Accuracy: 93.830

Epoch 392
Learning rate 2.00000e-03
[Training] Time: 119.305 seconds
[Training] Loss: 0.0018	Accuracy: 99.958
[Test] Accuracy: 93.780

Epoch 393
Learning rate 2.00000e-03
[Training] Time: 119.145 seconds
[Training] Loss: 0.0016	Accuracy: 99.968
[Test] Accuracy: 93.800

Epoch 394
Learning rate 2.00000e-03
[Training] Time: 119.361 seconds
[Training] Loss: 0.0015	Accuracy: 99.978
[Test] Accuracy: 93.830

Epoch 395
Learning rate 2.00000e-03
[Training] Time: 119.096 seconds
[Training] Loss: 0.0014	Accuracy: 99.974
[Test] Accuracy: 93.770

Epoch 396
Learning rate 2.00000e-03
[Training] Time: 119.265 seconds
[Training] Loss: 0.0012	Accuracy: 99.984
[Test] Accuracy: 93.810

Epoch 397
Learning rate 2.00000e-03
[Training] Time: 119.359 seconds
[Training] Loss: 0.0013	Accuracy: 99.970
[Test] Accuracy: 93.760

Epoch 398
Learning rate 2.00000e-03
[Training] Time: 119.485 seconds
[Training] Loss: 0.0013	Accuracy: 99.970
[Test] Accuracy: 93.870

Epoch 399
Learning rate 2.00000e-03
[Training] Time: 119.712 seconds
[Training] Loss: 0.0012	Accuracy: 99.974
[Test] Accuracy: 93.850

Epoch 400
Learning rate 2.00000e-03
[Training] Time: 119.550 seconds
[Training] Loss: 0.0018	Accuracy: 99.962
[Test] Accuracy: 93.880

Epoch 401
Learning rate 2.00000e-03
[Training] Time: 119.449 seconds
[Training] Loss: 0.0014	Accuracy: 99.974
[Test] Accuracy: 93.880

Epoch 402
Learning rate 2.00000e-03
[Training] Time: 119.730 seconds
[Training] Loss: 0.0015	Accuracy: 99.976
[Test] Accuracy: 93.870

Epoch 403
Learning rate 2.00000e-03
[Training] Time: 119.383 seconds
[Training] Loss: 0.0012	Accuracy: 99.976
[Test] Accuracy: 94.030

Epoch 404
Learning rate 2.00000e-03
[Training] Time: 119.358 seconds
[Training] Loss: 0.0012	Accuracy: 99.978
[Test] Accuracy: 93.880

Epoch 405
Learning rate 2.00000e-03
[Training] Time: 119.549 seconds
[Training] Loss: 0.0016	Accuracy: 99.968
[Test] Accuracy: 93.780

Epoch 406
Learning rate 2.00000e-03
[Training] Time: 119.321 seconds
[Training] Loss: 0.0012	Accuracy: 99.978
[Test] Accuracy: 93.720

Epoch 407
Learning rate 2.00000e-03
[Training] Time: 119.170 seconds
[Training] Loss: 0.0010	Accuracy: 99.984
[Test] Accuracy: 93.700

Epoch 408
Learning rate 2.00000e-03
[Training] Time: 119.588 seconds
[Training] Loss: 0.0012	Accuracy: 99.982
[Test] Accuracy: 93.720

Epoch 409
Learning rate 2.00000e-03
[Training] Time: 119.197 seconds
[Training] Loss: 0.0012	Accuracy: 99.984
[Test] Accuracy: 93.740

Epoch 410
Learning rate 2.00000e-03
[Training] Time: 119.508 seconds
[Training] Loss: 0.0011	Accuracy: 99.988
[Test] Accuracy: 93.760

Epoch 411
Learning rate 2.00000e-03
[Training] Time: 119.402 seconds
[Training] Loss: 0.0012	Accuracy: 99.982
[Test] Accuracy: 93.820

Epoch 412
Learning rate 2.00000e-03
[Training] Time: 119.961 seconds
[Training] Loss: 0.0010	Accuracy: 99.988
[Test] Accuracy: 93.690

Epoch 413
Learning rate 2.00000e-03
[Training] Time: 120.234 seconds
[Training] Loss: 0.0012	Accuracy: 99.972
[Test] Accuracy: 93.660

Epoch 414
Learning rate 2.00000e-03
[Training] Time: 120.347 seconds
[Training] Loss: 0.0011	Accuracy: 99.988
[Test] Accuracy: 93.830

Epoch 415
Learning rate 2.00000e-03
[Training] Time: 120.094 seconds
[Training] Loss: 0.0013	Accuracy: 99.968
[Test] Accuracy: 93.800

Epoch 416
Learning rate 2.00000e-03
[Training] Time: 120.230 seconds
[Training] Loss: 0.0011	Accuracy: 99.982
[Test] Accuracy: 93.920

Epoch 417
Learning rate 2.00000e-03
[Training] Time: 120.158 seconds
[Training] Loss: 0.0012	Accuracy: 99.976
[Test] Accuracy: 93.850

Epoch 418
Learning rate 2.00000e-03
[Training] Time: 120.209 seconds
[Training] Loss: 0.0011	Accuracy: 99.974
[Test] Accuracy: 93.940

Epoch 419
Learning rate 2.00000e-03
[Training] Time: 120.166 seconds
[Training] Loss: 0.0013	Accuracy: 99.974
[Test] Accuracy: 93.820

Epoch 420
Learning rate 2.00000e-03
[Training] Time: 120.141 seconds
[Training] Loss: 0.0011	Accuracy: 99.986
[Test] Accuracy: 93.880

Epoch 421
Learning rate 2.00000e-03
[Training] Time: 120.224 seconds
[Training] Loss: 0.0009	Accuracy: 99.990
[Test] Accuracy: 93.780

Epoch 422
Learning rate 2.00000e-03
[Training] Time: 120.057 seconds
[Training] Loss: 0.0012	Accuracy: 99.978
[Test] Accuracy: 93.730

Epoch 423
Learning rate 2.00000e-03
[Training] Time: 119.461 seconds
[Training] Loss: 0.0012	Accuracy: 99.978
[Test] Accuracy: 93.780

Epoch 424
Learning rate 2.00000e-03
[Training] Time: 119.291 seconds
[Training] Loss: 0.0010	Accuracy: 99.988
[Test] Accuracy: 93.720

Epoch 425
Learning rate 2.00000e-03
[Training] Time: 119.411 seconds
[Training] Loss: 0.0011	Accuracy: 99.976
[Test] Accuracy: 93.750

Epoch 426
Learning rate 2.00000e-03
[Training] Time: 119.422 seconds
[Training] Loss: 0.0011	Accuracy: 99.972
[Test] Accuracy: 93.960

Epoch 427
Learning rate 2.00000e-03
[Training] Time: 119.269 seconds
[Training] Loss: 0.0008	Accuracy: 99.988
[Test] Accuracy: 93.850

Epoch 428
Learning rate 2.00000e-03
[Training] Time: 119.388 seconds
[Training] Loss: 0.0008	Accuracy: 99.990
[Test] Accuracy: 93.890

Epoch 429
Learning rate 2.00000e-03
[Training] Time: 119.337 seconds
[Training] Loss: 0.0009	Accuracy: 99.990
[Test] Accuracy: 93.820

Epoch 430
Learning rate 2.00000e-03
[Training] Time: 119.270 seconds
[Training] Loss: 0.0010	Accuracy: 99.988
[Test] Accuracy: 93.810

Epoch 431
Learning rate 2.00000e-03
[Training] Time: 119.354 seconds
[Training] Loss: 0.0008	Accuracy: 99.994
[Test] Accuracy: 93.880

Epoch 432
Learning rate 2.00000e-03
[Training] Time: 119.494 seconds
[Training] Loss: 0.0011	Accuracy: 99.978
[Test] Accuracy: 93.860

Epoch 433
Learning rate 2.00000e-03
[Training] Time: 119.348 seconds
[Training] Loss: 0.0010	Accuracy: 99.982
[Test] Accuracy: 93.870

Epoch 434
Learning rate 2.00000e-03
[Training] Time: 119.315 seconds
[Training] Loss: 0.0013	Accuracy: 99.974
[Test] Accuracy: 93.890

Epoch 435
Learning rate 2.00000e-03
[Training] Time: 119.488 seconds
[Training] Loss: 0.0010	Accuracy: 99.988
[Test] Accuracy: 93.790

Epoch 436
Learning rate 2.00000e-03
[Training] Time: 119.409 seconds
[Training] Loss: 0.0012	Accuracy: 99.974
[Test] Accuracy: 93.900

Epoch 437
Learning rate 2.00000e-03
[Training] Time: 119.433 seconds
[Training] Loss: 0.0009	Accuracy: 99.988
[Test] Accuracy: 93.860

Epoch 438
Learning rate 2.00000e-03
[Training] Time: 119.360 seconds
[Training] Loss: 0.0009	Accuracy: 99.988
[Test] Accuracy: 93.810

Epoch 439
Learning rate 2.00000e-03
[Training] Time: 119.505 seconds
[Training] Loss: 0.0009	Accuracy: 99.980
[Test] Accuracy: 93.840

Epoch 440
Learning rate 2.00000e-03
[Training] Time: 119.435 seconds
[Training] Loss: 0.0010	Accuracy: 99.974
[Test] Accuracy: 93.920

Epoch 441
Learning rate 2.00000e-03
[Training] Time: 119.522 seconds
[Training] Loss: 0.0011	Accuracy: 99.980
[Test] Accuracy: 93.830

Epoch 442
Learning rate 2.00000e-03
[Training] Time: 119.479 seconds
[Training] Loss: 0.0010	Accuracy: 99.978
[Test] Accuracy: 93.920

Epoch 443
Learning rate 2.00000e-03
[Training] Time: 119.461 seconds
[Training] Loss: 0.0011	Accuracy: 99.960
[Test] Accuracy: 93.830

Epoch 444
Learning rate 2.00000e-03
[Training] Time: 119.644 seconds
[Training] Loss: 0.0010	Accuracy: 99.980
[Test] Accuracy: 93.880

Epoch 445
Learning rate 2.00000e-03
[Training] Time: 119.600 seconds
[Training] Loss: 0.0008	Accuracy: 99.986
[Test] Accuracy: 93.880

Epoch 446
Learning rate 2.00000e-03
[Training] Time: 119.645 seconds
[Training] Loss: 0.0010	Accuracy: 99.984
[Test] Accuracy: 93.800

Epoch 447
Learning rate 2.00000e-03
[Training] Time: 119.497 seconds
[Training] Loss: 0.0009	Accuracy: 99.990
[Test] Accuracy: 93.840

Epoch 448
Learning rate 2.00000e-03
[Training] Time: 119.505 seconds
[Training] Loss: 0.0011	Accuracy: 99.978
[Test] Accuracy: 93.930

Epoch 449
Learning rate 2.00000e-03
[Training] Time: 119.622 seconds
[Training] Loss: 0.0010	Accuracy: 99.982
[Test] Accuracy: 93.860

Epoch 450
Learning rate 2.00000e-03
[Training] Time: 119.751 seconds
[Training] Loss: 0.0009	Accuracy: 99.980
[Test] Accuracy: 93.880

Epoch 451
Learning rate 2.00000e-03
[Training] Time: 119.603 seconds
[Training] Loss: 0.0010	Accuracy: 99.980
[Test] Accuracy: 93.870

Epoch 452
Learning rate 2.00000e-03
[Training] Time: 119.611 seconds
[Training] Loss: 0.0008	Accuracy: 99.982
[Test] Accuracy: 93.890

Epoch 453
Learning rate 2.00000e-03
[Training] Time: 119.627 seconds
[Training] Loss: 0.0009	Accuracy: 99.990
[Test] Accuracy: 94.020

Epoch 454
Learning rate 2.00000e-03
[Training] Time: 119.649 seconds
[Training] Loss: 0.0008	Accuracy: 99.988
[Test] Accuracy: 93.890

Epoch 455
Learning rate 2.00000e-04
[Training] Time: 119.580 seconds
[Training] Loss: 0.0009	Accuracy: 99.988
[Test] Accuracy: 93.970

Epoch 456
Learning rate 2.00000e-04
[Training] Time: 119.747 seconds
[Training] Loss: 0.0007	Accuracy: 99.992
[Test] Accuracy: 94.030

Epoch 457
Learning rate 2.00000e-04
[Training] Time: 119.547 seconds
[Training] Loss: 0.0009	Accuracy: 99.990
[Test] Accuracy: 93.900

Epoch 458
Learning rate 2.00000e-04
[Training] Time: 119.858 seconds
[Training] Loss: 0.0011	Accuracy: 99.978
[Test] Accuracy: 93.980

Epoch 459
Learning rate 2.00000e-04
[Training] Time: 120.047 seconds
[Training] Loss: 0.0007	Accuracy: 99.990
[Test] Accuracy: 93.940

Epoch 460
Learning rate 2.00000e-04
[Training] Time: 119.778 seconds
[Training] Loss: 0.0008	Accuracy: 99.986
[Test] Accuracy: 93.970

Epoch 461
Learning rate 2.00000e-04
[Training] Time: 120.605 seconds
[Training] Loss: 0.0010	Accuracy: 99.980
[Test] Accuracy: 93.990

Epoch 462
Learning rate 2.00000e-04
[Training] Time: 120.102 seconds
[Training] Loss: 0.0007	Accuracy: 99.990
[Test] Accuracy: 93.940

Epoch 463
Learning rate 2.00000e-04
[Training] Time: 119.861 seconds
[Training] Loss: 0.0008	Accuracy: 99.988
[Test] Accuracy: 93.920

Epoch 464
Learning rate 2.00000e-04
[Training] Time: 120.332 seconds
[Training] Loss: 0.0009	Accuracy: 99.988
[Test] Accuracy: 93.920

Epoch 465
Learning rate 2.00000e-04
[Training] Time: 119.899 seconds
[Training] Loss: 0.0008	Accuracy: 99.986
[Test] Accuracy: 93.900

Epoch 466
Learning rate 2.00000e-04
[Training] Time: 119.907 seconds
[Training] Loss: 0.0006	Accuracy: 99.998
[Test] Accuracy: 94.050

Epoch 467
Learning rate 2.00000e-04
[Training] Time: 119.971 seconds
[Training] Loss: 0.0007	Accuracy: 99.988
[Test] Accuracy: 93.970

Epoch 468
Learning rate 2.00000e-04
[Training] Time: 120.086 seconds
[Training] Loss: 0.0007	Accuracy: 99.994
[Test] Accuracy: 93.910

Epoch 469
Learning rate 2.00000e-04
[Training] Time: 119.947 seconds
[Training] Loss: 0.0008	Accuracy: 99.986
[Test] Accuracy: 93.980

Epoch 470
Learning rate 2.00000e-04
[Training] Time: 119.140 seconds
[Training] Loss: 0.0007	Accuracy: 99.990
[Test] Accuracy: 93.930

Epoch 471
Learning rate 2.00000e-04
[Training] Time: 120.321 seconds
[Training] Loss: 0.0009	Accuracy: 99.982
[Test] Accuracy: 94.000

Epoch 472
Learning rate 2.00000e-04
[Training] Time: 120.624 seconds
[Training] Loss: 0.0006	Accuracy: 99.996
[Test] Accuracy: 94.030

Epoch 473
Learning rate 2.00000e-04
[Training] Time: 120.762 seconds
[Training] Loss: 0.0008	Accuracy: 99.986
[Test] Accuracy: 94.010

Epoch 474
Learning rate 2.00000e-04
[Training] Time: 120.745 seconds
[Training] Loss: 0.0008	Accuracy: 99.992
[Test] Accuracy: 93.870

Epoch 475
Learning rate 2.00000e-04
[Training] Time: 120.754 seconds
[Training] Loss: 0.0007	Accuracy: 99.988
[Test] Accuracy: 93.970

Epoch 476
Learning rate 2.00000e-04
[Training] Time: 120.588 seconds
[Training] Loss: 0.0007	Accuracy: 99.992
[Test] Accuracy: 93.930

Epoch 477
Learning rate 2.00000e-04
[Training] Time: 120.701 seconds
[Training] Loss: 0.0007	Accuracy: 99.994
[Test] Accuracy: 93.970

Epoch 478
Learning rate 2.00000e-04
[Training] Time: 120.631 seconds
[Training] Loss: 0.0007	Accuracy: 99.992
[Test] Accuracy: 93.950

Epoch 479
Learning rate 2.00000e-04
[Training] Time: 120.684 seconds
[Training] Loss: 0.0007	Accuracy: 99.992
[Test] Accuracy: 93.970

Epoch 480
Learning rate 2.00000e-04
[Training] Time: 120.945 seconds
[Training] Loss: 0.0007	Accuracy: 99.988
[Test] Accuracy: 93.930

Epoch 481
Learning rate 2.00000e-04
[Training] Time: 121.021 seconds
[Training] Loss: 0.0007	Accuracy: 99.990
[Test] Accuracy: 94.020

Epoch 482
Learning rate 2.00000e-04
[Training] Time: 120.314 seconds
[Training] Loss: 0.0006	Accuracy: 99.996
[Test] Accuracy: 93.960

Epoch 483
Learning rate 2.00000e-04
[Training] Time: 120.424 seconds
[Training] Loss: 0.0008	Accuracy: 99.988
[Test] Accuracy: 93.950

Epoch 484
Learning rate 2.00000e-04
[Training] Time: 120.463 seconds
[Training] Loss: 0.0007	Accuracy: 99.994
[Test] Accuracy: 93.950

Epoch 485
Learning rate 2.00000e-04
[Training] Time: 120.805 seconds
[Training] Loss: 0.0007	Accuracy: 99.990
[Test] Accuracy: 93.970

Epoch 486
Learning rate 2.00000e-04
[Training] Time: 119.971 seconds
[Training] Loss: 0.0009	Accuracy: 99.982
[Test] Accuracy: 93.910

Epoch 487
Learning rate 2.00000e-04
[Training] Time: 120.018 seconds
[Training] Loss: 0.0009	Accuracy: 99.980
[Test] Accuracy: 94.040

Epoch 488
Learning rate 2.00000e-04
[Training] Time: 120.177 seconds
[Training] Loss: 0.0008	Accuracy: 99.982
[Test] Accuracy: 94.010

Epoch 489
Learning rate 2.00000e-04
[Training] Time: 120.058 seconds
[Training] Loss: 0.0008	Accuracy: 99.990
[Test] Accuracy: 93.960

Epoch 490
Learning rate 2.00000e-04
[Training] Time: 119.938 seconds
[Training] Loss: 0.0007	Accuracy: 99.988
[Test] Accuracy: 93.960

Epoch 491
Learning rate 2.00000e-04
[Training] Time: 119.986 seconds
[Training] Loss: 0.0007	Accuracy: 99.992
[Test] Accuracy: 94.020

Epoch 492
Learning rate 2.00000e-04
[Training] Time: 120.211 seconds
[Training] Loss: 0.0007	Accuracy: 99.988
[Test] Accuracy: 93.950

Epoch 493
Learning rate 2.00000e-04
[Training] Time: 120.244 seconds
[Training] Loss: 0.0007	Accuracy: 99.990
[Test] Accuracy: 93.980

Epoch 494
Learning rate 2.00000e-04
[Training] Time: 119.538 seconds
[Training] Loss: 0.0006	Accuracy: 99.994
[Test] Accuracy: 93.960

Epoch 495
Learning rate 2.00000e-04
[Training] Time: 120.362 seconds
[Training] Loss: 0.0007	Accuracy: 99.990
[Test] Accuracy: 93.960

Epoch 496
Learning rate 2.00000e-04
[Training] Time: 120.139 seconds
[Training] Loss: 0.0008	Accuracy: 99.986
[Test] Accuracy: 93.940

Epoch 497
Learning rate 2.00000e-04
[Training] Time: 119.909 seconds
[Training] Loss: 0.0008	Accuracy: 99.984
[Test] Accuracy: 94.050

Epoch 498
Learning rate 2.00000e-04
[Training] Time: 119.878 seconds
[Training] Loss: 0.0007	Accuracy: 99.994
[Test] Accuracy: 93.990

Epoch 499
Learning rate 2.00000e-04
[Training] Time: 120.175 seconds
[Training] Loss: 0.0007	Accuracy: 99.994
[Test] Accuracy: 93.990

Model training finished.
Writing experimental setup to save_resnet110
Dumping training statistics to save_resnet110
Time: 63732.187 seconds. ( 17 hours 42 minutes 12.187 seconds)
Best Accuracy: 94.050 occured at epoch 466
Program Exiting
