Creating directory at save_resnet20
Files already downloaded and verified
Starting training from epoch 0 to 500

Epoch 0
Learning rate 5.00000e-02
[Training] Time: 22.457 seconds
[Training] Loss: 1.6501	Accuracy: 39.524
[Test] Accuracy: 50.330

Epoch 1
Learning rate 5.00000e-02
[Training] Time: 22.051 seconds
[Training] Loss: 1.1264	Accuracy: 59.214
[Test] Accuracy: 58.050

Epoch 2
Learning rate 5.00000e-02
[Training] Time: 21.975 seconds
[Training] Loss: 0.9102	Accuracy: 67.680
[Test] Accuracy: 68.490

Epoch 3
Learning rate 5.00000e-02
[Training] Time: 22.137 seconds
[Training] Loss: 0.7747	Accuracy: 72.800
[Test] Accuracy: 71.440

Epoch 4
Learning rate 5.00000e-02
[Training] Time: 21.991 seconds
[Training] Loss: 0.6919	Accuracy: 75.822
[Test] Accuracy: 75.820

Epoch 5
Learning rate 5.00000e-02
[Training] Time: 22.092 seconds
[Training] Loss: 0.6224	Accuracy: 78.418
[Test] Accuracy: 76.550

Epoch 6
Learning rate 5.00000e-02
[Training] Time: 21.999 seconds
[Training] Loss: 0.5816	Accuracy: 79.714
[Test] Accuracy: 76.650

Epoch 7
Learning rate 5.00000e-02
[Training] Time: 22.133 seconds
[Training] Loss: 0.5452	Accuracy: 81.130
[Test] Accuracy: 77.990

Epoch 8
Learning rate 5.00000e-02
[Training] Time: 22.040 seconds
[Training] Loss: 0.5146	Accuracy: 82.066
[Test] Accuracy: 80.800

Epoch 9
Learning rate 5.00000e-02
[Training] Time: 22.084 seconds
[Training] Loss: 0.4914	Accuracy: 82.948
[Test] Accuracy: 81.240

Epoch 10
Learning rate 5.00000e-02
[Training] Time: 22.007 seconds
[Training] Loss: 0.4638	Accuracy: 84.026
[Test] Accuracy: 80.060

Epoch 11
Learning rate 5.00000e-02
[Training] Time: 22.106 seconds
[Training] Loss: 0.4460	Accuracy: 84.584
[Test] Accuracy: 78.990

Epoch 12
Learning rate 5.00000e-02
[Training] Time: 22.012 seconds
[Training] Loss: 0.4270	Accuracy: 84.978
[Test] Accuracy: 82.660

Epoch 13
Learning rate 5.00000e-02
[Training] Time: 22.197 seconds
[Training] Loss: 0.4177	Accuracy: 85.416
[Test] Accuracy: 81.370

Epoch 14
Learning rate 5.00000e-02
[Training] Time: 22.050 seconds
[Training] Loss: 0.4002	Accuracy: 86.094
[Test] Accuracy: 80.880

Epoch 15
Learning rate 5.00000e-02
[Training] Time: 22.092 seconds
[Training] Loss: 0.3867	Accuracy: 86.632
[Test] Accuracy: 82.410

Epoch 16
Learning rate 5.00000e-02
[Training] Time: 22.080 seconds
[Training] Loss: 0.3779	Accuracy: 86.716
[Test] Accuracy: 81.210

Epoch 17
Learning rate 5.00000e-02
[Training] Time: 22.128 seconds
[Training] Loss: 0.3665	Accuracy: 87.426
[Test] Accuracy: 84.370

Epoch 18
Learning rate 5.00000e-02
[Training] Time: 22.019 seconds
[Training] Loss: 0.3600	Accuracy: 87.368
[Test] Accuracy: 79.790

Epoch 19
Learning rate 5.00000e-02
[Training] Time: 22.139 seconds
[Training] Loss: 0.3471	Accuracy: 87.682
[Test] Accuracy: 82.930

Epoch 20
Learning rate 5.00000e-02
[Training] Time: 22.049 seconds
[Training] Loss: 0.3413	Accuracy: 88.076
[Test] Accuracy: 85.600

Epoch 21
Learning rate 5.00000e-02
[Training] Time: 22.148 seconds
[Training] Loss: 0.3376	Accuracy: 88.218
[Test] Accuracy: 83.510

Epoch 22
Learning rate 5.00000e-02
[Training] Time: 22.094 seconds
[Training] Loss: 0.3273	Accuracy: 88.684
[Test] Accuracy: 78.670

Epoch 23
Learning rate 5.00000e-02
[Training] Time: 22.076 seconds
[Training] Loss: 0.3192	Accuracy: 88.860
[Test] Accuracy: 84.540

Epoch 24
Learning rate 5.00000e-02
[Training] Time: 22.013 seconds
[Training] Loss: 0.3166	Accuracy: 88.958
[Test] Accuracy: 84.570

Epoch 25
Learning rate 5.00000e-02
[Training] Time: 22.105 seconds
[Training] Loss: 0.3152	Accuracy: 88.848
[Test] Accuracy: 84.080

Epoch 26
Learning rate 5.00000e-02
[Training] Time: 22.015 seconds
[Training] Loss: 0.3045	Accuracy: 89.370
[Test] Accuracy: 85.200

Epoch 27
Learning rate 5.00000e-02
[Training] Time: 22.141 seconds
[Training] Loss: 0.2988	Accuracy: 89.436
[Test] Accuracy: 85.840

Epoch 28
Learning rate 5.00000e-02
[Training] Time: 22.057 seconds
[Training] Loss: 0.2893	Accuracy: 89.982
[Test] Accuracy: 84.860

Epoch 29
Learning rate 5.00000e-02
[Training] Time: 22.120 seconds
[Training] Loss: 0.2868	Accuracy: 89.970
[Test] Accuracy: 83.450

Epoch 30
Learning rate 5.00000e-02
[Training] Time: 22.052 seconds
[Training] Loss: 0.2804	Accuracy: 90.026
[Test] Accuracy: 84.480

Epoch 31
Learning rate 5.00000e-02
[Training] Time: 22.108 seconds
[Training] Loss: 0.2732	Accuracy: 90.422
[Test] Accuracy: 83.790

Epoch 32
Learning rate 5.00000e-02
[Training] Time: 22.055 seconds
[Training] Loss: 0.2773	Accuracy: 90.160
[Test] Accuracy: 85.200

Epoch 33
Learning rate 5.00000e-02
[Training] Time: 22.173 seconds
[Training] Loss: 0.2727	Accuracy: 90.406
[Test] Accuracy: 85.970

Epoch 34
Learning rate 5.00000e-02
[Training] Time: 22.072 seconds
[Training] Loss: 0.2665	Accuracy: 90.596
[Test] Accuracy: 82.900

Epoch 35
Learning rate 5.00000e-02
[Training] Time: 22.135 seconds
[Training] Loss: 0.2636	Accuracy: 90.744
[Test] Accuracy: 84.960

Epoch 36
Learning rate 5.00000e-02
[Training] Time: 22.037 seconds
[Training] Loss: 0.2582	Accuracy: 90.912
[Test] Accuracy: 84.920

Epoch 37
Learning rate 5.00000e-02
[Training] Time: 22.124 seconds
[Training] Loss: 0.2568	Accuracy: 91.014
[Test] Accuracy: 86.140

Epoch 38
Learning rate 5.00000e-02
[Training] Time: 22.038 seconds
[Training] Loss: 0.2484	Accuracy: 91.336
[Test] Accuracy: 86.800

Epoch 39
Learning rate 5.00000e-02
[Training] Time: 22.164 seconds
[Training] Loss: 0.2462	Accuracy: 91.434
[Test] Accuracy: 86.060

Epoch 40
Learning rate 5.00000e-02
[Training] Time: 22.069 seconds
[Training] Loss: 0.2445	Accuracy: 91.354
[Test] Accuracy: 86.850

Epoch 41
Learning rate 5.00000e-02
[Training] Time: 22.113 seconds
[Training] Loss: 0.2430	Accuracy: 91.544
[Test] Accuracy: 85.610

Epoch 42
Learning rate 5.00000e-02
[Training] Time: 22.049 seconds
[Training] Loss: 0.2403	Accuracy: 91.624
[Test] Accuracy: 86.270

Epoch 43
Learning rate 5.00000e-02
[Training] Time: 22.108 seconds
[Training] Loss: 0.2407	Accuracy: 91.492
[Test] Accuracy: 87.040

Epoch 44
Learning rate 5.00000e-02
[Training] Time: 22.030 seconds
[Training] Loss: 0.2380	Accuracy: 91.538
[Test] Accuracy: 86.770

Epoch 45
Learning rate 5.00000e-02
[Training] Time: 22.122 seconds
[Training] Loss: 0.2262	Accuracy: 92.046
[Test] Accuracy: 86.260

Epoch 46
Learning rate 5.00000e-02
[Training] Time: 22.056 seconds
[Training] Loss: 0.2320	Accuracy: 91.732
[Test] Accuracy: 86.530

Epoch 47
Learning rate 5.00000e-02
[Training] Time: 22.184 seconds
[Training] Loss: 0.2284	Accuracy: 91.920
[Test] Accuracy: 85.970

Epoch 48
Learning rate 5.00000e-02
[Training] Time: 22.061 seconds
[Training] Loss: 0.2233	Accuracy: 92.178
[Test] Accuracy: 86.300

Epoch 49
Learning rate 5.00000e-02
[Training] Time: 22.142 seconds
[Training] Loss: 0.2239	Accuracy: 92.134
[Test] Accuracy: 84.590

Epoch 50
Learning rate 5.00000e-02
[Training] Time: 22.054 seconds
[Training] Loss: 0.2201	Accuracy: 92.192
[Test] Accuracy: 86.310

Epoch 51
Learning rate 5.00000e-02
[Training] Time: 22.168 seconds
[Training] Loss: 0.2187	Accuracy: 92.344
[Test] Accuracy: 86.390

Epoch 52
Learning rate 5.00000e-02
[Training] Time: 22.082 seconds
[Training] Loss: 0.2219	Accuracy: 92.096
[Test] Accuracy: 87.030

Epoch 53
Learning rate 5.00000e-02
[Training] Time: 22.140 seconds
[Training] Loss: 0.2120	Accuracy: 92.546
[Test] Accuracy: 85.700

Epoch 54
Learning rate 5.00000e-02
[Training] Time: 22.032 seconds
[Training] Loss: 0.2165	Accuracy: 92.258
[Test] Accuracy: 85.200

Epoch 55
Learning rate 5.00000e-02
[Training] Time: 22.175 seconds
[Training] Loss: 0.2148	Accuracy: 92.374
[Test] Accuracy: 87.070

Epoch 56
Learning rate 5.00000e-02
[Training] Time: 22.045 seconds
[Training] Loss: 0.2139	Accuracy: 92.362
[Test] Accuracy: 85.770

Epoch 57
Learning rate 5.00000e-02
[Training] Time: 22.142 seconds
[Training] Loss: 0.2052	Accuracy: 92.698
[Test] Accuracy: 84.070

Epoch 58
Learning rate 5.00000e-02
[Training] Time: 22.043 seconds
[Training] Loss: 0.2100	Accuracy: 92.620
[Test] Accuracy: 86.640

Epoch 59
Learning rate 5.00000e-02
[Training] Time: 22.108 seconds
[Training] Loss: 0.2052	Accuracy: 92.760
[Test] Accuracy: 86.880

Epoch 60
Learning rate 5.00000e-02
[Training] Time: 22.049 seconds
[Training] Loss: 0.2087	Accuracy: 92.464
[Test] Accuracy: 85.830

Epoch 61
Learning rate 5.00000e-02
[Training] Time: 22.158 seconds
[Training] Loss: 0.1988	Accuracy: 92.798
[Test] Accuracy: 85.760

Epoch 62
Learning rate 5.00000e-02
[Training] Time: 22.055 seconds
[Training] Loss: 0.2001	Accuracy: 93.018
[Test] Accuracy: 86.180

Epoch 63
Learning rate 5.00000e-02
[Training] Time: 22.138 seconds
[Training] Loss: 0.1996	Accuracy: 92.920
[Test] Accuracy: 87.900

Epoch 64
Learning rate 5.00000e-02
[Training] Time: 22.066 seconds
[Training] Loss: 0.1985	Accuracy: 92.890
[Test] Accuracy: 87.140

Epoch 65
Learning rate 5.00000e-02
[Training] Time: 22.195 seconds
[Training] Loss: 0.2010	Accuracy: 92.844
[Test] Accuracy: 87.260

Epoch 66
Learning rate 5.00000e-02
[Training] Time: 22.034 seconds
[Training] Loss: 0.1988	Accuracy: 92.966
[Test] Accuracy: 86.820

Epoch 67
Learning rate 5.00000e-02
[Training] Time: 22.164 seconds
[Training] Loss: 0.1972	Accuracy: 93.024
[Test] Accuracy: 84.010

Epoch 68
Learning rate 5.00000e-02
[Training] Time: 22.029 seconds
[Training] Loss: 0.1896	Accuracy: 93.268
[Test] Accuracy: 84.840

Epoch 69
Learning rate 5.00000e-02
[Training] Time: 22.137 seconds
[Training] Loss: 0.1941	Accuracy: 93.108
[Test] Accuracy: 87.130

Epoch 70
Learning rate 5.00000e-02
[Training] Time: 22.088 seconds
[Training] Loss: 0.1908	Accuracy: 93.210
[Test] Accuracy: 86.060

Epoch 71
Learning rate 5.00000e-02
[Training] Time: 22.156 seconds
[Training] Loss: 0.1898	Accuracy: 93.274
[Test] Accuracy: 86.770

Epoch 72
Learning rate 5.00000e-02
[Training] Time: 22.051 seconds
[Training] Loss: 0.1918	Accuracy: 93.268
[Test] Accuracy: 86.470

Epoch 73
Learning rate 5.00000e-02
[Training] Time: 22.129 seconds
[Training] Loss: 0.1897	Accuracy: 93.390
[Test] Accuracy: 87.430

Epoch 74
Learning rate 5.00000e-02
[Training] Time: 22.051 seconds
[Training] Loss: 0.1916	Accuracy: 93.314
[Test] Accuracy: 87.150

Epoch 75
Learning rate 5.00000e-02
[Training] Time: 22.088 seconds
[Training] Loss: 0.1834	Accuracy: 93.644
[Test] Accuracy: 86.620

Epoch 76
Learning rate 5.00000e-02
[Training] Time: 22.022 seconds
[Training] Loss: 0.1822	Accuracy: 93.522
[Test] Accuracy: 86.760

Epoch 77
Learning rate 5.00000e-02
[Training] Time: 22.107 seconds
[Training] Loss: 0.1818	Accuracy: 93.502
[Test] Accuracy: 86.410

Epoch 78
Learning rate 5.00000e-02
[Training] Time: 22.032 seconds
[Training] Loss: 0.1868	Accuracy: 93.400
[Test] Accuracy: 87.420

Epoch 79
Learning rate 5.00000e-02
[Training] Time: 22.158 seconds
[Training] Loss: 0.1797	Accuracy: 93.606
[Test] Accuracy: 87.390

Epoch 80
Learning rate 5.00000e-02
[Training] Time: 22.012 seconds
[Training] Loss: 0.1846	Accuracy: 93.456
[Test] Accuracy: 85.860

Epoch 81
Learning rate 5.00000e-02
[Training] Time: 22.158 seconds
[Training] Loss: 0.1813	Accuracy: 93.582
[Test] Accuracy: 87.040

Epoch 82
Learning rate 5.00000e-02
[Training] Time: 22.051 seconds
[Training] Loss: 0.1797	Accuracy: 93.678
[Test] Accuracy: 88.370

Epoch 83
Learning rate 5.00000e-02
[Training] Time: 22.087 seconds
[Training] Loss: 0.1811	Accuracy: 93.592
[Test] Accuracy: 88.180

Epoch 84
Learning rate 5.00000e-02
[Training] Time: 22.013 seconds
[Training] Loss: 0.1810	Accuracy: 93.526
[Test] Accuracy: 86.060

Epoch 85
Learning rate 5.00000e-02
[Training] Time: 22.108 seconds
[Training] Loss: 0.1796	Accuracy: 93.644
[Test] Accuracy: 87.970

Epoch 86
Learning rate 5.00000e-02
[Training] Time: 22.046 seconds
[Training] Loss: 0.1805	Accuracy: 93.722
[Test] Accuracy: 87.670

Epoch 87
Learning rate 5.00000e-02
[Training] Time: 22.129 seconds
[Training] Loss: 0.1754	Accuracy: 93.734
[Test] Accuracy: 87.180

Epoch 88
Learning rate 5.00000e-02
[Training] Time: 22.053 seconds
[Training] Loss: 0.1777	Accuracy: 93.644
[Test] Accuracy: 87.170

Epoch 89
Learning rate 5.00000e-02
[Training] Time: 22.128 seconds
[Training] Loss: 0.1782	Accuracy: 93.692
[Test] Accuracy: 84.890

Epoch 90
Learning rate 5.00000e-02
[Training] Time: 22.052 seconds
[Training] Loss: 0.1771	Accuracy: 93.732
[Test] Accuracy: 87.660

Epoch 91
Learning rate 5.00000e-02
[Training] Time: 22.136 seconds
[Training] Loss: 0.1758	Accuracy: 93.760
[Test] Accuracy: 86.090

Epoch 92
Learning rate 5.00000e-02
[Training] Time: 22.053 seconds
[Training] Loss: 0.1741	Accuracy: 93.756
[Test] Accuracy: 86.290

Epoch 93
Learning rate 5.00000e-02
[Training] Time: 22.181 seconds
[Training] Loss: 0.1749	Accuracy: 93.778
[Test] Accuracy: 87.530

Epoch 94
Learning rate 5.00000e-02
[Training] Time: 22.033 seconds
[Training] Loss: 0.1746	Accuracy: 93.668
[Test] Accuracy: 86.880

Epoch 95
Learning rate 5.00000e-02
[Training] Time: 22.189 seconds
[Training] Loss: 0.1774	Accuracy: 93.730
[Test] Accuracy: 87.310

Epoch 96
Learning rate 5.00000e-02
[Training] Time: 22.051 seconds
[Training] Loss: 0.1716	Accuracy: 93.760
[Test] Accuracy: 87.100

Epoch 97
Learning rate 5.00000e-02
[Training] Time: 22.108 seconds
[Training] Loss: 0.1643	Accuracy: 94.102
[Test] Accuracy: 85.960

Epoch 98
Learning rate 5.00000e-02
[Training] Time: 21.978 seconds
[Training] Loss: 0.1675	Accuracy: 94.120
[Test] Accuracy: 87.900

Epoch 99
Learning rate 5.00000e-02
[Training] Time: 22.160 seconds
[Training] Loss: 0.1702	Accuracy: 93.986
[Test] Accuracy: 87.140

Epoch 100
Learning rate 5.00000e-02
[Training] Time: 22.055 seconds
[Training] Loss: 0.1701	Accuracy: 94.096
[Test] Accuracy: 86.650

Epoch 101
Learning rate 5.00000e-02
[Training] Time: 22.119 seconds
[Training] Loss: 0.1716	Accuracy: 93.858
[Test] Accuracy: 87.050

Epoch 102
Learning rate 5.00000e-02
[Training] Time: 22.031 seconds
[Training] Loss: 0.1717	Accuracy: 93.874
[Test] Accuracy: 86.830

Epoch 103
Learning rate 5.00000e-02
[Training] Time: 22.150 seconds
[Training] Loss: 0.1644	Accuracy: 94.146
[Test] Accuracy: 86.420

Epoch 104
Learning rate 5.00000e-02
[Training] Time: 22.044 seconds
[Training] Loss: 0.1631	Accuracy: 94.156
[Test] Accuracy: 87.750

Epoch 105
Learning rate 5.00000e-02
[Training] Time: 22.112 seconds
[Training] Loss: 0.1633	Accuracy: 94.278
[Test] Accuracy: 86.340

Epoch 106
Learning rate 5.00000e-02
[Training] Time: 22.010 seconds
[Training] Loss: 0.1641	Accuracy: 94.204
[Test] Accuracy: 86.660

Epoch 107
Learning rate 5.00000e-02
[Training] Time: 22.165 seconds
[Training] Loss: 0.1664	Accuracy: 94.002
[Test] Accuracy: 87.370

Epoch 108
Learning rate 5.00000e-02
[Training] Time: 22.037 seconds
[Training] Loss: 0.1605	Accuracy: 94.248
[Test] Accuracy: 86.780

Epoch 109
Learning rate 5.00000e-02
[Training] Time: 22.150 seconds
[Training] Loss: 0.1652	Accuracy: 94.250
[Test] Accuracy: 85.300

Epoch 110
Learning rate 5.00000e-02
[Training] Time: 22.021 seconds
[Training] Loss: 0.1650	Accuracy: 94.130
[Test] Accuracy: 85.440

Epoch 111
Learning rate 5.00000e-02
[Training] Time: 22.128 seconds
[Training] Loss: 0.1669	Accuracy: 94.158
[Test] Accuracy: 84.270

Epoch 112
Learning rate 5.00000e-02
[Training] Time: 22.039 seconds
[Training] Loss: 0.1602	Accuracy: 94.362
[Test] Accuracy: 88.130

Epoch 113
Learning rate 5.00000e-02
[Training] Time: 22.117 seconds
[Training] Loss: 0.1640	Accuracy: 94.176
[Test] Accuracy: 87.650

Epoch 114
Learning rate 5.00000e-02
[Training] Time: 22.026 seconds
[Training] Loss: 0.1610	Accuracy: 94.376
[Test] Accuracy: 86.660

Epoch 115
Learning rate 5.00000e-02
[Training] Time: 22.111 seconds
[Training] Loss: 0.1601	Accuracy: 94.234
[Test] Accuracy: 87.390

Epoch 116
Learning rate 5.00000e-02
[Training] Time: 22.055 seconds
[Training] Loss: 0.1569	Accuracy: 94.434
[Test] Accuracy: 88.060

Epoch 117
Learning rate 5.00000e-02
[Training] Time: 22.093 seconds
[Training] Loss: 0.1638	Accuracy: 94.178
[Test] Accuracy: 87.080

Epoch 118
Learning rate 5.00000e-02
[Training] Time: 22.057 seconds
[Training] Loss: 0.1601	Accuracy: 94.318
[Test] Accuracy: 86.780

Epoch 119
Learning rate 5.00000e-02
[Training] Time: 22.144 seconds
[Training] Loss: 0.1604	Accuracy: 94.428
[Test] Accuracy: 87.250

Epoch 120
Learning rate 5.00000e-02
[Training] Time: 22.022 seconds
[Training] Loss: 0.1571	Accuracy: 94.490
[Test] Accuracy: 87.680

Epoch 121
Learning rate 5.00000e-02
[Training] Time: 22.088 seconds
[Training] Loss: 0.1541	Accuracy: 94.424
[Test] Accuracy: 87.540

Epoch 122
Learning rate 5.00000e-02
[Training] Time: 22.016 seconds
[Training] Loss: 0.1652	Accuracy: 94.182
[Test] Accuracy: 86.040

Epoch 123
Learning rate 5.00000e-02
[Training] Time: 22.047 seconds
[Training] Loss: 0.1589	Accuracy: 94.270
[Test] Accuracy: 87.320

Epoch 124
Learning rate 5.00000e-02
[Training] Time: 21.994 seconds
[Training] Loss: 0.1597	Accuracy: 94.352
[Test] Accuracy: 86.860

Epoch 125
Learning rate 5.00000e-02
[Training] Time: 22.163 seconds
[Training] Loss: 0.1605	Accuracy: 94.330
[Test] Accuracy: 87.250

Epoch 126
Learning rate 5.00000e-02
[Training] Time: 21.994 seconds
[Training] Loss: 0.1623	Accuracy: 94.138
[Test] Accuracy: 86.450

Epoch 127
Learning rate 5.00000e-02
[Training] Time: 22.124 seconds
[Training] Loss: 0.1584	Accuracy: 94.354
[Test] Accuracy: 86.600

Epoch 128
Learning rate 5.00000e-02
[Training] Time: 22.060 seconds
[Training] Loss: 0.1549	Accuracy: 94.550
[Test] Accuracy: 87.860

Epoch 129
Learning rate 5.00000e-02
[Training] Time: 22.100 seconds
[Training] Loss: 0.1595	Accuracy: 94.218
[Test] Accuracy: 88.310

Epoch 130
Learning rate 5.00000e-02
[Training] Time: 22.086 seconds
[Training] Loss: 0.1563	Accuracy: 94.490
[Test] Accuracy: 87.870

Epoch 131
Learning rate 5.00000e-02
[Training] Time: 22.146 seconds
[Training] Loss: 0.1595	Accuracy: 94.180
[Test] Accuracy: 87.170

Epoch 132
Learning rate 5.00000e-02
[Training] Time: 22.018 seconds
[Training] Loss: 0.1485	Accuracy: 94.778
[Test] Accuracy: 87.400

Epoch 133
Learning rate 5.00000e-02
[Training] Time: 22.138 seconds
[Training] Loss: 0.1580	Accuracy: 94.238
[Test] Accuracy: 84.890

Epoch 134
Learning rate 5.00000e-03
[Training] Time: 22.052 seconds
[Training] Loss: 0.0954	Accuracy: 96.804
[Test] Accuracy: 90.850

Epoch 135
Learning rate 5.00000e-03
[Training] Time: 22.134 seconds
[Training] Loss: 0.0715	Accuracy: 97.668
[Test] Accuracy: 91.040

Epoch 136
Learning rate 5.00000e-03
[Training] Time: 21.990 seconds
[Training] Loss: 0.0655	Accuracy: 97.944
[Test] Accuracy: 91.020

Epoch 137
Learning rate 5.00000e-03
[Training] Time: 22.144 seconds
[Training] Loss: 0.0604	Accuracy: 98.126
[Test] Accuracy: 91.320

Epoch 138
Learning rate 5.00000e-03
[Training] Time: 22.007 seconds
[Training] Loss: 0.0563	Accuracy: 98.232
[Test] Accuracy: 91.230

Epoch 139
Learning rate 5.00000e-03
[Training] Time: 22.126 seconds
[Training] Loss: 0.0527	Accuracy: 98.438
[Test] Accuracy: 91.140

Epoch 140
Learning rate 5.00000e-03
[Training] Time: 21.986 seconds
[Training] Loss: 0.0497	Accuracy: 98.512
[Test] Accuracy: 91.290

Epoch 141
Learning rate 5.00000e-03
[Training] Time: 22.072 seconds
[Training] Loss: 0.0468	Accuracy: 98.556
[Test] Accuracy: 91.180

Epoch 142
Learning rate 5.00000e-03
[Training] Time: 21.988 seconds
[Training] Loss: 0.0451	Accuracy: 98.642
[Test] Accuracy: 91.290

Epoch 143
Learning rate 5.00000e-03
[Training] Time: 22.120 seconds
[Training] Loss: 0.0435	Accuracy: 98.696
[Test] Accuracy: 91.170

Epoch 144
Learning rate 5.00000e-03
[Training] Time: 22.039 seconds
[Training] Loss: 0.0423	Accuracy: 98.742
[Test] Accuracy: 91.250

Epoch 145
Learning rate 5.00000e-03
[Training] Time: 22.068 seconds
[Training] Loss: 0.0408	Accuracy: 98.746
[Test] Accuracy: 91.190

Epoch 146
Learning rate 5.00000e-03
[Training] Time: 22.040 seconds
[Training] Loss: 0.0404	Accuracy: 98.768
[Test] Accuracy: 91.150

Epoch 147
Learning rate 5.00000e-03
[Training] Time: 22.113 seconds
[Training] Loss: 0.0390	Accuracy: 98.796
[Test] Accuracy: 91.340

Epoch 148
Learning rate 5.00000e-03
[Training] Time: 22.007 seconds
[Training] Loss: 0.0372	Accuracy: 98.914
[Test] Accuracy: 91.090

Epoch 149
Learning rate 5.00000e-03
[Training] Time: 22.129 seconds
[Training] Loss: 0.0372	Accuracy: 98.880
[Test] Accuracy: 91.370

Epoch 150
Learning rate 5.00000e-03
[Training] Time: 22.009 seconds
[Training] Loss: 0.0351	Accuracy: 98.926
[Test] Accuracy: 91.480

Epoch 151
Learning rate 5.00000e-03
[Training] Time: 22.095 seconds
[Training] Loss: 0.0353	Accuracy: 98.922
[Test] Accuracy: 91.350

Epoch 152
Learning rate 5.00000e-03
[Training] Time: 22.039 seconds
[Training] Loss: 0.0336	Accuracy: 98.984
[Test] Accuracy: 91.190

Epoch 153
Learning rate 5.00000e-03
[Training] Time: 22.096 seconds
[Training] Loss: 0.0330	Accuracy: 99.052
[Test] Accuracy: 91.380

Epoch 154
Learning rate 5.00000e-03
[Training] Time: 22.028 seconds
[Training] Loss: 0.0331	Accuracy: 99.006
[Test] Accuracy: 91.290

Epoch 155
Learning rate 5.00000e-03
[Training] Time: 22.151 seconds
[Training] Loss: 0.0324	Accuracy: 99.062
[Test] Accuracy: 91.210

Epoch 156
Learning rate 5.00000e-03
[Training] Time: 22.053 seconds
[Training] Loss: 0.0310	Accuracy: 99.072
[Test] Accuracy: 91.440

Epoch 157
Learning rate 5.00000e-03
[Training] Time: 22.147 seconds
[Training] Loss: 0.0295	Accuracy: 99.142
[Test] Accuracy: 91.180

Epoch 158
Learning rate 5.00000e-03
[Training] Time: 22.027 seconds
[Training] Loss: 0.0303	Accuracy: 99.086
[Test] Accuracy: 91.180

Epoch 159
Learning rate 5.00000e-03
[Training] Time: 22.094 seconds
[Training] Loss: 0.0292	Accuracy: 99.144
[Test] Accuracy: 91.220

Epoch 160
Learning rate 5.00000e-03
[Training] Time: 21.983 seconds
[Training] Loss: 0.0302	Accuracy: 99.114
[Test] Accuracy: 91.130

Epoch 161
Learning rate 5.00000e-03
[Training] Time: 22.126 seconds
[Training] Loss: 0.0284	Accuracy: 99.244
[Test] Accuracy: 91.270

Epoch 162
Learning rate 5.00000e-03
[Training] Time: 21.975 seconds
[Training] Loss: 0.0269	Accuracy: 99.218
[Test] Accuracy: 91.260

Epoch 163
Learning rate 5.00000e-03
[Training] Time: 22.121 seconds
[Training] Loss: 0.0280	Accuracy: 99.190
[Test] Accuracy: 91.200

Epoch 164
Learning rate 5.00000e-03
[Training] Time: 22.041 seconds
[Training] Loss: 0.0273	Accuracy: 99.208
[Test] Accuracy: 91.300

Epoch 165
Learning rate 5.00000e-03
[Training] Time: 22.159 seconds
[Training] Loss: 0.0250	Accuracy: 99.292
[Test] Accuracy: 91.360

Epoch 166
Learning rate 5.00000e-03
[Training] Time: 22.005 seconds
[Training] Loss: 0.0256	Accuracy: 99.276
[Test] Accuracy: 91.460

Epoch 167
Learning rate 5.00000e-03
[Training] Time: 22.110 seconds
[Training] Loss: 0.0259	Accuracy: 99.248
[Test] Accuracy: 91.260

Epoch 168
Learning rate 5.00000e-03
[Training] Time: 22.035 seconds
[Training] Loss: 0.0247	Accuracy: 99.306
[Test] Accuracy: 91.300

Epoch 169
Learning rate 5.00000e-03
[Training] Time: 22.174 seconds
[Training] Loss: 0.0238	Accuracy: 99.342
[Test] Accuracy: 91.470

Epoch 170
Learning rate 5.00000e-03
[Training] Time: 22.053 seconds
[Training] Loss: 0.0246	Accuracy: 99.316
[Test] Accuracy: 91.270

Epoch 171
Learning rate 5.00000e-03
[Training] Time: 22.172 seconds
[Training] Loss: 0.0231	Accuracy: 99.336
[Test] Accuracy: 91.370

Epoch 172
Learning rate 5.00000e-03
[Training] Time: 22.048 seconds
[Training] Loss: 0.0236	Accuracy: 99.334
[Test] Accuracy: 91.560

Epoch 173
Learning rate 5.00000e-03
[Training] Time: 22.099 seconds
[Training] Loss: 0.0247	Accuracy: 99.310
[Test] Accuracy: 91.310

Epoch 174
Learning rate 5.00000e-03
[Training] Time: 22.014 seconds
[Training] Loss: 0.0233	Accuracy: 99.394
[Test] Accuracy: 91.100

Epoch 175
Learning rate 5.00000e-03
[Training] Time: 22.059 seconds
[Training] Loss: 0.0227	Accuracy: 99.324
[Test] Accuracy: 91.080

Epoch 176
Learning rate 5.00000e-03
[Training] Time: 21.993 seconds
[Training] Loss: 0.0228	Accuracy: 99.362
[Test] Accuracy: 91.270

Epoch 177
Learning rate 5.00000e-03
[Training] Time: 22.107 seconds
[Training] Loss: 0.0216	Accuracy: 99.418
[Test] Accuracy: 91.290

Epoch 178
Learning rate 5.00000e-03
[Training] Time: 22.023 seconds
[Training] Loss: 0.0227	Accuracy: 99.342
[Test] Accuracy: 91.250

Epoch 179
Learning rate 5.00000e-03
[Training] Time: 22.114 seconds
[Training] Loss: 0.0221	Accuracy: 99.334
[Test] Accuracy: 91.030

Epoch 180
Learning rate 5.00000e-03
[Training] Time: 21.995 seconds
[Training] Loss: 0.0208	Accuracy: 99.454
[Test] Accuracy: 91.230

Epoch 181
Learning rate 5.00000e-03
[Training] Time: 22.056 seconds
[Training] Loss: 0.0219	Accuracy: 99.300
[Test] Accuracy: 91.260

Epoch 182
Learning rate 5.00000e-03
[Training] Time: 21.977 seconds
[Training] Loss: 0.0208	Accuracy: 99.406
[Test] Accuracy: 91.220

Epoch 183
Learning rate 5.00000e-03
[Training] Time: 22.155 seconds
[Training] Loss: 0.0203	Accuracy: 99.440
[Test] Accuracy: 91.190

Epoch 184
Learning rate 5.00000e-03
[Training] Time: 22.045 seconds
[Training] Loss: 0.0196	Accuracy: 99.488
[Test] Accuracy: 91.260

Epoch 185
Learning rate 5.00000e-03
[Training] Time: 22.090 seconds
[Training] Loss: 0.0191	Accuracy: 99.480
[Test] Accuracy: 91.390

Epoch 186
Learning rate 5.00000e-03
[Training] Time: 22.042 seconds
[Training] Loss: 0.0212	Accuracy: 99.404
[Test] Accuracy: 91.300

Epoch 187
Learning rate 5.00000e-03
[Training] Time: 22.171 seconds
[Training] Loss: 0.0192	Accuracy: 99.490
[Test] Accuracy: 91.250

Epoch 188
Learning rate 5.00000e-03
[Training] Time: 22.005 seconds
[Training] Loss: 0.0187	Accuracy: 99.472
[Test] Accuracy: 91.090

Epoch 189
Learning rate 5.00000e-03
[Training] Time: 22.138 seconds
[Training] Loss: 0.0209	Accuracy: 99.438
[Test] Accuracy: 91.140

Epoch 190
Learning rate 5.00000e-03
[Training] Time: 22.015 seconds
[Training] Loss: 0.0200	Accuracy: 99.446
[Test] Accuracy: 91.350

Epoch 191
Learning rate 5.00000e-03
[Training] Time: 22.123 seconds
[Training] Loss: 0.0186	Accuracy: 99.496
[Test] Accuracy: 91.420

Epoch 192
Learning rate 5.00000e-03
[Training] Time: 22.058 seconds
[Training] Loss: 0.0197	Accuracy: 99.472
[Test] Accuracy: 91.440

Epoch 193
Learning rate 5.00000e-03
[Training] Time: 22.115 seconds
[Training] Loss: 0.0191	Accuracy: 99.478
[Test] Accuracy: 91.330

Epoch 194
Learning rate 5.00000e-03
[Training] Time: 22.061 seconds
[Training] Loss: 0.0168	Accuracy: 99.544
[Test] Accuracy: 91.420

Epoch 195
Learning rate 5.00000e-03
[Training] Time: 22.108 seconds
[Training] Loss: 0.0186	Accuracy: 99.474
[Test] Accuracy: 91.420

Epoch 196
Learning rate 5.00000e-03
[Training] Time: 22.030 seconds
[Training] Loss: 0.0187	Accuracy: 99.462
[Test] Accuracy: 91.170

Epoch 197
Learning rate 5.00000e-03
[Training] Time: 22.071 seconds
[Training] Loss: 0.0173	Accuracy: 99.540
[Test] Accuracy: 91.130

Epoch 198
Learning rate 5.00000e-03
[Training] Time: 22.064 seconds
[Training] Loss: 0.0173	Accuracy: 99.508
[Test] Accuracy: 91.210

Epoch 199
Learning rate 5.00000e-03
[Training] Time: 22.094 seconds
[Training] Loss: 0.0172	Accuracy: 99.562
[Test] Accuracy: 91.310

Epoch 200
Learning rate 5.00000e-03
[Training] Time: 22.022 seconds
[Training] Loss: 0.0174	Accuracy: 99.506
[Test] Accuracy: 91.460

Epoch 201
Learning rate 5.00000e-03
[Training] Time: 22.114 seconds
[Training] Loss: 0.0175	Accuracy: 99.528
[Test] Accuracy: 91.290

Epoch 202
Learning rate 5.00000e-03
[Training] Time: 22.065 seconds
[Training] Loss: 0.0174	Accuracy: 99.502
[Test] Accuracy: 90.950

Epoch 203
Learning rate 5.00000e-03
[Training] Time: 22.095 seconds
[Training] Loss: 0.0158	Accuracy: 99.592
[Test] Accuracy: 91.220

Epoch 204
Learning rate 5.00000e-03
[Training] Time: 22.040 seconds
[Training] Loss: 0.0161	Accuracy: 99.584
[Test] Accuracy: 91.150

Epoch 205
Learning rate 5.00000e-03
[Training] Time: 22.087 seconds
[Training] Loss: 0.0158	Accuracy: 99.600
[Test] Accuracy: 91.160

Epoch 206
Learning rate 5.00000e-03
[Training] Time: 22.013 seconds
[Training] Loss: 0.0163	Accuracy: 99.538
[Test] Accuracy: 91.080

Epoch 207
Learning rate 5.00000e-03
[Training] Time: 22.146 seconds
[Training] Loss: 0.0165	Accuracy: 99.516
[Test] Accuracy: 91.260

Epoch 208
Learning rate 5.00000e-03
[Training] Time: 22.044 seconds
[Training] Loss: 0.0164	Accuracy: 99.542
[Test] Accuracy: 91.150

Epoch 209
Learning rate 5.00000e-03
[Training] Time: 22.079 seconds
[Training] Loss: 0.0154	Accuracy: 99.592
[Test] Accuracy: 91.030

Epoch 210
Learning rate 5.00000e-03
[Training] Time: 22.023 seconds
[Training] Loss: 0.0157	Accuracy: 99.570
[Test] Accuracy: 91.360

Epoch 211
Learning rate 5.00000e-03
[Training] Time: 22.124 seconds
[Training] Loss: 0.0155	Accuracy: 99.584
[Test] Accuracy: 91.270

Epoch 212
Learning rate 5.00000e-03
[Training] Time: 22.011 seconds
[Training] Loss: 0.0154	Accuracy: 99.608
[Test] Accuracy: 91.240

Epoch 213
Learning rate 5.00000e-03
[Training] Time: 22.140 seconds
[Training] Loss: 0.0149	Accuracy: 99.640
[Test] Accuracy: 91.290

Epoch 214
Learning rate 5.00000e-03
[Training] Time: 22.016 seconds
[Training] Loss: 0.0149	Accuracy: 99.642
[Test] Accuracy: 91.310

Epoch 215
Learning rate 5.00000e-03
[Training] Time: 22.164 seconds
[Training] Loss: 0.0159	Accuracy: 99.578
[Test] Accuracy: 91.210

Epoch 216
Learning rate 5.00000e-03
[Training] Time: 22.065 seconds
[Training] Loss: 0.0152	Accuracy: 99.594
[Test] Accuracy: 91.230

Epoch 217
Learning rate 5.00000e-03
[Training] Time: 22.165 seconds
[Training] Loss: 0.0165	Accuracy: 99.528
[Test] Accuracy: 91.120

Epoch 218
Learning rate 5.00000e-03
[Training] Time: 22.018 seconds
[Training] Loss: 0.0155	Accuracy: 99.594
[Test] Accuracy: 91.100

Epoch 219
Learning rate 5.00000e-03
[Training] Time: 22.048 seconds
[Training] Loss: 0.0159	Accuracy: 99.564
[Test] Accuracy: 91.400

Epoch 220
Learning rate 5.00000e-03
[Training] Time: 22.019 seconds
[Training] Loss: 0.0155	Accuracy: 99.586
[Test] Accuracy: 91.270

Epoch 221
Learning rate 5.00000e-03
[Training] Time: 22.120 seconds
[Training] Loss: 0.0157	Accuracy: 99.586
[Test] Accuracy: 91.270

Epoch 222
Learning rate 5.00000e-03
[Training] Time: 22.017 seconds
[Training] Loss: 0.0146	Accuracy: 99.602
[Test] Accuracy: 91.310

Epoch 223
Learning rate 5.00000e-03
[Training] Time: 22.078 seconds
[Training] Loss: 0.0161	Accuracy: 99.540
[Test] Accuracy: 91.140

Epoch 224
Learning rate 5.00000e-04
[Training] Time: 21.986 seconds
[Training] Loss: 0.0145	Accuracy: 99.628
[Test] Accuracy: 91.270

Epoch 225
Learning rate 5.00000e-04
[Training] Time: 22.116 seconds
[Training] Loss: 0.0128	Accuracy: 99.674
[Test] Accuracy: 91.310

Epoch 226
Learning rate 5.00000e-04
[Training] Time: 22.027 seconds
[Training] Loss: 0.0123	Accuracy: 99.704
[Test] Accuracy: 91.140

Epoch 227
Learning rate 5.00000e-04
[Training] Time: 22.103 seconds
[Training] Loss: 0.0122	Accuracy: 99.680
[Test] Accuracy: 91.230

Epoch 228
Learning rate 5.00000e-04
[Training] Time: 22.060 seconds
[Training] Loss: 0.0117	Accuracy: 99.734
[Test] Accuracy: 91.360

Epoch 229
Learning rate 5.00000e-04
[Training] Time: 22.153 seconds
[Training] Loss: 0.0118	Accuracy: 99.726
[Test] Accuracy: 91.490

Epoch 230
Learning rate 5.00000e-04
[Training] Time: 22.071 seconds
[Training] Loss: 0.0120	Accuracy: 99.734
[Test] Accuracy: 91.250

Epoch 231
Learning rate 5.00000e-04
[Training] Time: 22.140 seconds
[Training] Loss: 0.0116	Accuracy: 99.754
[Test] Accuracy: 91.180

Epoch 232
Learning rate 5.00000e-04
[Training] Time: 22.027 seconds
[Training] Loss: 0.0111	Accuracy: 99.760
[Test] Accuracy: 91.280

Epoch 233
Learning rate 5.00000e-04
[Training] Time: 22.086 seconds
[Training] Loss: 0.0121	Accuracy: 99.692
[Test] Accuracy: 91.310

Epoch 234
Learning rate 5.00000e-04
[Training] Time: 22.048 seconds
[Training] Loss: 0.0117	Accuracy: 99.718
[Test] Accuracy: 91.270

Epoch 235
Learning rate 5.00000e-04
[Training] Time: 22.095 seconds
[Training] Loss: 0.0116	Accuracy: 99.758
[Test] Accuracy: 91.260

Epoch 236
Learning rate 5.00000e-04
[Training] Time: 22.024 seconds
[Training] Loss: 0.0115	Accuracy: 99.738
[Test] Accuracy: 91.210

Epoch 237
Learning rate 5.00000e-04
[Training] Time: 22.116 seconds
[Training] Loss: 0.0120	Accuracy: 99.698
[Test] Accuracy: 91.480

Epoch 238
Learning rate 5.00000e-04
[Training] Time: 21.997 seconds
[Training] Loss: 0.0111	Accuracy: 99.738
[Test] Accuracy: 91.290

Epoch 239
Learning rate 5.00000e-04
[Training] Time: 22.144 seconds
[Training] Loss: 0.0108	Accuracy: 99.746
[Test] Accuracy: 91.330

Epoch 240
Learning rate 5.00000e-04
[Training] Time: 21.969 seconds
[Training] Loss: 0.0115	Accuracy: 99.740
[Test] Accuracy: 91.350

Epoch 241
Learning rate 5.00000e-04
[Training] Time: 22.109 seconds
[Training] Loss: 0.0111	Accuracy: 99.736
[Test] Accuracy: 91.310

Epoch 242
Learning rate 5.00000e-04
[Training] Time: 21.999 seconds
[Training] Loss: 0.0109	Accuracy: 99.766
[Test] Accuracy: 91.480

Epoch 243
Learning rate 5.00000e-04
[Training] Time: 22.118 seconds
[Training] Loss: 0.0119	Accuracy: 99.732
[Test] Accuracy: 91.420

Epoch 244
Learning rate 5.00000e-04
[Training] Time: 21.990 seconds
[Training] Loss: 0.0110	Accuracy: 99.756
[Test] Accuracy: 91.520

Epoch 245
Learning rate 5.00000e-04
[Training] Time: 22.117 seconds
[Training] Loss: 0.0116	Accuracy: 99.724
[Test] Accuracy: 91.420

Epoch 246
Learning rate 5.00000e-04
[Training] Time: 21.999 seconds
[Training] Loss: 0.0114	Accuracy: 99.736
[Test] Accuracy: 91.390

Epoch 247
Learning rate 5.00000e-04
[Training] Time: 22.096 seconds
[Training] Loss: 0.0110	Accuracy: 99.746
[Test] Accuracy: 91.450

Epoch 248
Learning rate 5.00000e-04
[Training] Time: 22.007 seconds
[Training] Loss: 0.0111	Accuracy: 99.726
[Test] Accuracy: 91.370

Epoch 249
Learning rate 5.00000e-04
[Training] Time: 22.098 seconds
[Training] Loss: 0.0108	Accuracy: 99.760
[Test] Accuracy: 91.440

Epoch 250
Learning rate 5.00000e-04
[Training] Time: 22.009 seconds
[Training] Loss: 0.0109	Accuracy: 99.760
[Test] Accuracy: 91.390

Epoch 251
Learning rate 5.00000e-04
[Training] Time: 22.152 seconds
[Training] Loss: 0.0109	Accuracy: 99.762
[Test] Accuracy: 91.360

Epoch 252
Learning rate 5.00000e-04
[Training] Time: 21.962 seconds
[Training] Loss: 0.0107	Accuracy: 99.758
[Test] Accuracy: 91.360

Epoch 253
Learning rate 5.00000e-04
[Training] Time: 22.111 seconds
[Training] Loss: 0.0101	Accuracy: 99.778
[Test] Accuracy: 91.350

Epoch 254
Learning rate 5.00000e-04
[Training] Time: 21.993 seconds
[Training] Loss: 0.0104	Accuracy: 99.754
[Test] Accuracy: 91.430

Epoch 255
Learning rate 5.00000e-04
[Training] Time: 22.080 seconds
[Training] Loss: 0.0110	Accuracy: 99.746
[Test] Accuracy: 91.290

Epoch 256
Learning rate 5.00000e-04
[Training] Time: 22.055 seconds
[Training] Loss: 0.0104	Accuracy: 99.784
[Test] Accuracy: 91.470

Epoch 257
Learning rate 5.00000e-04
[Training] Time: 22.093 seconds
[Training] Loss: 0.0104	Accuracy: 99.764
[Test] Accuracy: 91.380

Epoch 258
Learning rate 5.00000e-04
[Training] Time: 22.022 seconds
[Training] Loss: 0.0101	Accuracy: 99.782
[Test] Accuracy: 91.350

Epoch 259
Learning rate 5.00000e-04
[Training] Time: 22.148 seconds
[Training] Loss: 0.0104	Accuracy: 99.786
[Test] Accuracy: 91.350

Epoch 260
Learning rate 5.00000e-04
[Training] Time: 22.074 seconds
[Training] Loss: 0.0099	Accuracy: 99.802
[Test] Accuracy: 91.370

Epoch 261
Learning rate 5.00000e-04
[Training] Time: 22.123 seconds
[Training] Loss: 0.0098	Accuracy: 99.790
[Test] Accuracy: 91.360

Epoch 262
Learning rate 5.00000e-04
[Training] Time: 21.955 seconds
[Training] Loss: 0.0109	Accuracy: 99.758
[Test] Accuracy: 91.450

Epoch 263
Learning rate 5.00000e-04
[Training] Time: 22.100 seconds
[Training] Loss: 0.0098	Accuracy: 99.814
[Test] Accuracy: 91.350

Epoch 264
Learning rate 5.00000e-04
[Training] Time: 22.031 seconds
[Training] Loss: 0.0096	Accuracy: 99.828
[Test] Accuracy: 91.190

Epoch 265
Learning rate 5.00000e-04
[Training] Time: 22.113 seconds
[Training] Loss: 0.0107	Accuracy: 99.774
[Test] Accuracy: 91.530

Epoch 266
Learning rate 5.00000e-04
[Training] Time: 22.009 seconds
[Training] Loss: 0.0102	Accuracy: 99.798
[Test] Accuracy: 91.440

Epoch 267
Learning rate 5.00000e-04
[Training] Time: 22.159 seconds
[Training] Loss: 0.0103	Accuracy: 99.744
[Test] Accuracy: 91.280

Epoch 268
Learning rate 5.00000e-04
[Training] Time: 21.991 seconds
[Training] Loss: 0.0100	Accuracy: 99.774
[Test] Accuracy: 91.360

Epoch 269
Learning rate 5.00000e-04
[Training] Time: 22.092 seconds
[Training] Loss: 0.0103	Accuracy: 99.770
[Test] Accuracy: 91.300

Epoch 270
Learning rate 5.00000e-04
[Training] Time: 22.000 seconds
[Training] Loss: 0.0100	Accuracy: 99.786
[Test] Accuracy: 91.320

Epoch 271
Learning rate 5.00000e-04
[Training] Time: 22.070 seconds
[Training] Loss: 0.0102	Accuracy: 99.764
[Test] Accuracy: 91.240

Epoch 272
Learning rate 5.00000e-04
[Training] Time: 22.048 seconds
[Training] Loss: 0.0103	Accuracy: 99.776
[Test] Accuracy: 91.360

Epoch 273
Learning rate 5.00000e-04
[Training] Time: 22.171 seconds
[Training] Loss: 0.0102	Accuracy: 99.770
[Test] Accuracy: 91.330

Epoch 274
Learning rate 5.00000e-04
[Training] Time: 22.010 seconds
[Training] Loss: 0.0107	Accuracy: 99.730
[Test] Accuracy: 91.400

Epoch 275
Learning rate 5.00000e-05
[Training] Time: 22.127 seconds
[Training] Loss: 0.0104	Accuracy: 99.768
[Test] Accuracy: 91.360

Epoch 276
Learning rate 5.00000e-05
[Training] Time: 22.024 seconds
[Training] Loss: 0.0104	Accuracy: 99.760
[Test] Accuracy: 91.330

Epoch 277
Learning rate 5.00000e-05
[Training] Time: 22.086 seconds
[Training] Loss: 0.0110	Accuracy: 99.746
[Test] Accuracy: 91.360

Epoch 278
Learning rate 5.00000e-05
[Training] Time: 22.041 seconds
[Training] Loss: 0.0107	Accuracy: 99.766
[Test] Accuracy: 91.250

Epoch 279
Learning rate 5.00000e-05
[Training] Time: 22.116 seconds
[Training] Loss: 0.0106	Accuracy: 99.748
[Test] Accuracy: 91.410

Epoch 280
Learning rate 5.00000e-05
[Training] Time: 21.985 seconds
[Training] Loss: 0.0099	Accuracy: 99.808
[Test] Accuracy: 91.300

Epoch 281
Learning rate 5.00000e-05
[Training] Time: 22.089 seconds
[Training] Loss: 0.0097	Accuracy: 99.796
[Test] Accuracy: 91.330

Epoch 282
Learning rate 5.00000e-05
[Training] Time: 22.030 seconds
[Training] Loss: 0.0099	Accuracy: 99.778
[Test] Accuracy: 91.370

Epoch 283
Learning rate 5.00000e-05
[Training] Time: 22.131 seconds
[Training] Loss: 0.0105	Accuracy: 99.762
[Test] Accuracy: 91.350

Epoch 284
Learning rate 5.00000e-05
[Training] Time: 22.033 seconds
[Training] Loss: 0.0099	Accuracy: 99.782
[Test] Accuracy: 91.270

Epoch 285
Learning rate 5.00000e-05
[Training] Time: 22.139 seconds
[Training] Loss: 0.0100	Accuracy: 99.792
[Test] Accuracy: 91.460

Epoch 286
Learning rate 5.00000e-05
[Training] Time: 22.016 seconds
[Training] Loss: 0.0103	Accuracy: 99.764
[Test] Accuracy: 91.230

Epoch 287
Learning rate 5.00000e-05
[Training] Time: 22.058 seconds
[Training] Loss: 0.0105	Accuracy: 99.762
[Test] Accuracy: 91.370

Epoch 288
Learning rate 5.00000e-05
[Training] Time: 21.968 seconds
[Training] Loss: 0.0103	Accuracy: 99.774
[Test] Accuracy: 91.460

Epoch 289
Learning rate 5.00000e-05
[Training] Time: 22.054 seconds
[Training] Loss: 0.0099	Accuracy: 99.786
[Test] Accuracy: 91.380

Epoch 290
Learning rate 5.00000e-05
[Training] Time: 22.021 seconds
[Training] Loss: 0.0102	Accuracy: 99.770
[Test] Accuracy: 91.350

Epoch 291
Learning rate 5.00000e-05
[Training] Time: 22.103 seconds
[Training] Loss: 0.0100	Accuracy: 99.774
[Test] Accuracy: 91.400

Epoch 292
Learning rate 5.00000e-05
[Training] Time: 22.004 seconds
[Training] Loss: 0.0099	Accuracy: 99.790
[Test] Accuracy: 91.350

Epoch 293
Learning rate 5.00000e-05
[Training] Time: 22.084 seconds
[Training] Loss: 0.0099	Accuracy: 99.806
[Test] Accuracy: 91.320

Epoch 294
Learning rate 5.00000e-05
[Training] Time: 22.014 seconds
[Training] Loss: 0.0100	Accuracy: 99.800
[Test] Accuracy: 91.300

Epoch 295
Learning rate 5.00000e-05
[Training] Time: 22.087 seconds
[Training] Loss: 0.0098	Accuracy: 99.788
[Test] Accuracy: 91.340

Epoch 296
Learning rate 5.00000e-05
[Training] Time: 22.000 seconds
[Training] Loss: 0.0108	Accuracy: 99.732
[Test] Accuracy: 91.310

Epoch 297
Learning rate 5.00000e-05
[Training] Time: 22.043 seconds
[Training] Loss: 0.0103	Accuracy: 99.774
[Test] Accuracy: 91.270

Epoch 298
Learning rate 5.00000e-05
[Training] Time: 22.039 seconds
[Training] Loss: 0.0096	Accuracy: 99.782
[Test] Accuracy: 91.370

Epoch 299
Learning rate 5.00000e-05
[Training] Time: 22.162 seconds
[Training] Loss: 0.0101	Accuracy: 99.760
[Test] Accuracy: 91.260

Epoch 300
Learning rate 5.00000e-05
[Training] Time: 21.981 seconds
[Training] Loss: 0.0100	Accuracy: 99.792
[Test] Accuracy: 91.360

Epoch 301
Learning rate 5.00000e-05
[Training] Time: 22.128 seconds
[Training] Loss: 0.0103	Accuracy: 99.766
[Test] Accuracy: 91.320

Epoch 302
Learning rate 5.00000e-05
[Training] Time: 22.016 seconds
[Training] Loss: 0.0103	Accuracy: 99.780
[Test] Accuracy: 91.300

Epoch 303
Learning rate 5.00000e-05
[Training] Time: 22.101 seconds
[Training] Loss: 0.0099	Accuracy: 99.770
[Test] Accuracy: 91.300

Epoch 304
Learning rate 5.00000e-05
[Training] Time: 22.022 seconds
[Training] Loss: 0.0104	Accuracy: 99.758
[Test] Accuracy: 91.280

Epoch 305
Learning rate 5.00000e-05
[Training] Time: 22.130 seconds
[Training] Loss: 0.0103	Accuracy: 99.766
[Test] Accuracy: 91.240

Epoch 306
Learning rate 5.00000e-05
[Training] Time: 22.012 seconds
[Training] Loss: 0.0093	Accuracy: 99.796
[Test] Accuracy: 91.350

Epoch 307
Learning rate 5.00000e-05
[Training] Time: 22.140 seconds
[Training] Loss: 0.0101	Accuracy: 99.768
[Test] Accuracy: 91.380

Epoch 308
Learning rate 5.00000e-05
[Training] Time: 22.012 seconds
[Training] Loss: 0.0095	Accuracy: 99.806
[Test] Accuracy: 91.340

Epoch 309
Learning rate 5.00000e-05
[Training] Time: 22.056 seconds
[Training] Loss: 0.0101	Accuracy: 99.792
[Test] Accuracy: 91.380

Epoch 310
Learning rate 5.00000e-05
[Training] Time: 22.034 seconds
[Training] Loss: 0.0102	Accuracy: 99.796
[Test] Accuracy: 91.300

Epoch 311
Learning rate 5.00000e-05
[Training] Time: 22.133 seconds
[Training] Loss: 0.0101	Accuracy: 99.794
[Test] Accuracy: 91.360

Epoch 312
Learning rate 5.00000e-05
[Training] Time: 21.987 seconds
[Training] Loss: 0.0109	Accuracy: 99.750
[Test] Accuracy: 91.360

Epoch 313
Learning rate 5.00000e-05
[Training] Time: 22.150 seconds
[Training] Loss: 0.0094	Accuracy: 99.820
[Test] Accuracy: 91.310

Epoch 314
Learning rate 5.00000e-05
[Training] Time: 22.040 seconds
[Training] Loss: 0.0095	Accuracy: 99.804
[Test] Accuracy: 91.390

Epoch 315
Learning rate 5.00000e-05
[Training] Time: 22.167 seconds
[Training] Loss: 0.0096	Accuracy: 99.834
[Test] Accuracy: 91.340

Epoch 316
Learning rate 5.00000e-05
[Training] Time: 22.024 seconds
[Training] Loss: 0.0105	Accuracy: 99.762
[Test] Accuracy: 91.310

Epoch 317
Learning rate 5.00000e-05
[Training] Time: 22.147 seconds
[Training] Loss: 0.0098	Accuracy: 99.780
[Test] Accuracy: 91.410

Epoch 318
Learning rate 5.00000e-05
[Training] Time: 22.048 seconds
[Training] Loss: 0.0103	Accuracy: 99.746
[Test] Accuracy: 91.350

Epoch 319
Learning rate 5.00000e-05
[Training] Time: 22.093 seconds
[Training] Loss: 0.0098	Accuracy: 99.828
[Test] Accuracy: 91.510

Epoch 320
Learning rate 5.00000e-05
[Training] Time: 22.000 seconds
[Training] Loss: 0.0100	Accuracy: 99.780
[Test] Accuracy: 91.280

Epoch 321
Learning rate 5.00000e-05
[Training] Time: 22.120 seconds
[Training] Loss: 0.0100	Accuracy: 99.782
[Test] Accuracy: 91.330

Epoch 322
Learning rate 5.00000e-05
[Training] Time: 22.004 seconds
[Training] Loss: 0.0100	Accuracy: 99.786
[Test] Accuracy: 91.500

Epoch 323
Learning rate 5.00000e-05
[Training] Time: 22.054 seconds
[Training] Loss: 0.0091	Accuracy: 99.832
[Test] Accuracy: 91.450

Epoch 324
Learning rate 5.00000e-05
[Training] Time: 22.003 seconds
[Training] Loss: 0.0108	Accuracy: 99.720
[Test] Accuracy: 91.400

Epoch 325
Learning rate 5.00000e-05
[Training] Time: 22.083 seconds
[Training] Loss: 0.0095	Accuracy: 99.800
[Test] Accuracy: 91.330

Epoch 326
Learning rate 5.00000e-06
[Training] Time: 22.026 seconds
[Training] Loss: 0.0104	Accuracy: 99.782
[Test] Accuracy: 91.200

Epoch 327
Learning rate 5.00000e-06
[Training] Time: 22.151 seconds
[Training] Loss: 0.0102	Accuracy: 99.768
[Test] Accuracy: 91.400

Epoch 328
Learning rate 5.00000e-06
[Training] Time: 22.025 seconds
[Training] Loss: 0.0096	Accuracy: 99.794
[Test] Accuracy: 91.360

Epoch 329
Learning rate 5.00000e-06
[Training] Time: 22.125 seconds
[Training] Loss: 0.0101	Accuracy: 99.798
[Test] Accuracy: 91.410

Epoch 330
Learning rate 5.00000e-06
[Training] Time: 22.042 seconds
[Training] Loss: 0.0098	Accuracy: 99.804
[Test] Accuracy: 91.450

Epoch 331
Learning rate 5.00000e-06
[Training] Time: 22.136 seconds
[Training] Loss: 0.0099	Accuracy: 99.780
[Test] Accuracy: 91.370

Epoch 332
Learning rate 5.00000e-06
[Training] Time: 22.055 seconds
[Training] Loss: 0.0098	Accuracy: 99.790
[Test] Accuracy: 91.460

Epoch 333
Learning rate 5.00000e-06
[Training] Time: 22.087 seconds
[Training] Loss: 0.0093	Accuracy: 99.830
[Test] Accuracy: 91.410

Epoch 334
Learning rate 5.00000e-06
[Training] Time: 22.061 seconds
[Training] Loss: 0.0095	Accuracy: 99.802
[Test] Accuracy: 91.390

Epoch 335
Learning rate 5.00000e-06
[Training] Time: 22.146 seconds
[Training] Loss: 0.0104	Accuracy: 99.752
[Test] Accuracy: 91.390

Epoch 336
Learning rate 5.00000e-06
[Training] Time: 22.041 seconds
[Training] Loss: 0.0097	Accuracy: 99.796
[Test] Accuracy: 91.320

Epoch 337
Learning rate 5.00000e-06
[Training] Time: 22.111 seconds
[Training] Loss: 0.0100	Accuracy: 99.782
[Test] Accuracy: 91.420

Epoch 338
Learning rate 5.00000e-06
[Training] Time: 22.047 seconds
[Training] Loss: 0.0094	Accuracy: 99.826
[Test] Accuracy: 91.370

Epoch 339
Learning rate 5.00000e-06
[Training] Time: 22.157 seconds
[Training] Loss: 0.0097	Accuracy: 99.796
[Test] Accuracy: 91.300

Epoch 340
Learning rate 5.00000e-06
[Training] Time: 22.052 seconds
[Training] Loss: 0.0097	Accuracy: 99.812
[Test] Accuracy: 91.360

Epoch 341
Learning rate 5.00000e-06
[Training] Time: 22.029 seconds
[Training] Loss: 0.0095	Accuracy: 99.798
[Test] Accuracy: 91.490

Epoch 342
Learning rate 5.00000e-06
[Training] Time: 22.053 seconds
[Training] Loss: 0.0108	Accuracy: 99.742
[Test] Accuracy: 91.410

Epoch 343
Learning rate 5.00000e-06
[Training] Time: 22.221 seconds
[Training] Loss: 0.0101	Accuracy: 99.788
[Test] Accuracy: 91.380

Epoch 344
Learning rate 5.00000e-06
[Training] Time: 22.040 seconds
[Training] Loss: 0.0100	Accuracy: 99.790
[Test] Accuracy: 91.450

Epoch 345
Learning rate 5.00000e-06
[Training] Time: 22.109 seconds
[Training] Loss: 0.0097	Accuracy: 99.800
[Test] Accuracy: 91.350

Epoch 346
Learning rate 5.00000e-06
[Training] Time: 22.052 seconds
[Training] Loss: 0.0104	Accuracy: 99.760
[Test] Accuracy: 91.210

Epoch 347
Learning rate 5.00000e-06
[Training] Time: 22.137 seconds
[Training] Loss: 0.0098	Accuracy: 99.774
[Test] Accuracy: 91.330

Epoch 348
Learning rate 5.00000e-06
[Training] Time: 22.057 seconds
[Training] Loss: 0.0097	Accuracy: 99.818
[Test] Accuracy: 91.360

Epoch 349
Learning rate 5.00000e-06
[Training] Time: 22.115 seconds
[Training] Loss: 0.0095	Accuracy: 99.820
[Test] Accuracy: 91.350

Epoch 350
Learning rate 5.00000e-06
[Training] Time: 22.089 seconds
[Training] Loss: 0.0104	Accuracy: 99.750
[Test] Accuracy: 91.430

Epoch 351
Learning rate 5.00000e-06
[Training] Time: 22.123 seconds
[Training] Loss: 0.0099	Accuracy: 99.818
[Test] Accuracy: 91.380

Epoch 352
Learning rate 5.00000e-06
[Training] Time: 22.044 seconds
[Training] Loss: 0.0103	Accuracy: 99.768
[Test] Accuracy: 91.230

Epoch 353
Learning rate 5.00000e-06
[Training] Time: 22.121 seconds
[Training] Loss: 0.0098	Accuracy: 99.802
[Test] Accuracy: 91.290

Epoch 354
Learning rate 5.00000e-06
[Training] Time: 22.029 seconds
[Training] Loss: 0.0103	Accuracy: 99.796
[Test] Accuracy: 91.350

Epoch 355
Learning rate 5.00000e-06
[Training] Time: 22.150 seconds
[Training] Loss: 0.0095	Accuracy: 99.800
[Test] Accuracy: 91.440

Epoch 356
Learning rate 5.00000e-06
[Training] Time: 22.048 seconds
[Training] Loss: 0.0102	Accuracy: 99.774
[Test] Accuracy: 91.460

Epoch 357
Learning rate 5.00000e-06
[Training] Time: 22.153 seconds
[Training] Loss: 0.0098	Accuracy: 99.784
[Test] Accuracy: 91.420

Epoch 358
Learning rate 5.00000e-06
[Training] Time: 22.069 seconds
[Training] Loss: 0.0095	Accuracy: 99.812
[Test] Accuracy: 91.460

Epoch 359
Learning rate 5.00000e-06
[Training] Time: 22.171 seconds
[Training] Loss: 0.0098	Accuracy: 99.788
[Test] Accuracy: 91.400

Epoch 360
Learning rate 5.00000e-06
[Training] Time: 22.034 seconds
[Training] Loss: 0.0099	Accuracy: 99.790
[Test] Accuracy: 91.270

Epoch 361
Learning rate 5.00000e-06
[Training] Time: 22.130 seconds
[Training] Loss: 0.0094	Accuracy: 99.818
[Test] Accuracy: 91.320

Epoch 362
Learning rate 5.00000e-06
[Training] Time: 22.047 seconds
[Training] Loss: 0.0101	Accuracy: 99.778
[Test] Accuracy: 91.440

Epoch 363
Learning rate 5.00000e-06
[Training] Time: 22.099 seconds
[Training] Loss: 0.0098	Accuracy: 99.796
[Test] Accuracy: 91.240

Epoch 364
Learning rate 5.00000e-06
[Training] Time: 22.096 seconds
[Training] Loss: 0.0102	Accuracy: 99.800
[Test] Accuracy: 91.260

Epoch 365
Learning rate 5.00000e-06
[Training] Time: 22.124 seconds
[Training] Loss: 0.0103	Accuracy: 99.768
[Test] Accuracy: 91.350

Epoch 366
Learning rate 5.00000e-06
[Training] Time: 22.039 seconds
[Training] Loss: 0.0104	Accuracy: 99.762
[Test] Accuracy: 91.370

Epoch 367
Learning rate 5.00000e-06
[Training] Time: 22.160 seconds
[Training] Loss: 0.0103	Accuracy: 99.764
[Test] Accuracy: 91.430

Epoch 368
Learning rate 5.00000e-06
[Training] Time: 22.046 seconds
[Training] Loss: 0.0103	Accuracy: 99.786
[Test] Accuracy: 91.250

Epoch 369
Learning rate 5.00000e-06
[Training] Time: 22.080 seconds
[Training] Loss: 0.0102	Accuracy: 99.776
[Test] Accuracy: 91.320

Epoch 370
Learning rate 5.00000e-06
[Training] Time: 22.029 seconds
[Training] Loss: 0.0105	Accuracy: 99.764
[Test] Accuracy: 91.510

Epoch 371
Learning rate 5.00000e-06
[Training] Time: 22.164 seconds
[Training] Loss: 0.0099	Accuracy: 99.814
[Test] Accuracy: 91.410

Epoch 372
Learning rate 5.00000e-06
[Training] Time: 22.002 seconds
[Training] Loss: 0.0096	Accuracy: 99.798
[Test] Accuracy: 91.260

Epoch 373
Learning rate 5.00000e-06
[Training] Time: 22.117 seconds
[Training] Loss: 0.0103	Accuracy: 99.766
[Test] Accuracy: 91.330

Epoch 374
Learning rate 5.00000e-06
[Training] Time: 22.053 seconds
[Training] Loss: 0.0097	Accuracy: 99.804
[Test] Accuracy: 91.370

Epoch 375
Learning rate 5.00000e-06
[Training] Time: 22.169 seconds
[Training] Loss: 0.0094	Accuracy: 99.818
[Test] Accuracy: 91.250

Epoch 376
Learning rate 5.00000e-06
[Training] Time: 22.007 seconds
[Training] Loss: 0.0103	Accuracy: 99.774
[Test] Accuracy: 91.460

Epoch 377
Learning rate 5.00000e-07
[Training] Time: 22.066 seconds
[Training] Loss: 0.0100	Accuracy: 99.802
[Test] Accuracy: 91.350

Epoch 378
Learning rate 5.00000e-07
[Training] Time: 21.985 seconds
[Training] Loss: 0.0096	Accuracy: 99.806
[Test] Accuracy: 91.370

Epoch 379
Learning rate 5.00000e-07
[Training] Time: 22.155 seconds
[Training] Loss: 0.0101	Accuracy: 99.794
[Test] Accuracy: 91.330

Epoch 380
Learning rate 5.00000e-07
[Training] Time: 22.011 seconds
[Training] Loss: 0.0095	Accuracy: 99.810
[Test] Accuracy: 91.370

Epoch 381
Learning rate 5.00000e-07
[Training] Time: 22.076 seconds
[Training] Loss: 0.0096	Accuracy: 99.836
[Test] Accuracy: 91.400

Epoch 382
Learning rate 5.00000e-07
[Training] Time: 22.031 seconds
[Training] Loss: 0.0101	Accuracy: 99.742
[Test] Accuracy: 91.380

Epoch 383
Learning rate 5.00000e-07
[Training] Time: 22.112 seconds
[Training] Loss: 0.0097	Accuracy: 99.810
[Test] Accuracy: 91.340

Epoch 384
Learning rate 5.00000e-07
[Training] Time: 21.998 seconds
[Training] Loss: 0.0095	Accuracy: 99.796
[Test] Accuracy: 91.460

Epoch 385
Learning rate 5.00000e-07
[Training] Time: 22.152 seconds
[Training] Loss: 0.0100	Accuracy: 99.788
[Test] Accuracy: 91.210

Epoch 386
Learning rate 5.00000e-07
[Training] Time: 22.027 seconds
[Training] Loss: 0.0098	Accuracy: 99.802
[Test] Accuracy: 91.320

Epoch 387
Learning rate 5.00000e-07
[Training] Time: 22.146 seconds
[Training] Loss: 0.0098	Accuracy: 99.790
[Test] Accuracy: 91.230

Epoch 388
Learning rate 5.00000e-07
[Training] Time: 22.022 seconds
[Training] Loss: 0.0097	Accuracy: 99.832
[Test] Accuracy: 91.390

Epoch 389
Learning rate 5.00000e-07
[Training] Time: 22.089 seconds
[Training] Loss: 0.0092	Accuracy: 99.826
[Test] Accuracy: 91.290

Epoch 390
Learning rate 5.00000e-07
[Training] Time: 22.035 seconds
[Training] Loss: 0.0092	Accuracy: 99.802
[Test] Accuracy: 91.100

Epoch 391
Learning rate 5.00000e-07
[Training] Time: 22.171 seconds
[Training] Loss: 0.0100	Accuracy: 99.786
[Test] Accuracy: 91.400

Epoch 392
Learning rate 5.00000e-07
[Training] Time: 22.024 seconds
[Training] Loss: 0.0094	Accuracy: 99.796
[Test] Accuracy: 91.320

Epoch 393
Learning rate 5.00000e-07
[Training] Time: 22.101 seconds
[Training] Loss: 0.0102	Accuracy: 99.760
[Test] Accuracy: 91.320

Epoch 394
Learning rate 5.00000e-07
[Training] Time: 22.012 seconds
[Training] Loss: 0.0102	Accuracy: 99.786
[Test] Accuracy: 91.370

Epoch 395
Learning rate 5.00000e-07
[Training] Time: 22.104 seconds
[Training] Loss: 0.0098	Accuracy: 99.810
[Test] Accuracy: 91.280

Epoch 396
Learning rate 5.00000e-07
[Training] Time: 21.996 seconds
[Training] Loss: 0.0089	Accuracy: 99.850
[Test] Accuracy: 91.310

Epoch 397
Learning rate 5.00000e-07
[Training] Time: 22.094 seconds
[Training] Loss: 0.0104	Accuracy: 99.746
[Test] Accuracy: 91.300

Epoch 398
Learning rate 5.00000e-07
[Training] Time: 22.046 seconds
[Training] Loss: 0.0099	Accuracy: 99.792
[Test] Accuracy: 91.340

Epoch 399
Learning rate 5.00000e-07
[Training] Time: 22.146 seconds
[Training] Loss: 0.0095	Accuracy: 99.814
[Test] Accuracy: 91.270

Epoch 400
Learning rate 5.00000e-07
[Training] Time: 22.038 seconds
[Training] Loss: 0.0105	Accuracy: 99.746
[Test] Accuracy: 91.410

Epoch 401
Learning rate 5.00000e-07
[Training] Time: 22.105 seconds
[Training] Loss: 0.0101	Accuracy: 99.778
[Test] Accuracy: 91.270

Epoch 402
Learning rate 5.00000e-07
[Training] Time: 22.043 seconds
[Training] Loss: 0.0090	Accuracy: 99.824
[Test] Accuracy: 91.420

Epoch 403
Learning rate 5.00000e-07
[Training] Time: 22.162 seconds
[Training] Loss: 0.0098	Accuracy: 99.792
[Test] Accuracy: 91.350

Epoch 404
Learning rate 5.00000e-07
[Training] Time: 22.017 seconds
[Training] Loss: 0.0091	Accuracy: 99.832
[Test] Accuracy: 91.300

Epoch 405
Learning rate 5.00000e-07
[Training] Time: 22.105 seconds
[Training] Loss: 0.0099	Accuracy: 99.782
[Test] Accuracy: 91.360

Epoch 406
Learning rate 5.00000e-07
[Training] Time: 22.017 seconds
[Training] Loss: 0.0103	Accuracy: 99.772
[Test] Accuracy: 91.340

Epoch 407
Learning rate 5.00000e-07
[Training] Time: 22.162 seconds
[Training] Loss: 0.0100	Accuracy: 99.786
[Test] Accuracy: 91.340

Epoch 408
Learning rate 5.00000e-07
[Training] Time: 22.036 seconds
[Training] Loss: 0.0099	Accuracy: 99.788
[Test] Accuracy: 91.320

Epoch 409
Learning rate 5.00000e-07
[Training] Time: 22.112 seconds
[Training] Loss: 0.0098	Accuracy: 99.804
[Test] Accuracy: 91.400

Epoch 410
Learning rate 5.00000e-07
[Training] Time: 22.034 seconds
[Training] Loss: 0.0103	Accuracy: 99.750
[Test] Accuracy: 91.350

Epoch 411
Learning rate 5.00000e-07
[Training] Time: 22.131 seconds
[Training] Loss: 0.0092	Accuracy: 99.828
[Test] Accuracy: 91.440

Epoch 412
Learning rate 5.00000e-07
[Training] Time: 21.990 seconds
[Training] Loss: 0.0099	Accuracy: 99.784
[Test] Accuracy: 91.270

Epoch 413
Learning rate 5.00000e-07
[Training] Time: 22.164 seconds
[Training] Loss: 0.0101	Accuracy: 99.786
[Test] Accuracy: 91.310

Epoch 414
Learning rate 5.00000e-07
[Training] Time: 21.980 seconds
[Training] Loss: 0.0102	Accuracy: 99.778
[Test] Accuracy: 91.270

Epoch 415
Learning rate 5.00000e-07
[Training] Time: 22.133 seconds
[Training] Loss: 0.0097	Accuracy: 99.814
[Test] Accuracy: 91.330

Epoch 416
Learning rate 5.00000e-07
[Training] Time: 22.058 seconds
[Training] Loss: 0.0100	Accuracy: 99.766
[Test] Accuracy: 91.210

Epoch 417
Learning rate 5.00000e-07
[Training] Time: 22.122 seconds
[Training] Loss: 0.0098	Accuracy: 99.774
[Test] Accuracy: 91.440

Epoch 418
Learning rate 5.00000e-07
[Training] Time: 22.041 seconds
[Training] Loss: 0.0094	Accuracy: 99.824
[Test] Accuracy: 91.390

Epoch 419
Learning rate 5.00000e-07
[Training] Time: 22.094 seconds
[Training] Loss: 0.0096	Accuracy: 99.774
[Test] Accuracy: 91.400

Epoch 420
Learning rate 5.00000e-07
[Training] Time: 22.017 seconds
[Training] Loss: 0.0097	Accuracy: 99.814
[Test] Accuracy: 91.430

Epoch 421
Learning rate 5.00000e-07
[Training] Time: 22.165 seconds
[Training] Loss: 0.0094	Accuracy: 99.814
[Test] Accuracy: 91.280

Epoch 422
Learning rate 5.00000e-07
[Training] Time: 22.039 seconds
[Training] Loss: 0.0096	Accuracy: 99.808
[Test] Accuracy: 91.370

Epoch 423
Learning rate 5.00000e-07
[Training] Time: 22.205 seconds
[Training] Loss: 0.0099	Accuracy: 99.798
[Test] Accuracy: 91.230

Epoch 424
Learning rate 5.00000e-07
[Training] Time: 22.020 seconds
[Training] Loss: 0.0097	Accuracy: 99.822
[Test] Accuracy: 91.290

Epoch 425
Learning rate 5.00000e-07
[Training] Time: 22.132 seconds
[Training] Loss: 0.0099	Accuracy: 99.798
[Test] Accuracy: 91.390

Epoch 426
Learning rate 5.00000e-07
[Training] Time: 22.029 seconds
[Training] Loss: 0.0100	Accuracy: 99.778
[Test] Accuracy: 91.400

Epoch 427
Learning rate 5.00000e-07
[Training] Time: 22.199 seconds
[Training] Loss: 0.0098	Accuracy: 99.782
[Test] Accuracy: 91.410

Epoch 428
Learning rate 5.00000e-08
[Training] Time: 22.026 seconds
[Training] Loss: 0.0092	Accuracy: 99.802
[Test] Accuracy: 91.390

Epoch 429
Learning rate 5.00000e-08
[Training] Time: 22.118 seconds
[Training] Loss: 0.0099	Accuracy: 99.770
[Test] Accuracy: 91.380

Epoch 430
Learning rate 5.00000e-08
[Training] Time: 22.009 seconds
[Training] Loss: 0.0097	Accuracy: 99.782
[Test] Accuracy: 91.310

Epoch 431
Learning rate 5.00000e-08
[Training] Time: 22.120 seconds
[Training] Loss: 0.0106	Accuracy: 99.760
[Test] Accuracy: 91.550

Epoch 432
Learning rate 5.00000e-08
[Training] Time: 22.003 seconds
[Training] Loss: 0.0095	Accuracy: 99.796
[Test] Accuracy: 91.500

Epoch 433
Learning rate 5.00000e-08
[Training] Time: 22.175 seconds
[Training] Loss: 0.0103	Accuracy: 99.752
[Test] Accuracy: 91.300

Epoch 434
Learning rate 5.00000e-08
[Training] Time: 21.988 seconds
[Training] Loss: 0.0098	Accuracy: 99.780
[Test] Accuracy: 91.440

Epoch 435
Learning rate 5.00000e-08
[Training] Time: 22.142 seconds
[Training] Loss: 0.0101	Accuracy: 99.774
[Test] Accuracy: 91.340

Epoch 436
Learning rate 5.00000e-08
[Training] Time: 22.014 seconds
[Training] Loss: 0.0098	Accuracy: 99.802
[Test] Accuracy: 91.290

Epoch 437
Learning rate 5.00000e-08
[Training] Time: 22.087 seconds
[Training] Loss: 0.0102	Accuracy: 99.768
[Test] Accuracy: 91.410

Epoch 438
Learning rate 5.00000e-08
[Training] Time: 22.052 seconds
[Training] Loss: 0.0102	Accuracy: 99.754
[Test] Accuracy: 91.400

Epoch 439
Learning rate 5.00000e-08
[Training] Time: 22.133 seconds
[Training] Loss: 0.0097	Accuracy: 99.796
[Test] Accuracy: 91.210

Epoch 440
Learning rate 5.00000e-08
[Training] Time: 22.069 seconds
[Training] Loss: 0.0103	Accuracy: 99.782
[Test] Accuracy: 91.540

Epoch 441
Learning rate 5.00000e-08
[Training] Time: 22.157 seconds
[Training] Loss: 0.0101	Accuracy: 99.790
[Test] Accuracy: 91.290

Epoch 442
Learning rate 5.00000e-08
[Training] Time: 22.089 seconds
[Training] Loss: 0.0098	Accuracy: 99.762
[Test] Accuracy: 91.360

Epoch 443
Learning rate 5.00000e-08
[Training] Time: 22.188 seconds
[Training] Loss: 0.0095	Accuracy: 99.802
[Test] Accuracy: 91.400

Epoch 444
Learning rate 5.00000e-08
[Training] Time: 22.030 seconds
[Training] Loss: 0.0096	Accuracy: 99.814
[Test] Accuracy: 91.410

Epoch 445
Learning rate 5.00000e-08
[Training] Time: 22.129 seconds
[Training] Loss: 0.0101	Accuracy: 99.778
[Test] Accuracy: 91.400

Epoch 446
Learning rate 5.00000e-08
[Training] Time: 22.044 seconds
[Training] Loss: 0.0105	Accuracy: 99.764
[Test] Accuracy: 91.460

Epoch 447
Learning rate 5.00000e-08
[Training] Time: 22.109 seconds
[Training] Loss: 0.0105	Accuracy: 99.762
[Test] Accuracy: 91.350

Epoch 448
Learning rate 5.00000e-08
[Training] Time: 22.033 seconds
[Training] Loss: 0.0097	Accuracy: 99.812
[Test] Accuracy: 91.430

Epoch 449
Learning rate 5.00000e-08
[Training] Time: 22.155 seconds
[Training] Loss: 0.0098	Accuracy: 99.792
[Test] Accuracy: 91.410

Epoch 450
Learning rate 5.00000e-08
[Training] Time: 22.028 seconds
[Training] Loss: 0.0093	Accuracy: 99.824
[Test] Accuracy: 91.350

Epoch 451
Learning rate 5.00000e-08
[Training] Time: 22.148 seconds
[Training] Loss: 0.0101	Accuracy: 99.786
[Test] Accuracy: 91.260

Epoch 452
Learning rate 5.00000e-08
[Training] Time: 22.056 seconds
[Training] Loss: 0.0099	Accuracy: 99.794
[Test] Accuracy: 91.410

Epoch 453
Learning rate 5.00000e-08
[Training] Time: 22.140 seconds
[Training] Loss: 0.0102	Accuracy: 99.760
[Test] Accuracy: 91.490

Epoch 454
Learning rate 5.00000e-08
[Training] Time: 22.041 seconds
[Training] Loss: 0.0095	Accuracy: 99.822
[Test] Accuracy: 91.450

Epoch 455
Learning rate 5.00000e-08
[Training] Time: 22.138 seconds
[Training] Loss: 0.0096	Accuracy: 99.792
[Test] Accuracy: 91.260

Epoch 456
Learning rate 5.00000e-08
[Training] Time: 22.005 seconds
[Training] Loss: 0.0094	Accuracy: 99.804
[Test] Accuracy: 91.340

Epoch 457
Learning rate 5.00000e-08
[Training] Time: 22.100 seconds
[Training] Loss: 0.0104	Accuracy: 99.764
[Test] Accuracy: 91.400

Epoch 458
Learning rate 5.00000e-08
[Training] Time: 22.018 seconds
[Training] Loss: 0.0099	Accuracy: 99.792
[Test] Accuracy: 91.390

Epoch 459
Learning rate 5.00000e-08
[Training] Time: 22.108 seconds
[Training] Loss: 0.0096	Accuracy: 99.796
[Test] Accuracy: 91.290

Epoch 460
Learning rate 5.00000e-08
[Training] Time: 22.052 seconds
[Training] Loss: 0.0102	Accuracy: 99.784
[Test] Accuracy: 91.310

Epoch 461
Learning rate 5.00000e-08
[Training] Time: 22.157 seconds
[Training] Loss: 0.0095	Accuracy: 99.820
[Test] Accuracy: 91.430

Epoch 462
Learning rate 5.00000e-08
[Training] Time: 22.035 seconds
[Training] Loss: 0.0100	Accuracy: 99.772
[Test] Accuracy: 91.280

Epoch 463
Learning rate 5.00000e-08
[Training] Time: 22.156 seconds
[Training] Loss: 0.0103	Accuracy: 99.760
[Test] Accuracy: 91.330

Epoch 464
Learning rate 5.00000e-08
[Training] Time: 22.018 seconds
[Training] Loss: 0.0097	Accuracy: 99.764
[Test] Accuracy: 91.310

Epoch 465
Learning rate 5.00000e-08
[Training] Time: 22.130 seconds
[Training] Loss: 0.0103	Accuracy: 99.768
[Test] Accuracy: 91.380

Epoch 466
Learning rate 5.00000e-08
[Training] Time: 22.008 seconds
[Training] Loss: 0.0097	Accuracy: 99.802
[Test] Accuracy: 91.340

Epoch 467
Learning rate 5.00000e-08
[Training] Time: 22.151 seconds
[Training] Loss: 0.0102	Accuracy: 99.778
[Test] Accuracy: 91.290

Epoch 468
Learning rate 5.00000e-08
[Training] Time: 22.022 seconds
[Training] Loss: 0.0100	Accuracy: 99.794
[Test] Accuracy: 91.300

Epoch 469
Learning rate 5.00000e-08
[Training] Time: 22.098 seconds
[Training] Loss: 0.0097	Accuracy: 99.808
[Test] Accuracy: 91.440

Epoch 470
Learning rate 5.00000e-08
[Training] Time: 22.042 seconds
[Training] Loss: 0.0099	Accuracy: 99.768
[Test] Accuracy: 91.480

Epoch 471
Learning rate 5.00000e-08
[Training] Time: 22.143 seconds
[Training] Loss: 0.0095	Accuracy: 99.796
[Test] Accuracy: 91.320

Epoch 472
Learning rate 5.00000e-08
[Training] Time: 22.027 seconds
[Training] Loss: 0.0101	Accuracy: 99.766
[Test] Accuracy: 91.360

Epoch 473
Learning rate 5.00000e-08
[Training] Time: 22.092 seconds
[Training] Loss: 0.0098	Accuracy: 99.794
[Test] Accuracy: 91.400

Epoch 474
Learning rate 5.00000e-08
[Training] Time: 22.028 seconds
[Training] Loss: 0.0102	Accuracy: 99.768
[Test] Accuracy: 91.290

Epoch 475
Learning rate 5.00000e-08
[Training] Time: 22.160 seconds
[Training] Loss: 0.0095	Accuracy: 99.806
[Test] Accuracy: 91.430

Epoch 476
Learning rate 5.00000e-08
[Training] Time: 22.028 seconds
[Training] Loss: 0.0102	Accuracy: 99.796
[Test] Accuracy: 91.420

Epoch 477
Learning rate 5.00000e-08
[Training] Time: 22.104 seconds
[Training] Loss: 0.0096	Accuracy: 99.796
[Test] Accuracy: 91.450

Epoch 478
Learning rate 5.00000e-08
[Training] Time: 22.038 seconds
[Training] Loss: 0.0104	Accuracy: 99.764
[Test] Accuracy: 91.390

Epoch 479
Learning rate 5.00000e-09
[Training] Time: 22.081 seconds
[Training] Loss: 0.0100	Accuracy: 99.788
[Test] Accuracy: 91.260

Epoch 480
Learning rate 5.00000e-09
[Training] Time: 22.037 seconds
[Training] Loss: 0.0091	Accuracy: 99.824
[Test] Accuracy: 91.360

Epoch 481
Learning rate 5.00000e-09
[Training] Time: 22.099 seconds
[Training] Loss: 0.0101	Accuracy: 99.790
[Test] Accuracy: 91.420

Epoch 482
Learning rate 5.00000e-09
[Training] Time: 22.023 seconds
[Training] Loss: 0.0099	Accuracy: 99.806
[Test] Accuracy: 91.390

Epoch 483
Learning rate 5.00000e-09
[Training] Time: 22.165 seconds
[Training] Loss: 0.0105	Accuracy: 99.766
[Test] Accuracy: 91.310

Epoch 484
Learning rate 5.00000e-09
[Training] Time: 22.022 seconds
[Training] Loss: 0.0096	Accuracy: 99.792
[Test] Accuracy: 91.180

Epoch 485
Learning rate 5.00000e-09
[Training] Time: 22.133 seconds
[Training] Loss: 0.0093	Accuracy: 99.806
[Test] Accuracy: 91.410

Epoch 486
Learning rate 5.00000e-09
[Training] Time: 22.034 seconds
[Training] Loss: 0.0095	Accuracy: 99.794
[Test] Accuracy: 91.350

Epoch 487
Learning rate 5.00000e-09
[Training] Time: 22.044 seconds
[Training] Loss: 0.0095	Accuracy: 99.800
[Test] Accuracy: 91.440

Epoch 488
Learning rate 5.00000e-09
[Training] Time: 22.040 seconds
[Training] Loss: 0.0097	Accuracy: 99.794
[Test] Accuracy: 91.320

Epoch 489
Learning rate 5.00000e-09
[Training] Time: 22.124 seconds
[Training] Loss: 0.0096	Accuracy: 99.808
[Test] Accuracy: 91.360

Epoch 490
Learning rate 5.00000e-09
[Training] Time: 22.036 seconds
[Training] Loss: 0.0104	Accuracy: 99.780
[Test] Accuracy: 91.380

Epoch 491
Learning rate 5.00000e-09
[Training] Time: 22.109 seconds
[Training] Loss: 0.0097	Accuracy: 99.796
[Test] Accuracy: 91.510

Epoch 492
Learning rate 5.00000e-09
[Training] Time: 22.037 seconds
[Training] Loss: 0.0099	Accuracy: 99.798
[Test] Accuracy: 91.320

Epoch 493
Learning rate 5.00000e-09
[Training] Time: 22.099 seconds
[Training] Loss: 0.0094	Accuracy: 99.824
[Test] Accuracy: 91.420

Epoch 494
Learning rate 5.00000e-09
[Training] Time: 22.051 seconds
[Training] Loss: 0.0102	Accuracy: 99.756
[Test] Accuracy: 91.370

Epoch 495
Learning rate 5.00000e-09
[Training] Time: 22.100 seconds
[Training] Loss: 0.0093	Accuracy: 99.822
[Test] Accuracy: 91.330

Epoch 496
Learning rate 5.00000e-09
[Training] Time: 22.029 seconds
[Training] Loss: 0.0099	Accuracy: 99.776
[Test] Accuracy: 91.340

Epoch 497
Learning rate 5.00000e-09
[Training] Time: 22.099 seconds
[Training] Loss: 0.0100	Accuracy: 99.754
[Test] Accuracy: 91.390

Epoch 498
Learning rate 5.00000e-09
[Training] Time: 22.034 seconds
[Training] Loss: 0.0098	Accuracy: 99.814
[Test] Accuracy: 91.330

Epoch 499
Learning rate 5.00000e-09
[Training] Time: 22.043 seconds
[Training] Loss: 0.0102	Accuracy: 99.780
[Test] Accuracy: 91.340

Model training finished.
Writing experimental setup to save_resnet20
Dumping training statistics to save_resnet20
Time: 11774.858 seconds. ( 3 hours 16 minutes 14.858 seconds)
Best Accuracy: 91.560 occured at epoch 172
Program Exiting
