Creating directory at save_resnet110
Files already downloaded and verified
Starting training from epoch 0 to 500

Epoch 0
Learning rate 1.00000e-01
[Training] Time: 119.121 seconds
[Training] Loss: 2.6918	Accuracy: 10.018
[Test] Accuracy: 9.920

Epoch 1
Learning rate 1.00000e-01
[Training] Time: 119.847 seconds
[Training] Loss: 2.2552	Accuracy: 12.820
[Test] Accuracy: 22.530

Epoch 2
Learning rate 1.00000e-01
[Training] Time: 120.522 seconds
[Training] Loss: 1.9085	Accuracy: 26.844
[Test] Accuracy: 34.520

Epoch 3
Learning rate 1.00000e-01
[Training] Time: 120.617 seconds
[Training] Loss: 1.6309	Accuracy: 38.310
[Test] Accuracy: 31.560

Epoch 4
Learning rate 1.00000e-01
[Training] Time: 120.758 seconds
[Training] Loss: 1.4092	Accuracy: 47.758
[Test] Accuracy: 51.880

Epoch 5
Learning rate 1.00000e-01
[Training] Time: 120.850 seconds
[Training] Loss: 1.2303	Accuracy: 55.422
[Test] Accuracy: 48.760

Epoch 6
Learning rate 1.00000e-01
[Training] Time: 120.784 seconds
[Training] Loss: 1.0739	Accuracy: 61.148
[Test] Accuracy: 60.980

Epoch 7
Learning rate 1.00000e-01
[Training] Time: 120.984 seconds
[Training] Loss: 0.9559	Accuracy: 65.738
[Test] Accuracy: 64.130

Epoch 8
Learning rate 1.00000e-01
[Training] Time: 121.056 seconds
[Training] Loss: 0.8671	Accuracy: 69.496
[Test] Accuracy: 69.100

Epoch 9
Learning rate 1.00000e-01
[Training] Time: 121.067 seconds
[Training] Loss: 0.8077	Accuracy: 71.330
[Test] Accuracy: 69.160

Epoch 10
Learning rate 1.00000e-01
[Training] Time: 121.002 seconds
[Training] Loss: 0.7425	Accuracy: 73.982
[Test] Accuracy: 73.500

Epoch 11
Learning rate 1.00000e-01
[Training] Time: 120.942 seconds
[Training] Loss: 0.6915	Accuracy: 75.732
[Test] Accuracy: 72.870

Epoch 12
Learning rate 1.00000e-01
[Training] Time: 120.946 seconds
[Training] Loss: 0.6509	Accuracy: 77.252
[Test] Accuracy: 73.390

Epoch 13
Learning rate 1.00000e-01
[Training] Time: 120.994 seconds
[Training] Loss: 0.6101	Accuracy: 78.672
[Test] Accuracy: 73.310

Epoch 14
Learning rate 1.00000e-01
[Training] Time: 121.081 seconds
[Training] Loss: 0.5762	Accuracy: 79.796
[Test] Accuracy: 76.970

Epoch 15
Learning rate 1.00000e-01
[Training] Time: 120.938 seconds
[Training] Loss: 0.5463	Accuracy: 80.982
[Test] Accuracy: 78.830

Epoch 16
Learning rate 1.00000e-01
[Training] Time: 120.983 seconds
[Training] Loss: 0.5187	Accuracy: 81.964
[Test] Accuracy: 81.140

Epoch 17
Learning rate 1.00000e-01
[Training] Time: 121.033 seconds
[Training] Loss: 0.4929	Accuracy: 82.936
[Test] Accuracy: 79.750

Epoch 18
Learning rate 1.00000e-01
[Training] Time: 120.945 seconds
[Training] Loss: 0.4709	Accuracy: 83.664
[Test] Accuracy: 79.050

Epoch 19
Learning rate 1.00000e-01
[Training] Time: 120.985 seconds
[Training] Loss: 0.4542	Accuracy: 84.270
[Test] Accuracy: 80.990

Epoch 20
Learning rate 1.00000e-01
[Training] Time: 120.936 seconds
[Training] Loss: 0.4411	Accuracy: 84.834
[Test] Accuracy: 80.790

Epoch 21
Learning rate 1.00000e-01
[Training] Time: 120.971 seconds
[Training] Loss: 0.4113	Accuracy: 85.754
[Test] Accuracy: 79.330

Epoch 22
Learning rate 1.00000e-01
[Training] Time: 120.968 seconds
[Training] Loss: 0.4011	Accuracy: 86.108
[Test] Accuracy: 82.390

Epoch 23
Learning rate 1.00000e-01
[Training] Time: 120.992 seconds
[Training] Loss: 0.3866	Accuracy: 86.528
[Test] Accuracy: 82.670

Epoch 24
Learning rate 1.00000e-01
[Training] Time: 120.958 seconds
[Training] Loss: 0.3740	Accuracy: 87.018
[Test] Accuracy: 83.160

Epoch 25
Learning rate 1.00000e-01
[Training] Time: 120.848 seconds
[Training] Loss: 0.3693	Accuracy: 87.132
[Test] Accuracy: 82.750

Epoch 26
Learning rate 1.00000e-01
[Training] Time: 120.920 seconds
[Training] Loss: 0.3582	Accuracy: 87.548
[Test] Accuracy: 83.360

Epoch 27
Learning rate 1.00000e-01
[Training] Time: 121.002 seconds
[Training] Loss: 0.3507	Accuracy: 87.956
[Test] Accuracy: 83.940

Epoch 28
Learning rate 1.00000e-01
[Training] Time: 120.940 seconds
[Training] Loss: 0.3387	Accuracy: 88.364
[Test] Accuracy: 83.340

Epoch 29
Learning rate 1.00000e-01
[Training] Time: 120.736 seconds
[Training] Loss: 0.3344	Accuracy: 88.408
[Test] Accuracy: 84.660

Epoch 30
Learning rate 1.00000e-01
[Training] Time: 120.870 seconds
[Training] Loss: 0.3174	Accuracy: 88.926
[Test] Accuracy: 82.970

Epoch 31
Learning rate 1.00000e-01
[Training] Time: 120.865 seconds
[Training] Loss: 0.3131	Accuracy: 89.164
[Test] Accuracy: 85.190

Epoch 32
Learning rate 1.00000e-01
[Training] Time: 120.875 seconds
[Training] Loss: 0.3055	Accuracy: 89.234
[Test] Accuracy: 82.980

Epoch 33
Learning rate 1.00000e-01
[Training] Time: 120.880 seconds
[Training] Loss: 0.3011	Accuracy: 89.582
[Test] Accuracy: 84.750

Epoch 34
Learning rate 1.00000e-01
[Training] Time: 120.944 seconds
[Training] Loss: 0.2916	Accuracy: 89.772
[Test] Accuracy: 85.390

Epoch 35
Learning rate 1.00000e-01
[Training] Time: 120.946 seconds
[Training] Loss: 0.2850	Accuracy: 89.924
[Test] Accuracy: 84.200

Epoch 36
Learning rate 1.00000e-01
[Training] Time: 120.980 seconds
[Training] Loss: 0.2797	Accuracy: 90.426
[Test] Accuracy: 84.680

Epoch 37
Learning rate 1.00000e-01
[Training] Time: 121.031 seconds
[Training] Loss: 0.2754	Accuracy: 90.374
[Test] Accuracy: 82.270

Epoch 38
Learning rate 1.00000e-01
[Training] Time: 120.908 seconds
[Training] Loss: 0.2709	Accuracy: 90.442
[Test] Accuracy: 84.090

Epoch 39
Learning rate 1.00000e-01
[Training] Time: 121.075 seconds
[Training] Loss: 0.2686	Accuracy: 90.666
[Test] Accuracy: 85.230

Epoch 40
Learning rate 1.00000e-01
[Training] Time: 121.011 seconds
[Training] Loss: 0.2693	Accuracy: 90.592
[Test] Accuracy: 83.300

Epoch 41
Learning rate 1.00000e-01
[Training] Time: 120.973 seconds
[Training] Loss: 0.2593	Accuracy: 90.956
[Test] Accuracy: 79.800

Epoch 42
Learning rate 1.00000e-01
[Training] Time: 120.968 seconds
[Training] Loss: 0.2536	Accuracy: 91.178
[Test] Accuracy: 85.870

Epoch 43
Learning rate 1.00000e-01
[Training] Time: 120.996 seconds
[Training] Loss: 0.2465	Accuracy: 91.358
[Test] Accuracy: 85.250

Epoch 44
Learning rate 1.00000e-01
[Training] Time: 121.020 seconds
[Training] Loss: 0.2496	Accuracy: 91.304
[Test] Accuracy: 86.360

Epoch 45
Learning rate 1.00000e-01
[Training] Time: 120.940 seconds
[Training] Loss: 0.2397	Accuracy: 91.626
[Test] Accuracy: 86.650

Epoch 46
Learning rate 1.00000e-01
[Training] Time: 120.964 seconds
[Training] Loss: 0.2386	Accuracy: 91.650
[Test] Accuracy: 86.530

Epoch 47
Learning rate 1.00000e-01
[Training] Time: 120.892 seconds
[Training] Loss: 0.2374	Accuracy: 91.718
[Test] Accuracy: 84.160

Epoch 48
Learning rate 1.00000e-01
[Training] Time: 120.949 seconds
[Training] Loss: 0.2328	Accuracy: 91.878
[Test] Accuracy: 86.470

Epoch 49
Learning rate 1.00000e-01
[Training] Time: 120.913 seconds
[Training] Loss: 0.2306	Accuracy: 91.934
[Test] Accuracy: 82.860

Epoch 50
Learning rate 1.00000e-01
[Training] Time: 120.897 seconds
[Training] Loss: 0.2264	Accuracy: 92.006
[Test] Accuracy: 83.640

Epoch 51
Learning rate 1.00000e-01
[Training] Time: 120.933 seconds
[Training] Loss: 0.2271	Accuracy: 91.920
[Test] Accuracy: 80.540

Epoch 52
Learning rate 1.00000e-01
[Training] Time: 120.882 seconds
[Training] Loss: 0.2203	Accuracy: 92.298
[Test] Accuracy: 83.200

Epoch 53
Learning rate 1.00000e-01
[Training] Time: 120.919 seconds
[Training] Loss: 0.2180	Accuracy: 92.356
[Test] Accuracy: 86.630

Epoch 54
Learning rate 1.00000e-01
[Training] Time: 120.897 seconds
[Training] Loss: 0.2125	Accuracy: 92.496
[Test] Accuracy: 86.290

Epoch 55
Learning rate 1.00000e-01
[Training] Time: 120.980 seconds
[Training] Loss: 0.2158	Accuracy: 92.428
[Test] Accuracy: 86.710

Epoch 56
Learning rate 1.00000e-01
[Training] Time: 120.889 seconds
[Training] Loss: 0.2079	Accuracy: 92.792
[Test] Accuracy: 86.630

Epoch 57
Learning rate 1.00000e-01
[Training] Time: 120.921 seconds
[Training] Loss: 0.2061	Accuracy: 92.820
[Test] Accuracy: 85.410

Epoch 58
Learning rate 1.00000e-01
[Training] Time: 120.853 seconds
[Training] Loss: 0.2008	Accuracy: 93.000
[Test] Accuracy: 88.300

Epoch 59
Learning rate 1.00000e-01
[Training] Time: 120.781 seconds
[Training] Loss: 0.2091	Accuracy: 92.806
[Test] Accuracy: 87.730

Epoch 60
Learning rate 1.00000e-01
[Training] Time: 120.870 seconds
[Training] Loss: 0.2076	Accuracy: 92.690
[Test] Accuracy: 86.690

Epoch 61
Learning rate 1.00000e-01
[Training] Time: 120.845 seconds
[Training] Loss: 0.1941	Accuracy: 93.228
[Test] Accuracy: 85.430

Epoch 62
Learning rate 1.00000e-01
[Training] Time: 121.012 seconds
[Training] Loss: 0.1940	Accuracy: 93.254
[Test] Accuracy: 85.200

Epoch 63
Learning rate 1.00000e-01
[Training] Time: 120.908 seconds
[Training] Loss: 0.2013	Accuracy: 92.956
[Test] Accuracy: 87.810

Epoch 64
Learning rate 1.00000e-01
[Training] Time: 120.910 seconds
[Training] Loss: 0.1977	Accuracy: 93.160
[Test] Accuracy: 86.370

Epoch 65
Learning rate 1.00000e-01
[Training] Time: 120.962 seconds
[Training] Loss: 0.1911	Accuracy: 93.294
[Test] Accuracy: 86.900

Epoch 66
Learning rate 1.00000e-01
[Training] Time: 120.996 seconds
[Training] Loss: 0.1952	Accuracy: 93.070
[Test] Accuracy: 85.420

Epoch 67
Learning rate 1.00000e-01
[Training] Time: 120.910 seconds
[Training] Loss: 0.1873	Accuracy: 93.416
[Test] Accuracy: 86.690

Epoch 68
Learning rate 1.00000e-01
[Training] Time: 120.922 seconds
[Training] Loss: 0.1893	Accuracy: 93.394
[Test] Accuracy: 85.250

Epoch 69
Learning rate 1.00000e-01
[Training] Time: 120.969 seconds
[Training] Loss: 0.1844	Accuracy: 93.546
[Test] Accuracy: 87.590

Epoch 70
Learning rate 1.00000e-01
[Training] Time: 120.901 seconds
[Training] Loss: 0.1870	Accuracy: 93.484
[Test] Accuracy: 86.930

Epoch 71
Learning rate 1.00000e-01
[Training] Time: 120.906 seconds
[Training] Loss: 0.1861	Accuracy: 93.548
[Test] Accuracy: 86.200

Epoch 72
Learning rate 1.00000e-01
[Training] Time: 120.970 seconds
[Training] Loss: 0.1855	Accuracy: 93.474
[Test] Accuracy: 87.160

Epoch 73
Learning rate 1.00000e-01
[Training] Time: 120.912 seconds
[Training] Loss: 0.1734	Accuracy: 93.994
[Test] Accuracy: 87.190

Epoch 74
Learning rate 1.00000e-01
[Training] Time: 120.853 seconds
[Training] Loss: 0.1806	Accuracy: 93.630
[Test] Accuracy: 86.400

Epoch 75
Learning rate 1.00000e-01
[Training] Time: 120.960 seconds
[Training] Loss: 0.1788	Accuracy: 93.694
[Test] Accuracy: 86.280

Epoch 76
Learning rate 1.00000e-01
[Training] Time: 120.918 seconds
[Training] Loss: 0.1817	Accuracy: 93.682
[Test] Accuracy: 85.770

Epoch 77
Learning rate 1.00000e-01
[Training] Time: 120.961 seconds
[Training] Loss: 0.1829	Accuracy: 93.602
[Test] Accuracy: 87.290

Epoch 78
Learning rate 1.00000e-01
[Training] Time: 120.946 seconds
[Training] Loss: 0.1728	Accuracy: 93.956
[Test] Accuracy: 86.010

Epoch 79
Learning rate 1.00000e-01
[Training] Time: 120.969 seconds
[Training] Loss: 0.1764	Accuracy: 93.778
[Test] Accuracy: 87.820

Epoch 80
Learning rate 1.00000e-01
[Training] Time: 120.901 seconds
[Training] Loss: 0.1742	Accuracy: 93.928
[Test] Accuracy: 86.200

Epoch 81
Learning rate 1.00000e-01
[Training] Time: 120.921 seconds
[Training] Loss: 0.1730	Accuracy: 93.926
[Test] Accuracy: 88.830

Epoch 82
Learning rate 1.00000e-01
[Training] Time: 120.931 seconds
[Training] Loss: 0.1705	Accuracy: 94.124
[Test] Accuracy: 86.200

Epoch 83
Learning rate 1.00000e-01
[Training] Time: 120.832 seconds
[Training] Loss: 0.1764	Accuracy: 93.888
[Test] Accuracy: 83.910

Epoch 84
Learning rate 1.00000e-01
[Training] Time: 120.862 seconds
[Training] Loss: 0.1720	Accuracy: 94.148
[Test] Accuracy: 86.260

Epoch 85
Learning rate 1.00000e-01
[Training] Time: 120.822 seconds
[Training] Loss: 0.1712	Accuracy: 94.104
[Test] Accuracy: 85.660

Epoch 86
Learning rate 1.00000e-01
[Training] Time: 120.896 seconds
[Training] Loss: 0.1682	Accuracy: 94.080
[Test] Accuracy: 87.090

Epoch 87
Learning rate 1.00000e-01
[Training] Time: 120.851 seconds
[Training] Loss: 0.1659	Accuracy: 94.250
[Test] Accuracy: 86.330

Epoch 88
Learning rate 1.00000e-01
[Training] Time: 120.766 seconds
[Training] Loss: 0.1723	Accuracy: 93.994
[Test] Accuracy: 87.980

Epoch 89
Learning rate 1.00000e-01
[Training] Time: 120.841 seconds
[Training] Loss: 0.1640	Accuracy: 94.408
[Test] Accuracy: 87.760

Epoch 90
Learning rate 1.00000e-01
[Training] Time: 120.763 seconds
[Training] Loss: 0.1683	Accuracy: 94.184
[Test] Accuracy: 86.540

Epoch 91
Learning rate 1.00000e-01
[Training] Time: 120.749 seconds
[Training] Loss: 0.1681	Accuracy: 94.098
[Test] Accuracy: 88.230

Epoch 92
Learning rate 1.00000e-01
[Training] Time: 120.940 seconds
[Training] Loss: 0.1631	Accuracy: 94.268
[Test] Accuracy: 87.970

Epoch 93
Learning rate 1.00000e-01
[Training] Time: 120.789 seconds
[Training] Loss: 0.1656	Accuracy: 94.218
[Test] Accuracy: 88.300

Epoch 94
Learning rate 1.00000e-01
[Training] Time: 120.863 seconds
[Training] Loss: 0.1572	Accuracy: 94.436
[Test] Accuracy: 88.880

Epoch 95
Learning rate 1.00000e-01
[Training] Time: 120.766 seconds
[Training] Loss: 0.1623	Accuracy: 94.316
[Test] Accuracy: 86.720

Epoch 96
Learning rate 1.00000e-01
[Training] Time: 120.768 seconds
[Training] Loss: 0.1582	Accuracy: 94.510
[Test] Accuracy: 86.850

Epoch 97
Learning rate 1.00000e-01
[Training] Time: 120.877 seconds
[Training] Loss: 0.1617	Accuracy: 94.282
[Test] Accuracy: 85.990

Epoch 98
Learning rate 1.00000e-01
[Training] Time: 120.866 seconds
[Training] Loss: 0.1636	Accuracy: 94.362
[Test] Accuracy: 87.260

Epoch 99
Learning rate 1.00000e-01
[Training] Time: 120.839 seconds
[Training] Loss: 0.1575	Accuracy: 94.498
[Test] Accuracy: 86.850

Epoch 100
Learning rate 1.00000e-01
[Training] Time: 120.834 seconds
[Training] Loss: 0.1665	Accuracy: 94.186
[Test] Accuracy: 86.500

Epoch 101
Learning rate 1.00000e-01
[Training] Time: 120.908 seconds
[Training] Loss: 0.1581	Accuracy: 94.436
[Test] Accuracy: 86.330

Epoch 102
Learning rate 1.00000e-01
[Training] Time: 120.783 seconds
[Training] Loss: 0.1588	Accuracy: 94.506
[Test] Accuracy: 85.910

Epoch 103
Learning rate 1.00000e-01
[Training] Time: 120.838 seconds
[Training] Loss: 0.1572	Accuracy: 94.568
[Test] Accuracy: 88.640

Epoch 104
Learning rate 1.00000e-01
[Training] Time: 120.784 seconds
[Training] Loss: 0.1598	Accuracy: 94.436
[Test] Accuracy: 86.040

Epoch 105
Learning rate 1.00000e-01
[Training] Time: 120.819 seconds
[Training] Loss: 0.1522	Accuracy: 94.660
[Test] Accuracy: 86.010

Epoch 106
Learning rate 1.00000e-01
[Training] Time: 120.808 seconds
[Training] Loss: 0.1528	Accuracy: 94.696
[Test] Accuracy: 87.510

Epoch 107
Learning rate 1.00000e-01
[Training] Time: 120.905 seconds
[Training] Loss: 0.1535	Accuracy: 94.702
[Test] Accuracy: 89.340

Epoch 108
Learning rate 1.00000e-01
[Training] Time: 120.848 seconds
[Training] Loss: 0.1568	Accuracy: 94.504
[Test] Accuracy: 87.350

Epoch 109
Learning rate 1.00000e-01
[Training] Time: 120.759 seconds
[Training] Loss: 0.1507	Accuracy: 94.704
[Test] Accuracy: 86.470

Epoch 110
Learning rate 1.00000e-01
[Training] Time: 120.865 seconds
[Training] Loss: 0.1508	Accuracy: 94.656
[Test] Accuracy: 85.790

Epoch 111
Learning rate 1.00000e-01
[Training] Time: 120.786 seconds
[Training] Loss: 0.1577	Accuracy: 94.388
[Test] Accuracy: 89.000

Epoch 112
Learning rate 1.00000e-01
[Training] Time: 120.749 seconds
[Training] Loss: 0.1526	Accuracy: 94.668
[Test] Accuracy: 87.180

Epoch 113
Learning rate 1.00000e-01
[Training] Time: 120.704 seconds
[Training] Loss: 0.1491	Accuracy: 94.866
[Test] Accuracy: 86.720

Epoch 114
Learning rate 1.00000e-01
[Training] Time: 120.712 seconds
[Training] Loss: 0.1508	Accuracy: 94.706
[Test] Accuracy: 86.280

Epoch 115
Learning rate 1.00000e-01
[Training] Time: 120.654 seconds
[Training] Loss: 0.1500	Accuracy: 94.798
[Test] Accuracy: 88.190

Epoch 116
Learning rate 1.00000e-01
[Training] Time: 120.758 seconds
[Training] Loss: 0.1454	Accuracy: 94.964
[Test] Accuracy: 87.010

Epoch 117
Learning rate 1.00000e-01
[Training] Time: 120.721 seconds
[Training] Loss: 0.1463	Accuracy: 94.848
[Test] Accuracy: 88.410

Epoch 118
Learning rate 1.00000e-01
[Training] Time: 120.702 seconds
[Training] Loss: 0.1529	Accuracy: 94.680
[Test] Accuracy: 88.780

Epoch 119
Learning rate 1.00000e-01
[Training] Time: 120.797 seconds
[Training] Loss: 0.1477	Accuracy: 94.852
[Test] Accuracy: 87.080

Epoch 120
Learning rate 1.00000e-01
[Training] Time: 120.753 seconds
[Training] Loss: 0.1510	Accuracy: 94.786
[Test] Accuracy: 87.610

Epoch 121
Learning rate 1.00000e-01
[Training] Time: 120.790 seconds
[Training] Loss: 0.1453	Accuracy: 95.000
[Test] Accuracy: 87.790

Epoch 122
Learning rate 1.00000e-01
[Training] Time: 120.765 seconds
[Training] Loss: 0.1500	Accuracy: 94.790
[Test] Accuracy: 88.590

Epoch 123
Learning rate 1.00000e-01
[Training] Time: 120.740 seconds
[Training] Loss: 0.1474	Accuracy: 94.782
[Test] Accuracy: 88.090

Epoch 124
Learning rate 1.00000e-01
[Training] Time: 120.795 seconds
[Training] Loss: 0.1479	Accuracy: 94.862
[Test] Accuracy: 86.100

Epoch 125
Learning rate 1.00000e-01
[Training] Time: 120.763 seconds
[Training] Loss: 0.1455	Accuracy: 94.956
[Test] Accuracy: 85.910

Epoch 126
Learning rate 1.00000e-01
[Training] Time: 120.882 seconds
[Training] Loss: 0.1447	Accuracy: 94.982
[Test] Accuracy: 85.220

Epoch 127
Learning rate 1.00000e-01
[Training] Time: 120.832 seconds
[Training] Loss: 0.1501	Accuracy: 94.904
[Test] Accuracy: 86.940

Epoch 128
Learning rate 1.00000e-01
[Training] Time: 120.811 seconds
[Training] Loss: 0.1422	Accuracy: 95.074
[Test] Accuracy: 88.490

Epoch 129
Learning rate 1.00000e-01
[Training] Time: 120.804 seconds
[Training] Loss: 0.1465	Accuracy: 94.916
[Test] Accuracy: 89.050

Epoch 130
Learning rate 1.00000e-01
[Training] Time: 120.872 seconds
[Training] Loss: 0.1443	Accuracy: 94.972
[Test] Accuracy: 87.470

Epoch 131
Learning rate 1.00000e-01
[Training] Time: 120.914 seconds
[Training] Loss: 0.1407	Accuracy: 95.084
[Test] Accuracy: 87.490

Epoch 132
Learning rate 1.00000e-01
[Training] Time: 120.824 seconds
[Training] Loss: 0.1434	Accuracy: 95.088
[Test] Accuracy: 87.700

Epoch 133
Learning rate 1.00000e-01
[Training] Time: 120.877 seconds
[Training] Loss: 0.1432	Accuracy: 95.038
[Test] Accuracy: 89.280

Epoch 134
Learning rate 1.00000e-01
[Training] Time: 120.739 seconds
[Training] Loss: 0.1425	Accuracy: 95.036
[Test] Accuracy: 87.850

Epoch 135
Learning rate 1.00000e-01
[Training] Time: 120.769 seconds
[Training] Loss: 0.1396	Accuracy: 95.234
[Test] Accuracy: 86.820

Epoch 136
Learning rate 1.00000e-01
[Training] Time: 120.799 seconds
[Training] Loss: 0.1454	Accuracy: 94.850
[Test] Accuracy: 84.130

Epoch 137
Learning rate 1.00000e-01
[Training] Time: 120.709 seconds
[Training] Loss: 0.1446	Accuracy: 95.040
[Test] Accuracy: 87.410

Epoch 138
Learning rate 1.00000e-01
[Training] Time: 120.802 seconds
[Training] Loss: 0.1422	Accuracy: 95.028
[Test] Accuracy: 87.600

Epoch 139
Learning rate 1.00000e-01
[Training] Time: 120.760 seconds
[Training] Loss: 0.1410	Accuracy: 95.060
[Test] Accuracy: 86.840

Epoch 140
Learning rate 1.00000e-01
[Training] Time: 120.762 seconds
[Training] Loss: 0.1428	Accuracy: 94.968
[Test] Accuracy: 89.340

Epoch 141
Learning rate 1.00000e-01
[Training] Time: 120.828 seconds
[Training] Loss: 0.1338	Accuracy: 95.442
[Test] Accuracy: 87.500

Epoch 142
Learning rate 1.00000e-01
[Training] Time: 120.856 seconds
[Training] Loss: 0.1411	Accuracy: 95.140
[Test] Accuracy: 87.190

Epoch 143
Learning rate 1.00000e-01
[Training] Time: 120.775 seconds
[Training] Loss: 0.1410	Accuracy: 95.088
[Test] Accuracy: 86.820

Epoch 144
Learning rate 1.00000e-01
[Training] Time: 120.818 seconds
[Training] Loss: 0.1411	Accuracy: 95.198
[Test] Accuracy: 89.110

Epoch 145
Learning rate 1.00000e-01
[Training] Time: 120.822 seconds
[Training] Loss: 0.1341	Accuracy: 95.352
[Test] Accuracy: 88.700

Epoch 146
Learning rate 1.00000e-01
[Training] Time: 120.752 seconds
[Training] Loss: 0.1369	Accuracy: 95.272
[Test] Accuracy: 83.910

Epoch 147
Learning rate 1.00000e-01
[Training] Time: 120.769 seconds
[Training] Loss: 0.1395	Accuracy: 95.188
[Test] Accuracy: 84.930

Epoch 148
Learning rate 1.00000e-01
[Training] Time: 120.651 seconds
[Training] Loss: 0.1400	Accuracy: 95.170
[Test] Accuracy: 88.000

Epoch 149
Learning rate 1.00000e-01
[Training] Time: 120.691 seconds
[Training] Loss: 0.1362	Accuracy: 95.246
[Test] Accuracy: 89.210

Epoch 150
Learning rate 1.00000e-01
[Training] Time: 120.711 seconds
[Training] Loss: 0.1376	Accuracy: 95.206
[Test] Accuracy: 89.350

Epoch 151
Learning rate 1.00000e-01
[Training] Time: 120.683 seconds
[Training] Loss: 0.1404	Accuracy: 95.122
[Test] Accuracy: 85.280

Epoch 152
Learning rate 1.00000e-01
[Training] Time: 120.728 seconds
[Training] Loss: 0.1343	Accuracy: 95.272
[Test] Accuracy: 85.590

Epoch 153
Learning rate 1.00000e-01
[Training] Time: 120.807 seconds
[Training] Loss: 0.1364	Accuracy: 95.290
[Test] Accuracy: 88.340

Epoch 154
Learning rate 1.00000e-01
[Training] Time: 120.662 seconds
[Training] Loss: 0.1351	Accuracy: 95.314
[Test] Accuracy: 87.580

Epoch 155
Learning rate 1.00000e-01
[Training] Time: 120.792 seconds
[Training] Loss: 0.1385	Accuracy: 95.108
[Test] Accuracy: 86.710

Epoch 156
Learning rate 1.00000e-01
[Training] Time: 120.811 seconds
[Training] Loss: 0.1411	Accuracy: 95.132
[Test] Accuracy: 87.280

Epoch 157
Learning rate 1.00000e-01
[Training] Time: 120.738 seconds
[Training] Loss: 0.1310	Accuracy: 95.382
[Test] Accuracy: 87.480

Epoch 158
Learning rate 1.00000e-01
[Training] Time: 120.689 seconds
[Training] Loss: 0.1352	Accuracy: 95.280
[Test] Accuracy: 87.040

Epoch 159
Learning rate 1.00000e-01
[Training] Time: 120.772 seconds
[Training] Loss: 0.1362	Accuracy: 95.232
[Test] Accuracy: 85.310

Epoch 160
Learning rate 1.00000e-01
[Training] Time: 120.746 seconds
[Training] Loss: 0.1385	Accuracy: 95.042
[Test] Accuracy: 86.420

Epoch 161
Learning rate 1.00000e-01
[Training] Time: 120.701 seconds
[Training] Loss: 0.1375	Accuracy: 95.208
[Test] Accuracy: 88.710

Epoch 162
Learning rate 1.00000e-01
[Training] Time: 120.730 seconds
[Training] Loss: 0.1326	Accuracy: 95.424
[Test] Accuracy: 88.080

Epoch 163
Learning rate 1.00000e-01
[Training] Time: 120.757 seconds
[Training] Loss: 0.1373	Accuracy: 95.212
[Test] Accuracy: 84.850

Epoch 164
Learning rate 1.00000e-01
[Training] Time: 120.682 seconds
[Training] Loss: 0.1354	Accuracy: 95.278
[Test] Accuracy: 87.170

Epoch 165
Learning rate 1.00000e-01
[Training] Time: 120.738 seconds
[Training] Loss: 0.1406	Accuracy: 95.038
[Test] Accuracy: 84.770

Epoch 166
Learning rate 1.00000e-01
[Training] Time: 120.697 seconds
[Training] Loss: 0.1343	Accuracy: 95.244
[Test] Accuracy: 88.610

Epoch 167
Learning rate 1.00000e-01
[Training] Time: 120.760 seconds
[Training] Loss: 0.1336	Accuracy: 95.364
[Test] Accuracy: 87.260

Epoch 168
Learning rate 1.00000e-01
[Training] Time: 120.672 seconds
[Training] Loss: 0.1415	Accuracy: 94.938
[Test] Accuracy: 88.930

Epoch 169
Learning rate 1.00000e-01
[Training] Time: 120.689 seconds
[Training] Loss: 0.1276	Accuracy: 95.560
[Test] Accuracy: 88.970

Epoch 170
Learning rate 1.00000e-01
[Training] Time: 120.666 seconds
[Training] Loss: 0.1387	Accuracy: 95.232
[Test] Accuracy: 86.470

Epoch 171
Learning rate 1.00000e-01
[Training] Time: 120.710 seconds
[Training] Loss: 0.1304	Accuracy: 95.444
[Test] Accuracy: 89.340

Epoch 172
Learning rate 1.00000e-01
[Training] Time: 120.674 seconds
[Training] Loss: 0.1358	Accuracy: 95.310
[Test] Accuracy: 87.100

Epoch 173
Learning rate 1.00000e-01
[Training] Time: 120.757 seconds
[Training] Loss: 0.1357	Accuracy: 95.314
[Test] Accuracy: 87.910

Epoch 174
Learning rate 1.00000e-01
[Training] Time: 120.780 seconds
[Training] Loss: 0.1254	Accuracy: 95.548
[Test] Accuracy: 85.620

Epoch 175
Learning rate 1.00000e-01
[Training] Time: 120.731 seconds
[Training] Loss: 0.1309	Accuracy: 95.468
[Test] Accuracy: 87.850

Epoch 176
Learning rate 1.00000e-01
[Training] Time: 120.629 seconds
[Training] Loss: 0.1322	Accuracy: 95.384
[Test] Accuracy: 88.520

Epoch 177
Learning rate 1.00000e-01
[Training] Time: 120.645 seconds
[Training] Loss: 0.1351	Accuracy: 95.306
[Test] Accuracy: 90.170

Epoch 178
Learning rate 1.00000e-01
[Training] Time: 120.630 seconds
[Training] Loss: 0.1313	Accuracy: 95.388
[Test] Accuracy: 87.990

Epoch 179
Learning rate 1.00000e-01
[Training] Time: 120.676 seconds
[Training] Loss: 0.1343	Accuracy: 95.374
[Test] Accuracy: 88.720

Epoch 180
Learning rate 1.00000e-01
[Training] Time: 120.601 seconds
[Training] Loss: 0.1269	Accuracy: 95.602
[Test] Accuracy: 88.520

Epoch 181
Learning rate 1.00000e-01
[Training] Time: 120.582 seconds
[Training] Loss: 0.1311	Accuracy: 95.434
[Test] Accuracy: 87.920

Epoch 182
Learning rate 1.00000e-01
[Training] Time: 120.611 seconds
[Training] Loss: 0.1312	Accuracy: 95.362
[Test] Accuracy: 88.380

Epoch 183
Learning rate 1.00000e-01
[Training] Time: 120.658 seconds
[Training] Loss: 0.1324	Accuracy: 95.390
[Test] Accuracy: 85.970

Epoch 184
Learning rate 1.00000e-01
[Training] Time: 120.714 seconds
[Training] Loss: 0.1321	Accuracy: 95.482
[Test] Accuracy: 87.140

Epoch 185
Learning rate 1.00000e-01
[Training] Time: 120.572 seconds
[Training] Loss: 0.1284	Accuracy: 95.444
[Test] Accuracy: 83.900

Epoch 186
Learning rate 1.00000e-01
[Training] Time: 120.567 seconds
[Training] Loss: 0.1310	Accuracy: 95.424
[Test] Accuracy: 87.020

Epoch 187
Learning rate 1.00000e-01
[Training] Time: 120.650 seconds
[Training] Loss: 0.1377	Accuracy: 95.258
[Test] Accuracy: 88.000

Epoch 188
Learning rate 1.00000e-01
[Training] Time: 120.586 seconds
[Training] Loss: 0.1330	Accuracy: 95.338
[Test] Accuracy: 88.070

Epoch 189
Learning rate 1.00000e-01
[Training] Time: 120.664 seconds
[Training] Loss: 0.1284	Accuracy: 95.514
[Test] Accuracy: 88.220

Epoch 190
Learning rate 1.00000e-01
[Training] Time: 120.639 seconds
[Training] Loss: 0.1303	Accuracy: 95.534
[Test] Accuracy: 85.650

Epoch 191
Learning rate 1.00000e-01
[Training] Time: 120.761 seconds
[Training] Loss: 0.1249	Accuracy: 95.720
[Test] Accuracy: 89.430

Epoch 192
Learning rate 1.00000e-01
[Training] Time: 120.743 seconds
[Training] Loss: 0.1288	Accuracy: 95.560
[Test] Accuracy: 88.620

Epoch 193
Learning rate 1.00000e-01
[Training] Time: 120.656 seconds
[Training] Loss: 0.1296	Accuracy: 95.540
[Test] Accuracy: 89.230

Epoch 194
Learning rate 1.00000e-01
[Training] Time: 120.585 seconds
[Training] Loss: 0.1287	Accuracy: 95.508
[Test] Accuracy: 87.360

Epoch 195
Learning rate 1.00000e-01
[Training] Time: 120.686 seconds
[Training] Loss: 0.1328	Accuracy: 95.376
[Test] Accuracy: 88.720

Epoch 196
Learning rate 1.00000e-01
[Training] Time: 120.590 seconds
[Training] Loss: 0.1287	Accuracy: 95.508
[Test] Accuracy: 88.950

Epoch 197
Learning rate 1.00000e-01
[Training] Time: 120.769 seconds
[Training] Loss: 0.1303	Accuracy: 95.470
[Test] Accuracy: 88.940

Epoch 198
Learning rate 1.00000e-01
[Training] Time: 120.686 seconds
[Training] Loss: 0.1322	Accuracy: 95.424
[Test] Accuracy: 89.640

Epoch 199
Learning rate 1.00000e-01
[Training] Time: 120.681 seconds
[Training] Loss: 0.1235	Accuracy: 95.744
[Test] Accuracy: 89.140

Epoch 200
Learning rate 1.00000e-01
[Training] Time: 120.588 seconds
[Training] Loss: 0.1305	Accuracy: 95.428
[Test] Accuracy: 87.660

Epoch 201
Learning rate 1.00000e-01
[Training] Time: 120.655 seconds
[Training] Loss: 0.1244	Accuracy: 95.738
[Test] Accuracy: 84.550

Epoch 202
Learning rate 1.00000e-01
[Training] Time: 120.666 seconds
[Training] Loss: 0.1356	Accuracy: 95.308
[Test] Accuracy: 87.950

Epoch 203
Learning rate 1.00000e-01
[Training] Time: 120.658 seconds
[Training] Loss: 0.1337	Accuracy: 95.296
[Test] Accuracy: 89.740

Epoch 204
Learning rate 1.00000e-01
[Training] Time: 120.641 seconds
[Training] Loss: 0.1256	Accuracy: 95.710
[Test] Accuracy: 88.520

Epoch 205
Learning rate 1.00000e-01
[Training] Time: 120.663 seconds
[Training] Loss: 0.1236	Accuracy: 95.718
[Test] Accuracy: 89.540

Epoch 206
Learning rate 1.00000e-01
[Training] Time: 120.640 seconds
[Training] Loss: 0.1305	Accuracy: 95.512
[Test] Accuracy: 87.430

Epoch 207
Learning rate 1.00000e-01
[Training] Time: 120.663 seconds
[Training] Loss: 0.1278	Accuracy: 95.524
[Test] Accuracy: 87.760

Epoch 208
Learning rate 1.00000e-01
[Training] Time: 120.707 seconds
[Training] Loss: 0.1282	Accuracy: 95.506
[Test] Accuracy: 88.680

Epoch 209
Learning rate 1.00000e-01
[Training] Time: 120.671 seconds
[Training] Loss: 0.1318	Accuracy: 95.342
[Test] Accuracy: 86.420

Epoch 210
Learning rate 1.00000e-01
[Training] Time: 120.686 seconds
[Training] Loss: 0.1330	Accuracy: 95.344
[Test] Accuracy: 87.320

Epoch 211
Learning rate 1.00000e-01
[Training] Time: 120.647 seconds
[Training] Loss: 0.1211	Accuracy: 95.846
[Test] Accuracy: 88.580

Epoch 212
Learning rate 1.00000e-01
[Training] Time: 120.612 seconds
[Training] Loss: 0.1316	Accuracy: 95.390
[Test] Accuracy: 88.150

Epoch 213
Learning rate 1.00000e-01
[Training] Time: 120.677 seconds
[Training] Loss: 0.1244	Accuracy: 95.564
[Test] Accuracy: 88.210

Epoch 214
Learning rate 1.00000e-01
[Training] Time: 120.618 seconds
[Training] Loss: 0.1278	Accuracy: 95.590
[Test] Accuracy: 87.590

Epoch 215
Learning rate 1.00000e-01
[Training] Time: 120.691 seconds
[Training] Loss: 0.1257	Accuracy: 95.562
[Test] Accuracy: 89.100

Epoch 216
Learning rate 1.00000e-01
[Training] Time: 120.684 seconds
[Training] Loss: 0.1240	Accuracy: 95.678
[Test] Accuracy: 89.960

Epoch 217
Learning rate 1.00000e-01
[Training] Time: 120.713 seconds
[Training] Loss: 0.1265	Accuracy: 95.648
[Test] Accuracy: 88.200

Epoch 218
Learning rate 1.00000e-01
[Training] Time: 120.669 seconds
[Training] Loss: 0.1238	Accuracy: 95.690
[Test] Accuracy: 89.210

Epoch 219
Learning rate 1.00000e-01
[Training] Time: 120.652 seconds
[Training] Loss: 0.1284	Accuracy: 95.562
[Test] Accuracy: 87.390

Epoch 220
Learning rate 1.00000e-01
[Training] Time: 120.575 seconds
[Training] Loss: 0.1198	Accuracy: 95.916
[Test] Accuracy: 89.400

Epoch 221
Learning rate 1.00000e-01
[Training] Time: 120.596 seconds
[Training] Loss: 0.1279	Accuracy: 95.546
[Test] Accuracy: 87.580

Epoch 222
Learning rate 1.00000e-01
[Training] Time: 120.708 seconds
[Training] Loss: 0.1304	Accuracy: 95.556
[Test] Accuracy: 90.370

Epoch 223
Learning rate 1.00000e-01
[Training] Time: 120.639 seconds
[Training] Loss: 0.1266	Accuracy: 95.640
[Test] Accuracy: 86.940

Epoch 224
Learning rate 1.00000e-01
[Training] Time: 120.666 seconds
[Training] Loss: 0.1217	Accuracy: 95.784
[Test] Accuracy: 90.370

Epoch 225
Learning rate 1.00000e-01
[Training] Time: 120.662 seconds
[Training] Loss: 0.1279	Accuracy: 95.526
[Test] Accuracy: 88.060

Epoch 226
Learning rate 1.00000e-01
[Training] Time: 120.686 seconds
[Training] Loss: 0.1314	Accuracy: 95.482
[Test] Accuracy: 87.210

Epoch 227
Learning rate 1.00000e-01
[Training] Time: 120.685 seconds
[Training] Loss: 0.1243	Accuracy: 95.632
[Test] Accuracy: 88.720

Epoch 228
Learning rate 1.00000e-01
[Training] Time: 120.720 seconds
[Training] Loss: 0.1221	Accuracy: 95.808
[Test] Accuracy: 88.700

Epoch 229
Learning rate 1.00000e-01
[Training] Time: 120.749 seconds
[Training] Loss: 0.1242	Accuracy: 95.668
[Test] Accuracy: 86.910

Epoch 230
Learning rate 1.00000e-01
[Training] Time: 120.778 seconds
[Training] Loss: 0.1259	Accuracy: 95.616
[Test] Accuracy: 86.990

Epoch 231
Learning rate 1.00000e-01
[Training] Time: 120.720 seconds
[Training] Loss: 0.1271	Accuracy: 95.554
[Test] Accuracy: 88.180

Epoch 232
Learning rate 1.00000e-01
[Training] Time: 120.705 seconds
[Training] Loss: 0.1227	Accuracy: 95.698
[Test] Accuracy: 89.470

Epoch 233
Learning rate 1.00000e-01
[Training] Time: 120.733 seconds
[Training] Loss: 0.1275	Accuracy: 95.486
[Test] Accuracy: 88.650

Epoch 234
Learning rate 1.00000e-01
[Training] Time: 120.689 seconds
[Training] Loss: 0.1259	Accuracy: 95.654
[Test] Accuracy: 86.580

Epoch 235
Learning rate 1.00000e-01
[Training] Time: 120.642 seconds
[Training] Loss: 0.1223	Accuracy: 95.718
[Test] Accuracy: 87.490

Epoch 236
Learning rate 1.00000e-01
[Training] Time: 120.671 seconds
[Training] Loss: 0.1225	Accuracy: 95.692
[Test] Accuracy: 89.770

Epoch 237
Learning rate 1.00000e-01
[Training] Time: 120.713 seconds
[Training] Loss: 0.1213	Accuracy: 95.796
[Test] Accuracy: 86.870

Epoch 238
Learning rate 1.00000e-01
[Training] Time: 120.710 seconds
[Training] Loss: 0.1235	Accuracy: 95.700
[Test] Accuracy: 88.650

Epoch 239
Learning rate 1.00000e-01
[Training] Time: 120.678 seconds
[Training] Loss: 0.1244	Accuracy: 95.658
[Test] Accuracy: 87.910

Epoch 240
Learning rate 1.00000e-01
[Training] Time: 120.809 seconds
[Training] Loss: 0.1263	Accuracy: 95.584
[Test] Accuracy: 88.170

Epoch 241
Learning rate 1.00000e-01
[Training] Time: 120.799 seconds
[Training] Loss: 0.1235	Accuracy: 95.732
[Test] Accuracy: 89.050

Epoch 242
Learning rate 1.00000e-01
[Training] Time: 120.777 seconds
[Training] Loss: 0.1237	Accuracy: 95.612
[Test] Accuracy: 82.100

Epoch 243
Learning rate 1.00000e-01
[Training] Time: 120.704 seconds
[Training] Loss: 0.1222	Accuracy: 95.586
[Test] Accuracy: 88.330

Epoch 244
Learning rate 1.00000e-01
[Training] Time: 120.633 seconds
[Training] Loss: 0.1255	Accuracy: 95.622
[Test] Accuracy: 89.840

Epoch 245
Learning rate 1.00000e-01
[Training] Time: 120.776 seconds
[Training] Loss: 0.1211	Accuracy: 95.782
[Test] Accuracy: 87.590

Epoch 246
Learning rate 1.00000e-01
[Training] Time: 120.792 seconds
[Training] Loss: 0.1264	Accuracy: 95.614
[Test] Accuracy: 83.280

Epoch 247
Learning rate 1.00000e-01
[Training] Time: 120.677 seconds
[Training] Loss: 0.1248	Accuracy: 95.668
[Test] Accuracy: 89.280

Epoch 248
Learning rate 1.00000e-01
[Training] Time: 120.851 seconds
[Training] Loss: 0.1113	Accuracy: 96.132
[Test] Accuracy: 85.420

Epoch 249
Learning rate 1.00000e-01
[Training] Time: 120.683 seconds
[Training] Loss: 0.1244	Accuracy: 95.710
[Test] Accuracy: 89.090

Epoch 250
Learning rate 1.00000e-01
[Training] Time: 120.818 seconds
[Training] Loss: 0.1177	Accuracy: 95.902
[Test] Accuracy: 88.640

Epoch 251
Learning rate 1.00000e-01
[Training] Time: 120.670 seconds
[Training] Loss: 0.1285	Accuracy: 95.594
[Test] Accuracy: 89.130

Epoch 252
Learning rate 1.00000e-01
[Training] Time: 120.648 seconds
[Training] Loss: 0.1194	Accuracy: 95.874
[Test] Accuracy: 85.780

Epoch 253
Learning rate 1.00000e-01
[Training] Time: 120.664 seconds
[Training] Loss: 0.1202	Accuracy: 95.856
[Test] Accuracy: 89.010

Epoch 254
Learning rate 1.00000e-01
[Training] Time: 120.668 seconds
[Training] Loss: 0.1201	Accuracy: 95.712
[Test] Accuracy: 88.830

Epoch 255
Learning rate 1.00000e-01
[Training] Time: 120.759 seconds
[Training] Loss: 0.1223	Accuracy: 95.782
[Test] Accuracy: 87.490

Epoch 256
Learning rate 1.00000e-01
[Training] Time: 120.735 seconds
[Training] Loss: 0.1226	Accuracy: 95.722
[Test] Accuracy: 87.880

Epoch 257
Learning rate 1.00000e-01
[Training] Time: 120.687 seconds
[Training] Loss: 0.1273	Accuracy: 95.536
[Test] Accuracy: 87.380

Epoch 258
Learning rate 1.00000e-01
[Training] Time: 120.834 seconds
[Training] Loss: 0.1257	Accuracy: 95.608
[Test] Accuracy: 87.720

Epoch 259
Learning rate 1.00000e-01
[Training] Time: 120.754 seconds
[Training] Loss: 0.1216	Accuracy: 95.776
[Test] Accuracy: 89.480

Epoch 260
Learning rate 1.00000e-01
[Training] Time: 120.641 seconds
[Training] Loss: 0.1255	Accuracy: 95.738
[Test] Accuracy: 89.420

Epoch 261
Learning rate 1.00000e-01
[Training] Time: 120.750 seconds
[Training] Loss: 0.1244	Accuracy: 95.642
[Test] Accuracy: 87.180

Epoch 262
Learning rate 1.00000e-01
[Training] Time: 120.801 seconds
[Training] Loss: 0.1226	Accuracy: 95.788
[Test] Accuracy: 87.360

Epoch 263
Learning rate 1.00000e-01
[Training] Time: 120.788 seconds
[Training] Loss: 0.1231	Accuracy: 95.676
[Test] Accuracy: 89.140

Epoch 264
Learning rate 1.00000e-01
[Training] Time: 120.751 seconds
[Training] Loss: 0.1203	Accuracy: 95.796
[Test] Accuracy: 88.720

Epoch 265
Learning rate 1.00000e-01
[Training] Time: 120.764 seconds
[Training] Loss: 0.1207	Accuracy: 95.744
[Test] Accuracy: 89.150

Epoch 266
Learning rate 1.00000e-01
[Training] Time: 120.644 seconds
[Training] Loss: 0.1235	Accuracy: 95.722
[Test] Accuracy: 89.000

Epoch 267
Learning rate 1.00000e-01
[Training] Time: 120.775 seconds
[Training] Loss: 0.1233	Accuracy: 95.708
[Test] Accuracy: 89.020

Epoch 268
Learning rate 1.00000e-01
[Training] Time: 120.763 seconds
[Training] Loss: 0.1160	Accuracy: 95.982
[Test] Accuracy: 88.670

Epoch 269
Learning rate 1.00000e-01
[Training] Time: 120.696 seconds
[Training] Loss: 0.1215	Accuracy: 95.710
[Test] Accuracy: 88.120

Epoch 270
Learning rate 1.00000e-01
[Training] Time: 120.786 seconds
[Training] Loss: 0.1247	Accuracy: 95.646
[Test] Accuracy: 86.690

Epoch 271
Learning rate 1.00000e-01
[Training] Time: 120.752 seconds
[Training] Loss: 0.1138	Accuracy: 96.058
[Test] Accuracy: 87.800

Epoch 272
Learning rate 1.00000e-01
[Training] Time: 120.578 seconds
[Training] Loss: 0.1248	Accuracy: 95.642
[Test] Accuracy: 86.000

Epoch 273
Learning rate 1.00000e-01
[Training] Time: 120.673 seconds
[Training] Loss: 0.1216	Accuracy: 95.722
[Test] Accuracy: 86.340

Epoch 274
Learning rate 1.00000e-02
[Training] Time: 120.663 seconds
[Training] Loss: 0.0555	Accuracy: 98.252
[Test] Accuracy: 92.760

Epoch 275
Learning rate 1.00000e-02
[Training] Time: 120.738 seconds
[Training] Loss: 0.0305	Accuracy: 99.140
[Test] Accuracy: 93.220

Epoch 276
Learning rate 1.00000e-02
[Training] Time: 120.707 seconds
[Training] Loss: 0.0244	Accuracy: 99.294
[Test] Accuracy: 93.250

Epoch 277
Learning rate 1.00000e-02
[Training] Time: 120.749 seconds
[Training] Loss: 0.0201	Accuracy: 99.446
[Test] Accuracy: 93.420

Epoch 278
Learning rate 1.00000e-02
[Training] Time: 120.824 seconds
[Training] Loss: 0.0177	Accuracy: 99.532
[Test] Accuracy: 93.430

Epoch 279
Learning rate 1.00000e-02
[Training] Time: 120.804 seconds
[Training] Loss: 0.0141	Accuracy: 99.668
[Test] Accuracy: 93.630

Epoch 280
Learning rate 1.00000e-02
[Training] Time: 120.731 seconds
[Training] Loss: 0.0133	Accuracy: 99.666
[Test] Accuracy: 93.490

Epoch 281
Learning rate 1.00000e-02
[Training] Time: 120.772 seconds
[Training] Loss: 0.0117	Accuracy: 99.706
[Test] Accuracy: 93.420

Epoch 282
Learning rate 1.00000e-02
[Training] Time: 120.780 seconds
[Training] Loss: 0.0106	Accuracy: 99.746
[Test] Accuracy: 93.510

Epoch 283
Learning rate 1.00000e-02
[Training] Time: 120.788 seconds
[Training] Loss: 0.0098	Accuracy: 99.770
[Test] Accuracy: 93.420

Epoch 284
Learning rate 1.00000e-02
[Training] Time: 120.819 seconds
[Training] Loss: 0.0088	Accuracy: 99.816
[Test] Accuracy: 93.430

Epoch 285
Learning rate 1.00000e-02
[Training] Time: 120.790 seconds
[Training] Loss: 0.0088	Accuracy: 99.794
[Test] Accuracy: 93.620

Epoch 286
Learning rate 1.00000e-02
[Training] Time: 120.679 seconds
[Training] Loss: 0.0086	Accuracy: 99.812
[Test] Accuracy: 93.650

Epoch 287
Learning rate 1.00000e-02
[Training] Time: 120.835 seconds
[Training] Loss: 0.0076	Accuracy: 99.834
[Test] Accuracy: 93.770

Epoch 288
Learning rate 1.00000e-02
[Training] Time: 120.778 seconds
[Training] Loss: 0.0071	Accuracy: 99.854
[Test] Accuracy: 93.730

Epoch 289
Learning rate 1.00000e-02
[Training] Time: 120.770 seconds
[Training] Loss: 0.0060	Accuracy: 99.880
[Test] Accuracy: 93.820

Epoch 290
Learning rate 1.00000e-02
[Training] Time: 120.684 seconds
[Training] Loss: 0.0055	Accuracy: 99.894
[Test] Accuracy: 93.930

Epoch 291
Learning rate 1.00000e-02
[Training] Time: 120.751 seconds
[Training] Loss: 0.0053	Accuracy: 99.892
[Test] Accuracy: 93.820

Epoch 292
Learning rate 1.00000e-02
[Training] Time: 120.797 seconds
[Training] Loss: 0.0054	Accuracy: 99.878
[Test] Accuracy: 93.910

Epoch 293
Learning rate 1.00000e-02
[Training] Time: 120.744 seconds
[Training] Loss: 0.0050	Accuracy: 99.888
[Test] Accuracy: 93.800

Epoch 294
Learning rate 1.00000e-02
[Training] Time: 120.770 seconds
[Training] Loss: 0.0048	Accuracy: 99.906
[Test] Accuracy: 93.790

Epoch 295
Learning rate 1.00000e-02
[Training] Time: 120.787 seconds
[Training] Loss: 0.0050	Accuracy: 99.892
[Test] Accuracy: 93.670

Epoch 296
Learning rate 1.00000e-02
[Training] Time: 120.678 seconds
[Training] Loss: 0.0048	Accuracy: 99.914
[Test] Accuracy: 93.840

Epoch 297
Learning rate 1.00000e-02
[Training] Time: 120.750 seconds
[Training] Loss: 0.0041	Accuracy: 99.936
[Test] Accuracy: 93.890

Epoch 298
Learning rate 1.00000e-02
[Training] Time: 120.731 seconds
[Training] Loss: 0.0041	Accuracy: 99.922
[Test] Accuracy: 93.860

Epoch 299
Learning rate 1.00000e-02
[Training] Time: 120.650 seconds
[Training] Loss: 0.0039	Accuracy: 99.932
[Test] Accuracy: 93.890

Epoch 300
Learning rate 1.00000e-02
[Training] Time: 120.688 seconds
[Training] Loss: 0.0039	Accuracy: 99.926
[Test] Accuracy: 93.960

Epoch 301
Learning rate 1.00000e-02
[Training] Time: 120.735 seconds
[Training] Loss: 0.0035	Accuracy: 99.936
[Test] Accuracy: 93.960

Epoch 302
Learning rate 1.00000e-02
[Training] Time: 120.707 seconds
[Training] Loss: 0.0037	Accuracy: 99.936
[Test] Accuracy: 93.800

Epoch 303
Learning rate 1.00000e-02
[Training] Time: 120.766 seconds
[Training] Loss: 0.0036	Accuracy: 99.940
[Test] Accuracy: 93.930

Epoch 304
Learning rate 1.00000e-02
[Training] Time: 120.763 seconds
[Training] Loss: 0.0036	Accuracy: 99.920
[Test] Accuracy: 93.830

Epoch 305
Learning rate 1.00000e-02
[Training] Time: 120.716 seconds
[Training] Loss: 0.0032	Accuracy: 99.952
[Test] Accuracy: 93.850

Epoch 306
Learning rate 1.00000e-02
[Training] Time: 120.863 seconds
[Training] Loss: 0.0035	Accuracy: 99.928
[Test] Accuracy: 93.900

Epoch 307
Learning rate 1.00000e-02
[Training] Time: 120.706 seconds
[Training] Loss: 0.0029	Accuracy: 99.952
[Test] Accuracy: 93.990

Epoch 308
Learning rate 1.00000e-02
[Training] Time: 120.683 seconds
[Training] Loss: 0.0031	Accuracy: 99.944
[Test] Accuracy: 93.820

Epoch 309
Learning rate 1.00000e-02
[Training] Time: 120.669 seconds
[Training] Loss: 0.0030	Accuracy: 99.948
[Test] Accuracy: 93.940

Epoch 310
Learning rate 1.00000e-02
[Training] Time: 120.706 seconds
[Training] Loss: 0.0029	Accuracy: 99.960
[Test] Accuracy: 93.980

Epoch 311
Learning rate 1.00000e-02
[Training] Time: 120.709 seconds
[Training] Loss: 0.0028	Accuracy: 99.962
[Test] Accuracy: 93.810

Epoch 312
Learning rate 1.00000e-02
[Training] Time: 120.669 seconds
[Training] Loss: 0.0028	Accuracy: 99.964
[Test] Accuracy: 93.930

Epoch 313
Learning rate 1.00000e-02
[Training] Time: 120.712 seconds
[Training] Loss: 0.0028	Accuracy: 99.940
[Test] Accuracy: 93.860

Epoch 314
Learning rate 1.00000e-02
[Training] Time: 120.798 seconds
[Training] Loss: 0.0027	Accuracy: 99.956
[Test] Accuracy: 93.890

Epoch 315
Learning rate 1.00000e-02
[Training] Time: 120.725 seconds
[Training] Loss: 0.0027	Accuracy: 99.960
[Test] Accuracy: 93.960

Epoch 316
Learning rate 1.00000e-02
[Training] Time: 120.673 seconds
[Training] Loss: 0.0025	Accuracy: 99.974
[Test] Accuracy: 94.060

Epoch 317
Learning rate 1.00000e-02
[Training] Time: 120.810 seconds
[Training] Loss: 0.0022	Accuracy: 99.980
[Test] Accuracy: 93.990

Epoch 318
Learning rate 1.00000e-02
[Training] Time: 120.861 seconds
[Training] Loss: 0.0023	Accuracy: 99.974
[Test] Accuracy: 93.880

Epoch 319
Learning rate 1.00000e-02
[Training] Time: 120.745 seconds
[Training] Loss: 0.0023	Accuracy: 99.970
[Test] Accuracy: 93.950

Epoch 320
Learning rate 1.00000e-02
[Training] Time: 120.722 seconds
[Training] Loss: 0.0023	Accuracy: 99.976
[Test] Accuracy: 93.920

Epoch 321
Learning rate 1.00000e-02
[Training] Time: 120.621 seconds
[Training] Loss: 0.0021	Accuracy: 99.976
[Test] Accuracy: 94.020

Epoch 322
Learning rate 1.00000e-02
[Training] Time: 120.644 seconds
[Training] Loss: 0.0021	Accuracy: 99.984
[Test] Accuracy: 93.970

Epoch 323
Learning rate 1.00000e-02
[Training] Time: 120.765 seconds
[Training] Loss: 0.0020	Accuracy: 99.982
[Test] Accuracy: 93.770

Epoch 324
Learning rate 1.00000e-02
[Training] Time: 120.665 seconds
[Training] Loss: 0.0021	Accuracy: 99.974
[Test] Accuracy: 93.750

Epoch 325
Learning rate 1.00000e-02
[Training] Time: 120.654 seconds
[Training] Loss: 0.0021	Accuracy: 99.972
[Test] Accuracy: 93.830

Epoch 326
Learning rate 1.00000e-02
[Training] Time: 120.565 seconds
[Training] Loss: 0.0022	Accuracy: 99.974
[Test] Accuracy: 93.890

Epoch 327
Learning rate 1.00000e-02
[Training] Time: 120.716 seconds
[Training] Loss: 0.0022	Accuracy: 99.962
[Test] Accuracy: 93.790

Epoch 328
Learning rate 1.00000e-02
[Training] Time: 120.600 seconds
[Training] Loss: 0.0020	Accuracy: 99.980
[Test] Accuracy: 93.880

Epoch 329
Learning rate 1.00000e-02
[Training] Time: 120.613 seconds
[Training] Loss: 0.0018	Accuracy: 99.980
[Test] Accuracy: 93.820

Epoch 330
Learning rate 1.00000e-02
[Training] Time: 120.727 seconds
[Training] Loss: 0.0020	Accuracy: 99.972
[Test] Accuracy: 93.720

Epoch 331
Learning rate 1.00000e-02
[Training] Time: 120.652 seconds
[Training] Loss: 0.0018	Accuracy: 99.982
[Test] Accuracy: 93.870

Epoch 332
Learning rate 1.00000e-02
[Training] Time: 120.654 seconds
[Training] Loss: 0.0018	Accuracy: 99.982
[Test] Accuracy: 93.990

Epoch 333
Learning rate 1.00000e-02
[Training] Time: 120.660 seconds
[Training] Loss: 0.0017	Accuracy: 99.984
[Test] Accuracy: 93.940

Epoch 334
Learning rate 1.00000e-02
[Training] Time: 120.792 seconds
[Training] Loss: 0.0020	Accuracy: 99.962
[Test] Accuracy: 93.950

Epoch 335
Learning rate 1.00000e-02
[Training] Time: 120.694 seconds
[Training] Loss: 0.0020	Accuracy: 99.974
[Test] Accuracy: 94.000

Epoch 336
Learning rate 1.00000e-02
[Training] Time: 120.823 seconds
[Training] Loss: 0.0020	Accuracy: 99.958
[Test] Accuracy: 93.990

Epoch 337
Learning rate 1.00000e-02
[Training] Time: 120.662 seconds
[Training] Loss: 0.0018	Accuracy: 99.986
[Test] Accuracy: 93.990

Epoch 338
Learning rate 1.00000e-02
[Training] Time: 120.759 seconds
[Training] Loss: 0.0019	Accuracy: 99.970
[Test] Accuracy: 94.090

Epoch 339
Learning rate 1.00000e-02
[Training] Time: 120.742 seconds
[Training] Loss: 0.0018	Accuracy: 99.976
[Test] Accuracy: 93.940

Epoch 340
Learning rate 1.00000e-02
[Training] Time: 120.675 seconds
[Training] Loss: 0.0019	Accuracy: 99.976
[Test] Accuracy: 94.110

Epoch 341
Learning rate 1.00000e-02
[Training] Time: 120.688 seconds
[Training] Loss: 0.0018	Accuracy: 99.980
[Test] Accuracy: 93.900

Epoch 342
Learning rate 1.00000e-02
[Training] Time: 120.728 seconds
[Training] Loss: 0.0021	Accuracy: 99.960
[Test] Accuracy: 94.070

Epoch 343
Learning rate 1.00000e-02
[Training] Time: 120.731 seconds
[Training] Loss: 0.0017	Accuracy: 99.988
[Test] Accuracy: 94.050

Epoch 344
Learning rate 1.00000e-02
[Training] Time: 120.608 seconds
[Training] Loss: 0.0017	Accuracy: 99.978
[Test] Accuracy: 93.880

Epoch 345
Learning rate 1.00000e-02
[Training] Time: 120.641 seconds
[Training] Loss: 0.0016	Accuracy: 99.986
[Test] Accuracy: 93.960

Epoch 346
Learning rate 1.00000e-02
[Training] Time: 120.757 seconds
[Training] Loss: 0.0016	Accuracy: 99.982
[Test] Accuracy: 94.070

Epoch 347
Learning rate 1.00000e-02
[Training] Time: 120.668 seconds
[Training] Loss: 0.0016	Accuracy: 99.980
[Test] Accuracy: 93.910

Epoch 348
Learning rate 1.00000e-02
[Training] Time: 120.621 seconds
[Training] Loss: 0.0017	Accuracy: 99.978
[Test] Accuracy: 94.040

Epoch 349
Learning rate 1.00000e-02
[Training] Time: 120.592 seconds
[Training] Loss: 0.0016	Accuracy: 99.986
[Test] Accuracy: 94.040

Epoch 350
Learning rate 1.00000e-02
[Training] Time: 120.607 seconds
[Training] Loss: 0.0014	Accuracy: 99.990
[Test] Accuracy: 94.150

Epoch 351
Learning rate 1.00000e-02
[Training] Time: 120.760 seconds
[Training] Loss: 0.0014	Accuracy: 99.992
[Test] Accuracy: 94.060

Epoch 352
Learning rate 1.00000e-02
[Training] Time: 120.693 seconds
[Training] Loss: 0.0013	Accuracy: 99.992
[Test] Accuracy: 94.020

Epoch 353
Learning rate 1.00000e-02
[Training] Time: 120.685 seconds
[Training] Loss: 0.0015	Accuracy: 99.978
[Test] Accuracy: 94.070

Epoch 354
Learning rate 1.00000e-02
[Training] Time: 120.655 seconds
[Training] Loss: 0.0016	Accuracy: 99.972
[Test] Accuracy: 94.090

Epoch 355
Learning rate 1.00000e-02
[Training] Time: 120.673 seconds
[Training] Loss: 0.0018	Accuracy: 99.972
[Test] Accuracy: 93.880

Epoch 356
Learning rate 1.00000e-02
[Training] Time: 120.668 seconds
[Training] Loss: 0.0017	Accuracy: 99.970
[Test] Accuracy: 94.100

Epoch 357
Learning rate 1.00000e-02
[Training] Time: 120.692 seconds
[Training] Loss: 0.0017	Accuracy: 99.976
[Test] Accuracy: 93.900

Epoch 358
Learning rate 1.00000e-02
[Training] Time: 120.650 seconds
[Training] Loss: 0.0015	Accuracy: 99.984
[Test] Accuracy: 93.950

Epoch 359
Learning rate 1.00000e-02
[Training] Time: 120.700 seconds
[Training] Loss: 0.0013	Accuracy: 99.998
[Test] Accuracy: 93.980

Epoch 360
Learning rate 1.00000e-02
[Training] Time: 120.685 seconds
[Training] Loss: 0.0016	Accuracy: 99.988
[Test] Accuracy: 94.030

Epoch 361
Learning rate 1.00000e-02
[Training] Time: 120.665 seconds
[Training] Loss: 0.0015	Accuracy: 99.988
[Test] Accuracy: 93.910

Epoch 362
Learning rate 1.00000e-02
[Training] Time: 120.753 seconds
[Training] Loss: 0.0015	Accuracy: 99.986
[Test] Accuracy: 93.980

Epoch 363
Learning rate 1.00000e-02
[Training] Time: 120.672 seconds
[Training] Loss: 0.0013	Accuracy: 99.990
[Test] Accuracy: 94.080

Epoch 364
Learning rate 1.00000e-02
[Training] Time: 120.727 seconds
[Training] Loss: 0.0013	Accuracy: 99.990
[Test] Accuracy: 93.950

Epoch 365
Learning rate 1.00000e-02
[Training] Time: 120.686 seconds
[Training] Loss: 0.0014	Accuracy: 99.986
[Test] Accuracy: 93.920

Epoch 366
Learning rate 1.00000e-02
[Training] Time: 120.662 seconds
[Training] Loss: 0.0015	Accuracy: 99.978
[Test] Accuracy: 94.020

Epoch 367
Learning rate 1.00000e-02
[Training] Time: 120.747 seconds
[Training] Loss: 0.0014	Accuracy: 99.980
[Test] Accuracy: 94.030

Epoch 368
Learning rate 1.00000e-02
[Training] Time: 120.763 seconds
[Training] Loss: 0.0015	Accuracy: 99.978
[Test] Accuracy: 94.070

Epoch 369
Learning rate 1.00000e-02
[Training] Time: 120.708 seconds
[Training] Loss: 0.0014	Accuracy: 99.984
[Test] Accuracy: 94.160

Epoch 370
Learning rate 1.00000e-02
[Training] Time: 120.754 seconds
[Training] Loss: 0.0013	Accuracy: 99.988
[Test] Accuracy: 94.020

Epoch 371
Learning rate 1.00000e-02
[Training] Time: 120.656 seconds
[Training] Loss: 0.0015	Accuracy: 99.980
[Test] Accuracy: 93.980

Epoch 372
Learning rate 1.00000e-02
[Training] Time: 120.773 seconds
[Training] Loss: 0.0012	Accuracy: 99.988
[Test] Accuracy: 93.830

Epoch 373
Learning rate 1.00000e-02
[Training] Time: 120.694 seconds
[Training] Loss: 0.0014	Accuracy: 99.980
[Test] Accuracy: 93.750

Epoch 374
Learning rate 1.00000e-02
[Training] Time: 120.726 seconds
[Training] Loss: 0.0013	Accuracy: 99.984
[Test] Accuracy: 93.940

Epoch 375
Learning rate 1.00000e-02
[Training] Time: 120.701 seconds
[Training] Loss: 0.0013	Accuracy: 99.984
[Test] Accuracy: 94.010

Epoch 376
Learning rate 1.00000e-02
[Training] Time: 120.748 seconds
[Training] Loss: 0.0015	Accuracy: 99.976
[Test] Accuracy: 94.100

Epoch 377
Learning rate 1.00000e-02
[Training] Time: 120.673 seconds
[Training] Loss: 0.0016	Accuracy: 99.982
[Test] Accuracy: 94.130

Epoch 378
Learning rate 1.00000e-02
[Training] Time: 120.725 seconds
[Training] Loss: 0.0014	Accuracy: 99.984
[Test] Accuracy: 94.160

Epoch 379
Learning rate 1.00000e-02
[Training] Time: 120.643 seconds
[Training] Loss: 0.0013	Accuracy: 99.986
[Test] Accuracy: 93.880

Epoch 380
Learning rate 1.00000e-02
[Training] Time: 120.607 seconds
[Training] Loss: 0.0012	Accuracy: 99.994
[Test] Accuracy: 94.010

Epoch 381
Learning rate 1.00000e-02
[Training] Time: 120.720 seconds
[Training] Loss: 0.0013	Accuracy: 99.990
[Test] Accuracy: 93.980

Epoch 382
Learning rate 1.00000e-02
[Training] Time: 120.746 seconds
[Training] Loss: 0.0014	Accuracy: 99.982
[Test] Accuracy: 93.950

Epoch 383
Learning rate 1.00000e-02
[Training] Time: 120.669 seconds
[Training] Loss: 0.0010	Accuracy: 99.996
[Test] Accuracy: 94.160

Epoch 384
Learning rate 1.00000e-02
[Training] Time: 120.710 seconds
[Training] Loss: 0.0012	Accuracy: 99.988
[Test] Accuracy: 94.060

Epoch 385
Learning rate 1.00000e-02
[Training] Time: 120.712 seconds
[Training] Loss: 0.0014	Accuracy: 99.986
[Test] Accuracy: 94.050

Epoch 386
Learning rate 1.00000e-02
[Training] Time: 120.752 seconds
[Training] Loss: 0.0013	Accuracy: 99.980
[Test] Accuracy: 93.970

Epoch 387
Learning rate 1.00000e-02
[Training] Time: 120.739 seconds
[Training] Loss: 0.0013	Accuracy: 99.988
[Test] Accuracy: 94.210

Epoch 388
Learning rate 1.00000e-02
[Training] Time: 120.650 seconds
[Training] Loss: 0.0014	Accuracy: 99.988
[Test] Accuracy: 93.820

Epoch 389
Learning rate 1.00000e-02
[Training] Time: 120.705 seconds
[Training] Loss: 0.0011	Accuracy: 99.996
[Test] Accuracy: 94.030

Epoch 390
Learning rate 1.00000e-02
[Training] Time: 120.679 seconds
[Training] Loss: 0.0015	Accuracy: 99.982
[Test] Accuracy: 93.900

Epoch 391
Learning rate 1.00000e-02
[Training] Time: 120.625 seconds
[Training] Loss: 0.0014	Accuracy: 99.986
[Test] Accuracy: 93.970

Epoch 392
Learning rate 1.00000e-02
[Training] Time: 120.667 seconds
[Training] Loss: 0.0012	Accuracy: 99.990
[Test] Accuracy: 93.990

Epoch 393
Learning rate 1.00000e-02
[Training] Time: 120.683 seconds
[Training] Loss: 0.0011	Accuracy: 99.994
[Test] Accuracy: 94.110

Epoch 394
Learning rate 1.00000e-02
[Training] Time: 120.670 seconds
[Training] Loss: 0.0011	Accuracy: 99.994
[Test] Accuracy: 94.050

Epoch 395
Learning rate 1.00000e-02
[Training] Time: 120.604 seconds
[Training] Loss: 0.0010	Accuracy: 99.998
[Test] Accuracy: 94.190

Epoch 396
Learning rate 1.00000e-02
[Training] Time: 120.657 seconds
[Training] Loss: 0.0014	Accuracy: 99.982
[Test] Accuracy: 93.900

Epoch 397
Learning rate 1.00000e-02
[Training] Time: 120.596 seconds
[Training] Loss: 0.0012	Accuracy: 99.988
[Test] Accuracy: 93.990

Epoch 398
Learning rate 1.00000e-02
[Training] Time: 120.604 seconds
[Training] Loss: 0.0013	Accuracy: 99.990
[Test] Accuracy: 94.040

Epoch 399
Learning rate 1.00000e-02
[Training] Time: 120.638 seconds
[Training] Loss: 0.0014	Accuracy: 99.984
[Test] Accuracy: 93.890

Epoch 400
Learning rate 1.00000e-02
[Training] Time: 120.586 seconds
[Training] Loss: 0.0013	Accuracy: 99.982
[Test] Accuracy: 93.960

Epoch 401
Learning rate 1.00000e-02
[Training] Time: 120.645 seconds
[Training] Loss: 0.0012	Accuracy: 99.992
[Test] Accuracy: 94.080

Epoch 402
Learning rate 1.00000e-02
[Training] Time: 120.631 seconds
[Training] Loss: 0.0027	Accuracy: 99.940
[Test] Accuracy: 93.750

Epoch 403
Learning rate 1.00000e-02
[Training] Time: 120.595 seconds
[Training] Loss: 0.0025	Accuracy: 99.946
[Test] Accuracy: 93.880

Epoch 404
Learning rate 1.00000e-02
[Training] Time: 120.679 seconds
[Training] Loss: 0.0015	Accuracy: 99.988
[Test] Accuracy: 93.920

Epoch 405
Learning rate 1.00000e-02
[Training] Time: 120.654 seconds
[Training] Loss: 0.0015	Accuracy: 99.972
[Test] Accuracy: 93.870

Epoch 406
Learning rate 1.00000e-02
[Training] Time: 120.596 seconds
[Training] Loss: 0.0014	Accuracy: 99.980
[Test] Accuracy: 94.010

Epoch 407
Learning rate 1.00000e-02
[Training] Time: 120.620 seconds
[Training] Loss: 0.0017	Accuracy: 99.980
[Test] Accuracy: 93.970

Epoch 408
Learning rate 1.00000e-02
[Training] Time: 120.608 seconds
[Training] Loss: 0.0013	Accuracy: 99.990
[Test] Accuracy: 94.040

Epoch 409
Learning rate 1.00000e-02
[Training] Time: 120.690 seconds
[Training] Loss: 0.0014	Accuracy: 99.980
[Test] Accuracy: 94.000

Epoch 410
Learning rate 1.00000e-02
[Training] Time: 120.656 seconds
[Training] Loss: 0.0014	Accuracy: 99.980
[Test] Accuracy: 94.050

Epoch 411
Learning rate 1.00000e-02
[Training] Time: 120.633 seconds
[Training] Loss: 0.0016	Accuracy: 99.982
[Test] Accuracy: 93.980

Epoch 412
Learning rate 1.00000e-02
[Training] Time: 120.547 seconds
[Training] Loss: 0.0015	Accuracy: 99.986
[Test] Accuracy: 94.090

Epoch 413
Learning rate 1.00000e-02
[Training] Time: 120.597 seconds
[Training] Loss: 0.0013	Accuracy: 99.986
[Test] Accuracy: 94.100

Epoch 414
Learning rate 1.00000e-02
[Training] Time: 120.610 seconds
[Training] Loss: 0.0012	Accuracy: 99.992
[Test] Accuracy: 94.230

Epoch 415
Learning rate 1.00000e-02
[Training] Time: 120.649 seconds
[Training] Loss: 0.0014	Accuracy: 99.970
[Test] Accuracy: 94.160

Epoch 416
Learning rate 1.00000e-02
[Training] Time: 120.631 seconds
[Training] Loss: 0.0016	Accuracy: 99.970
[Test] Accuracy: 94.090

Epoch 417
Learning rate 1.00000e-02
[Training] Time: 120.584 seconds
[Training] Loss: 0.0015	Accuracy: 99.980
[Test] Accuracy: 94.030

Epoch 418
Learning rate 1.00000e-02
[Training] Time: 120.633 seconds
[Training] Loss: 0.0014	Accuracy: 99.986
[Test] Accuracy: 93.700

Epoch 419
Learning rate 1.00000e-02
[Training] Time: 120.611 seconds
[Training] Loss: 0.0015	Accuracy: 99.978
[Test] Accuracy: 93.950

Epoch 420
Learning rate 1.00000e-02
[Training] Time: 120.583 seconds
[Training] Loss: 0.0016	Accuracy: 99.976
[Test] Accuracy: 94.170

Epoch 421
Learning rate 1.00000e-02
[Training] Time: 120.599 seconds
[Training] Loss: 0.0017	Accuracy: 99.978
[Test] Accuracy: 94.200

Epoch 422
Learning rate 1.00000e-02
[Training] Time: 120.582 seconds
[Training] Loss: 0.0024	Accuracy: 99.934
[Test] Accuracy: 93.880

Epoch 423
Learning rate 1.00000e-02
[Training] Time: 120.612 seconds
[Training] Loss: 0.0028	Accuracy: 99.942
[Test] Accuracy: 93.770

Epoch 424
Learning rate 1.00000e-02
[Training] Time: 120.558 seconds
[Training] Loss: 0.0027	Accuracy: 99.946
[Test] Accuracy: 94.040

Epoch 425
Learning rate 1.00000e-02
[Training] Time: 120.622 seconds
[Training] Loss: 0.0028	Accuracy: 99.952
[Test] Accuracy: 93.790

Epoch 426
Learning rate 1.00000e-02
[Training] Time: 120.522 seconds
[Training] Loss: 0.0035	Accuracy: 99.916
[Test] Accuracy: 93.820

Epoch 427
Learning rate 1.00000e-02
[Training] Time: 120.519 seconds
[Training] Loss: 0.0040	Accuracy: 99.896
[Test] Accuracy: 93.800

Epoch 428
Learning rate 1.00000e-02
[Training] Time: 120.597 seconds
[Training] Loss: 0.0033	Accuracy: 99.928
[Test] Accuracy: 93.720

Epoch 429
Learning rate 1.00000e-02
[Training] Time: 120.715 seconds
[Training] Loss: 0.0035	Accuracy: 99.918
[Test] Accuracy: 93.670

Epoch 430
Learning rate 1.00000e-02
[Training] Time: 120.569 seconds
[Training] Loss: 0.0041	Accuracy: 99.892
[Test] Accuracy: 93.540

Epoch 431
Learning rate 1.00000e-02
[Training] Time: 120.546 seconds
[Training] Loss: 0.0047	Accuracy: 99.872
[Test] Accuracy: 93.910

Epoch 432
Learning rate 1.00000e-02
[Training] Time: 120.562 seconds
[Training] Loss: 0.0039	Accuracy: 99.902
[Test] Accuracy: 93.780

Epoch 433
Learning rate 1.00000e-02
[Training] Time: 120.640 seconds
[Training] Loss: 0.0056	Accuracy: 99.846
[Test] Accuracy: 93.670

Epoch 434
Learning rate 1.00000e-02
[Training] Time: 120.588 seconds
[Training] Loss: 0.0041	Accuracy: 99.898
[Test] Accuracy: 93.810

Epoch 435
Learning rate 1.00000e-02
[Training] Time: 120.659 seconds
[Training] Loss: 0.0038	Accuracy: 99.904
[Test] Accuracy: 93.660

Epoch 436
Learning rate 1.00000e-02
[Training] Time: 120.595 seconds
[Training] Loss: 0.0035	Accuracy: 99.902
[Test] Accuracy: 93.690

Epoch 437
Learning rate 1.00000e-02
[Training] Time: 120.663 seconds
[Training] Loss: 0.0027	Accuracy: 99.952
[Test] Accuracy: 93.850

Epoch 438
Learning rate 1.00000e-02
[Training] Time: 120.620 seconds
[Training] Loss: 0.0028	Accuracy: 99.950
[Test] Accuracy: 93.560

Epoch 439
Learning rate 1.00000e-02
[Training] Time: 120.701 seconds
[Training] Loss: 0.0037	Accuracy: 99.912
[Test] Accuracy: 93.840

Epoch 440
Learning rate 1.00000e-02
[Training] Time: 120.581 seconds
[Training] Loss: 0.0038	Accuracy: 99.900
[Test] Accuracy: 93.510

Epoch 441
Learning rate 1.00000e-02
[Training] Time: 120.568 seconds
[Training] Loss: 0.0039	Accuracy: 99.908
[Test] Accuracy: 93.800

Epoch 442
Learning rate 1.00000e-02
[Training] Time: 120.489 seconds
[Training] Loss: 0.0044	Accuracy: 99.896
[Test] Accuracy: 93.630

Epoch 443
Learning rate 1.00000e-02
[Training] Time: 120.579 seconds
[Training] Loss: 0.0043	Accuracy: 99.888
[Test] Accuracy: 93.540

Epoch 444
Learning rate 1.00000e-02
[Training] Time: 120.543 seconds
[Training] Loss: 0.0055	Accuracy: 99.850
[Test] Accuracy: 93.250

Epoch 445
Learning rate 1.00000e-02
[Training] Time: 120.584 seconds
[Training] Loss: 0.0075	Accuracy: 99.776
[Test] Accuracy: 93.360

Epoch 446
Learning rate 1.00000e-02
[Training] Time: 120.697 seconds
[Training] Loss: 0.0073	Accuracy: 99.782
[Test] Accuracy: 93.160

Epoch 447
Learning rate 1.00000e-02
[Training] Time: 120.727 seconds
[Training] Loss: 0.0058	Accuracy: 99.840
[Test] Accuracy: 93.580

Epoch 448
Learning rate 1.00000e-02
[Training] Time: 120.721 seconds
[Training] Loss: 0.0054	Accuracy: 99.854
[Test] Accuracy: 93.480

Epoch 449
Learning rate 1.00000e-02
[Training] Time: 120.642 seconds
[Training] Loss: 0.0055	Accuracy: 99.850
[Test] Accuracy: 93.480

Epoch 450
Learning rate 1.00000e-02
[Training] Time: 120.629 seconds
[Training] Loss: 0.0070	Accuracy: 99.782
[Test] Accuracy: 93.090

Epoch 451
Learning rate 1.00000e-02
[Training] Time: 120.563 seconds
[Training] Loss: 0.0086	Accuracy: 99.738
[Test] Accuracy: 93.280

Epoch 452
Learning rate 1.00000e-02
[Training] Time: 120.636 seconds
[Training] Loss: 0.0074	Accuracy: 99.756
[Test] Accuracy: 93.540

Epoch 453
Learning rate 1.00000e-02
[Training] Time: 120.686 seconds
[Training] Loss: 0.0072	Accuracy: 99.788
[Test] Accuracy: 93.320

Epoch 454
Learning rate 1.00000e-02
[Training] Time: 120.697 seconds
[Training] Loss: 0.0075	Accuracy: 99.790
[Test] Accuracy: 93.420

Epoch 455
Learning rate 1.00000e-02
[Training] Time: 120.612 seconds
[Training] Loss: 0.0069	Accuracy: 99.786
[Test] Accuracy: 93.130

Epoch 456
Learning rate 1.00000e-02
[Training] Time: 120.685 seconds
[Training] Loss: 0.0067	Accuracy: 99.812
[Test] Accuracy: 93.490

Epoch 457
Learning rate 1.00000e-02
[Training] Time: 120.658 seconds
[Training] Loss: 0.0059	Accuracy: 99.832
[Test] Accuracy: 93.480

Epoch 458
Learning rate 1.00000e-02
[Training] Time: 120.614 seconds
[Training] Loss: 0.0066	Accuracy: 99.802
[Test] Accuracy: 92.950

Epoch 459
Learning rate 1.00000e-02
[Training] Time: 120.603 seconds
[Training] Loss: 0.0056	Accuracy: 99.850
[Test] Accuracy: 93.150

Epoch 460
Learning rate 1.00000e-02
[Training] Time: 120.665 seconds
[Training] Loss: 0.0056	Accuracy: 99.858
[Test] Accuracy: 93.290

Epoch 461
Learning rate 1.00000e-02
[Training] Time: 120.566 seconds
[Training] Loss: 0.0064	Accuracy: 99.830
[Test] Accuracy: 93.270

Epoch 462
Learning rate 1.00000e-02
[Training] Time: 120.577 seconds
[Training] Loss: 0.0074	Accuracy: 99.782
[Test] Accuracy: 93.310

Epoch 463
Learning rate 1.00000e-02
[Training] Time: 120.595 seconds
[Training] Loss: 0.0063	Accuracy: 99.836
[Test] Accuracy: 93.210

Epoch 464
Learning rate 1.00000e-02
[Training] Time: 120.527 seconds
[Training] Loss: 0.0069	Accuracy: 99.798
[Test] Accuracy: 93.380

Epoch 465
Learning rate 1.00000e-02
[Training] Time: 120.727 seconds
[Training] Loss: 0.0075	Accuracy: 99.788
[Test] Accuracy: 93.180

Epoch 466
Learning rate 1.00000e-03
[Training] Time: 120.671 seconds
[Training] Loss: 0.0051	Accuracy: 99.862
[Test] Accuracy: 93.760

Epoch 467
Learning rate 1.00000e-03
[Training] Time: 120.651 seconds
[Training] Loss: 0.0026	Accuracy: 99.944
[Test] Accuracy: 93.900

Epoch 468
Learning rate 1.00000e-03
[Training] Time: 120.654 seconds
[Training] Loss: 0.0023	Accuracy: 99.956
[Test] Accuracy: 93.930

Epoch 469
Learning rate 1.00000e-03
[Training] Time: 120.701 seconds
[Training] Loss: 0.0021	Accuracy: 99.954
[Test] Accuracy: 93.950

Epoch 470
Learning rate 1.00000e-03
[Training] Time: 120.702 seconds
[Training] Loss: 0.0018	Accuracy: 99.976
[Test] Accuracy: 93.950

Epoch 471
Learning rate 1.00000e-03
[Training] Time: 120.633 seconds
[Training] Loss: 0.0019	Accuracy: 99.970
[Test] Accuracy: 93.980

Epoch 472
Learning rate 1.00000e-03
[Training] Time: 120.632 seconds
[Training] Loss: 0.0016	Accuracy: 99.968
[Test] Accuracy: 94.050

Epoch 473
Learning rate 1.00000e-03
[Training] Time: 120.693 seconds
[Training] Loss: 0.0015	Accuracy: 99.980
[Test] Accuracy: 94.010

Epoch 474
Learning rate 1.00000e-03
[Training] Time: 120.738 seconds
[Training] Loss: 0.0015	Accuracy: 99.982
[Test] Accuracy: 94.050

Epoch 475
Learning rate 1.00000e-03
[Training] Time: 120.653 seconds
[Training] Loss: 0.0014	Accuracy: 99.972
[Test] Accuracy: 94.090

Epoch 476
Learning rate 1.00000e-03
[Training] Time: 120.762 seconds
[Training] Loss: 0.0014	Accuracy: 99.984
[Test] Accuracy: 94.050

Epoch 477
Learning rate 1.00000e-03
[Training] Time: 120.714 seconds
[Training] Loss: 0.0014	Accuracy: 99.978
[Test] Accuracy: 94.140

Epoch 478
Learning rate 1.00000e-03
[Training] Time: 120.664 seconds
[Training] Loss: 0.0014	Accuracy: 99.978
[Test] Accuracy: 94.080

Epoch 479
Learning rate 1.00000e-03
[Training] Time: 120.811 seconds
[Training] Loss: 0.0014	Accuracy: 99.972
[Test] Accuracy: 94.160

Epoch 480
Learning rate 1.00000e-03
[Training] Time: 120.753 seconds
[Training] Loss: 0.0013	Accuracy: 99.988
[Test] Accuracy: 94.080

Epoch 481
Learning rate 1.00000e-03
[Training] Time: 120.782 seconds
[Training] Loss: 0.0011	Accuracy: 99.992
[Test] Accuracy: 94.220

Epoch 482
Learning rate 1.00000e-03
[Training] Time: 120.785 seconds
[Training] Loss: 0.0011	Accuracy: 99.980
[Test] Accuracy: 94.030

Epoch 483
Learning rate 1.00000e-03
[Training] Time: 120.764 seconds
[Training] Loss: 0.0012	Accuracy: 99.980
[Test] Accuracy: 94.170

Epoch 484
Learning rate 1.00000e-03
[Training] Time: 120.831 seconds
[Training] Loss: 0.0010	Accuracy: 99.996
[Test] Accuracy: 94.210

Epoch 485
Learning rate 1.00000e-03
[Training] Time: 120.767 seconds
[Training] Loss: 0.0011	Accuracy: 99.982
[Test] Accuracy: 94.240

Epoch 486
Learning rate 1.00000e-03
[Training] Time: 120.858 seconds
[Training] Loss: 0.0011	Accuracy: 99.984
[Test] Accuracy: 94.110

Epoch 487
Learning rate 1.00000e-03
[Training] Time: 120.655 seconds
[Training] Loss: 0.0010	Accuracy: 99.992
[Test] Accuracy: 94.120

Epoch 488
Learning rate 1.00000e-03
[Training] Time: 120.734 seconds
[Training] Loss: 0.0010	Accuracy: 99.996
[Test] Accuracy: 94.230

Epoch 489
Learning rate 1.00000e-03
[Training] Time: 120.800 seconds
[Training] Loss: 0.0009	Accuracy: 99.994
[Test] Accuracy: 94.350

Epoch 490
Learning rate 1.00000e-03
[Training] Time: 120.735 seconds
[Training] Loss: 0.0009	Accuracy: 99.992
[Test] Accuracy: 94.160

Epoch 491
Learning rate 1.00000e-03
[Training] Time: 120.780 seconds
[Training] Loss: 0.0010	Accuracy: 99.980
[Test] Accuracy: 94.240

Epoch 492
Learning rate 1.00000e-03
[Training] Time: 120.717 seconds
[Training] Loss: 0.0010	Accuracy: 99.990
[Test] Accuracy: 94.260

Epoch 493
Learning rate 1.00000e-03
[Training] Time: 120.613 seconds
[Training] Loss: 0.0009	Accuracy: 99.986
[Test] Accuracy: 94.230

Epoch 494
Learning rate 1.00000e-03
[Training] Time: 120.789 seconds
[Training] Loss: 0.0009	Accuracy: 99.986
[Test] Accuracy: 94.280

Epoch 495
Learning rate 1.00000e-03
[Training] Time: 120.964 seconds
[Training] Loss: 0.0010	Accuracy: 99.986
[Test] Accuracy: 94.230

Epoch 496
Learning rate 1.00000e-03
[Training] Time: 120.697 seconds
[Training] Loss: 0.0008	Accuracy: 99.992
[Test] Accuracy: 94.250

Epoch 497
Learning rate 1.00000e-03
[Training] Time: 120.726 seconds
[Training] Loss: 0.0007	Accuracy: 99.996
[Test] Accuracy: 94.140

Epoch 498
Learning rate 1.00000e-03
[Training] Time: 120.695 seconds
[Training] Loss: 0.0008	Accuracy: 99.988
[Test] Accuracy: 94.160

Epoch 499
Learning rate 1.00000e-03
[Training] Time: 120.715 seconds
[Training] Loss: 0.0009	Accuracy: 99.990
[Test] Accuracy: 94.160

Model training finished.
Writing experimental setup to save_resnet110
Dumping training statistics to save_resnet110
Time: 63978.155 seconds. ( 17 hours 46 minutes 18.155 seconds)
Best Accuracy: 94.350 occured at epoch 489
Program Exiting
