Creating directory at save_resnet20
Files already downloaded and verified
Starting training from epoch 0 to 500

Epoch 0
Learning rate 1.00000e-01
[Training] Time: 22.661 seconds
[Training] Loss: 1.5841	Accuracy: 41.696
[Test] Accuracy: 54.720

Epoch 1
Learning rate 1.00000e-01
[Training] Time: 22.116 seconds
[Training] Loss: 1.0944	Accuracy: 60.512
[Test] Accuracy: 62.840

Epoch 2
Learning rate 1.00000e-01
[Training] Time: 22.256 seconds
[Training] Loss: 0.8799	Accuracy: 68.828
[Test] Accuracy: 69.250

Epoch 3
Learning rate 1.00000e-01
[Training] Time: 21.988 seconds
[Training] Loss: 0.7578	Accuracy: 73.446
[Test] Accuracy: 70.550

Epoch 4
Learning rate 1.00000e-01
[Training] Time: 22.128 seconds
[Training] Loss: 0.6751	Accuracy: 76.574
[Test] Accuracy: 73.560

Epoch 5
Learning rate 1.00000e-01
[Training] Time: 22.170 seconds
[Training] Loss: 0.6230	Accuracy: 78.286
[Test] Accuracy: 75.130

Epoch 6
Learning rate 1.00000e-01
[Training] Time: 22.146 seconds
[Training] Loss: 0.5801	Accuracy: 79.884
[Test] Accuracy: 76.200

Epoch 7
Learning rate 1.00000e-01
[Training] Time: 21.973 seconds
[Training] Loss: 0.5424	Accuracy: 81.372
[Test] Accuracy: 77.050

Epoch 8
Learning rate 1.00000e-01
[Training] Time: 22.097 seconds
[Training] Loss: 0.5187	Accuracy: 81.942
[Test] Accuracy: 75.630

Epoch 9
Learning rate 1.00000e-01
[Training] Time: 22.150 seconds
[Training] Loss: 0.4979	Accuracy: 82.778
[Test] Accuracy: 77.700

Epoch 10
Learning rate 1.00000e-01
[Training] Time: 22.220 seconds
[Training] Loss: 0.4713	Accuracy: 83.642
[Test] Accuracy: 80.140

Epoch 11
Learning rate 1.00000e-01
[Training] Time: 22.018 seconds
[Training] Loss: 0.4547	Accuracy: 84.194
[Test] Accuracy: 82.890

Epoch 12
Learning rate 1.00000e-01
[Training] Time: 22.086 seconds
[Training] Loss: 0.4490	Accuracy: 84.522
[Test] Accuracy: 82.680

Epoch 13
Learning rate 1.00000e-01
[Training] Time: 22.126 seconds
[Training] Loss: 0.4262	Accuracy: 85.288
[Test] Accuracy: 82.090

Epoch 14
Learning rate 1.00000e-01
[Training] Time: 22.072 seconds
[Training] Loss: 0.4137	Accuracy: 85.578
[Test] Accuracy: 82.160

Epoch 15
Learning rate 1.00000e-01
[Training] Time: 21.901 seconds
[Training] Loss: 0.4062	Accuracy: 85.932
[Test] Accuracy: 82.820

Epoch 16
Learning rate 1.00000e-01
[Training] Time: 22.096 seconds
[Training] Loss: 0.3958	Accuracy: 86.496
[Test] Accuracy: 82.800

Epoch 17
Learning rate 1.00000e-01
[Training] Time: 22.147 seconds
[Training] Loss: 0.3844	Accuracy: 86.782
[Test] Accuracy: 82.880

Epoch 18
Learning rate 1.00000e-01
[Training] Time: 22.113 seconds
[Training] Loss: 0.3770	Accuracy: 86.958
[Test] Accuracy: 83.820

Epoch 19
Learning rate 1.00000e-01
[Training] Time: 21.929 seconds
[Training] Loss: 0.3686	Accuracy: 87.062
[Test] Accuracy: 82.010

Epoch 20
Learning rate 1.00000e-01
[Training] Time: 22.092 seconds
[Training] Loss: 0.3652	Accuracy: 87.256
[Test] Accuracy: 84.360

Epoch 21
Learning rate 1.00000e-01
[Training] Time: 22.122 seconds
[Training] Loss: 0.3536	Accuracy: 87.670
[Test] Accuracy: 83.960

Epoch 22
Learning rate 1.00000e-01
[Training] Time: 22.204 seconds
[Training] Loss: 0.3463	Accuracy: 87.952
[Test] Accuracy: 84.450

Epoch 23
Learning rate 1.00000e-01
[Training] Time: 21.940 seconds
[Training] Loss: 0.3431	Accuracy: 88.172
[Test] Accuracy: 84.090

Epoch 24
Learning rate 1.00000e-01
[Training] Time: 22.130 seconds
[Training] Loss: 0.3394	Accuracy: 88.202
[Test] Accuracy: 84.690

Epoch 25
Learning rate 1.00000e-01
[Training] Time: 22.129 seconds
[Training] Loss: 0.3313	Accuracy: 88.542
[Test] Accuracy: 81.540

Epoch 26
Learning rate 1.00000e-01
[Training] Time: 22.163 seconds
[Training] Loss: 0.3223	Accuracy: 88.824
[Test] Accuracy: 83.070

Epoch 27
Learning rate 1.00000e-01
[Training] Time: 21.938 seconds
[Training] Loss: 0.3240	Accuracy: 88.746
[Test] Accuracy: 83.950

Epoch 28
Learning rate 1.00000e-01
[Training] Time: 22.149 seconds
[Training] Loss: 0.3170	Accuracy: 89.110
[Test] Accuracy: 84.970

Epoch 29
Learning rate 1.00000e-01
[Training] Time: 22.104 seconds
[Training] Loss: 0.3090	Accuracy: 89.154
[Test] Accuracy: 83.490

Epoch 30
Learning rate 1.00000e-01
[Training] Time: 22.001 seconds
[Training] Loss: 0.3085	Accuracy: 89.186
[Test] Accuracy: 81.650

Epoch 31
Learning rate 1.00000e-01
[Training] Time: 21.948 seconds
[Training] Loss: 0.3149	Accuracy: 88.902
[Test] Accuracy: 82.710

Epoch 32
Learning rate 1.00000e-01
[Training] Time: 22.112 seconds
[Training] Loss: 0.3030	Accuracy: 89.432
[Test] Accuracy: 79.630

Epoch 33
Learning rate 1.00000e-01
[Training] Time: 22.082 seconds
[Training] Loss: 0.3014	Accuracy: 89.504
[Test] Accuracy: 85.270

Epoch 34
Learning rate 1.00000e-01
[Training] Time: 22.187 seconds
[Training] Loss: 0.2971	Accuracy: 89.700
[Test] Accuracy: 84.570

Epoch 35
Learning rate 1.00000e-01
[Training] Time: 21.920 seconds
[Training] Loss: 0.2919	Accuracy: 89.798
[Test] Accuracy: 84.430

Epoch 36
Learning rate 1.00000e-01
[Training] Time: 22.115 seconds
[Training] Loss: 0.2884	Accuracy: 89.914
[Test] Accuracy: 82.640

Epoch 37
Learning rate 1.00000e-01
[Training] Time: 22.052 seconds
[Training] Loss: 0.2853	Accuracy: 89.934
[Test] Accuracy: 84.400

Epoch 38
Learning rate 1.00000e-01
[Training] Time: 22.050 seconds
[Training] Loss: 0.2845	Accuracy: 90.124
[Test] Accuracy: 84.400

Epoch 39
Learning rate 1.00000e-01
[Training] Time: 21.965 seconds
[Training] Loss: 0.2878	Accuracy: 90.014
[Test] Accuracy: 85.720

Epoch 40
Learning rate 1.00000e-01
[Training] Time: 22.144 seconds
[Training] Loss: 0.2750	Accuracy: 90.446
[Test] Accuracy: 84.430

Epoch 41
Learning rate 1.00000e-01
[Training] Time: 22.149 seconds
[Training] Loss: 0.2793	Accuracy: 90.198
[Test] Accuracy: 85.160

Epoch 42
Learning rate 1.00000e-01
[Training] Time: 22.188 seconds
[Training] Loss: 0.2775	Accuracy: 90.380
[Test] Accuracy: 82.990

Epoch 43
Learning rate 1.00000e-01
[Training] Time: 21.843 seconds
[Training] Loss: 0.2702	Accuracy: 90.606
[Test] Accuracy: 84.930

Epoch 44
Learning rate 1.00000e-01
[Training] Time: 22.055 seconds
[Training] Loss: 0.2705	Accuracy: 90.518
[Test] Accuracy: 83.990

Epoch 45
Learning rate 1.00000e-01
[Training] Time: 22.166 seconds
[Training] Loss: 0.2671	Accuracy: 90.686
[Test] Accuracy: 85.840

Epoch 46
Learning rate 1.00000e-01
[Training] Time: 22.146 seconds
[Training] Loss: 0.2634	Accuracy: 90.852
[Test] Accuracy: 86.040

Epoch 47
Learning rate 1.00000e-01
[Training] Time: 21.976 seconds
[Training] Loss: 0.2644	Accuracy: 90.654
[Test] Accuracy: 85.430

Epoch 48
Learning rate 1.00000e-01
[Training] Time: 22.116 seconds
[Training] Loss: 0.2663	Accuracy: 90.672
[Test] Accuracy: 86.760

Epoch 49
Learning rate 1.00000e-01
[Training] Time: 22.112 seconds
[Training] Loss: 0.2643	Accuracy: 90.700
[Test] Accuracy: 83.680

Epoch 50
Learning rate 1.00000e-01
[Training] Time: 22.076 seconds
[Training] Loss: 0.2597	Accuracy: 90.906
[Test] Accuracy: 85.090

Epoch 51
Learning rate 1.00000e-01
[Training] Time: 21.958 seconds
[Training] Loss: 0.2618	Accuracy: 90.784
[Test] Accuracy: 86.710

Epoch 52
Learning rate 1.00000e-01
[Training] Time: 22.099 seconds
[Training] Loss: 0.2591	Accuracy: 90.914
[Test] Accuracy: 83.930

Epoch 53
Learning rate 1.00000e-01
[Training] Time: 22.100 seconds
[Training] Loss: 0.2565	Accuracy: 91.046
[Test] Accuracy: 85.950

Epoch 54
Learning rate 1.00000e-01
[Training] Time: 22.138 seconds
[Training] Loss: 0.2485	Accuracy: 91.190
[Test] Accuracy: 84.760

Epoch 55
Learning rate 1.00000e-01
[Training] Time: 21.889 seconds
[Training] Loss: 0.2547	Accuracy: 91.086
[Test] Accuracy: 86.820

Epoch 56
Learning rate 1.00000e-01
[Training] Time: 22.071 seconds
[Training] Loss: 0.2545	Accuracy: 91.038
[Test] Accuracy: 86.340

Epoch 57
Learning rate 1.00000e-01
[Training] Time: 22.093 seconds
[Training] Loss: 0.2497	Accuracy: 91.128
[Test] Accuracy: 86.240

Epoch 58
Learning rate 1.00000e-01
[Training] Time: 22.172 seconds
[Training] Loss: 0.2469	Accuracy: 91.320
[Test] Accuracy: 85.200

Epoch 59
Learning rate 1.00000e-01
[Training] Time: 21.889 seconds
[Training] Loss: 0.2460	Accuracy: 91.478
[Test] Accuracy: 86.400

Epoch 60
Learning rate 1.00000e-01
[Training] Time: 22.163 seconds
[Training] Loss: 0.2457	Accuracy: 91.396
[Test] Accuracy: 85.720

Epoch 61
Learning rate 1.00000e-01
[Training] Time: 22.125 seconds
[Training] Loss: 0.2490	Accuracy: 91.382
[Test] Accuracy: 86.160

Epoch 62
Learning rate 1.00000e-01
[Training] Time: 22.159 seconds
[Training] Loss: 0.2473	Accuracy: 91.308
[Test] Accuracy: 87.070

Epoch 63
Learning rate 1.00000e-01
[Training] Time: 21.978 seconds
[Training] Loss: 0.2399	Accuracy: 91.592
[Test] Accuracy: 86.120

Epoch 64
Learning rate 1.00000e-01
[Training] Time: 22.091 seconds
[Training] Loss: 0.2386	Accuracy: 91.544
[Test] Accuracy: 86.580

Epoch 65
Learning rate 1.00000e-01
[Training] Time: 22.175 seconds
[Training] Loss: 0.2424	Accuracy: 91.426
[Test] Accuracy: 85.690

Epoch 66
Learning rate 1.00000e-01
[Training] Time: 22.188 seconds
[Training] Loss: 0.2412	Accuracy: 91.524
[Test] Accuracy: 86.690

Epoch 67
Learning rate 1.00000e-01
[Training] Time: 21.897 seconds
[Training] Loss: 0.2428	Accuracy: 91.464
[Test] Accuracy: 84.310

Epoch 68
Learning rate 1.00000e-01
[Training] Time: 22.116 seconds
[Training] Loss: 0.2378	Accuracy: 91.630
[Test] Accuracy: 86.530

Epoch 69
Learning rate 1.00000e-01
[Training] Time: 22.117 seconds
[Training] Loss: 0.2383	Accuracy: 91.702
[Test] Accuracy: 87.480

Epoch 70
Learning rate 1.00000e-01
[Training] Time: 22.144 seconds
[Training] Loss: 0.2327	Accuracy: 91.846
[Test] Accuracy: 86.120

Epoch 71
Learning rate 1.00000e-01
[Training] Time: 21.854 seconds
[Training] Loss: 0.2359	Accuracy: 91.788
[Test] Accuracy: 87.350

Epoch 72
Learning rate 1.00000e-01
[Training] Time: 22.064 seconds
[Training] Loss: 0.2354	Accuracy: 91.792
[Test] Accuracy: 86.440

Epoch 73
Learning rate 1.00000e-01
[Training] Time: 22.150 seconds
[Training] Loss: 0.2349	Accuracy: 91.634
[Test] Accuracy: 86.450

Epoch 74
Learning rate 1.00000e-01
[Training] Time: 22.180 seconds
[Training] Loss: 0.2348	Accuracy: 91.868
[Test] Accuracy: 85.760

Epoch 75
Learning rate 1.00000e-01
[Training] Time: 21.973 seconds
[Training] Loss: 0.2319	Accuracy: 91.768
[Test] Accuracy: 87.090

Epoch 76
Learning rate 1.00000e-01
[Training] Time: 22.061 seconds
[Training] Loss: 0.2365	Accuracy: 91.648
[Test] Accuracy: 87.370

Epoch 77
Learning rate 1.00000e-01
[Training] Time: 22.133 seconds
[Training] Loss: 0.2255	Accuracy: 92.118
[Test] Accuracy: 84.460

Epoch 78
Learning rate 1.00000e-01
[Training] Time: 22.196 seconds
[Training] Loss: 0.2354	Accuracy: 91.826
[Test] Accuracy: 84.710

Epoch 79
Learning rate 1.00000e-01
[Training] Time: 21.989 seconds
[Training] Loss: 0.2219	Accuracy: 92.234
[Test] Accuracy: 86.230

Epoch 80
Learning rate 1.00000e-01
[Training] Time: 22.074 seconds
[Training] Loss: 0.2329	Accuracy: 91.880
[Test] Accuracy: 83.690

Epoch 81
Learning rate 1.00000e-01
[Training] Time: 22.105 seconds
[Training] Loss: 0.2303	Accuracy: 91.956
[Test] Accuracy: 84.920

Epoch 82
Learning rate 1.00000e-01
[Training] Time: 22.143 seconds
[Training] Loss: 0.2290	Accuracy: 91.972
[Test] Accuracy: 87.030

Epoch 83
Learning rate 1.00000e-01
[Training] Time: 21.887 seconds
[Training] Loss: 0.2280	Accuracy: 91.972
[Test] Accuracy: 85.180

Epoch 84
Learning rate 1.00000e-01
[Training] Time: 22.061 seconds
[Training] Loss: 0.2298	Accuracy: 91.950
[Test] Accuracy: 86.160

Epoch 85
Learning rate 1.00000e-01
[Training] Time: 22.085 seconds
[Training] Loss: 0.2230	Accuracy: 92.206
[Test] Accuracy: 86.310

Epoch 86
Learning rate 1.00000e-01
[Training] Time: 22.102 seconds
[Training] Loss: 0.2309	Accuracy: 91.790
[Test] Accuracy: 84.960

Epoch 87
Learning rate 1.00000e-01
[Training] Time: 21.944 seconds
[Training] Loss: 0.2231	Accuracy: 92.130
[Test] Accuracy: 87.140

Epoch 88
Learning rate 1.00000e-01
[Training] Time: 22.136 seconds
[Training] Loss: 0.2225	Accuracy: 92.230
[Test] Accuracy: 86.520

Epoch 89
Learning rate 1.00000e-01
[Training] Time: 22.140 seconds
[Training] Loss: 0.2212	Accuracy: 92.172
[Test] Accuracy: 84.670

Epoch 90
Learning rate 1.00000e-01
[Training] Time: 22.124 seconds
[Training] Loss: 0.2264	Accuracy: 92.048
[Test] Accuracy: 87.170

Epoch 91
Learning rate 1.00000e-01
[Training] Time: 21.920 seconds
[Training] Loss: 0.2282	Accuracy: 92.058
[Test] Accuracy: 87.150

Epoch 92
Learning rate 1.00000e-01
[Training] Time: 22.076 seconds
[Training] Loss: 0.2213	Accuracy: 92.176
[Test] Accuracy: 87.000

Epoch 93
Learning rate 1.00000e-01
[Training] Time: 22.131 seconds
[Training] Loss: 0.2207	Accuracy: 92.212
[Test] Accuracy: 88.340

Epoch 94
Learning rate 1.00000e-01
[Training] Time: 22.241 seconds
[Training] Loss: 0.2269	Accuracy: 92.114
[Test] Accuracy: 85.890

Epoch 95
Learning rate 1.00000e-01
[Training] Time: 21.941 seconds
[Training] Loss: 0.2207	Accuracy: 92.278
[Test] Accuracy: 87.000

Epoch 96
Learning rate 1.00000e-01
[Training] Time: 22.125 seconds
[Training] Loss: 0.2191	Accuracy: 92.460
[Test] Accuracy: 86.050

Epoch 97
Learning rate 1.00000e-01
[Training] Time: 22.086 seconds
[Training] Loss: 0.2193	Accuracy: 92.286
[Test] Accuracy: 86.600

Epoch 98
Learning rate 1.00000e-01
[Training] Time: 22.164 seconds
[Training] Loss: 0.2196	Accuracy: 92.328
[Test] Accuracy: 86.730

Epoch 99
Learning rate 1.00000e-01
[Training] Time: 21.895 seconds
[Training] Loss: 0.2187	Accuracy: 92.290
[Test] Accuracy: 87.340

Epoch 100
Learning rate 1.00000e-01
[Training] Time: 22.064 seconds
[Training] Loss: 0.2178	Accuracy: 92.278
[Test] Accuracy: 85.680

Epoch 101
Learning rate 1.00000e-01
[Training] Time: 22.170 seconds
[Training] Loss: 0.2159	Accuracy: 92.508
[Test] Accuracy: 85.480

Epoch 102
Learning rate 1.00000e-01
[Training] Time: 22.222 seconds
[Training] Loss: 0.2181	Accuracy: 92.328
[Test] Accuracy: 87.820

Epoch 103
Learning rate 1.00000e-01
[Training] Time: 21.967 seconds
[Training] Loss: 0.2191	Accuracy: 92.340
[Test] Accuracy: 84.340

Epoch 104
Learning rate 1.00000e-01
[Training] Time: 22.053 seconds
[Training] Loss: 0.2197	Accuracy: 92.330
[Test] Accuracy: 86.020

Epoch 105
Learning rate 1.00000e-01
[Training] Time: 22.137 seconds
[Training] Loss: 0.2145	Accuracy: 92.508
[Test] Accuracy: 83.920

Epoch 106
Learning rate 1.00000e-01
[Training] Time: 22.147 seconds
[Training] Loss: 0.2189	Accuracy: 92.162
[Test] Accuracy: 85.160

Epoch 107
Learning rate 1.00000e-01
[Training] Time: 21.940 seconds
[Training] Loss: 0.2127	Accuracy: 92.440
[Test] Accuracy: 87.290

Epoch 108
Learning rate 1.00000e-01
[Training] Time: 22.138 seconds
[Training] Loss: 0.2169	Accuracy: 92.454
[Test] Accuracy: 86.100

Epoch 109
Learning rate 1.00000e-01
[Training] Time: 22.058 seconds
[Training] Loss: 0.2155	Accuracy: 92.560
[Test] Accuracy: 86.780

Epoch 110
Learning rate 1.00000e-01
[Training] Time: 22.192 seconds
[Training] Loss: 0.2163	Accuracy: 92.532
[Test] Accuracy: 86.730

Epoch 111
Learning rate 1.00000e-01
[Training] Time: 21.988 seconds
[Training] Loss: 0.2111	Accuracy: 92.542
[Test] Accuracy: 83.080

Epoch 112
Learning rate 1.00000e-01
[Training] Time: 22.111 seconds
[Training] Loss: 0.2212	Accuracy: 92.144
[Test] Accuracy: 84.360

Epoch 113
Learning rate 1.00000e-01
[Training] Time: 22.177 seconds
[Training] Loss: 0.2138	Accuracy: 92.406
[Test] Accuracy: 86.560

Epoch 114
Learning rate 1.00000e-01
[Training] Time: 22.007 seconds
[Training] Loss: 0.2081	Accuracy: 92.584
[Test] Accuracy: 87.620

Epoch 115
Learning rate 1.00000e-01
[Training] Time: 21.967 seconds
[Training] Loss: 0.2202	Accuracy: 92.222
[Test] Accuracy: 86.140

Epoch 116
Learning rate 1.00000e-01
[Training] Time: 22.139 seconds
[Training] Loss: 0.2164	Accuracy: 92.384
[Test] Accuracy: 87.410

Epoch 117
Learning rate 1.00000e-01
[Training] Time: 22.146 seconds
[Training] Loss: 0.2115	Accuracy: 92.588
[Test] Accuracy: 86.770

Epoch 118
Learning rate 1.00000e-01
[Training] Time: 22.184 seconds
[Training] Loss: 0.2076	Accuracy: 92.730
[Test] Accuracy: 86.080

Epoch 119
Learning rate 1.00000e-01
[Training] Time: 21.972 seconds
[Training] Loss: 0.2099	Accuracy: 92.672
[Test] Accuracy: 85.960

Epoch 120
Learning rate 1.00000e-01
[Training] Time: 22.116 seconds
[Training] Loss: 0.2062	Accuracy: 92.702
[Test] Accuracy: 86.690

Epoch 121
Learning rate 1.00000e-01
[Training] Time: 22.167 seconds
[Training] Loss: 0.2080	Accuracy: 92.616
[Test] Accuracy: 85.470

Epoch 122
Learning rate 1.00000e-01
[Training] Time: 22.170 seconds
[Training] Loss: 0.2069	Accuracy: 92.708
[Test] Accuracy: 86.220

Epoch 123
Learning rate 1.00000e-01
[Training] Time: 21.966 seconds
[Training] Loss: 0.2150	Accuracy: 92.430
[Test] Accuracy: 87.170

Epoch 124
Learning rate 1.00000e-01
[Training] Time: 22.123 seconds
[Training] Loss: 0.2073	Accuracy: 92.654
[Test] Accuracy: 86.570

Epoch 125
Learning rate 1.00000e-01
[Training] Time: 22.024 seconds
[Training] Loss: 0.2085	Accuracy: 92.724
[Test] Accuracy: 87.290

Epoch 126
Learning rate 1.00000e-01
[Training] Time: 22.143 seconds
[Training] Loss: 0.2089	Accuracy: 92.616
[Test] Accuracy: 84.280

Epoch 127
Learning rate 1.00000e-01
[Training] Time: 21.907 seconds
[Training] Loss: 0.2091	Accuracy: 92.614
[Test] Accuracy: 86.430

Epoch 128
Learning rate 1.00000e-01
[Training] Time: 22.089 seconds
[Training] Loss: 0.2062	Accuracy: 92.762
[Test] Accuracy: 87.130

Epoch 129
Learning rate 1.00000e-01
[Training] Time: 22.122 seconds
[Training] Loss: 0.2096	Accuracy: 92.802
[Test] Accuracy: 87.130

Epoch 130
Learning rate 1.00000e-01
[Training] Time: 22.150 seconds
[Training] Loss: 0.2050	Accuracy: 92.700
[Test] Accuracy: 84.540

Epoch 131
Learning rate 1.00000e-01
[Training] Time: 21.941 seconds
[Training] Loss: 0.2138	Accuracy: 92.492
[Test] Accuracy: 85.140

Epoch 132
Learning rate 1.00000e-01
[Training] Time: 22.102 seconds
[Training] Loss: 0.2036	Accuracy: 92.806
[Test] Accuracy: 84.270

Epoch 133
Learning rate 1.00000e-01
[Training] Time: 22.158 seconds
[Training] Loss: 0.2088	Accuracy: 92.662
[Test] Accuracy: 84.440

Epoch 134
Learning rate 1.00000e-01
[Training] Time: 22.132 seconds
[Training] Loss: 0.2091	Accuracy: 92.574
[Test] Accuracy: 86.800

Epoch 135
Learning rate 1.00000e-01
[Training] Time: 21.987 seconds
[Training] Loss: 0.2091	Accuracy: 92.636
[Test] Accuracy: 87.200

Epoch 136
Learning rate 1.00000e-01
[Training] Time: 22.116 seconds
[Training] Loss: 0.2063	Accuracy: 92.824
[Test] Accuracy: 85.430

Epoch 137
Learning rate 1.00000e-01
[Training] Time: 22.172 seconds
[Training] Loss: 0.2062	Accuracy: 92.628
[Test] Accuracy: 85.880

Epoch 138
Learning rate 1.00000e-01
[Training] Time: 22.168 seconds
[Training] Loss: 0.2032	Accuracy: 92.880
[Test] Accuracy: 87.990

Epoch 139
Learning rate 1.00000e-01
[Training] Time: 21.873 seconds
[Training] Loss: 0.2048	Accuracy: 92.792
[Test] Accuracy: 87.790

Epoch 140
Learning rate 1.00000e-01
[Training] Time: 22.064 seconds
[Training] Loss: 0.2006	Accuracy: 92.882
[Test] Accuracy: 86.310

Epoch 141
Learning rate 1.00000e-01
[Training] Time: 22.083 seconds
[Training] Loss: 0.2059	Accuracy: 92.776
[Test] Accuracy: 83.620

Epoch 142
Learning rate 1.00000e-01
[Training] Time: 22.186 seconds
[Training] Loss: 0.2054	Accuracy: 92.804
[Test] Accuracy: 87.280

Epoch 143
Learning rate 1.00000e-01
[Training] Time: 21.904 seconds
[Training] Loss: 0.2087	Accuracy: 92.606
[Test] Accuracy: 86.390

Epoch 144
Learning rate 1.00000e-01
[Training] Time: 22.198 seconds
[Training] Loss: 0.2014	Accuracy: 92.894
[Test] Accuracy: 86.050

Epoch 145
Learning rate 1.00000e-02
[Training] Time: 22.085 seconds
[Training] Loss: 0.1226	Accuracy: 95.834
[Test] Accuracy: 91.150

Epoch 146
Learning rate 1.00000e-02
[Training] Time: 22.248 seconds
[Training] Loss: 0.0959	Accuracy: 96.812
[Test] Accuracy: 91.610

Epoch 147
Learning rate 1.00000e-02
[Training] Time: 21.946 seconds
[Training] Loss: 0.0869	Accuracy: 97.150
[Test] Accuracy: 91.690

Epoch 148
Learning rate 1.00000e-02
[Training] Time: 22.037 seconds
[Training] Loss: 0.0799	Accuracy: 97.344
[Test] Accuracy: 91.770

Epoch 149
Learning rate 1.00000e-02
[Training] Time: 22.137 seconds
[Training] Loss: 0.0746	Accuracy: 97.616
[Test] Accuracy: 91.920

Epoch 150
Learning rate 1.00000e-02
[Training] Time: 22.173 seconds
[Training] Loss: 0.0694	Accuracy: 97.748
[Test] Accuracy: 91.900

Epoch 151
Learning rate 1.00000e-02
[Training] Time: 21.951 seconds
[Training] Loss: 0.0664	Accuracy: 97.840
[Test] Accuracy: 91.910

Epoch 152
Learning rate 1.00000e-02
[Training] Time: 22.062 seconds
[Training] Loss: 0.0643	Accuracy: 97.884
[Test] Accuracy: 91.800

Epoch 153
Learning rate 1.00000e-02
[Training] Time: 22.173 seconds
[Training] Loss: 0.0602	Accuracy: 98.004
[Test] Accuracy: 91.950

Epoch 154
Learning rate 1.00000e-02
[Training] Time: 22.113 seconds
[Training] Loss: 0.0593	Accuracy: 98.022
[Test] Accuracy: 91.930

Epoch 155
Learning rate 1.00000e-02
[Training] Time: 21.988 seconds
[Training] Loss: 0.0565	Accuracy: 98.156
[Test] Accuracy: 92.020

Epoch 156
Learning rate 1.00000e-02
[Training] Time: 22.165 seconds
[Training] Loss: 0.0553	Accuracy: 98.202
[Test] Accuracy: 91.760

Epoch 157
Learning rate 1.00000e-02
[Training] Time: 22.131 seconds
[Training] Loss: 0.0519	Accuracy: 98.364
[Test] Accuracy: 91.880

Epoch 158
Learning rate 1.00000e-02
[Training] Time: 22.225 seconds
[Training] Loss: 0.0502	Accuracy: 98.356
[Test] Accuracy: 92.010

Epoch 159
Learning rate 1.00000e-02
[Training] Time: 21.939 seconds
[Training] Loss: 0.0503	Accuracy: 98.368
[Test] Accuracy: 91.940

Epoch 160
Learning rate 1.00000e-02
[Training] Time: 22.152 seconds
[Training] Loss: 0.0473	Accuracy: 98.450
[Test] Accuracy: 91.830

Epoch 161
Learning rate 1.00000e-02
[Training] Time: 22.085 seconds
[Training] Loss: 0.0447	Accuracy: 98.540
[Test] Accuracy: 91.890

Epoch 162
Learning rate 1.00000e-02
[Training] Time: 22.169 seconds
[Training] Loss: 0.0458	Accuracy: 98.534
[Test] Accuracy: 91.900

Epoch 163
Learning rate 1.00000e-02
[Training] Time: 21.910 seconds
[Training] Loss: 0.0453	Accuracy: 98.520
[Test] Accuracy: 91.710

Epoch 164
Learning rate 1.00000e-02
[Training] Time: 22.078 seconds
[Training] Loss: 0.0422	Accuracy: 98.674
[Test] Accuracy: 91.920

Epoch 165
Learning rate 1.00000e-02
[Training] Time: 22.083 seconds
[Training] Loss: 0.0413	Accuracy: 98.682
[Test] Accuracy: 91.740

Epoch 166
Learning rate 1.00000e-02
[Training] Time: 22.110 seconds
[Training] Loss: 0.0390	Accuracy: 98.802
[Test] Accuracy: 91.660

Epoch 167
Learning rate 1.00000e-02
[Training] Time: 21.959 seconds
[Training] Loss: 0.0400	Accuracy: 98.712
[Test] Accuracy: 91.710

Epoch 168
Learning rate 1.00000e-02
[Training] Time: 22.123 seconds
[Training] Loss: 0.0390	Accuracy: 98.658
[Test] Accuracy: 91.930

Epoch 169
Learning rate 1.00000e-02
[Training] Time: 22.045 seconds
[Training] Loss: 0.0389	Accuracy: 98.742
[Test] Accuracy: 91.710

Epoch 170
Learning rate 1.00000e-02
[Training] Time: 22.121 seconds
[Training] Loss: 0.0376	Accuracy: 98.810
[Test] Accuracy: 91.940

Epoch 171
Learning rate 1.00000e-02
[Training] Time: 21.939 seconds
[Training] Loss: 0.0370	Accuracy: 98.760
[Test] Accuracy: 91.810

Epoch 172
Learning rate 1.00000e-02
[Training] Time: 22.081 seconds
[Training] Loss: 0.0364	Accuracy: 98.838
[Test] Accuracy: 91.610

Epoch 173
Learning rate 1.00000e-02
[Training] Time: 22.123 seconds
[Training] Loss: 0.0342	Accuracy: 98.930
[Test] Accuracy: 91.800

Epoch 174
Learning rate 1.00000e-02
[Training] Time: 22.245 seconds
[Training] Loss: 0.0343	Accuracy: 98.898
[Test] Accuracy: 91.540

Epoch 175
Learning rate 1.00000e-02
[Training] Time: 21.970 seconds
[Training] Loss: 0.0350	Accuracy: 98.862
[Test] Accuracy: 91.770

Epoch 176
Learning rate 1.00000e-02
[Training] Time: 22.106 seconds
[Training] Loss: 0.0322	Accuracy: 98.976
[Test] Accuracy: 91.780

Epoch 177
Learning rate 1.00000e-02
[Training] Time: 22.116 seconds
[Training] Loss: 0.0320	Accuracy: 99.010
[Test] Accuracy: 92.040

Epoch 178
Learning rate 1.00000e-02
[Training] Time: 22.158 seconds
[Training] Loss: 0.0312	Accuracy: 98.992
[Test] Accuracy: 91.980

Epoch 179
Learning rate 1.00000e-02
[Training] Time: 21.905 seconds
[Training] Loss: 0.0307	Accuracy: 99.088
[Test] Accuracy: 92.220

Epoch 180
Learning rate 1.00000e-02
[Training] Time: 22.094 seconds
[Training] Loss: 0.0301	Accuracy: 99.074
[Test] Accuracy: 92.130

Epoch 181
Learning rate 1.00000e-02
[Training] Time: 22.127 seconds
[Training] Loss: 0.0295	Accuracy: 99.092
[Test] Accuracy: 91.790

Epoch 182
Learning rate 1.00000e-02
[Training] Time: 22.109 seconds
[Training] Loss: 0.0283	Accuracy: 99.138
[Test] Accuracy: 91.830

Epoch 183
Learning rate 1.00000e-02
[Training] Time: 21.955 seconds
[Training] Loss: 0.0279	Accuracy: 99.072
[Test] Accuracy: 91.910

Epoch 184
Learning rate 1.00000e-02
[Training] Time: 22.075 seconds
[Training] Loss: 0.0295	Accuracy: 99.042
[Test] Accuracy: 91.840

Epoch 185
Learning rate 1.00000e-02
[Training] Time: 22.157 seconds
[Training] Loss: 0.0281	Accuracy: 99.104
[Test] Accuracy: 91.870

Epoch 186
Learning rate 1.00000e-02
[Training] Time: 22.215 seconds
[Training] Loss: 0.0272	Accuracy: 99.144
[Test] Accuracy: 91.690

Epoch 187
Learning rate 1.00000e-02
[Training] Time: 21.906 seconds
[Training] Loss: 0.0276	Accuracy: 99.148
[Test] Accuracy: 91.950

Epoch 188
Learning rate 1.00000e-02
[Training] Time: 22.130 seconds
[Training] Loss: 0.0263	Accuracy: 99.212
[Test] Accuracy: 91.970

Epoch 189
Learning rate 1.00000e-02
[Training] Time: 22.159 seconds
[Training] Loss: 0.0269	Accuracy: 99.176
[Test] Accuracy: 91.730

Epoch 190
Learning rate 1.00000e-02
[Training] Time: 22.095 seconds
[Training] Loss: 0.0272	Accuracy: 99.142
[Test] Accuracy: 91.710

Epoch 191
Learning rate 1.00000e-02
[Training] Time: 21.907 seconds
[Training] Loss: 0.0259	Accuracy: 99.186
[Test] Accuracy: 92.030

Epoch 192
Learning rate 1.00000e-02
[Training] Time: 22.132 seconds
[Training] Loss: 0.0265	Accuracy: 99.166
[Test] Accuracy: 91.910

Epoch 193
Learning rate 1.00000e-02
[Training] Time: 22.085 seconds
[Training] Loss: 0.0264	Accuracy: 99.170
[Test] Accuracy: 91.650

Epoch 194
Learning rate 1.00000e-02
[Training] Time: 22.154 seconds
[Training] Loss: 0.0260	Accuracy: 99.210
[Test] Accuracy: 91.690

Epoch 195
Learning rate 1.00000e-02
[Training] Time: 21.937 seconds
[Training] Loss: 0.0252	Accuracy: 99.212
[Test] Accuracy: 91.700

Epoch 196
Learning rate 1.00000e-02
[Training] Time: 22.078 seconds
[Training] Loss: 0.0243	Accuracy: 99.274
[Test] Accuracy: 91.470

Epoch 197
Learning rate 1.00000e-02
[Training] Time: 22.069 seconds
[Training] Loss: 0.0252	Accuracy: 99.198
[Test] Accuracy: 91.790

Epoch 198
Learning rate 1.00000e-02
[Training] Time: 22.176 seconds
[Training] Loss: 0.0256	Accuracy: 99.162
[Test] Accuracy: 92.000

Epoch 199
Learning rate 1.00000e-02
[Training] Time: 21.931 seconds
[Training] Loss: 0.0248	Accuracy: 99.254
[Test] Accuracy: 91.790

Epoch 200
Learning rate 1.00000e-02
[Training] Time: 22.128 seconds
[Training] Loss: 0.0221	Accuracy: 99.364
[Test] Accuracy: 91.870

Epoch 201
Learning rate 1.00000e-02
[Training] Time: 22.182 seconds
[Training] Loss: 0.0238	Accuracy: 99.264
[Test] Accuracy: 91.680

Epoch 202
Learning rate 1.00000e-02
[Training] Time: 22.140 seconds
[Training] Loss: 0.0234	Accuracy: 99.264
[Test] Accuracy: 91.860

Epoch 203
Learning rate 1.00000e-02
[Training] Time: 21.963 seconds
[Training] Loss: 0.0220	Accuracy: 99.352
[Test] Accuracy: 91.680

Epoch 204
Learning rate 1.00000e-02
[Training] Time: 22.056 seconds
[Training] Loss: 0.0224	Accuracy: 99.314
[Test] Accuracy: 91.760

Epoch 205
Learning rate 1.00000e-02
[Training] Time: 22.094 seconds
[Training] Loss: 0.0236	Accuracy: 99.264
[Test] Accuracy: 92.160

Epoch 206
Learning rate 1.00000e-02
[Training] Time: 22.198 seconds
[Training] Loss: 0.0227	Accuracy: 99.304
[Test] Accuracy: 91.810

Epoch 207
Learning rate 1.00000e-02
[Training] Time: 21.927 seconds
[Training] Loss: 0.0227	Accuracy: 99.318
[Test] Accuracy: 91.870

Epoch 208
Learning rate 1.00000e-02
[Training] Time: 22.076 seconds
[Training] Loss: 0.0225	Accuracy: 99.310
[Test] Accuracy: 91.680

Epoch 209
Learning rate 1.00000e-02
[Training] Time: 22.104 seconds
[Training] Loss: 0.0223	Accuracy: 99.280
[Test] Accuracy: 91.540

Epoch 210
Learning rate 1.00000e-02
[Training] Time: 22.047 seconds
[Training] Loss: 0.0238	Accuracy: 99.236
[Test] Accuracy: 91.710

Epoch 211
Learning rate 1.00000e-02
[Training] Time: 21.926 seconds
[Training] Loss: 0.0233	Accuracy: 99.260
[Test] Accuracy: 91.620

Epoch 212
Learning rate 1.00000e-02
[Training] Time: 22.125 seconds
[Training] Loss: 0.0225	Accuracy: 99.282
[Test] Accuracy: 91.570

Epoch 213
Learning rate 1.00000e-02
[Training] Time: 21.971 seconds
[Training] Loss: 0.0213	Accuracy: 99.354
[Test] Accuracy: 91.630

Epoch 214
Learning rate 1.00000e-02
[Training] Time: 21.998 seconds
[Training] Loss: 0.0222	Accuracy: 99.278
[Test] Accuracy: 91.690

Epoch 215
Learning rate 1.00000e-02
[Training] Time: 21.855 seconds
[Training] Loss: 0.0218	Accuracy: 99.316
[Test] Accuracy: 91.580

Epoch 216
Learning rate 1.00000e-02
[Training] Time: 21.958 seconds
[Training] Loss: 0.0221	Accuracy: 99.336
[Test] Accuracy: 91.640

Epoch 217
Learning rate 1.00000e-02
[Training] Time: 21.948 seconds
[Training] Loss: 0.0227	Accuracy: 99.316
[Test] Accuracy: 91.750

Epoch 218
Learning rate 1.00000e-02
[Training] Time: 22.014 seconds
[Training] Loss: 0.0229	Accuracy: 99.292
[Test] Accuracy: 91.520

Epoch 219
Learning rate 1.00000e-02
[Training] Time: 21.853 seconds
[Training] Loss: 0.0210	Accuracy: 99.360
[Test] Accuracy: 91.810

Epoch 220
Learning rate 1.00000e-02
[Training] Time: 21.961 seconds
[Training] Loss: 0.0198	Accuracy: 99.448
[Test] Accuracy: 91.570

Epoch 221
Learning rate 1.00000e-02
[Training] Time: 21.987 seconds
[Training] Loss: 0.0221	Accuracy: 99.340
[Test] Accuracy: 91.800

Epoch 222
Learning rate 1.00000e-02
[Training] Time: 22.048 seconds
[Training] Loss: 0.0219	Accuracy: 99.286
[Test] Accuracy: 91.370

Epoch 223
Learning rate 1.00000e-02
[Training] Time: 21.869 seconds
[Training] Loss: 0.0216	Accuracy: 99.324
[Test] Accuracy: 91.350

Epoch 224
Learning rate 1.00000e-02
[Training] Time: 22.046 seconds
[Training] Loss: 0.0199	Accuracy: 99.446
[Test] Accuracy: 91.590

Epoch 225
Learning rate 1.00000e-02
[Training] Time: 21.999 seconds
[Training] Loss: 0.0202	Accuracy: 99.402
[Test] Accuracy: 91.580

Epoch 226
Learning rate 1.00000e-02
[Training] Time: 22.019 seconds
[Training] Loss: 0.0198	Accuracy: 99.408
[Test] Accuracy: 91.450

Epoch 227
Learning rate 1.00000e-02
[Training] Time: 21.824 seconds
[Training] Loss: 0.0215	Accuracy: 99.356
[Test] Accuracy: 91.600

Epoch 228
Learning rate 1.00000e-02
[Training] Time: 21.988 seconds
[Training] Loss: 0.0221	Accuracy: 99.282
[Test] Accuracy: 91.360

Epoch 229
Learning rate 1.00000e-02
[Training] Time: 21.974 seconds
[Training] Loss: 0.0225	Accuracy: 99.276
[Test] Accuracy: 91.610

Epoch 230
Learning rate 1.00000e-02
[Training] Time: 22.099 seconds
[Training] Loss: 0.0218	Accuracy: 99.292
[Test] Accuracy: 91.630

Epoch 231
Learning rate 1.00000e-03
[Training] Time: 21.852 seconds
[Training] Loss: 0.0173	Accuracy: 99.512
[Test] Accuracy: 91.900

Epoch 232
Learning rate 1.00000e-03
[Training] Time: 21.953 seconds
[Training] Loss: 0.0154	Accuracy: 99.590
[Test] Accuracy: 92.040

Epoch 233
Learning rate 1.00000e-03
[Training] Time: 21.990 seconds
[Training] Loss: 0.0143	Accuracy: 99.602
[Test] Accuracy: 91.970

Epoch 234
Learning rate 1.00000e-03
[Training] Time: 22.107 seconds
[Training] Loss: 0.0144	Accuracy: 99.620
[Test] Accuracy: 92.080

Epoch 235
Learning rate 1.00000e-03
[Training] Time: 21.843 seconds
[Training] Loss: 0.0131	Accuracy: 99.670
[Test] Accuracy: 92.040

Epoch 236
Learning rate 1.00000e-03
[Training] Time: 22.030 seconds
[Training] Loss: 0.0126	Accuracy: 99.686
[Test] Accuracy: 91.910

Epoch 237
Learning rate 1.00000e-03
[Training] Time: 21.952 seconds
[Training] Loss: 0.0137	Accuracy: 99.670
[Test] Accuracy: 91.910

Epoch 238
Learning rate 1.00000e-03
[Training] Time: 22.075 seconds
[Training] Loss: 0.0128	Accuracy: 99.696
[Test] Accuracy: 91.970

Epoch 239
Learning rate 1.00000e-03
[Training] Time: 21.845 seconds
[Training] Loss: 0.0132	Accuracy: 99.656
[Test] Accuracy: 91.880

Epoch 240
Learning rate 1.00000e-03
[Training] Time: 21.982 seconds
[Training] Loss: 0.0116	Accuracy: 99.726
[Test] Accuracy: 91.980

Epoch 241
Learning rate 1.00000e-03
[Training] Time: 22.038 seconds
[Training] Loss: 0.0117	Accuracy: 99.718
[Test] Accuracy: 91.740

Epoch 242
Learning rate 1.00000e-03
[Training] Time: 22.017 seconds
[Training] Loss: 0.0118	Accuracy: 99.700
[Test] Accuracy: 92.050

Epoch 243
Learning rate 1.00000e-03
[Training] Time: 21.843 seconds
[Training] Loss: 0.0118	Accuracy: 99.704
[Test] Accuracy: 91.980

Epoch 244
Learning rate 1.00000e-03
[Training] Time: 22.001 seconds
[Training] Loss: 0.0114	Accuracy: 99.736
[Test] Accuracy: 91.860

Epoch 245
Learning rate 1.00000e-03
[Training] Time: 21.971 seconds
[Training] Loss: 0.0114	Accuracy: 99.734
[Test] Accuracy: 91.910

Epoch 246
Learning rate 1.00000e-03
[Training] Time: 22.045 seconds
[Training] Loss: 0.0118	Accuracy: 99.744
[Test] Accuracy: 91.950

Epoch 247
Learning rate 1.00000e-03
[Training] Time: 21.855 seconds
[Training] Loss: 0.0104	Accuracy: 99.794
[Test] Accuracy: 91.900

Epoch 248
Learning rate 1.00000e-03
[Training] Time: 21.977 seconds
[Training] Loss: 0.0114	Accuracy: 99.716
[Test] Accuracy: 91.840

Epoch 249
Learning rate 1.00000e-03
[Training] Time: 21.975 seconds
[Training] Loss: 0.0105	Accuracy: 99.762
[Test] Accuracy: 91.880

Epoch 250
Learning rate 1.00000e-03
[Training] Time: 22.036 seconds
[Training] Loss: 0.0111	Accuracy: 99.740
[Test] Accuracy: 91.960

Epoch 251
Learning rate 1.00000e-03
[Training] Time: 21.848 seconds
[Training] Loss: 0.0106	Accuracy: 99.776
[Test] Accuracy: 91.990

Epoch 252
Learning rate 1.00000e-03
[Training] Time: 22.039 seconds
[Training] Loss: 0.0104	Accuracy: 99.794
[Test] Accuracy: 91.850

Epoch 253
Learning rate 1.00000e-03
[Training] Time: 21.967 seconds
[Training] Loss: 0.0105	Accuracy: 99.758
[Test] Accuracy: 92.000

Epoch 254
Learning rate 1.00000e-03
[Training] Time: 22.079 seconds
[Training] Loss: 0.0103	Accuracy: 99.792
[Test] Accuracy: 91.960

Epoch 255
Learning rate 1.00000e-03
[Training] Time: 21.819 seconds
[Training] Loss: 0.0095	Accuracy: 99.814
[Test] Accuracy: 92.010

Epoch 256
Learning rate 1.00000e-03
[Training] Time: 21.958 seconds
[Training] Loss: 0.0104	Accuracy: 99.760
[Test] Accuracy: 91.880

Epoch 257
Learning rate 1.00000e-03
[Training] Time: 21.996 seconds
[Training] Loss: 0.0102	Accuracy: 99.798
[Test] Accuracy: 91.930

Epoch 258
Learning rate 1.00000e-03
[Training] Time: 22.002 seconds
[Training] Loss: 0.0104	Accuracy: 99.744
[Test] Accuracy: 91.820

Epoch 259
Learning rate 1.00000e-03
[Training] Time: 21.833 seconds
[Training] Loss: 0.0092	Accuracy: 99.824
[Test] Accuracy: 92.010

Epoch 260
Learning rate 1.00000e-03
[Training] Time: 21.988 seconds
[Training] Loss: 0.0100	Accuracy: 99.790
[Test] Accuracy: 92.000

Epoch 261
Learning rate 1.00000e-03
[Training] Time: 21.999 seconds
[Training] Loss: 0.0105	Accuracy: 99.746
[Test] Accuracy: 92.120

Epoch 262
Learning rate 1.00000e-03
[Training] Time: 22.035 seconds
[Training] Loss: 0.0103	Accuracy: 99.784
[Test] Accuracy: 92.010

Epoch 263
Learning rate 1.00000e-03
[Training] Time: 21.769 seconds
[Training] Loss: 0.0102	Accuracy: 99.772
[Test] Accuracy: 92.100

Epoch 264
Learning rate 1.00000e-03
[Training] Time: 22.004 seconds
[Training] Loss: 0.0098	Accuracy: 99.804
[Test] Accuracy: 92.040

Epoch 265
Learning rate 1.00000e-03
[Training] Time: 21.978 seconds
[Training] Loss: 0.0102	Accuracy: 99.764
[Test] Accuracy: 91.950

Epoch 266
Learning rate 1.00000e-03
[Training] Time: 22.042 seconds
[Training] Loss: 0.0095	Accuracy: 99.794
[Test] Accuracy: 92.050

Epoch 267
Learning rate 1.00000e-03
[Training] Time: 21.848 seconds
[Training] Loss: 0.0103	Accuracy: 99.766
[Test] Accuracy: 92.040

Epoch 268
Learning rate 1.00000e-03
[Training] Time: 22.035 seconds
[Training] Loss: 0.0098	Accuracy: 99.774
[Test] Accuracy: 92.010

Epoch 269
Learning rate 1.00000e-03
[Training] Time: 21.962 seconds
[Training] Loss: 0.0097	Accuracy: 99.786
[Test] Accuracy: 92.020

Epoch 270
Learning rate 1.00000e-03
[Training] Time: 22.118 seconds
[Training] Loss: 0.0095	Accuracy: 99.776
[Test] Accuracy: 91.950

Epoch 271
Learning rate 1.00000e-03
[Training] Time: 21.846 seconds
[Training] Loss: 0.0098	Accuracy: 99.776
[Test] Accuracy: 92.040

Epoch 272
Learning rate 1.00000e-03
[Training] Time: 21.988 seconds
[Training] Loss: 0.0090	Accuracy: 99.834
[Test] Accuracy: 92.040

Epoch 273
Learning rate 1.00000e-03
[Training] Time: 21.977 seconds
[Training] Loss: 0.0096	Accuracy: 99.782
[Test] Accuracy: 91.930

Epoch 274
Learning rate 1.00000e-03
[Training] Time: 22.083 seconds
[Training] Loss: 0.0095	Accuracy: 99.794
[Test] Accuracy: 92.000

Epoch 275
Learning rate 1.00000e-03
[Training] Time: 21.813 seconds
[Training] Loss: 0.0088	Accuracy: 99.826
[Test] Accuracy: 91.960

Epoch 276
Learning rate 1.00000e-03
[Training] Time: 21.984 seconds
[Training] Loss: 0.0091	Accuracy: 99.810
[Test] Accuracy: 91.980

Epoch 277
Learning rate 1.00000e-03
[Training] Time: 21.956 seconds
[Training] Loss: 0.0088	Accuracy: 99.824
[Test] Accuracy: 91.900

Epoch 278
Learning rate 1.00000e-03
[Training] Time: 21.990 seconds
[Training] Loss: 0.0090	Accuracy: 99.818
[Test] Accuracy: 91.940

Epoch 279
Learning rate 1.00000e-03
[Training] Time: 21.865 seconds
[Training] Loss: 0.0095	Accuracy: 99.788
[Test] Accuracy: 91.860

Epoch 280
Learning rate 1.00000e-03
[Training] Time: 21.943 seconds
[Training] Loss: 0.0092	Accuracy: 99.820
[Test] Accuracy: 91.870

Epoch 281
Learning rate 1.00000e-03
[Training] Time: 22.025 seconds
[Training] Loss: 0.0095	Accuracy: 99.798
[Test] Accuracy: 91.910

Epoch 282
Learning rate 1.00000e-04
[Training] Time: 22.070 seconds
[Training] Loss: 0.0088	Accuracy: 99.824
[Test] Accuracy: 91.910

Epoch 283
Learning rate 1.00000e-04
[Training] Time: 21.858 seconds
[Training] Loss: 0.0098	Accuracy: 99.768
[Test] Accuracy: 91.980

Epoch 284
Learning rate 1.00000e-04
[Training] Time: 21.997 seconds
[Training] Loss: 0.0087	Accuracy: 99.816
[Test] Accuracy: 92.030

Epoch 285
Learning rate 1.00000e-04
[Training] Time: 21.986 seconds
[Training] Loss: 0.0094	Accuracy: 99.790
[Test] Accuracy: 92.040

Epoch 286
Learning rate 1.00000e-04
[Training] Time: 22.052 seconds
[Training] Loss: 0.0089	Accuracy: 99.808
[Test] Accuracy: 92.020

Epoch 287
Learning rate 1.00000e-04
[Training] Time: 21.851 seconds
[Training] Loss: 0.0095	Accuracy: 99.824
[Test] Accuracy: 91.970

Epoch 288
Learning rate 1.00000e-04
[Training] Time: 22.012 seconds
[Training] Loss: 0.0091	Accuracy: 99.812
[Test] Accuracy: 92.060

Epoch 289
Learning rate 1.00000e-04
[Training] Time: 22.005 seconds
[Training] Loss: 0.0098	Accuracy: 99.786
[Test] Accuracy: 92.000

Epoch 290
Learning rate 1.00000e-04
[Training] Time: 22.066 seconds
[Training] Loss: 0.0092	Accuracy: 99.802
[Test] Accuracy: 91.910

Epoch 291
Learning rate 1.00000e-04
[Training] Time: 21.863 seconds
[Training] Loss: 0.0088	Accuracy: 99.830
[Test] Accuracy: 91.810

Epoch 292
Learning rate 1.00000e-04
[Training] Time: 21.988 seconds
[Training] Loss: 0.0080	Accuracy: 99.856
[Test] Accuracy: 92.080

Epoch 293
Learning rate 1.00000e-04
[Training] Time: 21.989 seconds
[Training] Loss: 0.0090	Accuracy: 99.830
[Test] Accuracy: 92.050

Epoch 294
Learning rate 1.00000e-04
[Training] Time: 22.077 seconds
[Training] Loss: 0.0090	Accuracy: 99.816
[Test] Accuracy: 92.040

Epoch 295
Learning rate 1.00000e-04
[Training] Time: 21.880 seconds
[Training] Loss: 0.0089	Accuracy: 99.814
[Test] Accuracy: 91.890

Epoch 296
Learning rate 1.00000e-04
[Training] Time: 22.017 seconds
[Training] Loss: 0.0087	Accuracy: 99.834
[Test] Accuracy: 92.040

Epoch 297
Learning rate 1.00000e-04
[Training] Time: 21.985 seconds
[Training] Loss: 0.0089	Accuracy: 99.804
[Test] Accuracy: 91.920

Epoch 298
Learning rate 1.00000e-04
[Training] Time: 22.083 seconds
[Training] Loss: 0.0092	Accuracy: 99.786
[Test] Accuracy: 91.960

Epoch 299
Learning rate 1.00000e-04
[Training] Time: 21.819 seconds
[Training] Loss: 0.0096	Accuracy: 99.802
[Test] Accuracy: 92.100

Epoch 300
Learning rate 1.00000e-04
[Training] Time: 21.981 seconds
[Training] Loss: 0.0090	Accuracy: 99.830
[Test] Accuracy: 91.910

Epoch 301
Learning rate 1.00000e-04
[Training] Time: 22.007 seconds
[Training] Loss: 0.0089	Accuracy: 99.822
[Test] Accuracy: 92.070

Epoch 302
Learning rate 1.00000e-04
[Training] Time: 22.071 seconds
[Training] Loss: 0.0093	Accuracy: 99.798
[Test] Accuracy: 92.070

Epoch 303
Learning rate 1.00000e-04
[Training] Time: 21.885 seconds
[Training] Loss: 0.0079	Accuracy: 99.846
[Test] Accuracy: 91.990

Epoch 304
Learning rate 1.00000e-04
[Training] Time: 21.978 seconds
[Training] Loss: 0.0089	Accuracy: 99.818
[Test] Accuracy: 92.060

Epoch 305
Learning rate 1.00000e-04
[Training] Time: 21.983 seconds
[Training] Loss: 0.0090	Accuracy: 99.814
[Test] Accuracy: 91.970

Epoch 306
Learning rate 1.00000e-04
[Training] Time: 22.084 seconds
[Training] Loss: 0.0087	Accuracy: 99.814
[Test] Accuracy: 92.060

Epoch 307
Learning rate 1.00000e-04
[Training] Time: 21.783 seconds
[Training] Loss: 0.0087	Accuracy: 99.824
[Test] Accuracy: 91.880

Epoch 308
Learning rate 1.00000e-04
[Training] Time: 22.012 seconds
[Training] Loss: 0.0090	Accuracy: 99.808
[Test] Accuracy: 92.060

Epoch 309
Learning rate 1.00000e-04
[Training] Time: 21.990 seconds
[Training] Loss: 0.0086	Accuracy: 99.836
[Test] Accuracy: 92.060

Epoch 310
Learning rate 1.00000e-04
[Training] Time: 22.063 seconds
[Training] Loss: 0.0086	Accuracy: 99.850
[Test] Accuracy: 92.050

Epoch 311
Learning rate 1.00000e-04
[Training] Time: 21.850 seconds
[Training] Loss: 0.0085	Accuracy: 99.838
[Test] Accuracy: 92.070

Epoch 312
Learning rate 1.00000e-04
[Training] Time: 21.981 seconds
[Training] Loss: 0.0088	Accuracy: 99.834
[Test] Accuracy: 92.080

Epoch 313
Learning rate 1.00000e-04
[Training] Time: 21.971 seconds
[Training] Loss: 0.0089	Accuracy: 99.818
[Test] Accuracy: 91.950

Epoch 314
Learning rate 1.00000e-04
[Training] Time: 22.036 seconds
[Training] Loss: 0.0083	Accuracy: 99.846
[Test] Accuracy: 91.980

Epoch 315
Learning rate 1.00000e-04
[Training] Time: 21.853 seconds
[Training] Loss: 0.0087	Accuracy: 99.818
[Test] Accuracy: 91.950

Epoch 316
Learning rate 1.00000e-04
[Training] Time: 21.930 seconds
[Training] Loss: 0.0085	Accuracy: 99.830
[Test] Accuracy: 92.030

Epoch 317
Learning rate 1.00000e-04
[Training] Time: 21.961 seconds
[Training] Loss: 0.0091	Accuracy: 99.820
[Test] Accuracy: 91.930

Epoch 318
Learning rate 1.00000e-04
[Training] Time: 22.097 seconds
[Training] Loss: 0.0087	Accuracy: 99.846
[Test] Accuracy: 92.020

Epoch 319
Learning rate 1.00000e-04
[Training] Time: 21.817 seconds
[Training] Loss: 0.0095	Accuracy: 99.794
[Test] Accuracy: 92.040

Epoch 320
Learning rate 1.00000e-04
[Training] Time: 21.982 seconds
[Training] Loss: 0.0084	Accuracy: 99.844
[Test] Accuracy: 92.070

Epoch 321
Learning rate 1.00000e-04
[Training] Time: 22.007 seconds
[Training] Loss: 0.0087	Accuracy: 99.818
[Test] Accuracy: 91.950

Epoch 322
Learning rate 1.00000e-04
[Training] Time: 22.076 seconds
[Training] Loss: 0.0091	Accuracy: 99.790
[Test] Accuracy: 91.870

Epoch 323
Learning rate 1.00000e-04
[Training] Time: 21.815 seconds
[Training] Loss: 0.0082	Accuracy: 99.858
[Test] Accuracy: 92.000

Epoch 324
Learning rate 1.00000e-04
[Training] Time: 21.985 seconds
[Training] Loss: 0.0090	Accuracy: 99.810
[Test] Accuracy: 91.930

Epoch 325
Learning rate 1.00000e-04
[Training] Time: 21.939 seconds
[Training] Loss: 0.0091	Accuracy: 99.816
[Test] Accuracy: 92.010

Epoch 326
Learning rate 1.00000e-04
[Training] Time: 21.995 seconds
[Training] Loss: 0.0092	Accuracy: 99.800
[Test] Accuracy: 91.930

Epoch 327
Learning rate 1.00000e-04
[Training] Time: 21.827 seconds
[Training] Loss: 0.0091	Accuracy: 99.812
[Test] Accuracy: 91.980

Epoch 328
Learning rate 1.00000e-04
[Training] Time: 21.972 seconds
[Training] Loss: 0.0084	Accuracy: 99.828
[Test] Accuracy: 92.090

Epoch 329
Learning rate 1.00000e-04
[Training] Time: 21.993 seconds
[Training] Loss: 0.0085	Accuracy: 99.826
[Test] Accuracy: 91.970

Epoch 330
Learning rate 1.00000e-04
[Training] Time: 22.025 seconds
[Training] Loss: 0.0090	Accuracy: 99.810
[Test] Accuracy: 92.090

Epoch 331
Learning rate 1.00000e-04
[Training] Time: 21.817 seconds
[Training] Loss: 0.0082	Accuracy: 99.846
[Test] Accuracy: 92.160

Epoch 332
Learning rate 1.00000e-04
[Training] Time: 22.007 seconds
[Training] Loss: 0.0083	Accuracy: 99.842
[Test] Accuracy: 92.020

Epoch 333
Learning rate 1.00000e-05
[Training] Time: 21.980 seconds
[Training] Loss: 0.0087	Accuracy: 99.824
[Test] Accuracy: 91.990

Epoch 334
Learning rate 1.00000e-05
[Training] Time: 22.062 seconds
[Training] Loss: 0.0086	Accuracy: 99.820
[Test] Accuracy: 91.950

Epoch 335
Learning rate 1.00000e-05
[Training] Time: 21.870 seconds
[Training] Loss: 0.0087	Accuracy: 99.842
[Test] Accuracy: 91.940

Epoch 336
Learning rate 1.00000e-05
[Training] Time: 21.949 seconds
[Training] Loss: 0.0086	Accuracy: 99.814
[Test] Accuracy: 92.060

Epoch 337
Learning rate 1.00000e-05
[Training] Time: 21.987 seconds
[Training] Loss: 0.0081	Accuracy: 99.862
[Test] Accuracy: 92.150

Epoch 338
Learning rate 1.00000e-05
[Training] Time: 22.122 seconds
[Training] Loss: 0.0093	Accuracy: 99.806
[Test] Accuracy: 92.050

Epoch 339
Learning rate 1.00000e-05
[Training] Time: 21.870 seconds
[Training] Loss: 0.0080	Accuracy: 99.858
[Test] Accuracy: 92.080

Epoch 340
Learning rate 1.00000e-05
[Training] Time: 21.973 seconds
[Training] Loss: 0.0084	Accuracy: 99.844
[Test] Accuracy: 92.050

Epoch 341
Learning rate 1.00000e-05
[Training] Time: 21.977 seconds
[Training] Loss: 0.0082	Accuracy: 99.828
[Test] Accuracy: 92.100

Epoch 342
Learning rate 1.00000e-05
[Training] Time: 22.002 seconds
[Training] Loss: 0.0087	Accuracy: 99.856
[Test] Accuracy: 92.030

Epoch 343
Learning rate 1.00000e-05
[Training] Time: 21.847 seconds
[Training] Loss: 0.0088	Accuracy: 99.820
[Test] Accuracy: 92.080

Epoch 344
Learning rate 1.00000e-05
[Training] Time: 21.997 seconds
[Training] Loss: 0.0087	Accuracy: 99.840
[Test] Accuracy: 91.920

Epoch 345
Learning rate 1.00000e-05
[Training] Time: 21.959 seconds
[Training] Loss: 0.0088	Accuracy: 99.814
[Test] Accuracy: 92.080

Epoch 346
Learning rate 1.00000e-05
[Training] Time: 22.043 seconds
[Training] Loss: 0.0084	Accuracy: 99.828
[Test] Accuracy: 92.020

Epoch 347
Learning rate 1.00000e-05
[Training] Time: 21.793 seconds
[Training] Loss: 0.0087	Accuracy: 99.808
[Test] Accuracy: 91.830

Epoch 348
Learning rate 1.00000e-05
[Training] Time: 21.967 seconds
[Training] Loss: 0.0089	Accuracy: 99.828
[Test] Accuracy: 91.950

Epoch 349
Learning rate 1.00000e-05
[Training] Time: 21.980 seconds
[Training] Loss: 0.0088	Accuracy: 99.802
[Test] Accuracy: 92.010

Epoch 350
Learning rate 1.00000e-05
[Training] Time: 22.039 seconds
[Training] Loss: 0.0083	Accuracy: 99.840
[Test] Accuracy: 92.040

Epoch 351
Learning rate 1.00000e-05
[Training] Time: 21.857 seconds
[Training] Loss: 0.0086	Accuracy: 99.814
[Test] Accuracy: 91.980

Epoch 352
Learning rate 1.00000e-05
[Training] Time: 22.007 seconds
[Training] Loss: 0.0084	Accuracy: 99.840
[Test] Accuracy: 91.960

Epoch 353
Learning rate 1.00000e-05
[Training] Time: 21.985 seconds
[Training] Loss: 0.0089	Accuracy: 99.824
[Test] Accuracy: 92.060

Epoch 354
Learning rate 1.00000e-05
[Training] Time: 22.042 seconds
[Training] Loss: 0.0085	Accuracy: 99.828
[Test] Accuracy: 92.010

Epoch 355
Learning rate 1.00000e-05
[Training] Time: 21.869 seconds
[Training] Loss: 0.0090	Accuracy: 99.812
[Test] Accuracy: 92.060

Epoch 356
Learning rate 1.00000e-05
[Training] Time: 22.008 seconds
[Training] Loss: 0.0085	Accuracy: 99.822
[Test] Accuracy: 92.060

Epoch 357
Learning rate 1.00000e-05
[Training] Time: 21.991 seconds
[Training] Loss: 0.0088	Accuracy: 99.838
[Test] Accuracy: 92.030

Epoch 358
Learning rate 1.00000e-05
[Training] Time: 22.064 seconds
[Training] Loss: 0.0086	Accuracy: 99.822
[Test] Accuracy: 92.000

Epoch 359
Learning rate 1.00000e-05
[Training] Time: 21.842 seconds
[Training] Loss: 0.0085	Accuracy: 99.836
[Test] Accuracy: 92.090

Epoch 360
Learning rate 1.00000e-05
[Training] Time: 22.034 seconds
[Training] Loss: 0.0092	Accuracy: 99.808
[Test] Accuracy: 91.990

Epoch 361
Learning rate 1.00000e-05
[Training] Time: 22.001 seconds
[Training] Loss: 0.0088	Accuracy: 99.826
[Test] Accuracy: 91.970

Epoch 362
Learning rate 1.00000e-05
[Training] Time: 21.951 seconds
[Training] Loss: 0.0097	Accuracy: 99.782
[Test] Accuracy: 91.880

Epoch 363
Learning rate 1.00000e-05
[Training] Time: 21.832 seconds
[Training] Loss: 0.0088	Accuracy: 99.838
[Test] Accuracy: 92.130

Epoch 364
Learning rate 1.00000e-05
[Training] Time: 22.032 seconds
[Training] Loss: 0.0087	Accuracy: 99.808
[Test] Accuracy: 92.010

Epoch 365
Learning rate 1.00000e-05
[Training] Time: 22.024 seconds
[Training] Loss: 0.0087	Accuracy: 99.836
[Test] Accuracy: 92.080

Epoch 366
Learning rate 1.00000e-05
[Training] Time: 22.068 seconds
[Training] Loss: 0.0084	Accuracy: 99.848
[Test] Accuracy: 92.020

Epoch 367
Learning rate 1.00000e-05
[Training] Time: 21.831 seconds
[Training] Loss: 0.0086	Accuracy: 99.828
[Test] Accuracy: 91.990

Epoch 368
Learning rate 1.00000e-05
[Training] Time: 22.015 seconds
[Training] Loss: 0.0087	Accuracy: 99.828
[Test] Accuracy: 91.940

Epoch 369
Learning rate 1.00000e-05
[Training] Time: 21.982 seconds
[Training] Loss: 0.0086	Accuracy: 99.820
[Test] Accuracy: 92.020

Epoch 370
Learning rate 1.00000e-05
[Training] Time: 22.046 seconds
[Training] Loss: 0.0085	Accuracy: 99.820
[Test] Accuracy: 92.100

Epoch 371
Learning rate 1.00000e-05
[Training] Time: 21.870 seconds
[Training] Loss: 0.0087	Accuracy: 99.826
[Test] Accuracy: 91.990

Epoch 372
Learning rate 1.00000e-05
[Training] Time: 22.015 seconds
[Training] Loss: 0.0087	Accuracy: 99.826
[Test] Accuracy: 92.000

Epoch 373
Learning rate 1.00000e-05
[Training] Time: 21.998 seconds
[Training] Loss: 0.0084	Accuracy: 99.806
[Test] Accuracy: 91.950

Epoch 374
Learning rate 1.00000e-05
[Training] Time: 22.025 seconds
[Training] Loss: 0.0084	Accuracy: 99.824
[Test] Accuracy: 92.070

Epoch 375
Learning rate 1.00000e-05
[Training] Time: 21.786 seconds
[Training] Loss: 0.0085	Accuracy: 99.814
[Test] Accuracy: 91.960

Epoch 376
Learning rate 1.00000e-05
[Training] Time: 22.032 seconds
[Training] Loss: 0.0086	Accuracy: 99.826
[Test] Accuracy: 92.050

Epoch 377
Learning rate 1.00000e-05
[Training] Time: 21.995 seconds
[Training] Loss: 0.0087	Accuracy: 99.820
[Test] Accuracy: 92.040

Epoch 378
Learning rate 1.00000e-05
[Training] Time: 22.094 seconds
[Training] Loss: 0.0084	Accuracy: 99.840
[Test] Accuracy: 92.060

Epoch 379
Learning rate 1.00000e-05
[Training] Time: 21.872 seconds
[Training] Loss: 0.0085	Accuracy: 99.818
[Test] Accuracy: 91.980

Epoch 380
Learning rate 1.00000e-05
[Training] Time: 21.984 seconds
[Training] Loss: 0.0081	Accuracy: 99.844
[Test] Accuracy: 91.960

Epoch 381
Learning rate 1.00000e-05
[Training] Time: 22.002 seconds
[Training] Loss: 0.0090	Accuracy: 99.822
[Test] Accuracy: 92.020

Epoch 382
Learning rate 1.00000e-05
[Training] Time: 22.081 seconds
[Training] Loss: 0.0086	Accuracy: 99.834
[Test] Accuracy: 92.150

Epoch 383
Learning rate 1.00000e-05
[Training] Time: 21.841 seconds
[Training] Loss: 0.0086	Accuracy: 99.838
[Test] Accuracy: 91.990

Epoch 384
Learning rate 1.00000e-06
[Training] Time: 22.021 seconds
[Training] Loss: 0.0086	Accuracy: 99.844
[Test] Accuracy: 91.990

Epoch 385
Learning rate 1.00000e-06
[Training] Time: 22.035 seconds
[Training] Loss: 0.0087	Accuracy: 99.824
[Test] Accuracy: 92.120

Epoch 386
Learning rate 1.00000e-06
[Training] Time: 21.996 seconds
[Training] Loss: 0.0089	Accuracy: 99.826
[Test] Accuracy: 92.020

Epoch 387
Learning rate 1.00000e-06
[Training] Time: 21.853 seconds
[Training] Loss: 0.0087	Accuracy: 99.806
[Test] Accuracy: 91.980

Epoch 388
Learning rate 1.00000e-06
[Training] Time: 21.967 seconds
[Training] Loss: 0.0084	Accuracy: 99.838
[Test] Accuracy: 92.000

Epoch 389
Learning rate 1.00000e-06
[Training] Time: 21.969 seconds
[Training] Loss: 0.0087	Accuracy: 99.840
[Test] Accuracy: 92.020

Epoch 390
Learning rate 1.00000e-06
[Training] Time: 22.116 seconds
[Training] Loss: 0.0088	Accuracy: 99.822
[Test] Accuracy: 92.030

Epoch 391
Learning rate 1.00000e-06
[Training] Time: 21.842 seconds
[Training] Loss: 0.0085	Accuracy: 99.844
[Test] Accuracy: 91.980

Epoch 392
Learning rate 1.00000e-06
[Training] Time: 21.999 seconds
[Training] Loss: 0.0095	Accuracy: 99.802
[Test] Accuracy: 91.950

Epoch 393
Learning rate 1.00000e-06
[Training] Time: 21.956 seconds
[Training] Loss: 0.0088	Accuracy: 99.826
[Test] Accuracy: 91.960

Epoch 394
Learning rate 1.00000e-06
[Training] Time: 22.002 seconds
[Training] Loss: 0.0091	Accuracy: 99.816
[Test] Accuracy: 92.030

Epoch 395
Learning rate 1.00000e-06
[Training] Time: 21.808 seconds
[Training] Loss: 0.0090	Accuracy: 99.800
[Test] Accuracy: 92.070

Epoch 396
Learning rate 1.00000e-06
[Training] Time: 22.013 seconds
[Training] Loss: 0.0091	Accuracy: 99.806
[Test] Accuracy: 91.920

Epoch 397
Learning rate 1.00000e-06
[Training] Time: 21.968 seconds
[Training] Loss: 0.0087	Accuracy: 99.824
[Test] Accuracy: 92.040

Epoch 398
Learning rate 1.00000e-06
[Training] Time: 22.075 seconds
[Training] Loss: 0.0086	Accuracy: 99.824
[Test] Accuracy: 92.060

Epoch 399
Learning rate 1.00000e-06
[Training] Time: 21.862 seconds
[Training] Loss: 0.0082	Accuracy: 99.844
[Test] Accuracy: 91.940

Epoch 400
Learning rate 1.00000e-06
[Training] Time: 21.959 seconds
[Training] Loss: 0.0091	Accuracy: 99.800
[Test] Accuracy: 92.090

Epoch 401
Learning rate 1.00000e-06
[Training] Time: 22.005 seconds
[Training] Loss: 0.0094	Accuracy: 99.798
[Test] Accuracy: 91.950

Epoch 402
Learning rate 1.00000e-06
[Training] Time: 22.094 seconds
[Training] Loss: 0.0089	Accuracy: 99.812
[Test] Accuracy: 91.970

Epoch 403
Learning rate 1.00000e-06
[Training] Time: 21.805 seconds
[Training] Loss: 0.0086	Accuracy: 99.838
[Test] Accuracy: 92.030

Epoch 404
Learning rate 1.00000e-06
[Training] Time: 22.022 seconds
[Training] Loss: 0.0084	Accuracy: 99.852
[Test] Accuracy: 92.060

Epoch 405
Learning rate 1.00000e-06
[Training] Time: 21.984 seconds
[Training] Loss: 0.0093	Accuracy: 99.812
[Test] Accuracy: 91.950

Epoch 406
Learning rate 1.00000e-06
[Training] Time: 22.041 seconds
[Training] Loss: 0.0087	Accuracy: 99.844
[Test] Accuracy: 91.920

Epoch 407
Learning rate 1.00000e-06
[Training] Time: 21.871 seconds
[Training] Loss: 0.0087	Accuracy: 99.824
[Test] Accuracy: 92.030

Epoch 408
Learning rate 1.00000e-06
[Training] Time: 21.919 seconds
[Training] Loss: 0.0084	Accuracy: 99.844
[Test] Accuracy: 92.090

Epoch 409
Learning rate 1.00000e-06
[Training] Time: 21.982 seconds
[Training] Loss: 0.0084	Accuracy: 99.858
[Test] Accuracy: 91.830

Epoch 410
Learning rate 1.00000e-06
[Training] Time: 22.096 seconds
[Training] Loss: 0.0090	Accuracy: 99.796
[Test] Accuracy: 92.120

Epoch 411
Learning rate 1.00000e-06
[Training] Time: 21.838 seconds
[Training] Loss: 0.0089	Accuracy: 99.794
[Test] Accuracy: 91.950

Epoch 412
Learning rate 1.00000e-06
[Training] Time: 22.037 seconds
[Training] Loss: 0.0084	Accuracy: 99.848
[Test] Accuracy: 92.000

Epoch 413
Learning rate 1.00000e-06
[Training] Time: 21.971 seconds
[Training] Loss: 0.0084	Accuracy: 99.848
[Test] Accuracy: 91.930

Epoch 414
Learning rate 1.00000e-06
[Training] Time: 21.955 seconds
[Training] Loss: 0.0085	Accuracy: 99.806
[Test] Accuracy: 92.000

Epoch 415
Learning rate 1.00000e-06
[Training] Time: 21.884 seconds
[Training] Loss: 0.0087	Accuracy: 99.828
[Test] Accuracy: 92.090

Epoch 416
Learning rate 1.00000e-06
[Training] Time: 21.984 seconds
[Training] Loss: 0.0090	Accuracy: 99.808
[Test] Accuracy: 92.050

Epoch 417
Learning rate 1.00000e-06
[Training] Time: 21.999 seconds
[Training] Loss: 0.0092	Accuracy: 99.814
[Test] Accuracy: 91.880

Epoch 418
Learning rate 1.00000e-06
[Training] Time: 22.019 seconds
[Training] Loss: 0.0088	Accuracy: 99.820
[Test] Accuracy: 91.960

Epoch 419
Learning rate 1.00000e-06
[Training] Time: 21.845 seconds
[Training] Loss: 0.0087	Accuracy: 99.800
[Test] Accuracy: 91.960

Epoch 420
Learning rate 1.00000e-06
[Training] Time: 22.017 seconds
[Training] Loss: 0.0089	Accuracy: 99.820
[Test] Accuracy: 92.050

Epoch 421
Learning rate 1.00000e-06
[Training] Time: 21.979 seconds
[Training] Loss: 0.0087	Accuracy: 99.828
[Test] Accuracy: 92.070

Epoch 422
Learning rate 1.00000e-06
[Training] Time: 22.062 seconds
[Training] Loss: 0.0087	Accuracy: 99.824
[Test] Accuracy: 92.040

Epoch 423
Learning rate 1.00000e-06
[Training] Time: 21.852 seconds
[Training] Loss: 0.0086	Accuracy: 99.816
[Test] Accuracy: 92.010

Epoch 424
Learning rate 1.00000e-06
[Training] Time: 22.025 seconds
[Training] Loss: 0.0084	Accuracy: 99.842
[Test] Accuracy: 91.980

Epoch 425
Learning rate 1.00000e-06
[Training] Time: 22.015 seconds
[Training] Loss: 0.0090	Accuracy: 99.822
[Test] Accuracy: 91.910

Epoch 426
Learning rate 1.00000e-06
[Training] Time: 22.081 seconds
[Training] Loss: 0.0086	Accuracy: 99.826
[Test] Accuracy: 91.930

Epoch 427
Learning rate 1.00000e-06
[Training] Time: 21.860 seconds
[Training] Loss: 0.0089	Accuracy: 99.826
[Test] Accuracy: 91.920

Epoch 428
Learning rate 1.00000e-06
[Training] Time: 21.989 seconds
[Training] Loss: 0.0086	Accuracy: 99.834
[Test] Accuracy: 91.990

Epoch 429
Learning rate 1.00000e-06
[Training] Time: 22.027 seconds
[Training] Loss: 0.0095	Accuracy: 99.778
[Test] Accuracy: 92.060

Epoch 430
Learning rate 1.00000e-06
[Training] Time: 22.068 seconds
[Training] Loss: 0.0088	Accuracy: 99.830
[Test] Accuracy: 91.990

Epoch 431
Learning rate 1.00000e-06
[Training] Time: 21.850 seconds
[Training] Loss: 0.0093	Accuracy: 99.788
[Test] Accuracy: 92.070

Epoch 432
Learning rate 1.00000e-06
[Training] Time: 21.979 seconds
[Training] Loss: 0.0081	Accuracy: 99.870
[Test] Accuracy: 91.920

Epoch 433
Learning rate 1.00000e-06
[Training] Time: 22.016 seconds
[Training] Loss: 0.0088	Accuracy: 99.832
[Test] Accuracy: 91.950

Epoch 434
Learning rate 1.00000e-06
[Training] Time: 22.114 seconds
[Training] Loss: 0.0093	Accuracy: 99.792
[Test] Accuracy: 91.950

Epoch 435
Learning rate 1.00000e-07
[Training] Time: 21.809 seconds
[Training] Loss: 0.0085	Accuracy: 99.822
[Test] Accuracy: 92.060

Epoch 436
Learning rate 1.00000e-07
[Training] Time: 21.970 seconds
[Training] Loss: 0.0085	Accuracy: 99.820
[Test] Accuracy: 92.020

Epoch 437
Learning rate 1.00000e-07
[Training] Time: 22.006 seconds
[Training] Loss: 0.0084	Accuracy: 99.838
[Test] Accuracy: 91.990

Epoch 438
Learning rate 1.00000e-07
[Training] Time: 22.018 seconds
[Training] Loss: 0.0085	Accuracy: 99.824
[Test] Accuracy: 91.970

Epoch 439
Learning rate 1.00000e-07
[Training] Time: 21.856 seconds
[Training] Loss: 0.0084	Accuracy: 99.828
[Test] Accuracy: 92.060

Epoch 440
Learning rate 1.00000e-07
[Training] Time: 21.990 seconds
[Training] Loss: 0.0085	Accuracy: 99.824
[Test] Accuracy: 92.130

Epoch 441
Learning rate 1.00000e-07
[Training] Time: 22.001 seconds
[Training] Loss: 0.0087	Accuracy: 99.838
[Test] Accuracy: 91.960

Epoch 442
Learning rate 1.00000e-07
[Training] Time: 22.013 seconds
[Training] Loss: 0.0088	Accuracy: 99.812
[Test] Accuracy: 92.040

Epoch 443
Learning rate 1.00000e-07
[Training] Time: 21.847 seconds
[Training] Loss: 0.0085	Accuracy: 99.858
[Test] Accuracy: 92.040

Epoch 444
Learning rate 1.00000e-07
[Training] Time: 21.993 seconds
[Training] Loss: 0.0088	Accuracy: 99.820
[Test] Accuracy: 92.040

Epoch 445
Learning rate 1.00000e-07
[Training] Time: 21.961 seconds
[Training] Loss: 0.0085	Accuracy: 99.836
[Test] Accuracy: 92.060

Epoch 446
Learning rate 1.00000e-07
[Training] Time: 22.071 seconds
[Training] Loss: 0.0087	Accuracy: 99.836
[Test] Accuracy: 92.010

Epoch 447
Learning rate 1.00000e-07
[Training] Time: 21.824 seconds
[Training] Loss: 0.0085	Accuracy: 99.826
[Test] Accuracy: 92.130

Epoch 448
Learning rate 1.00000e-07
[Training] Time: 21.997 seconds
[Training] Loss: 0.0086	Accuracy: 99.832
[Test] Accuracy: 91.870

Epoch 449
Learning rate 1.00000e-07
[Training] Time: 21.940 seconds
[Training] Loss: 0.0093	Accuracy: 99.776
[Test] Accuracy: 91.910

Epoch 450
Learning rate 1.00000e-07
[Training] Time: 22.031 seconds
[Training] Loss: 0.0082	Accuracy: 99.866
[Test] Accuracy: 92.020

Epoch 451
Learning rate 1.00000e-07
[Training] Time: 21.846 seconds
[Training] Loss: 0.0081	Accuracy: 99.858
[Test] Accuracy: 92.010

Epoch 452
Learning rate 1.00000e-07
[Training] Time: 21.986 seconds
[Training] Loss: 0.0079	Accuracy: 99.854
[Test] Accuracy: 91.970

Epoch 453
Learning rate 1.00000e-07
[Training] Time: 21.979 seconds
[Training] Loss: 0.0090	Accuracy: 99.802
[Test] Accuracy: 91.980

Epoch 454
Learning rate 1.00000e-07
[Training] Time: 22.051 seconds
[Training] Loss: 0.0084	Accuracy: 99.834
[Test] Accuracy: 91.940

Epoch 455
Learning rate 1.00000e-07
[Training] Time: 21.802 seconds
[Training] Loss: 0.0085	Accuracy: 99.854
[Test] Accuracy: 91.990

Epoch 456
Learning rate 1.00000e-07
[Training] Time: 21.988 seconds
[Training] Loss: 0.0088	Accuracy: 99.824
[Test] Accuracy: 91.900

Epoch 457
Learning rate 1.00000e-07
[Training] Time: 22.009 seconds
[Training] Loss: 0.0086	Accuracy: 99.824
[Test] Accuracy: 92.050

Epoch 458
Learning rate 1.00000e-07
[Training] Time: 22.071 seconds
[Training] Loss: 0.0090	Accuracy: 99.796
[Test] Accuracy: 91.920

Epoch 459
Learning rate 1.00000e-07
[Training] Time: 21.816 seconds
[Training] Loss: 0.0087	Accuracy: 99.840
[Test] Accuracy: 91.960

Epoch 460
Learning rate 1.00000e-07
[Training] Time: 21.987 seconds
[Training] Loss: 0.0086	Accuracy: 99.832
[Test] Accuracy: 92.080

Epoch 461
Learning rate 1.00000e-07
[Training] Time: 21.965 seconds
[Training] Loss: 0.0088	Accuracy: 99.812
[Test] Accuracy: 92.010

Epoch 462
Learning rate 1.00000e-07
[Training] Time: 21.993 seconds
[Training] Loss: 0.0084	Accuracy: 99.824
[Test] Accuracy: 91.810

Epoch 463
Learning rate 1.00000e-07
[Training] Time: 21.859 seconds
[Training] Loss: 0.0082	Accuracy: 99.862
[Test] Accuracy: 91.960

Epoch 464
Learning rate 1.00000e-07
[Training] Time: 21.959 seconds
[Training] Loss: 0.0088	Accuracy: 99.826
[Test] Accuracy: 91.950

Epoch 465
Learning rate 1.00000e-07
[Training] Time: 21.974 seconds
[Training] Loss: 0.0093	Accuracy: 99.822
[Test] Accuracy: 92.020

Epoch 466
Learning rate 1.00000e-07
[Training] Time: 22.015 seconds
[Training] Loss: 0.0090	Accuracy: 99.810
[Test] Accuracy: 92.090

Epoch 467
Learning rate 1.00000e-07
[Training] Time: 21.813 seconds
[Training] Loss: 0.0092	Accuracy: 99.818
[Test] Accuracy: 92.000

Epoch 468
Learning rate 1.00000e-07
[Training] Time: 21.975 seconds
[Training] Loss: 0.0086	Accuracy: 99.818
[Test] Accuracy: 92.050

Epoch 469
Learning rate 1.00000e-07
[Training] Time: 21.969 seconds
[Training] Loss: 0.0088	Accuracy: 99.832
[Test] Accuracy: 91.920

Epoch 470
Learning rate 1.00000e-07
[Training] Time: 21.955 seconds
[Training] Loss: 0.0089	Accuracy: 99.818
[Test] Accuracy: 91.980

Epoch 471
Learning rate 1.00000e-07
[Training] Time: 21.848 seconds
[Training] Loss: 0.0083	Accuracy: 99.836
[Test] Accuracy: 92.010

Epoch 472
Learning rate 1.00000e-07
[Training] Time: 21.938 seconds
[Training] Loss: 0.0083	Accuracy: 99.826
[Test] Accuracy: 92.030

Epoch 473
Learning rate 1.00000e-07
[Training] Time: 21.983 seconds
[Training] Loss: 0.0088	Accuracy: 99.818
[Test] Accuracy: 92.090

Epoch 474
Learning rate 1.00000e-07
[Training] Time: 22.019 seconds
[Training] Loss: 0.0081	Accuracy: 99.842
[Test] Accuracy: 92.100

Epoch 475
Learning rate 1.00000e-07
[Training] Time: 21.852 seconds
[Training] Loss: 0.0090	Accuracy: 99.816
[Test] Accuracy: 92.050

Epoch 476
Learning rate 1.00000e-07
[Training] Time: 22.012 seconds
[Training] Loss: 0.0081	Accuracy: 99.870
[Test] Accuracy: 91.950

Epoch 477
Learning rate 1.00000e-07
[Training] Time: 21.960 seconds
[Training] Loss: 0.0086	Accuracy: 99.824
[Test] Accuracy: 91.870

Epoch 478
Learning rate 1.00000e-07
[Training] Time: 22.052 seconds
[Training] Loss: 0.0079	Accuracy: 99.862
[Test] Accuracy: 92.070

Epoch 479
Learning rate 1.00000e-07
[Training] Time: 21.841 seconds
[Training] Loss: 0.0087	Accuracy: 99.830
[Test] Accuracy: 92.040

Epoch 480
Learning rate 1.00000e-07
[Training] Time: 21.998 seconds
[Training] Loss: 0.0085	Accuracy: 99.844
[Test] Accuracy: 92.070

Epoch 481
Learning rate 1.00000e-07
[Training] Time: 21.987 seconds
[Training] Loss: 0.0086	Accuracy: 99.826
[Test] Accuracy: 91.950

Epoch 482
Learning rate 1.00000e-07
[Training] Time: 22.074 seconds
[Training] Loss: 0.0097	Accuracy: 99.792
[Test] Accuracy: 91.990

Epoch 483
Learning rate 1.00000e-07
[Training] Time: 21.813 seconds
[Training] Loss: 0.0083	Accuracy: 99.858
[Test] Accuracy: 92.000

Epoch 484
Learning rate 1.00000e-07
[Training] Time: 21.892 seconds
[Training] Loss: 0.0080	Accuracy: 99.864
[Test] Accuracy: 91.990

Epoch 485
Learning rate 1.00000e-07
[Training] Time: 21.996 seconds
[Training] Loss: 0.0089	Accuracy: 99.800
[Test] Accuracy: 91.960

Epoch 486
Learning rate 1.00000e-08
[Training] Time: 21.972 seconds
[Training] Loss: 0.0085	Accuracy: 99.828
[Test] Accuracy: 92.070

Epoch 487
Learning rate 1.00000e-08
[Training] Time: 21.830 seconds
[Training] Loss: 0.0081	Accuracy: 99.874
[Test] Accuracy: 91.850

Epoch 488
Learning rate 1.00000e-08
[Training] Time: 21.981 seconds
[Training] Loss: 0.0091	Accuracy: 99.776
[Test] Accuracy: 91.940

Epoch 489
Learning rate 1.00000e-08
[Training] Time: 21.984 seconds
[Training] Loss: 0.0084	Accuracy: 99.830
[Test] Accuracy: 91.980

Epoch 490
Learning rate 1.00000e-08
[Training] Time: 22.024 seconds
[Training] Loss: 0.0091	Accuracy: 99.796
[Test] Accuracy: 92.070

Epoch 491
Learning rate 1.00000e-08
[Training] Time: 21.823 seconds
[Training] Loss: 0.0091	Accuracy: 99.832
[Test] Accuracy: 92.000

Epoch 492
Learning rate 1.00000e-08
[Training] Time: 22.026 seconds
[Training] Loss: 0.0090	Accuracy: 99.812
[Test] Accuracy: 91.950

Epoch 493
Learning rate 1.00000e-08
[Training] Time: 22.000 seconds
[Training] Loss: 0.0084	Accuracy: 99.822
[Test] Accuracy: 92.020

Epoch 494
Learning rate 1.00000e-08
[Training] Time: 22.058 seconds
[Training] Loss: 0.0089	Accuracy: 99.828
[Test] Accuracy: 91.990

Epoch 495
Learning rate 1.00000e-08
[Training] Time: 21.879 seconds
[Training] Loss: 0.0088	Accuracy: 99.822
[Test] Accuracy: 91.960

Epoch 496
Learning rate 1.00000e-08
[Training] Time: 21.986 seconds
[Training] Loss: 0.0085	Accuracy: 99.824
[Test] Accuracy: 91.980

Epoch 497
Learning rate 1.00000e-08
[Training] Time: 22.007 seconds
[Training] Loss: 0.0082	Accuracy: 99.844
[Test] Accuracy: 91.970

Epoch 498
Learning rate 1.00000e-08
[Training] Time: 22.027 seconds
[Training] Loss: 0.0086	Accuracy: 99.850
[Test] Accuracy: 92.010

Epoch 499
Learning rate 1.00000e-08
[Training] Time: 21.851 seconds
[Training] Loss: 0.0085	Accuracy: 99.836
[Test] Accuracy: 92.050

Model training finished.
Writing experimental setup to save_resnet20
Dumping training statistics to save_resnet20
Time: 11758.587 seconds. ( 3 hours 15 minutes 58.587 seconds)
Best Accuracy: 92.220 occured at epoch 179
Program Exiting
