Creating directory at save_resnet44
Files already downloaded and verified
Starting training from epoch 0 to 200

Epoch 0
Learning rate 1.00000e-01
[Training] Time: 49.826 seconds
[Training] Loss: 2.2138	Accuracy: 20.736
[Test] Accuracy: 33.200

Epoch 1
Learning rate 1.00000e-01
[Training] Time: 49.335 seconds
[Training] Loss: 1.5493	Accuracy: 42.568
[Test] Accuracy: 48.870

Epoch 2
Learning rate 1.00000e-01
[Training] Time: 49.383 seconds
[Training] Loss: 1.1896	Accuracy: 56.848
[Test] Accuracy: 59.910

Epoch 3
Learning rate 1.00000e-01
[Training] Time: 49.393 seconds
[Training] Loss: 0.9356	Accuracy: 66.644
[Test] Accuracy: 69.710

Epoch 4
Learning rate 1.00000e-01
[Training] Time: 49.469 seconds
[Training] Loss: 0.7853	Accuracy: 72.408
[Test] Accuracy: 66.810

Epoch 5
Learning rate 1.00000e-01
[Training] Time: 49.421 seconds
[Training] Loss: 0.6920	Accuracy: 75.866
[Test] Accuracy: 75.200

Epoch 6
Learning rate 1.00000e-01
[Training] Time: 49.406 seconds
[Training] Loss: 0.6260	Accuracy: 78.168
[Test] Accuracy: 75.000

Epoch 7
Learning rate 1.00000e-01
[Training] Time: 49.459 seconds
[Training] Loss: 0.5745	Accuracy: 80.082
[Test] Accuracy: 78.730

Epoch 8
Learning rate 1.00000e-01
[Training] Time: 49.374 seconds
[Training] Loss: 0.5278	Accuracy: 81.758
[Test] Accuracy: 78.020

Epoch 9
Learning rate 1.00000e-01
[Training] Time: 49.405 seconds
[Training] Loss: 0.4996	Accuracy: 82.654
[Test] Accuracy: 76.620

Epoch 10
Learning rate 1.00000e-01
[Training] Time: 49.512 seconds
[Training] Loss: 0.4732	Accuracy: 83.508
[Test] Accuracy: 81.220

Epoch 11
Learning rate 1.00000e-01
[Training] Time: 49.435 seconds
[Training] Loss: 0.4436	Accuracy: 84.642
[Test] Accuracy: 79.090

Epoch 12
Learning rate 1.00000e-01
[Training] Time: 49.452 seconds
[Training] Loss: 0.4270	Accuracy: 85.184
[Test] Accuracy: 80.930

Epoch 13
Learning rate 1.00000e-01
[Training] Time: 49.490 seconds
[Training] Loss: 0.4120	Accuracy: 85.770
[Test] Accuracy: 81.060

Epoch 14
Learning rate 1.00000e-01
[Training] Time: 49.512 seconds
[Training] Loss: 0.3885	Accuracy: 86.470
[Test] Accuracy: 81.690

Epoch 15
Learning rate 1.00000e-01
[Training] Time: 49.420 seconds
[Training] Loss: 0.3859	Accuracy: 86.724
[Test] Accuracy: 83.840

Epoch 16
Learning rate 1.00000e-01
[Training] Time: 49.559 seconds
[Training] Loss: 0.3705	Accuracy: 87.208
[Test] Accuracy: 82.240

Epoch 17
Learning rate 1.00000e-01
[Training] Time: 49.366 seconds
[Training] Loss: 0.3548	Accuracy: 87.738
[Test] Accuracy: 78.080

Epoch 18
Learning rate 1.00000e-01
[Training] Time: 49.433 seconds
[Training] Loss: 0.3484	Accuracy: 87.872
[Test] Accuracy: 83.850

Epoch 19
Learning rate 1.00000e-01
[Training] Time: 49.383 seconds
[Training] Loss: 0.3341	Accuracy: 88.336
[Test] Accuracy: 82.260

Epoch 20
Learning rate 1.00000e-01
[Training] Time: 49.454 seconds
[Training] Loss: 0.3260	Accuracy: 88.704
[Test] Accuracy: 84.960

Epoch 21
Learning rate 1.00000e-01
[Training] Time: 49.453 seconds
[Training] Loss: 0.3258	Accuracy: 88.664
[Test] Accuracy: 84.990

Epoch 22
Learning rate 1.00000e-01
[Training] Time: 49.499 seconds
[Training] Loss: 0.3140	Accuracy: 89.090
[Test] Accuracy: 81.910

Epoch 23
Learning rate 1.00000e-01
[Training] Time: 49.457 seconds
[Training] Loss: 0.3111	Accuracy: 89.268
[Test] Accuracy: 79.070

Epoch 24
Learning rate 1.00000e-01
[Training] Time: 49.475 seconds
[Training] Loss: 0.3026	Accuracy: 89.412
[Test] Accuracy: 82.890

Epoch 25
Learning rate 1.00000e-01
[Training] Time: 49.446 seconds
[Training] Loss: 0.2959	Accuracy: 89.512
[Test] Accuracy: 81.810

Epoch 26
Learning rate 1.00000e-01
[Training] Time: 49.358 seconds
[Training] Loss: 0.2912	Accuracy: 89.902
[Test] Accuracy: 84.370

Epoch 27
Learning rate 1.00000e-01
[Training] Time: 49.505 seconds
[Training] Loss: 0.2857	Accuracy: 89.956
[Test] Accuracy: 85.750

Epoch 28
Learning rate 1.00000e-01
[Training] Time: 49.444 seconds
[Training] Loss: 0.2750	Accuracy: 90.362
[Test] Accuracy: 83.420

Epoch 29
Learning rate 1.00000e-01
[Training] Time: 49.455 seconds
[Training] Loss: 0.2729	Accuracy: 90.456
[Test] Accuracy: 86.080

Epoch 30
Learning rate 1.00000e-01
[Training] Time: 49.414 seconds
[Training] Loss: 0.2612	Accuracy: 91.034
[Test] Accuracy: 81.070

Epoch 31
Learning rate 1.00000e-01
[Training] Time: 49.445 seconds
[Training] Loss: 0.2682	Accuracy: 90.668
[Test] Accuracy: 82.310

Epoch 32
Learning rate 1.00000e-01
[Training] Time: 49.485 seconds
[Training] Loss: 0.2589	Accuracy: 90.982
[Test] Accuracy: 84.740

Epoch 33
Learning rate 1.00000e-01
[Training] Time: 49.380 seconds
[Training] Loss: 0.2531	Accuracy: 91.148
[Test] Accuracy: 86.550

Epoch 34
Learning rate 1.00000e-01
[Training] Time: 49.371 seconds
[Training] Loss: 0.2536	Accuracy: 91.224
[Test] Accuracy: 85.900

Epoch 35
Learning rate 1.00000e-01
[Training] Time: 49.377 seconds
[Training] Loss: 0.2462	Accuracy: 91.462
[Test] Accuracy: 85.590

Epoch 36
Learning rate 1.00000e-01
[Training] Time: 49.432 seconds
[Training] Loss: 0.2424	Accuracy: 91.656
[Test] Accuracy: 84.800

Epoch 37
Learning rate 1.00000e-01
[Training] Time: 49.423 seconds
[Training] Loss: 0.2473	Accuracy: 91.394
[Test] Accuracy: 85.090

Epoch 38
Learning rate 1.00000e-01
[Training] Time: 49.349 seconds
[Training] Loss: 0.2377	Accuracy: 91.702
[Test] Accuracy: 84.640

Epoch 39
Learning rate 1.00000e-01
[Training] Time: 49.343 seconds
[Training] Loss: 0.2405	Accuracy: 91.542
[Test] Accuracy: 85.800

Epoch 40
Learning rate 1.00000e-01
[Training] Time: 49.380 seconds
[Training] Loss: 0.2382	Accuracy: 91.500
[Test] Accuracy: 86.080

Epoch 41
Learning rate 1.00000e-01
[Training] Time: 49.346 seconds
[Training] Loss: 0.2321	Accuracy: 91.936
[Test] Accuracy: 85.420

Epoch 42
Learning rate 1.00000e-01
[Training] Time: 49.352 seconds
[Training] Loss: 0.2286	Accuracy: 91.956
[Test] Accuracy: 85.140

Epoch 43
Learning rate 1.00000e-01
[Training] Time: 49.352 seconds
[Training] Loss: 0.2283	Accuracy: 92.004
[Test] Accuracy: 86.760

Epoch 44
Learning rate 1.00000e-01
[Training] Time: 49.418 seconds
[Training] Loss: 0.2245	Accuracy: 92.210
[Test] Accuracy: 87.730

Epoch 45
Learning rate 1.00000e-01
[Training] Time: 49.347 seconds
[Training] Loss: 0.2213	Accuracy: 92.278
[Test] Accuracy: 86.850

Epoch 46
Learning rate 1.00000e-01
[Training] Time: 49.471 seconds
[Training] Loss: 0.2192	Accuracy: 92.414
[Test] Accuracy: 86.300

Epoch 47
Learning rate 1.00000e-01
[Training] Time: 49.376 seconds
[Training] Loss: 0.2204	Accuracy: 92.298
[Test] Accuracy: 84.490

Epoch 48
Learning rate 1.00000e-01
[Training] Time: 49.395 seconds
[Training] Loss: 0.2201	Accuracy: 92.406
[Test] Accuracy: 87.590

Epoch 49
Learning rate 1.00000e-01
[Training] Time: 49.315 seconds
[Training] Loss: 0.2136	Accuracy: 92.482
[Test] Accuracy: 85.770

Epoch 50
Learning rate 1.00000e-01
[Training] Time: 49.408 seconds
[Training] Loss: 0.2134	Accuracy: 92.416
[Test] Accuracy: 85.630

Epoch 51
Learning rate 1.00000e-01
[Training] Time: 49.292 seconds
[Training] Loss: 0.2135	Accuracy: 92.600
[Test] Accuracy: 87.660

Epoch 52
Learning rate 1.00000e-01
[Training] Time: 49.379 seconds
[Training] Loss: 0.2029	Accuracy: 92.980
[Test] Accuracy: 87.670

Epoch 53
Learning rate 1.00000e-01
[Training] Time: 49.335 seconds
[Training] Loss: 0.2054	Accuracy: 92.748
[Test] Accuracy: 86.480

Epoch 54
Learning rate 1.00000e-01
[Training] Time: 49.325 seconds
[Training] Loss: 0.2082	Accuracy: 92.710
[Test] Accuracy: 85.610

Epoch 55
Learning rate 1.00000e-01
[Training] Time: 49.255 seconds
[Training] Loss: 0.2090	Accuracy: 92.670
[Test] Accuracy: 86.680

Epoch 56
Learning rate 1.00000e-01
[Training] Time: 49.303 seconds
[Training] Loss: 0.2050	Accuracy: 92.826
[Test] Accuracy: 86.880

Epoch 57
Learning rate 1.00000e-01
[Training] Time: 49.307 seconds
[Training] Loss: 0.1992	Accuracy: 92.992
[Test] Accuracy: 85.110

Epoch 58
Learning rate 1.00000e-01
[Training] Time: 49.361 seconds
[Training] Loss: 0.2028	Accuracy: 92.878
[Test] Accuracy: 86.930

Epoch 59
Learning rate 1.00000e-01
[Training] Time: 49.302 seconds
[Training] Loss: 0.2010	Accuracy: 92.932
[Test] Accuracy: 87.150

Epoch 60
Learning rate 1.00000e-01
[Training] Time: 49.291 seconds
[Training] Loss: 0.1976	Accuracy: 93.070
[Test] Accuracy: 86.540

Epoch 61
Learning rate 1.00000e-01
[Training] Time: 49.370 seconds
[Training] Loss: 0.1994	Accuracy: 93.070
[Test] Accuracy: 86.780

Epoch 62
Learning rate 1.00000e-01
[Training] Time: 49.341 seconds
[Training] Loss: 0.1998	Accuracy: 93.046
[Test] Accuracy: 84.130

Epoch 63
Learning rate 1.00000e-01
[Training] Time: 49.308 seconds
[Training] Loss: 0.1958	Accuracy: 93.124
[Test] Accuracy: 86.140

Epoch 64
Learning rate 1.00000e-01
[Training] Time: 49.292 seconds
[Training] Loss: 0.1943	Accuracy: 93.192
[Test] Accuracy: 86.400

Epoch 65
Learning rate 1.00000e-01
[Training] Time: 49.326 seconds
[Training] Loss: 0.1913	Accuracy: 93.406
[Test] Accuracy: 85.270

Epoch 66
Learning rate 1.00000e-01
[Training] Time: 49.339 seconds
[Training] Loss: 0.1992	Accuracy: 93.094
[Test] Accuracy: 85.970

Epoch 67
Learning rate 1.00000e-01
[Training] Time: 49.284 seconds
[Training] Loss: 0.1936	Accuracy: 93.130
[Test] Accuracy: 83.670

Epoch 68
Learning rate 1.00000e-01
[Training] Time: 49.314 seconds
[Training] Loss: 0.1939	Accuracy: 93.256
[Test] Accuracy: 87.750

Epoch 69
Learning rate 1.00000e-01
[Training] Time: 49.334 seconds
[Training] Loss: 0.1841	Accuracy: 93.518
[Test] Accuracy: 86.480

Epoch 70
Learning rate 1.00000e-01
[Training] Time: 49.319 seconds
[Training] Loss: 0.1920	Accuracy: 93.190
[Test] Accuracy: 87.500

Epoch 71
Learning rate 1.00000e-01
[Training] Time: 49.300 seconds
[Training] Loss: 0.1872	Accuracy: 93.560
[Test] Accuracy: 87.360

Epoch 72
Learning rate 1.00000e-01
[Training] Time: 49.311 seconds
[Training] Loss: 0.1846	Accuracy: 93.514
[Test] Accuracy: 88.720

Epoch 73
Learning rate 1.00000e-01
[Training] Time: 49.349 seconds
[Training] Loss: 0.1873	Accuracy: 93.322
[Test] Accuracy: 86.080

Epoch 74
Learning rate 1.00000e-01
[Training] Time: 49.381 seconds
[Training] Loss: 0.1833	Accuracy: 93.644
[Test] Accuracy: 87.820

Epoch 75
Learning rate 1.00000e-01
[Training] Time: 49.217 seconds
[Training] Loss: 0.1838	Accuracy: 93.572
[Test] Accuracy: 85.650

Epoch 76
Learning rate 1.00000e-01
[Training] Time: 49.333 seconds
[Training] Loss: 0.1879	Accuracy: 93.442
[Test] Accuracy: 86.800

Epoch 77
Learning rate 1.00000e-01
[Training] Time: 49.230 seconds
[Training] Loss: 0.1881	Accuracy: 93.378
[Test] Accuracy: 87.680

Epoch 78
Learning rate 1.00000e-01
[Training] Time: 49.340 seconds
[Training] Loss: 0.1813	Accuracy: 93.560
[Test] Accuracy: 88.040

Epoch 79
Learning rate 1.00000e-01
[Training] Time: 49.269 seconds
[Training] Loss: 0.1781	Accuracy: 93.686
[Test] Accuracy: 89.360

Epoch 80
Learning rate 1.00000e-01
[Training] Time: 49.401 seconds
[Training] Loss: 0.1837	Accuracy: 93.622
[Test] Accuracy: 85.490

Epoch 81
Learning rate 1.00000e-01
[Training] Time: 49.286 seconds
[Training] Loss: 0.1793	Accuracy: 93.774
[Test] Accuracy: 88.710

Epoch 82
Learning rate 1.00000e-01
[Training] Time: 49.348 seconds
[Training] Loss: 0.1850	Accuracy: 93.412
[Test] Accuracy: 85.810

Epoch 83
Learning rate 1.00000e-01
[Training] Time: 49.365 seconds
[Training] Loss: 0.1833	Accuracy: 93.624
[Test] Accuracy: 86.890

Epoch 84
Learning rate 1.00000e-01
[Training] Time: 49.320 seconds
[Training] Loss: 0.1773	Accuracy: 93.732
[Test] Accuracy: 89.160

Epoch 85
Learning rate 1.00000e-01
[Training] Time: 49.257 seconds
[Training] Loss: 0.1807	Accuracy: 93.632
[Test] Accuracy: 88.160

Epoch 86
Learning rate 1.00000e-01
[Training] Time: 49.306 seconds
[Training] Loss: 0.1771	Accuracy: 93.722
[Test] Accuracy: 88.630

Epoch 87
Learning rate 1.00000e-01
[Training] Time: 49.274 seconds
[Training] Loss: 0.1781	Accuracy: 93.686
[Test] Accuracy: 87.500

Epoch 88
Learning rate 1.00000e-01
[Training] Time: 49.385 seconds
[Training] Loss: 0.1732	Accuracy: 93.794
[Test] Accuracy: 86.590

Epoch 89
Learning rate 1.00000e-01
[Training] Time: 49.411 seconds
[Training] Loss: 0.1775	Accuracy: 93.754
[Test] Accuracy: 85.780

Epoch 90
Learning rate 1.00000e-01
[Training] Time: 49.359 seconds
[Training] Loss: 0.1747	Accuracy: 93.878
[Test] Accuracy: 86.890

Epoch 91
Learning rate 1.00000e-01
[Training] Time: 49.360 seconds
[Training] Loss: 0.1719	Accuracy: 93.768
[Test] Accuracy: 86.740

Epoch 92
Learning rate 1.00000e-01
[Training] Time: 49.423 seconds
[Training] Loss: 0.1775	Accuracy: 93.782
[Test] Accuracy: 86.790

Epoch 93
Learning rate 1.00000e-01
[Training] Time: 49.319 seconds
[Training] Loss: 0.1765	Accuracy: 93.724
[Test] Accuracy: 88.290

Epoch 94
Learning rate 1.00000e-01
[Training] Time: 49.390 seconds
[Training] Loss: 0.1747	Accuracy: 93.898
[Test] Accuracy: 86.990

Epoch 95
Learning rate 1.00000e-01
[Training] Time: 49.338 seconds
[Training] Loss: 0.1684	Accuracy: 94.064
[Test] Accuracy: 87.360

Epoch 96
Learning rate 1.00000e-01
[Training] Time: 49.380 seconds
[Training] Loss: 0.1749	Accuracy: 93.862
[Test] Accuracy: 86.830

Epoch 97
Learning rate 1.00000e-01
[Training] Time: 49.347 seconds
[Training] Loss: 0.1735	Accuracy: 93.948
[Test] Accuracy: 86.190

Epoch 98
Learning rate 1.00000e-01
[Training] Time: 49.466 seconds
[Training] Loss: 0.1672	Accuracy: 94.162
[Test] Accuracy: 87.800

Epoch 99
Learning rate 1.00000e-01
[Training] Time: 49.400 seconds
[Training] Loss: 0.1692	Accuracy: 94.018
[Test] Accuracy: 86.550

Epoch 100
Learning rate 1.00000e-02
[Training] Time: 49.431 seconds
[Training] Loss: 0.0942	Accuracy: 96.790
[Test] Accuracy: 92.000

Epoch 101
Learning rate 1.00000e-02
[Training] Time: 49.361 seconds
[Training] Loss: 0.0645	Accuracy: 97.904
[Test] Accuracy: 92.250

Epoch 102
Learning rate 1.00000e-02
[Training] Time: 49.376 seconds
[Training] Loss: 0.0557	Accuracy: 98.228
[Test] Accuracy: 92.490

Epoch 103
Learning rate 1.00000e-02
[Training] Time: 49.305 seconds
[Training] Loss: 0.0459	Accuracy: 98.598
[Test] Accuracy: 92.530

Epoch 104
Learning rate 1.00000e-02
[Training] Time: 49.375 seconds
[Training] Loss: 0.0433	Accuracy: 98.672
[Test] Accuracy: 92.660

Epoch 105
Learning rate 1.00000e-02
[Training] Time: 49.368 seconds
[Training] Loss: 0.0390	Accuracy: 98.790
[Test] Accuracy: 92.420

Epoch 106
Learning rate 1.00000e-02
[Training] Time: 49.415 seconds
[Training] Loss: 0.0377	Accuracy: 98.834
[Test] Accuracy: 92.590

Epoch 107
Learning rate 1.00000e-02
[Training] Time: 49.339 seconds
[Training] Loss: 0.0333	Accuracy: 99.012
[Test] Accuracy: 92.630

Epoch 108
Learning rate 1.00000e-02
[Training] Time: 49.495 seconds
[Training] Loss: 0.0300	Accuracy: 99.116
[Test] Accuracy: 92.300

Epoch 109
Learning rate 1.00000e-02
[Training] Time: 49.320 seconds
[Training] Loss: 0.0286	Accuracy: 99.116
[Test] Accuracy: 92.670

Epoch 110
Learning rate 1.00000e-02
[Training] Time: 49.299 seconds
[Training] Loss: 0.0272	Accuracy: 99.206
[Test] Accuracy: 92.580

Epoch 111
Learning rate 1.00000e-02
[Training] Time: 49.301 seconds
[Training] Loss: 0.0257	Accuracy: 99.266
[Test] Accuracy: 92.740

Epoch 112
Learning rate 1.00000e-02
[Training] Time: 49.320 seconds
[Training] Loss: 0.0243	Accuracy: 99.322
[Test] Accuracy: 92.730

Epoch 113
Learning rate 1.00000e-02
[Training] Time: 49.387 seconds
[Training] Loss: 0.0226	Accuracy: 99.348
[Test] Accuracy: 92.790

Epoch 114
Learning rate 1.00000e-02
[Training] Time: 49.394 seconds
[Training] Loss: 0.0221	Accuracy: 99.368
[Test] Accuracy: 92.630

Epoch 115
Learning rate 1.00000e-02
[Training] Time: 49.412 seconds
[Training] Loss: 0.0200	Accuracy: 99.440
[Test] Accuracy: 92.770

Epoch 116
Learning rate 1.00000e-02
[Training] Time: 49.438 seconds
[Training] Loss: 0.0205	Accuracy: 99.406
[Test] Accuracy: 92.430

Epoch 117
Learning rate 1.00000e-02
[Training] Time: 49.384 seconds
[Training] Loss: 0.0189	Accuracy: 99.474
[Test] Accuracy: 92.610

Epoch 118
Learning rate 1.00000e-02
[Training] Time: 49.399 seconds
[Training] Loss: 0.0182	Accuracy: 99.498
[Test] Accuracy: 92.780

Epoch 119
Learning rate 1.00000e-02
[Training] Time: 49.279 seconds
[Training] Loss: 0.0171	Accuracy: 99.546
[Test] Accuracy: 92.760

Epoch 120
Learning rate 1.00000e-02
[Training] Time: 49.356 seconds
[Training] Loss: 0.0172	Accuracy: 99.490
[Test] Accuracy: 92.730

Epoch 121
Learning rate 1.00000e-02
[Training] Time: 49.371 seconds
[Training] Loss: 0.0152	Accuracy: 99.580
[Test] Accuracy: 92.600

Epoch 122
Learning rate 1.00000e-02
[Training] Time: 49.437 seconds
[Training] Loss: 0.0145	Accuracy: 99.612
[Test] Accuracy: 92.470

Epoch 123
Learning rate 1.00000e-02
[Training] Time: 49.265 seconds
[Training] Loss: 0.0154	Accuracy: 99.574
[Test] Accuracy: 92.510

Epoch 124
Learning rate 1.00000e-02
[Training] Time: 49.444 seconds
[Training] Loss: 0.0151	Accuracy: 99.572
[Test] Accuracy: 92.470

Epoch 125
Learning rate 1.00000e-02
[Training] Time: 49.321 seconds
[Training] Loss: 0.0137	Accuracy: 99.616
[Test] Accuracy: 92.700

Epoch 126
Learning rate 1.00000e-02
[Training] Time: 49.433 seconds
[Training] Loss: 0.0137	Accuracy: 99.588
[Test] Accuracy: 92.680

Epoch 127
Learning rate 1.00000e-02
[Training] Time: 49.371 seconds
[Training] Loss: 0.0127	Accuracy: 99.688
[Test] Accuracy: 92.700

Epoch 128
Learning rate 1.00000e-02
[Training] Time: 49.486 seconds
[Training] Loss: 0.0127	Accuracy: 99.668
[Test] Accuracy: 92.690

Epoch 129
Learning rate 1.00000e-02
[Training] Time: 49.362 seconds
[Training] Loss: 0.0124	Accuracy: 99.668
[Test] Accuracy: 92.650

Epoch 130
Learning rate 1.00000e-02
[Training] Time: 49.381 seconds
[Training] Loss: 0.0121	Accuracy: 99.688
[Test] Accuracy: 92.660

Epoch 131
Learning rate 1.00000e-02
[Training] Time: 49.383 seconds
[Training] Loss: 0.0114	Accuracy: 99.688
[Test] Accuracy: 92.580

Epoch 132
Learning rate 1.00000e-02
[Training] Time: 49.396 seconds
[Training] Loss: 0.0117	Accuracy: 99.694
[Test] Accuracy: 92.550

Epoch 133
Learning rate 1.00000e-02
[Training] Time: 49.385 seconds
[Training] Loss: 0.0111	Accuracy: 99.704
[Test] Accuracy: 92.780

Epoch 134
Learning rate 1.00000e-02
[Training] Time: 49.453 seconds
[Training] Loss: 0.0110	Accuracy: 99.686
[Test] Accuracy: 92.820

Epoch 135
Learning rate 1.00000e-02
[Training] Time: 49.324 seconds
[Training] Loss: 0.0107	Accuracy: 99.696
[Test] Accuracy: 92.960

Epoch 136
Learning rate 1.00000e-02
[Training] Time: 49.408 seconds
[Training] Loss: 0.0099	Accuracy: 99.756
[Test] Accuracy: 92.830

Epoch 137
Learning rate 1.00000e-02
[Training] Time: 49.330 seconds
[Training] Loss: 0.0098	Accuracy: 99.738
[Test] Accuracy: 92.720

Epoch 138
Learning rate 1.00000e-02
[Training] Time: 49.336 seconds
[Training] Loss: 0.0097	Accuracy: 99.756
[Test] Accuracy: 92.600

Epoch 139
Learning rate 1.00000e-02
[Training] Time: 49.387 seconds
[Training] Loss: 0.0100	Accuracy: 99.734
[Test] Accuracy: 92.670

Epoch 140
Learning rate 1.00000e-02
[Training] Time: 49.415 seconds
[Training] Loss: 0.0091	Accuracy: 99.766
[Test] Accuracy: 92.550

Epoch 141
Learning rate 1.00000e-02
[Training] Time: 49.344 seconds
[Training] Loss: 0.0096	Accuracy: 99.760
[Test] Accuracy: 92.590

Epoch 142
Learning rate 1.00000e-02
[Training] Time: 49.456 seconds
[Training] Loss: 0.0095	Accuracy: 99.752
[Test] Accuracy: 92.560

Epoch 143
Learning rate 1.00000e-02
[Training] Time: 49.304 seconds
[Training] Loss: 0.0086	Accuracy: 99.806
[Test] Accuracy: 92.480

Epoch 144
Learning rate 1.00000e-02
[Training] Time: 49.394 seconds
[Training] Loss: 0.0087	Accuracy: 99.776
[Test] Accuracy: 92.450

Epoch 145
Learning rate 1.00000e-02
[Training] Time: 49.382 seconds
[Training] Loss: 0.0089	Accuracy: 99.752
[Test] Accuracy: 92.610

Epoch 146
Learning rate 1.00000e-02
[Training] Time: 49.487 seconds
[Training] Loss: 0.0088	Accuracy: 99.794
[Test] Accuracy: 92.480

Epoch 147
Learning rate 1.00000e-02
[Training] Time: 49.422 seconds
[Training] Loss: 0.0088	Accuracy: 99.758
[Test] Accuracy: 92.730

Epoch 148
Learning rate 1.00000e-02
[Training] Time: 49.404 seconds
[Training] Loss: 0.0084	Accuracy: 99.790
[Test] Accuracy: 92.610

Epoch 149
Learning rate 1.00000e-02
[Training] Time: 49.406 seconds
[Training] Loss: 0.0078	Accuracy: 99.816
[Test] Accuracy: 92.780

Epoch 150
Learning rate 1.00000e-03
[Training] Time: 49.468 seconds
[Training] Loss: 0.0071	Accuracy: 99.840
[Test] Accuracy: 92.620

Epoch 151
Learning rate 1.00000e-03
[Training] Time: 49.411 seconds
[Training] Loss: 0.0063	Accuracy: 99.872
[Test] Accuracy: 92.710

Epoch 152
Learning rate 1.00000e-03
[Training] Time: 49.448 seconds
[Training] Loss: 0.0065	Accuracy: 99.866
[Test] Accuracy: 92.830

Epoch 153
Learning rate 1.00000e-03
[Training] Time: 49.318 seconds
[Training] Loss: 0.0061	Accuracy: 99.870
[Test] Accuracy: 92.900

Epoch 154
Learning rate 1.00000e-03
[Training] Time: 49.425 seconds
[Training] Loss: 0.0066	Accuracy: 99.860
[Test] Accuracy: 92.650

Epoch 155
Learning rate 1.00000e-03
[Training] Time: 49.371 seconds
[Training] Loss: 0.0055	Accuracy: 99.900
[Test] Accuracy: 92.700

Epoch 156
Learning rate 1.00000e-03
[Training] Time: 49.426 seconds
[Training] Loss: 0.0059	Accuracy: 99.862
[Test] Accuracy: 92.830

Epoch 157
Learning rate 1.00000e-03
[Training] Time: 49.376 seconds
[Training] Loss: 0.0060	Accuracy: 99.872
[Test] Accuracy: 92.840

Epoch 158
Learning rate 1.00000e-03
[Training] Time: 49.339 seconds
[Training] Loss: 0.0057	Accuracy: 99.880
[Test] Accuracy: 92.880

Epoch 159
Learning rate 1.00000e-03
[Training] Time: 49.280 seconds
[Training] Loss: 0.0052	Accuracy: 99.916
[Test] Accuracy: 92.710

Epoch 160
Learning rate 1.00000e-03
[Training] Time: 49.441 seconds
[Training] Loss: 0.0054	Accuracy: 99.892
[Test] Accuracy: 92.820

Epoch 161
Learning rate 1.00000e-03
[Training] Time: 49.353 seconds
[Training] Loss: 0.0055	Accuracy: 99.888
[Test] Accuracy: 92.760

Epoch 162
Learning rate 1.00000e-03
[Training] Time: 49.382 seconds
[Training] Loss: 0.0055	Accuracy: 99.876
[Test] Accuracy: 92.850

Epoch 163
Learning rate 1.00000e-03
[Training] Time: 49.289 seconds
[Training] Loss: 0.0057	Accuracy: 99.864
[Test] Accuracy: 92.850

Epoch 164
Learning rate 1.00000e-03
[Training] Time: 49.320 seconds
[Training] Loss: 0.0052	Accuracy: 99.878
[Test] Accuracy: 92.830

Epoch 165
Learning rate 1.00000e-03
[Training] Time: 49.356 seconds
[Training] Loss: 0.0055	Accuracy: 99.892
[Test] Accuracy: 92.770

Epoch 166
Learning rate 1.00000e-03
[Training] Time: 49.316 seconds
[Training] Loss: 0.0048	Accuracy: 99.930
[Test] Accuracy: 92.720

Epoch 167
Learning rate 1.00000e-03
[Training] Time: 49.326 seconds
[Training] Loss: 0.0055	Accuracy: 99.894
[Test] Accuracy: 92.680

Epoch 168
Learning rate 1.00000e-03
[Training] Time: 49.289 seconds
[Training] Loss: 0.0054	Accuracy: 99.888
[Test] Accuracy: 92.790

Epoch 169
Learning rate 1.00000e-03
[Training] Time: 49.275 seconds
[Training] Loss: 0.0051	Accuracy: 99.898
[Test] Accuracy: 92.860

Epoch 170
Learning rate 1.00000e-03
[Training] Time: 49.347 seconds
[Training] Loss: 0.0048	Accuracy: 99.918
[Test] Accuracy: 92.800

Epoch 171
Learning rate 1.00000e-03
[Training] Time: 49.285 seconds
[Training] Loss: 0.0049	Accuracy: 99.910
[Test] Accuracy: 92.900

Epoch 172
Learning rate 1.00000e-03
[Training] Time: 49.327 seconds
[Training] Loss: 0.0051	Accuracy: 99.912
[Test] Accuracy: 92.810

Epoch 173
Learning rate 1.00000e-03
[Training] Time: 49.247 seconds
[Training] Loss: 0.0050	Accuracy: 99.912
[Test] Accuracy: 92.870

Epoch 174
Learning rate 1.00000e-03
[Training] Time: 49.316 seconds
[Training] Loss: 0.0051	Accuracy: 99.898
[Test] Accuracy: 92.710

Epoch 175
Learning rate 1.00000e-03
[Training] Time: 49.280 seconds
[Training] Loss: 0.0048	Accuracy: 99.918
[Test] Accuracy: 92.760

Epoch 176
Learning rate 1.00000e-03
[Training] Time: 49.336 seconds
[Training] Loss: 0.0050	Accuracy: 99.910
[Test] Accuracy: 92.920

Epoch 177
Learning rate 1.00000e-03
[Training] Time: 49.258 seconds
[Training] Loss: 0.0049	Accuracy: 99.922
[Test] Accuracy: 92.680

Epoch 178
Learning rate 1.00000e-03
[Training] Time: 49.353 seconds
[Training] Loss: 0.0053	Accuracy: 99.876
[Test] Accuracy: 92.750

Epoch 179
Learning rate 1.00000e-03
[Training] Time: 49.361 seconds
[Training] Loss: 0.0047	Accuracy: 99.918
[Test] Accuracy: 92.960

Epoch 180
Learning rate 1.00000e-03
[Training] Time: 49.367 seconds
[Training] Loss: 0.0047	Accuracy: 99.914
[Test] Accuracy: 92.850

Epoch 181
Learning rate 1.00000e-03
[Training] Time: 49.266 seconds
[Training] Loss: 0.0046	Accuracy: 99.916
[Test] Accuracy: 92.770

Epoch 182
Learning rate 1.00000e-03
[Training] Time: 49.392 seconds
[Training] Loss: 0.0048	Accuracy: 99.912
[Test] Accuracy: 92.810

Epoch 183
Learning rate 1.00000e-03
[Training] Time: 49.282 seconds
[Training] Loss: 0.0047	Accuracy: 99.918
[Test] Accuracy: 92.810

Epoch 184
Learning rate 1.00000e-03
[Training] Time: 49.395 seconds
[Training] Loss: 0.0046	Accuracy: 99.916
[Test] Accuracy: 92.900

Epoch 185
Learning rate 1.00000e-03
[Training] Time: 49.351 seconds
[Training] Loss: 0.0046	Accuracy: 99.914
[Test] Accuracy: 92.790

Epoch 186
Learning rate 1.00000e-03
[Training] Time: 49.363 seconds
[Training] Loss: 0.0044	Accuracy: 99.938
[Test] Accuracy: 92.840

Epoch 187
Learning rate 1.00000e-03
[Training] Time: 49.256 seconds
[Training] Loss: 0.0052	Accuracy: 99.904
[Test] Accuracy: 92.770

Epoch 188
Learning rate 1.00000e-03
[Training] Time: 49.343 seconds
[Training] Loss: 0.0049	Accuracy: 99.900
[Test] Accuracy: 92.760

Epoch 189
Learning rate 1.00000e-03
[Training] Time: 49.260 seconds
[Training] Loss: 0.0045	Accuracy: 99.928
[Test] Accuracy: 92.770

Epoch 190
Learning rate 1.00000e-03
[Training] Time: 49.422 seconds
[Training] Loss: 0.0043	Accuracy: 99.940
[Test] Accuracy: 92.850

Epoch 191
Learning rate 1.00000e-03
[Training] Time: 49.317 seconds
[Training] Loss: 0.0048	Accuracy: 99.908
[Test] Accuracy: 92.840

Epoch 192
Learning rate 1.00000e-03
[Training] Time: 49.464 seconds
[Training] Loss: 0.0045	Accuracy: 99.926
[Test] Accuracy: 92.810

Epoch 193
Learning rate 1.00000e-03
[Training] Time: 49.345 seconds
[Training] Loss: 0.0046	Accuracy: 99.924
[Test] Accuracy: 92.800

Epoch 194
Learning rate 1.00000e-03
[Training] Time: 49.357 seconds
[Training] Loss: 0.0049	Accuracy: 99.902
[Test] Accuracy: 92.720

Epoch 195
Learning rate 1.00000e-03
[Training] Time: 49.271 seconds
[Training] Loss: 0.0049	Accuracy: 99.900
[Test] Accuracy: 92.750

Epoch 196
Learning rate 1.00000e-03
[Training] Time: 49.394 seconds
[Training] Loss: 0.0050	Accuracy: 99.880
[Test] Accuracy: 92.720

Epoch 197
Learning rate 1.00000e-03
[Training] Time: 49.326 seconds
[Training] Loss: 0.0044	Accuracy: 99.930
[Test] Accuracy: 92.780

Epoch 198
Learning rate 1.00000e-03
[Training] Time: 49.362 seconds
[Training] Loss: 0.0046	Accuracy: 99.922
[Test] Accuracy: 92.830

Epoch 199
Learning rate 1.00000e-03
[Training] Time: 49.356 seconds
[Training] Loss: 0.0046	Accuracy: 99.928
[Test] Accuracy: 92.690

Model training finished.
Time: 10490.771 seconds. ( 2.0 hours 54.0 minutes 50.771 seconds)
Best Accuracy: 92.960
